2018-09-09 17:59:16,419 - [main] - INFO - com.xia.sell.SellApplication - Starting SellApplication on DESKTOP-59AH7K1 with PID 10356 (F:\ideaProject\sell\target\classes started by xia in F:\ideaProject\sell) 
2018-09-09 17:59:16,490 - [main] - INFO - com.xia.sell.SellApplication - No active profile set, falling back to default profiles: default 
2018-09-09 17:59:16,692 - [main] - INFO - org.springframework.boot.web.servlet.context.AnnotationConfigServletWebServerApplicationContext - Refreshing org.springframework.boot.web.servlet.context.AnnotationConfigServletWebServerApplicationContext@230bd5e2: startup date [Sun Sep 09 17:59:16 CST 2018]; root of context hierarchy 
2018-09-09 17:59:23,239 - [main] - INFO - org.springframework.boot.web.embedded.tomcat.TomcatWebServer - Tomcat initialized with port(s): 8080 (http) 
2018-09-09 17:59:23,356 - [main] - INFO - org.apache.coyote.http11.Http11NioProtocol - Initializing ProtocolHandler ["http-nio-8080"] 
2018-09-09 17:59:23,491 - [main] - INFO - org.apache.catalina.core.StandardService - Starting service [Tomcat] 
2018-09-09 17:59:23,491 - [main] - INFO - org.apache.catalina.core.StandardEngine - Starting Servlet Engine: Apache Tomcat/8.5.32 
2018-09-09 17:59:23,528 - [localhost-startStop-1] - INFO - org.apache.catalina.core.AprLifecycleListener - The APR based Apache Tomcat Native library which allows optimal performance in production environments was not found on the java.library.path: [C:\Java\jdk1.8.0_121\bin;C:\WINDOWS\Sun\Java\bin;C:\WINDOWS\system32;C:\WINDOWS;C:\ProgramData\Oracle\Java\javapath;C:\Java\jdk1.8.0_121\bin;C:\Java\jdk1.8.0_121\jre\bin;C:\WINDOWS\system32;C:\WINDOWS;C:\WINDOWS\System32\Wbem;C:\WINDOWS\System32\WindowsPowerShell\v1.0\;C:\Program Files (x86)\NVIDIA Corporation\PhysX\Common;C:\Users\xia\AppData\Local\Android\sdk\platform-tools\adb.exe;C:\WINDOWS\system32;C:\WINDOWS;C:\WINDOWS\System32\Wbem;C:\WINDOWS\System32\WindowsPowerShell\v1.0\;C:\Program Files\MySQL\MySQL Server 5.5\bin;C:\Program Files\Git\cmd;D:\Android\android-sdk\platform-tools;D:\Android\android-sdk\tools;E:\apache-maven-3.5.3\bin\;%TALINA_HOME%\bin\;C:\WINDOWS\System32\OpenSSH\;E:\gradle-4.9\bin;D:\mysql-8.0.11-winx64\bin;C:\Users\xia\AppData\Local\Microsoft\WindowsApps;C:\Users\xia\AppData\Local\Programs\Fiddler;C:\Users\xia\AppData\Local\GitHubDesktop\bin;%USERPROFILE%\AppData\Local\Microsoft\WindowsApps;;.] 
2018-09-09 17:59:23,833 - [localhost-startStop-1] - INFO - org.apache.catalina.core.ContainerBase.[Tomcat].[localhost].[/] - Initializing Spring embedded WebApplicationContext 
2018-09-09 17:59:23,833 - [localhost-startStop-1] - INFO - org.springframework.web.context.ContextLoader - Root WebApplicationContext: initialization completed in 7141 ms 
2018-09-09 17:59:24,181 - [localhost-startStop-1] - INFO - org.springframework.boot.web.servlet.ServletRegistrationBean - Servlet dispatcherServlet mapped to [/] 
2018-09-09 17:59:24,191 - [localhost-startStop-1] - INFO - org.springframework.boot.web.servlet.FilterRegistrationBean - Mapping filter: 'characterEncodingFilter' to: [/*] 
2018-09-09 17:59:24,192 - [localhost-startStop-1] - INFO - org.springframework.boot.web.servlet.FilterRegistrationBean - Mapping filter: 'hiddenHttpMethodFilter' to: [/*] 
2018-09-09 17:59:24,192 - [localhost-startStop-1] - INFO - org.springframework.boot.web.servlet.FilterRegistrationBean - Mapping filter: 'httpPutFormContentFilter' to: [/*] 
2018-09-09 17:59:24,192 - [localhost-startStop-1] - INFO - org.springframework.boot.web.servlet.FilterRegistrationBean - Mapping filter: 'requestContextFilter' to: [/*] 
2018-09-09 17:59:26,066 - [main] - INFO - org.springframework.web.servlet.handler.SimpleUrlHandlerMapping - Mapped URL path [/**/favicon.ico] onto handler of type [class org.springframework.web.servlet.resource.ResourceHttpRequestHandler] 
2018-09-09 17:59:26,478 - [main] - INFO - org.springframework.web.servlet.mvc.method.annotation.RequestMappingHandlerAdapter - Looking for @ControllerAdvice: org.springframework.boot.web.servlet.context.AnnotationConfigServletWebServerApplicationContext@230bd5e2: startup date [Sun Sep 09 17:59:16 CST 2018]; root of context hierarchy 
2018-09-09 17:59:26,671 - [main] - INFO - org.springframework.web.servlet.mvc.method.annotation.RequestMappingHandlerMapping - Mapped "{[/sell/buyer/order/create],methods=[POST]}" onto public com.xia.sell.vo.ResultVO com.xia.sell.controller.BuyerController.create(com.xia.sell.form.OrderCreateForm,org.springframework.validation.Errors) 
2018-09-09 17:59:26,673 - [main] - INFO - org.springframework.web.servlet.mvc.method.annotation.RequestMappingHandlerMapping - Mapped "{[/sell/buyer/order/list],methods=[GET]}" onto public com.xia.sell.vo.ResultVO com.xia.sell.controller.BuyerController.list(java.lang.String,java.lang.Integer) 
2018-09-09 17:59:26,674 - [main] - INFO - org.springframework.web.servlet.mvc.method.annotation.RequestMappingHandlerMapping - Mapped "{[/sell/buyer/order/cancel],methods=[POST]}" onto public com.xia.sell.vo.ResultVO com.xia.sell.controller.BuyerController.cancel(java.lang.String,java.lang.String) 
2018-09-09 17:59:26,675 - [main] - INFO - org.springframework.web.servlet.mvc.method.annotation.RequestMappingHandlerMapping - Mapped "{[/sell/buyer/order/detail],methods=[GET]}" onto public com.xia.sell.vo.ResultVO com.xia.sell.controller.BuyerController.detail(java.lang.String,java.lang.String) 
2018-09-09 17:59:26,675 - [main] - INFO - org.springframework.web.servlet.mvc.method.annotation.RequestMappingHandlerMapping - Mapped "{[/sell/buyer/order/payFail],methods=[POST]}" onto public com.xia.sell.vo.ResultVO com.xia.sell.controller.BuyerController.payFail() 
2018-09-09 17:59:26,675 - [main] - INFO - org.springframework.web.servlet.mvc.method.annotation.RequestMappingHandlerMapping - Mapped "{[/sell/buyer/order/paySuccess],methods=[POST]}" onto public com.xia.sell.vo.ResultVO com.xia.sell.controller.BuyerController.paySuccess(java.lang.String) 
2018-09-09 17:59:26,676 - [main] - INFO - org.springframework.web.servlet.mvc.method.annotation.RequestMappingHandlerMapping - Mapped "{[/],methods=[GET]}" onto public java.lang.String com.xia.sell.controller.MainController.index() 
2018-09-09 17:59:26,677 - [main] - INFO - org.springframework.web.servlet.mvc.method.annotation.RequestMappingHandlerMapping - Mapped "{[/sell/buyer/product/list],methods=[GET]}" onto public com.xia.sell.vo.ResultVO com.xia.sell.controller.ProductListController.productList() 
2018-09-09 17:59:26,682 - [main] - INFO - org.springframework.web.servlet.mvc.method.annotation.RequestMappingHandlerMapping - Mapped "{[/decrypt],methods=[GET]}" onto public java.lang.String com.xia.sell.controller.WXLogin.decrypt(java.lang.String,java.lang.String) 
2018-09-09 17:59:26,682 - [main] - INFO - org.springframework.web.servlet.mvc.method.annotation.RequestMappingHandlerMapping - Mapped "{[/checkRawData],methods=[GET]}" onto public java.lang.String com.xia.sell.controller.WXLogin.checkRawData(java.lang.String,java.lang.String) throws java.io.UnsupportedEncodingException 
2018-09-09 17:59:26,682 - [main] - INFO - org.springframework.web.servlet.mvc.method.annotation.RequestMappingHandlerMapping - Mapped "{[/WXLogin],methods=[GET]}" onto public java.lang.String com.xia.sell.controller.WXLogin.login(java.lang.String) throws java.io.IOException 
2018-09-09 17:59:26,717 - [main] - INFO - org.springframework.web.servlet.mvc.method.annotation.RequestMappingHandlerMapping - Mapped "{[/error]}" onto public org.springframework.http.ResponseEntity<java.util.Map<java.lang.String, java.lang.Object>> org.springframework.boot.autoconfigure.web.servlet.error.BasicErrorController.error(javax.servlet.http.HttpServletRequest) 
2018-09-09 17:59:26,719 - [main] - INFO - org.springframework.web.servlet.mvc.method.annotation.RequestMappingHandlerMapping - Mapped "{[/error],produces=[text/html]}" onto public org.springframework.web.servlet.ModelAndView org.springframework.boot.autoconfigure.web.servlet.error.BasicErrorController.errorHtml(javax.servlet.http.HttpServletRequest,javax.servlet.http.HttpServletResponse) 
2018-09-09 17:59:26,774 - [main] - INFO - org.springframework.web.servlet.handler.SimpleUrlHandlerMapping - Mapped URL path [/webjars/**] onto handler of type [class org.springframework.web.servlet.resource.ResourceHttpRequestHandler] 
2018-09-09 17:59:26,774 - [main] - INFO - org.springframework.web.servlet.handler.SimpleUrlHandlerMapping - Mapped URL path [/**] onto handler of type [class org.springframework.web.servlet.resource.ResourceHttpRequestHandler] 
2018-09-09 17:59:27,572 - [main] - INFO - org.springframework.boot.autoconfigure.web.servlet.WelcomePageHandlerMapping - Adding welcome page template: index 
2018-09-09 17:59:28,208 - [main] - INFO - org.springframework.jmx.export.annotation.AnnotationMBeanExporter - Registering beans for JMX exposure on startup 
2018-09-09 17:59:28,213 - [main] - INFO - org.springframework.jmx.export.annotation.AnnotationMBeanExporter - Bean with name 'dataSource' has been autodetected for JMX exposure 
2018-09-09 17:59:28,220 - [main] - INFO - org.springframework.jmx.export.annotation.AnnotationMBeanExporter - Located MBean 'dataSource': registering with JMX server as MBean [com.zaxxer.hikari:name=dataSource,type=HikariDataSource] 
2018-09-09 17:59:28,254 - [main] - INFO - org.apache.coyote.http11.Http11NioProtocol - Starting ProtocolHandler ["http-nio-8080"] 
2018-09-09 17:59:28,526 - [main] - INFO - org.apache.tomcat.util.net.NioSelectorPool - Using a shared selector for servlet write/read 
2018-09-09 17:59:28,681 - [main] - INFO - org.springframework.boot.web.embedded.tomcat.TomcatWebServer - Tomcat started on port(s): 8080 (http) with context path '' 
2018-09-09 17:59:28,688 - [main] - INFO - com.xia.sell.SellApplication - Started SellApplication in 14.454 seconds (JVM running for 37.77) 
2018-09-09 21:15:10,169 - [main] - INFO - com.xia.sell.SellApplication - Starting SellApplication on DESKTOP-59AH7K1 with PID 11880 (F:\ideaProject\sell\target\classes started by xia in F:\ideaProject\sell) 
2018-09-09 21:15:10,176 - [main] - INFO - com.xia.sell.SellApplication - No active profile set, falling back to default profiles: default 
2018-09-09 21:15:10,347 - [main] - INFO - org.springframework.boot.web.servlet.context.AnnotationConfigServletWebServerApplicationContext - Refreshing org.springframework.boot.web.servlet.context.AnnotationConfigServletWebServerApplicationContext@598bd2ba: startup date [Sun Sep 09 21:15:10 CST 2018]; root of context hierarchy 
2018-09-09 21:15:12,901 - [main] - INFO - org.springframework.boot.web.embedded.tomcat.TomcatWebServer - Tomcat initialized with port(s): 8080 (http) 
2018-09-09 21:15:12,924 - [main] - INFO - org.apache.coyote.http11.Http11NioProtocol - Initializing ProtocolHandler ["http-nio-8080"] 
2018-09-09 21:15:12,941 - [main] - INFO - org.apache.catalina.core.StandardService - Starting service [Tomcat] 
2018-09-09 21:15:12,942 - [main] - INFO - org.apache.catalina.core.StandardEngine - Starting Servlet Engine: Apache Tomcat/8.5.32 
2018-09-09 21:15:12,952 - [localhost-startStop-1] - INFO - org.apache.catalina.core.AprLifecycleListener - The APR based Apache Tomcat Native library which allows optimal performance in production environments was not found on the java.library.path: [C:\Java\jdk1.8.0_121\bin;C:\WINDOWS\Sun\Java\bin;C:\WINDOWS\system32;C:\WINDOWS;C:\ProgramData\Oracle\Java\javapath;C:\Java\jdk1.8.0_121\bin;C:\Java\jdk1.8.0_121\jre\bin;C:\WINDOWS\system32;C:\WINDOWS;C:\WINDOWS\System32\Wbem;C:\WINDOWS\System32\WindowsPowerShell\v1.0\;C:\Program Files (x86)\NVIDIA Corporation\PhysX\Common;C:\Users\xia\AppData\Local\Android\sdk\platform-tools\adb.exe;C:\WINDOWS\system32;C:\WINDOWS;C:\WINDOWS\System32\Wbem;C:\WINDOWS\System32\WindowsPowerShell\v1.0\;C:\Program Files\MySQL\MySQL Server 5.5\bin;C:\Program Files\Git\cmd;D:\Android\android-sdk\platform-tools;D:\Android\android-sdk\tools;E:\apache-maven-3.5.3\bin\;%TALINA_HOME%\bin\;C:\WINDOWS\System32\OpenSSH\;E:\gradle-4.9\bin;D:\mysql-8.0.11-winx64\bin;C:\Users\xia\AppData\Local\Microsoft\WindowsApps;C:\Users\xia\AppData\Local\Programs\Fiddler;C:\Users\xia\AppData\Local\GitHubDesktop\bin;%USERPROFILE%\AppData\Local\Microsoft\WindowsApps;;.] 
2018-09-09 21:15:13,206 - [localhost-startStop-1] - INFO - org.apache.catalina.core.ContainerBase.[Tomcat].[localhost].[/] - Initializing Spring embedded WebApplicationContext 
2018-09-09 21:15:13,206 - [localhost-startStop-1] - INFO - org.springframework.web.context.ContextLoader - Root WebApplicationContext: initialization completed in 2859 ms 
2018-09-09 21:15:13,503 - [localhost-startStop-1] - INFO - org.springframework.boot.web.servlet.ServletRegistrationBean - Servlet dispatcherServlet mapped to [/] 
2018-09-09 21:15:13,517 - [localhost-startStop-1] - INFO - org.springframework.boot.web.servlet.FilterRegistrationBean - Mapping filter: 'characterEncodingFilter' to: [/*] 
2018-09-09 21:15:13,517 - [localhost-startStop-1] - INFO - org.springframework.boot.web.servlet.FilterRegistrationBean - Mapping filter: 'hiddenHttpMethodFilter' to: [/*] 
2018-09-09 21:15:13,517 - [localhost-startStop-1] - INFO - org.springframework.boot.web.servlet.FilterRegistrationBean - Mapping filter: 'httpPutFormContentFilter' to: [/*] 
2018-09-09 21:15:13,517 - [localhost-startStop-1] - INFO - org.springframework.boot.web.servlet.FilterRegistrationBean - Mapping filter: 'requestContextFilter' to: [/*] 
2018-09-09 21:15:14,667 - [main] - INFO - org.springframework.web.servlet.handler.SimpleUrlHandlerMapping - Mapped URL path [/**/favicon.ico] onto handler of type [class org.springframework.web.servlet.resource.ResourceHttpRequestHandler] 
2018-09-09 21:15:15,397 - [main] - INFO - org.springframework.web.servlet.mvc.method.annotation.RequestMappingHandlerAdapter - Looking for @ControllerAdvice: org.springframework.boot.web.servlet.context.AnnotationConfigServletWebServerApplicationContext@598bd2ba: startup date [Sun Sep 09 21:15:10 CST 2018]; root of context hierarchy 
2018-09-09 21:15:15,496 - [main] - INFO - org.springframework.web.servlet.mvc.method.annotation.RequestMappingHandlerMapping - Mapped "{[/sell/buyer/order/create],methods=[POST]}" onto public com.xia.sell.vo.ResultVO com.xia.sell.controller.BuyerController.create(com.xia.sell.form.OrderCreateForm,org.springframework.validation.Errors) 
2018-09-09 21:15:15,497 - [main] - INFO - org.springframework.web.servlet.mvc.method.annotation.RequestMappingHandlerMapping - Mapped "{[/sell/buyer/order/list],methods=[GET]}" onto public com.xia.sell.vo.ResultVO com.xia.sell.controller.BuyerController.list(java.lang.String,java.lang.Integer) 
2018-09-09 21:15:15,498 - [main] - INFO - org.springframework.web.servlet.mvc.method.annotation.RequestMappingHandlerMapping - Mapped "{[/sell/buyer/order/cancel],methods=[POST]}" onto public com.xia.sell.vo.ResultVO com.xia.sell.controller.BuyerController.cancel(java.lang.String,java.lang.String) 
2018-09-09 21:15:15,498 - [main] - INFO - org.springframework.web.servlet.mvc.method.annotation.RequestMappingHandlerMapping - Mapped "{[/sell/buyer/order/detail],methods=[GET]}" onto public com.xia.sell.vo.ResultVO com.xia.sell.controller.BuyerController.detail(java.lang.String,java.lang.String) 
2018-09-09 21:15:15,498 - [main] - INFO - org.springframework.web.servlet.mvc.method.annotation.RequestMappingHandlerMapping - Mapped "{[/sell/buyer/order/payFail],methods=[POST]}" onto public com.xia.sell.vo.ResultVO com.xia.sell.controller.BuyerController.payFail() 
2018-09-09 21:15:15,498 - [main] - INFO - org.springframework.web.servlet.mvc.method.annotation.RequestMappingHandlerMapping - Mapped "{[/sell/buyer/order/paySuccess],methods=[POST]}" onto public com.xia.sell.vo.ResultVO com.xia.sell.controller.BuyerController.paySuccess(java.lang.String) 
2018-09-09 21:15:15,499 - [main] - INFO - org.springframework.web.servlet.mvc.method.annotation.RequestMappingHandlerMapping - Mapped "{[/],methods=[GET]}" onto public java.lang.String com.xia.sell.controller.MainController.index() 
2018-09-09 21:15:15,500 - [main] - INFO - org.springframework.web.servlet.mvc.method.annotation.RequestMappingHandlerMapping - Mapped "{[/sell/buyer/product/list],methods=[GET]}" onto public com.xia.sell.vo.ResultVO com.xia.sell.controller.ProductListController.productList() 
2018-09-09 21:15:15,500 - [main] - INFO - org.springframework.web.servlet.mvc.method.annotation.RequestMappingHandlerMapping - Mapped "{[/orderList],methods=[GET]}" onto public java.lang.String com.xia.sell.controller.SellerController.orderList(org.springframework.ui.Model) 
2018-09-09 21:15:15,501 - [main] - INFO - org.springframework.web.servlet.mvc.method.annotation.RequestMappingHandlerMapping - Mapped "{[/decrypt],methods=[GET]}" onto public java.lang.String com.xia.sell.controller.WXLogin.decrypt(java.lang.String,java.lang.String) 
2018-09-09 21:15:15,501 - [main] - INFO - org.springframework.web.servlet.mvc.method.annotation.RequestMappingHandlerMapping - Mapped "{[/checkRawData],methods=[GET]}" onto public java.lang.String com.xia.sell.controller.WXLogin.checkRawData(java.lang.String,java.lang.String) throws java.io.UnsupportedEncodingException 
2018-09-09 21:15:15,501 - [main] - INFO - org.springframework.web.servlet.mvc.method.annotation.RequestMappingHandlerMapping - Mapped "{[/WXLogin],methods=[GET]}" onto public java.lang.String com.xia.sell.controller.WXLogin.login(java.lang.String) throws java.io.IOException 
2018-09-09 21:15:15,505 - [main] - INFO - org.springframework.web.servlet.mvc.method.annotation.RequestMappingHandlerMapping - Mapped "{[/error]}" onto public org.springframework.http.ResponseEntity<java.util.Map<java.lang.String, java.lang.Object>> org.springframework.boot.autoconfigure.web.servlet.error.BasicErrorController.error(javax.servlet.http.HttpServletRequest) 
2018-09-09 21:15:15,506 - [main] - INFO - org.springframework.web.servlet.mvc.method.annotation.RequestMappingHandlerMapping - Mapped "{[/error],produces=[text/html]}" onto public org.springframework.web.servlet.ModelAndView org.springframework.boot.autoconfigure.web.servlet.error.BasicErrorController.errorHtml(javax.servlet.http.HttpServletRequest,javax.servlet.http.HttpServletResponse) 
2018-09-09 21:15:15,550 - [main] - INFO - org.springframework.web.servlet.handler.SimpleUrlHandlerMapping - Mapped URL path [/webjars/**] onto handler of type [class org.springframework.web.servlet.resource.ResourceHttpRequestHandler] 
2018-09-09 21:15:15,550 - [main] - INFO - org.springframework.web.servlet.handler.SimpleUrlHandlerMapping - Mapped URL path [/**] onto handler of type [class org.springframework.web.servlet.resource.ResourceHttpRequestHandler] 
2018-09-09 21:15:15,774 - [main] - INFO - org.springframework.boot.autoconfigure.web.servlet.WelcomePageHandlerMapping - Adding welcome page template: index 
2018-09-09 21:15:16,192 - [main] - INFO - org.springframework.jmx.export.annotation.AnnotationMBeanExporter - Registering beans for JMX exposure on startup 
2018-09-09 21:15:16,196 - [main] - INFO - org.springframework.jmx.export.annotation.AnnotationMBeanExporter - Bean with name 'dataSource' has been autodetected for JMX exposure 
2018-09-09 21:15:16,206 - [main] - INFO - org.springframework.jmx.export.annotation.AnnotationMBeanExporter - Located MBean 'dataSource': registering with JMX server as MBean [com.zaxxer.hikari:name=dataSource,type=HikariDataSource] 
2018-09-09 21:15:16,226 - [main] - INFO - org.apache.coyote.http11.Http11NioProtocol - Starting ProtocolHandler ["http-nio-8080"] 
2018-09-09 21:15:16,248 - [main] - INFO - org.apache.tomcat.util.net.NioSelectorPool - Using a shared selector for servlet write/read 
2018-09-09 21:15:16,281 - [main] - INFO - org.springframework.boot.web.embedded.tomcat.TomcatWebServer - Tomcat started on port(s): 8080 (http) with context path '' 
2018-09-09 21:15:16,287 - [main] - INFO - com.xia.sell.SellApplication - Started SellApplication in 6.745 seconds (JVM running for 12.214) 
2018-09-09 21:15:18,359 - [http-nio-8080-exec-1] - INFO - org.apache.catalina.core.ContainerBase.[Tomcat].[localhost].[/] - Initializing Spring FrameworkServlet 'dispatcherServlet' 
2018-09-09 21:15:18,360 - [http-nio-8080-exec-1] - INFO - org.springframework.web.servlet.DispatcherServlet - FrameworkServlet 'dispatcherServlet': initialization started 
2018-09-09 21:15:18,411 - [http-nio-8080-exec-1] - INFO - org.springframework.web.servlet.DispatcherServlet - FrameworkServlet 'dispatcherServlet': initialization completed in 51 ms 
2018-09-09 21:16:00,892 - [http-nio-8080-exec-7] - INFO - com.zaxxer.hikari.HikariDataSource - HikariPool-1 - Starting... 
2018-09-09 21:16:01,193 - [http-nio-8080-exec-7] - INFO - com.zaxxer.hikari.HikariDataSource - HikariPool-1 - Start completed. 
2018-09-09 21:22:17,906 - [main] - INFO - com.xia.sell.SellApplication - Starting SellApplication on DESKTOP-59AH7K1 with PID 2272 (F:\ideaProject\sell\target\classes started by xia in F:\ideaProject\sell) 
2018-09-09 21:22:17,933 - [main] - INFO - com.xia.sell.SellApplication - No active profile set, falling back to default profiles: default 
2018-09-09 21:22:18,046 - [main] - INFO - org.springframework.boot.web.servlet.context.AnnotationConfigServletWebServerApplicationContext - Refreshing org.springframework.boot.web.servlet.context.AnnotationConfigServletWebServerApplicationContext@294a6b8e: startup date [Sun Sep 09 21:22:18 CST 2018]; root of context hierarchy 
2018-09-09 21:22:20,295 - [main] - INFO - org.springframework.boot.web.embedded.tomcat.TomcatWebServer - Tomcat initialized with port(s): 8080 (http) 
2018-09-09 21:22:20,317 - [main] - INFO - org.apache.coyote.http11.Http11NioProtocol - Initializing ProtocolHandler ["http-nio-8080"] 
2018-09-09 21:22:20,331 - [main] - INFO - org.apache.catalina.core.StandardService - Starting service [Tomcat] 
2018-09-09 21:22:20,331 - [main] - INFO - org.apache.catalina.core.StandardEngine - Starting Servlet Engine: Apache Tomcat/8.5.32 
2018-09-09 21:22:20,339 - [localhost-startStop-1] - INFO - org.apache.catalina.core.AprLifecycleListener - The APR based Apache Tomcat Native library which allows optimal performance in production environments was not found on the java.library.path: [C:\Java\jdk1.8.0_121\bin;C:\WINDOWS\Sun\Java\bin;C:\WINDOWS\system32;C:\WINDOWS;C:\ProgramData\Oracle\Java\javapath;C:\Java\jdk1.8.0_121\bin;C:\Java\jdk1.8.0_121\jre\bin;C:\WINDOWS\system32;C:\WINDOWS;C:\WINDOWS\System32\Wbem;C:\WINDOWS\System32\WindowsPowerShell\v1.0\;C:\Program Files (x86)\NVIDIA Corporation\PhysX\Common;C:\Users\xia\AppData\Local\Android\sdk\platform-tools\adb.exe;C:\WINDOWS\system32;C:\WINDOWS;C:\WINDOWS\System32\Wbem;C:\WINDOWS\System32\WindowsPowerShell\v1.0\;C:\Program Files\MySQL\MySQL Server 5.5\bin;C:\Program Files\Git\cmd;D:\Android\android-sdk\platform-tools;D:\Android\android-sdk\tools;E:\apache-maven-3.5.3\bin\;%TALINA_HOME%\bin\;C:\WINDOWS\System32\OpenSSH\;E:\gradle-4.9\bin;D:\mysql-8.0.11-winx64\bin;C:\Users\xia\AppData\Local\Microsoft\WindowsApps;C:\Users\xia\AppData\Local\Programs\Fiddler;C:\Users\xia\AppData\Local\GitHubDesktop\bin;%USERPROFILE%\AppData\Local\Microsoft\WindowsApps;;.] 
2018-09-09 21:22:20,585 - [localhost-startStop-1] - INFO - org.apache.catalina.core.ContainerBase.[Tomcat].[localhost].[/] - Initializing Spring embedded WebApplicationContext 
2018-09-09 21:22:20,585 - [localhost-startStop-1] - INFO - org.springframework.web.context.ContextLoader - Root WebApplicationContext: initialization completed in 2539 ms 
2018-09-09 21:22:20,716 - [localhost-startStop-1] - INFO - org.springframework.boot.web.servlet.ServletRegistrationBean - Servlet dispatcherServlet mapped to [/] 
2018-09-09 21:22:20,726 - [localhost-startStop-1] - INFO - org.springframework.boot.web.servlet.FilterRegistrationBean - Mapping filter: 'characterEncodingFilter' to: [/*] 
2018-09-09 21:22:20,726 - [localhost-startStop-1] - INFO - org.springframework.boot.web.servlet.FilterRegistrationBean - Mapping filter: 'hiddenHttpMethodFilter' to: [/*] 
2018-09-09 21:22:20,726 - [localhost-startStop-1] - INFO - org.springframework.boot.web.servlet.FilterRegistrationBean - Mapping filter: 'httpPutFormContentFilter' to: [/*] 
2018-09-09 21:22:20,726 - [localhost-startStop-1] - INFO - org.springframework.boot.web.servlet.FilterRegistrationBean - Mapping filter: 'requestContextFilter' to: [/*] 
2018-09-09 21:22:21,450 - [main] - INFO - org.springframework.web.servlet.handler.SimpleUrlHandlerMapping - Mapped URL path [/**/favicon.ico] onto handler of type [class org.springframework.web.servlet.resource.ResourceHttpRequestHandler] 
2018-09-09 21:22:21,893 - [main] - INFO - org.springframework.web.servlet.mvc.method.annotation.RequestMappingHandlerAdapter - Looking for @ControllerAdvice: org.springframework.boot.web.servlet.context.AnnotationConfigServletWebServerApplicationContext@294a6b8e: startup date [Sun Sep 09 21:22:18 CST 2018]; root of context hierarchy 
2018-09-09 21:22:21,995 - [main] - INFO - org.springframework.web.servlet.mvc.method.annotation.RequestMappingHandlerMapping - Mapped "{[/sell/buyer/order/create],methods=[POST]}" onto public com.xia.sell.vo.ResultVO com.xia.sell.controller.BuyerController.create(com.xia.sell.form.OrderCreateForm,org.springframework.validation.Errors) 
2018-09-09 21:22:21,997 - [main] - INFO - org.springframework.web.servlet.mvc.method.annotation.RequestMappingHandlerMapping - Mapped "{[/sell/buyer/order/list],methods=[GET]}" onto public com.xia.sell.vo.ResultVO com.xia.sell.controller.BuyerController.list(java.lang.String,java.lang.Integer) 
2018-09-09 21:22:21,997 - [main] - INFO - org.springframework.web.servlet.mvc.method.annotation.RequestMappingHandlerMapping - Mapped "{[/sell/buyer/order/cancel],methods=[POST]}" onto public com.xia.sell.vo.ResultVO com.xia.sell.controller.BuyerController.cancel(java.lang.String,java.lang.String) 
2018-09-09 21:22:21,997 - [main] - INFO - org.springframework.web.servlet.mvc.method.annotation.RequestMappingHandlerMapping - Mapped "{[/sell/buyer/order/detail],methods=[GET]}" onto public com.xia.sell.vo.ResultVO com.xia.sell.controller.BuyerController.detail(java.lang.String,java.lang.String) 
2018-09-09 21:22:21,997 - [main] - INFO - org.springframework.web.servlet.mvc.method.annotation.RequestMappingHandlerMapping - Mapped "{[/sell/buyer/order/paySuccess],methods=[POST]}" onto public com.xia.sell.vo.ResultVO com.xia.sell.controller.BuyerController.paySuccess(java.lang.String) 
2018-09-09 21:22:21,998 - [main] - INFO - org.springframework.web.servlet.mvc.method.annotation.RequestMappingHandlerMapping - Mapped "{[/sell/buyer/order/payFail],methods=[POST]}" onto public com.xia.sell.vo.ResultVO com.xia.sell.controller.BuyerController.payFail() 
2018-09-09 21:22:21,999 - [main] - INFO - org.springframework.web.servlet.mvc.method.annotation.RequestMappingHandlerMapping - Mapped "{[/],methods=[GET]}" onto public java.lang.String com.xia.sell.controller.MainController.index() 
2018-09-09 21:22:21,999 - [main] - INFO - org.springframework.web.servlet.mvc.method.annotation.RequestMappingHandlerMapping - Mapped "{[/sell/buyer/product/list],methods=[GET]}" onto public com.xia.sell.vo.ResultVO com.xia.sell.controller.ProductListController.productList() 
2018-09-09 21:22:22,000 - [main] - INFO - org.springframework.web.servlet.mvc.method.annotation.RequestMappingHandlerMapping - Mapped "{[/orderList],methods=[GET]}" onto public java.lang.String com.xia.sell.controller.SellerController.orderList(org.springframework.ui.Model) 
2018-09-09 21:22:22,001 - [main] - INFO - org.springframework.web.servlet.mvc.method.annotation.RequestMappingHandlerMapping - Mapped "{[/decrypt],methods=[GET]}" onto public java.lang.String com.xia.sell.controller.WXLogin.decrypt(java.lang.String,java.lang.String) 
2018-09-09 21:22:22,001 - [main] - INFO - org.springframework.web.servlet.mvc.method.annotation.RequestMappingHandlerMapping - Mapped "{[/WXLogin],methods=[GET]}" onto public java.lang.String com.xia.sell.controller.WXLogin.login(java.lang.String) throws java.io.IOException 
2018-09-09 21:22:22,001 - [main] - INFO - org.springframework.web.servlet.mvc.method.annotation.RequestMappingHandlerMapping - Mapped "{[/checkRawData],methods=[GET]}" onto public java.lang.String com.xia.sell.controller.WXLogin.checkRawData(java.lang.String,java.lang.String) throws java.io.UnsupportedEncodingException 
2018-09-09 21:22:22,003 - [main] - INFO - org.springframework.web.servlet.mvc.method.annotation.RequestMappingHandlerMapping - Mapped "{[/error]}" onto public org.springframework.http.ResponseEntity<java.util.Map<java.lang.String, java.lang.Object>> org.springframework.boot.autoconfigure.web.servlet.error.BasicErrorController.error(javax.servlet.http.HttpServletRequest) 
2018-09-09 21:22:22,004 - [main] - INFO - org.springframework.web.servlet.mvc.method.annotation.RequestMappingHandlerMapping - Mapped "{[/error],produces=[text/html]}" onto public org.springframework.web.servlet.ModelAndView org.springframework.boot.autoconfigure.web.servlet.error.BasicErrorController.errorHtml(javax.servlet.http.HttpServletRequest,javax.servlet.http.HttpServletResponse) 
2018-09-09 21:22:22,048 - [main] - INFO - org.springframework.web.servlet.handler.SimpleUrlHandlerMapping - Mapped URL path [/webjars/**] onto handler of type [class org.springframework.web.servlet.resource.ResourceHttpRequestHandler] 
2018-09-09 21:22:22,048 - [main] - INFO - org.springframework.web.servlet.handler.SimpleUrlHandlerMapping - Mapped URL path [/**] onto handler of type [class org.springframework.web.servlet.resource.ResourceHttpRequestHandler] 
2018-09-09 21:22:22,260 - [main] - INFO - org.springframework.boot.autoconfigure.web.servlet.WelcomePageHandlerMapping - Adding welcome page template: index 
2018-09-09 21:22:22,630 - [main] - INFO - org.springframework.jmx.export.annotation.AnnotationMBeanExporter - Registering beans for JMX exposure on startup 
2018-09-09 21:22:22,631 - [main] - INFO - org.springframework.jmx.export.annotation.AnnotationMBeanExporter - Bean with name 'dataSource' has been autodetected for JMX exposure 
2018-09-09 21:22:22,638 - [main] - INFO - org.springframework.jmx.export.annotation.AnnotationMBeanExporter - Located MBean 'dataSource': registering with JMX server as MBean [com.zaxxer.hikari:name=dataSource,type=HikariDataSource] 
2018-09-09 21:22:22,652 - [main] - INFO - org.apache.coyote.http11.Http11NioProtocol - Starting ProtocolHandler ["http-nio-8080"] 
2018-09-09 21:22:22,670 - [main] - INFO - org.apache.tomcat.util.net.NioSelectorPool - Using a shared selector for servlet write/read 
2018-09-09 21:22:22,695 - [main] - INFO - org.springframework.boot.web.embedded.tomcat.TomcatWebServer - Tomcat started on port(s): 8080 (http) with context path '' 
2018-09-09 21:22:22,700 - [main] - INFO - com.xia.sell.SellApplication - Started SellApplication in 5.936 seconds (JVM running for 8.726) 
2018-09-09 21:22:25,328 - [http-nio-8080-exec-1] - INFO - org.apache.catalina.core.ContainerBase.[Tomcat].[localhost].[/] - Initializing Spring FrameworkServlet 'dispatcherServlet' 
2018-09-09 21:22:25,328 - [http-nio-8080-exec-1] - INFO - org.springframework.web.servlet.DispatcherServlet - FrameworkServlet 'dispatcherServlet': initialization started 
2018-09-09 21:22:25,378 - [http-nio-8080-exec-1] - INFO - org.springframework.web.servlet.DispatcherServlet - FrameworkServlet 'dispatcherServlet': initialization completed in 50 ms 
2018-09-09 21:22:25,447 - [http-nio-8080-exec-1] - INFO - com.zaxxer.hikari.HikariDataSource - HikariPool-1 - Starting... 
2018-09-09 21:22:25,630 - [http-nio-8080-exec-1] - INFO - com.zaxxer.hikari.HikariDataSource - HikariPool-1 - Start completed. 
2018-09-09 22:43:24,139 - [main] - INFO - org.springframework.boot.test.context.SpringBootTestContextBootstrapper - Neither @ContextConfiguration nor @ContextHierarchy found for test class [com.xia.sell.service.impl.OrderServiceImplTest], using SpringBootContextLoader 
2018-09-09 22:43:24,180 - [main] - INFO - org.springframework.test.context.support.AbstractContextLoader - Could not detect default resource locations for test class [com.xia.sell.service.impl.OrderServiceImplTest]: no resource found for suffixes {-context.xml, Context.groovy}. 
2018-09-09 22:43:24,183 - [main] - INFO - org.springframework.test.context.support.AnnotationConfigContextLoaderUtils - Could not detect default configuration classes for test class [com.xia.sell.service.impl.OrderServiceImplTest]: OrderServiceImplTest does not declare any static, non-private, non-final, nested classes annotated with @Configuration. 
2018-09-09 22:43:24,769 - [main] - INFO - org.springframework.boot.test.context.SpringBootTestContextBootstrapper - Found @SpringBootConfiguration com.xia.sell.SellApplication for test class com.xia.sell.service.impl.OrderServiceImplTest 
2018-09-09 22:43:25,203 - [main] - INFO - org.springframework.boot.test.context.SpringBootTestContextBootstrapper - Loaded default TestExecutionListener class names from location [META-INF/spring.factories]: [org.springframework.boot.test.mock.mockito.MockitoTestExecutionListener, org.springframework.boot.test.mock.mockito.ResetMocksTestExecutionListener, org.springframework.boot.test.autoconfigure.restdocs.RestDocsTestExecutionListener, org.springframework.boot.test.autoconfigure.web.client.MockRestServiceServerResetTestExecutionListener, org.springframework.boot.test.autoconfigure.web.servlet.MockMvcPrintOnlyOnFailureTestExecutionListener, org.springframework.boot.test.autoconfigure.web.servlet.WebDriverTestExecutionListener, org.springframework.test.context.web.ServletTestExecutionListener, org.springframework.test.context.support.DirtiesContextBeforeModesTestExecutionListener, org.springframework.test.context.support.DependencyInjectionTestExecutionListener, org.springframework.test.context.support.DirtiesContextTestExecutionListener, org.springframework.test.context.transaction.TransactionalTestExecutionListener, org.springframework.test.context.jdbc.SqlScriptsTestExecutionListener] 
2018-09-09 22:43:25,236 - [main] - INFO - org.springframework.boot.test.context.SpringBootTestContextBootstrapper - Using TestExecutionListeners: [org.springframework.test.context.web.ServletTestExecutionListener@41dd05a, org.springframework.test.context.support.DirtiesContextBeforeModesTestExecutionListener@613a8ee1, org.springframework.boot.test.mock.mockito.MockitoTestExecutionListener@178213b, org.springframework.boot.test.autoconfigure.SpringBootDependencyInjectionTestExecutionListener@7103cb56, org.springframework.test.context.support.DirtiesContextTestExecutionListener@1b765a2c, org.springframework.test.context.transaction.TransactionalTestExecutionListener@2e8e8225, org.springframework.test.context.jdbc.SqlScriptsTestExecutionListener@6ebf0f36, org.springframework.boot.test.mock.mockito.ResetMocksTestExecutionListener@18920cc, org.springframework.boot.test.autoconfigure.restdocs.RestDocsTestExecutionListener@2807bdeb, org.springframework.boot.test.autoconfigure.web.client.MockRestServiceServerResetTestExecutionListener@72c28d64, org.springframework.boot.test.autoconfigure.web.servlet.MockMvcPrintOnlyOnFailureTestExecutionListener@6492fab5, org.springframework.boot.test.autoconfigure.web.servlet.WebDriverTestExecutionListener@2c5529ab] 
2018-09-09 22:43:25,959 - [main] - INFO - com.xia.sell.service.impl.OrderServiceImplTest - Starting OrderServiceImplTest on DESKTOP-59AH7K1 with PID 6840 (started by xia in F:\ideaProject\sell) 
2018-09-09 22:43:25,960 - [main] - INFO - com.xia.sell.service.impl.OrderServiceImplTest - No active profile set, falling back to default profiles: default 
2018-09-09 22:43:26,078 - [main] - INFO - org.springframework.web.context.support.GenericWebApplicationContext - Refreshing org.springframework.web.context.support.GenericWebApplicationContext@3d8bbcdc: startup date [Sun Sep 09 22:43:26 CST 2018]; root of context hierarchy 
2018-09-09 22:43:30,441 - [main] - INFO - org.springframework.web.servlet.handler.SimpleUrlHandlerMapping - Mapped URL path [/**/favicon.ico] onto handler of type [class org.springframework.web.servlet.resource.ResourceHttpRequestHandler] 
2018-09-09 22:43:30,820 - [main] - INFO - org.springframework.web.servlet.mvc.method.annotation.RequestMappingHandlerAdapter - Looking for @ControllerAdvice: org.springframework.web.context.support.GenericWebApplicationContext@3d8bbcdc: startup date [Sun Sep 09 22:43:26 CST 2018]; root of context hierarchy 
2018-09-09 22:43:30,995 - [main] - INFO - org.springframework.web.servlet.mvc.method.annotation.RequestMappingHandlerMapping - Mapped "{[/sell/buyer/order/create],methods=[POST]}" onto public com.xia.sell.vo.ResultVO com.xia.sell.controller.BuyerController.create(com.xia.sell.form.OrderCreateForm,org.springframework.validation.Errors) 
2018-09-09 22:43:30,996 - [main] - INFO - org.springframework.web.servlet.mvc.method.annotation.RequestMappingHandlerMapping - Mapped "{[/sell/buyer/order/list],methods=[GET]}" onto public com.xia.sell.vo.ResultVO com.xia.sell.controller.BuyerController.list(java.lang.String,java.lang.Integer) 
2018-09-09 22:43:30,998 - [main] - INFO - org.springframework.web.servlet.mvc.method.annotation.RequestMappingHandlerMapping - Mapped "{[/sell/buyer/order/cancel],methods=[POST]}" onto public com.xia.sell.vo.ResultVO com.xia.sell.controller.BuyerController.cancel(java.lang.String,java.lang.String) 
2018-09-09 22:43:30,998 - [main] - INFO - org.springframework.web.servlet.mvc.method.annotation.RequestMappingHandlerMapping - Mapped "{[/sell/buyer/order/paySuccess],methods=[POST]}" onto public com.xia.sell.vo.ResultVO com.xia.sell.controller.BuyerController.paySuccess(java.lang.String) 
2018-09-09 22:43:30,999 - [main] - INFO - org.springframework.web.servlet.mvc.method.annotation.RequestMappingHandlerMapping - Mapped "{[/sell/buyer/order/detail],methods=[GET]}" onto public com.xia.sell.vo.ResultVO com.xia.sell.controller.BuyerController.detail(java.lang.String,java.lang.String) 
2018-09-09 22:43:31,000 - [main] - INFO - org.springframework.web.servlet.mvc.method.annotation.RequestMappingHandlerMapping - Mapped "{[/sell/buyer/order/payFail],methods=[POST]}" onto public com.xia.sell.vo.ResultVO com.xia.sell.controller.BuyerController.payFail() 
2018-09-09 22:43:31,002 - [main] - INFO - org.springframework.web.servlet.mvc.method.annotation.RequestMappingHandlerMapping - Mapped "{[/],methods=[GET]}" onto public java.lang.String com.xia.sell.controller.MainController.index() 
2018-09-09 22:43:31,004 - [main] - INFO - org.springframework.web.servlet.mvc.method.annotation.RequestMappingHandlerMapping - Mapped "{[/sell/buyer/product/list],methods=[GET]}" onto public com.xia.sell.vo.ResultVO com.xia.sell.controller.ProductListController.productList() 
2018-09-09 22:43:31,006 - [main] - INFO - org.springframework.web.servlet.mvc.method.annotation.RequestMappingHandlerMapping - Mapped "{[/orderList],methods=[GET]}" onto public java.lang.String com.xia.sell.controller.SellerController.orderList(java.lang.Integer,org.springframework.ui.Model) 
2018-09-09 22:43:31,009 - [main] - INFO - org.springframework.web.servlet.mvc.method.annotation.RequestMappingHandlerMapping - Mapped "{[/decrypt],methods=[GET]}" onto public java.lang.String com.xia.sell.controller.WXLogin.decrypt(java.lang.String,java.lang.String) 
2018-09-09 22:43:31,013 - [main] - INFO - org.springframework.web.servlet.mvc.method.annotation.RequestMappingHandlerMapping - Mapped "{[/WXLogin],methods=[GET]}" onto public java.lang.String com.xia.sell.controller.WXLogin.login(java.lang.String) throws java.io.IOException 
2018-09-09 22:43:31,024 - [main] - INFO - org.springframework.web.servlet.mvc.method.annotation.RequestMappingHandlerMapping - Mapped "{[/checkRawData],methods=[GET]}" onto public java.lang.String com.xia.sell.controller.WXLogin.checkRawData(java.lang.String,java.lang.String) throws java.io.UnsupportedEncodingException 
2018-09-09 22:43:31,064 - [main] - INFO - org.springframework.web.servlet.mvc.method.annotation.RequestMappingHandlerMapping - Mapped "{[/error]}" onto public org.springframework.http.ResponseEntity<java.util.Map<java.lang.String, java.lang.Object>> org.springframework.boot.autoconfigure.web.servlet.error.BasicErrorController.error(javax.servlet.http.HttpServletRequest) 
2018-09-09 22:43:31,067 - [main] - INFO - org.springframework.web.servlet.mvc.method.annotation.RequestMappingHandlerMapping - Mapped "{[/error],produces=[text/html]}" onto public org.springframework.web.servlet.ModelAndView org.springframework.boot.autoconfigure.web.servlet.error.BasicErrorController.errorHtml(javax.servlet.http.HttpServletRequest,javax.servlet.http.HttpServletResponse) 
2018-09-09 22:43:31,224 - [main] - INFO - org.springframework.web.servlet.handler.SimpleUrlHandlerMapping - Mapped URL path [/webjars/**] onto handler of type [class org.springframework.web.servlet.resource.ResourceHttpRequestHandler] 
2018-09-09 22:43:31,224 - [main] - INFO - org.springframework.web.servlet.handler.SimpleUrlHandlerMapping - Mapped URL path [/**] onto handler of type [class org.springframework.web.servlet.resource.ResourceHttpRequestHandler] 
2018-09-09 22:43:31,542 - [main] - INFO - org.springframework.boot.autoconfigure.web.servlet.WelcomePageHandlerMapping - Adding welcome page template: index 
2018-09-09 22:43:32,783 - [main] - INFO - com.xia.sell.service.impl.OrderServiceImplTest - Started OrderServiceImplTest in 7.418 seconds (JVM running for 11.433) 
2018-09-09 22:43:33,433 - [main] - INFO - com.zaxxer.hikari.HikariDataSource - HikariPool-1 - Starting... 
2018-09-09 22:43:33,862 - [main] - INFO - com.zaxxer.hikari.HikariDataSource - HikariPool-1 - Start completed. 
2018-09-09 22:43:36,629 - [Thread-2] - INFO - org.springframework.web.context.support.GenericWebApplicationContext - Closing org.springframework.web.context.support.GenericWebApplicationContext@3d8bbcdc: startup date [Sun Sep 09 22:43:26 CST 2018]; root of context hierarchy 
2018-09-09 22:43:36,639 - [Thread-2] - INFO - com.zaxxer.hikari.HikariDataSource - HikariPool-1 - Shutdown initiated... 
2018-09-09 22:43:36,657 - [Thread-2] - INFO - com.zaxxer.hikari.HikariDataSource - HikariPool-1 - Shutdown completed. 
2018-09-09 22:44:20,607 - [main] - INFO - org.springframework.boot.test.context.SpringBootTestContextBootstrapper - Neither @ContextConfiguration nor @ContextHierarchy found for test class [com.xia.sell.service.impl.OrderServiceImplTest], using SpringBootContextLoader 
2018-09-09 22:44:20,618 - [main] - INFO - org.springframework.test.context.support.AbstractContextLoader - Could not detect default resource locations for test class [com.xia.sell.service.impl.OrderServiceImplTest]: no resource found for suffixes {-context.xml, Context.groovy}. 
2018-09-09 22:44:20,619 - [main] - INFO - org.springframework.test.context.support.AnnotationConfigContextLoaderUtils - Could not detect default configuration classes for test class [com.xia.sell.service.impl.OrderServiceImplTest]: OrderServiceImplTest does not declare any static, non-private, non-final, nested classes annotated with @Configuration. 
2018-09-09 22:44:20,956 - [main] - INFO - org.springframework.boot.test.context.SpringBootTestContextBootstrapper - Found @SpringBootConfiguration com.xia.sell.SellApplication for test class com.xia.sell.service.impl.OrderServiceImplTest 
2018-09-09 22:44:21,278 - [main] - INFO - org.springframework.boot.test.context.SpringBootTestContextBootstrapper - Loaded default TestExecutionListener class names from location [META-INF/spring.factories]: [org.springframework.boot.test.mock.mockito.MockitoTestExecutionListener, org.springframework.boot.test.mock.mockito.ResetMocksTestExecutionListener, org.springframework.boot.test.autoconfigure.restdocs.RestDocsTestExecutionListener, org.springframework.boot.test.autoconfigure.web.client.MockRestServiceServerResetTestExecutionListener, org.springframework.boot.test.autoconfigure.web.servlet.MockMvcPrintOnlyOnFailureTestExecutionListener, org.springframework.boot.test.autoconfigure.web.servlet.WebDriverTestExecutionListener, org.springframework.test.context.web.ServletTestExecutionListener, org.springframework.test.context.support.DirtiesContextBeforeModesTestExecutionListener, org.springframework.test.context.support.DependencyInjectionTestExecutionListener, org.springframework.test.context.support.DirtiesContextTestExecutionListener, org.springframework.test.context.transaction.TransactionalTestExecutionListener, org.springframework.test.context.jdbc.SqlScriptsTestExecutionListener] 
2018-09-09 22:44:21,335 - [main] - INFO - org.springframework.boot.test.context.SpringBootTestContextBootstrapper - Using TestExecutionListeners: [org.springframework.test.context.web.ServletTestExecutionListener@72cde7cc, org.springframework.test.context.support.DirtiesContextBeforeModesTestExecutionListener@5fd4f8f5, org.springframework.boot.test.mock.mockito.MockitoTestExecutionListener@696da30b, org.springframework.boot.test.autoconfigure.SpringBootDependencyInjectionTestExecutionListener@4e7912d8, org.springframework.test.context.support.DirtiesContextTestExecutionListener@53976f5c, org.springframework.test.context.transaction.TransactionalTestExecutionListener@2bfc268b, org.springframework.test.context.jdbc.SqlScriptsTestExecutionListener@2f8dad04, org.springframework.boot.test.mock.mockito.ResetMocksTestExecutionListener@29e495ff, org.springframework.boot.test.autoconfigure.restdocs.RestDocsTestExecutionListener@41e1e210, org.springframework.boot.test.autoconfigure.web.client.MockRestServiceServerResetTestExecutionListener@be35cd9, org.springframework.boot.test.autoconfigure.web.servlet.MockMvcPrintOnlyOnFailureTestExecutionListener@4944252c, org.springframework.boot.test.autoconfigure.web.servlet.WebDriverTestExecutionListener@44821a96] 
2018-09-09 22:44:22,453 - [main] - INFO - com.xia.sell.service.impl.OrderServiceImplTest - Starting OrderServiceImplTest on DESKTOP-59AH7K1 with PID 10172 (started by xia in F:\ideaProject\sell) 
2018-09-09 22:44:22,466 - [main] - INFO - com.xia.sell.service.impl.OrderServiceImplTest - No active profile set, falling back to default profiles: default 
2018-09-09 22:44:22,583 - [main] - INFO - org.springframework.web.context.support.GenericWebApplicationContext - Refreshing org.springframework.web.context.support.GenericWebApplicationContext@15888343: startup date [Sun Sep 09 22:44:22 CST 2018]; root of context hierarchy 
2018-09-09 22:44:26,945 - [main] - INFO - org.springframework.web.servlet.handler.SimpleUrlHandlerMapping - Mapped URL path [/**/favicon.ico] onto handler of type [class org.springframework.web.servlet.resource.ResourceHttpRequestHandler] 
2018-09-09 22:44:27,284 - [main] - INFO - org.springframework.web.servlet.mvc.method.annotation.RequestMappingHandlerAdapter - Looking for @ControllerAdvice: org.springframework.web.context.support.GenericWebApplicationContext@15888343: startup date [Sun Sep 09 22:44:22 CST 2018]; root of context hierarchy 
2018-09-09 22:44:27,412 - [main] - INFO - org.springframework.web.servlet.mvc.method.annotation.RequestMappingHandlerMapping - Mapped "{[/sell/buyer/order/create],methods=[POST]}" onto public com.xia.sell.vo.ResultVO com.xia.sell.controller.BuyerController.create(com.xia.sell.form.OrderCreateForm,org.springframework.validation.Errors) 
2018-09-09 22:44:27,413 - [main] - INFO - org.springframework.web.servlet.mvc.method.annotation.RequestMappingHandlerMapping - Mapped "{[/sell/buyer/order/list],methods=[GET]}" onto public com.xia.sell.vo.ResultVO com.xia.sell.controller.BuyerController.list(java.lang.String,java.lang.Integer) 
2018-09-09 22:44:27,414 - [main] - INFO - org.springframework.web.servlet.mvc.method.annotation.RequestMappingHandlerMapping - Mapped "{[/sell/buyer/order/cancel],methods=[POST]}" onto public com.xia.sell.vo.ResultVO com.xia.sell.controller.BuyerController.cancel(java.lang.String,java.lang.String) 
2018-09-09 22:44:27,414 - [main] - INFO - org.springframework.web.servlet.mvc.method.annotation.RequestMappingHandlerMapping - Mapped "{[/sell/buyer/order/paySuccess],methods=[POST]}" onto public com.xia.sell.vo.ResultVO com.xia.sell.controller.BuyerController.paySuccess(java.lang.String) 
2018-09-09 22:44:27,416 - [main] - INFO - org.springframework.web.servlet.mvc.method.annotation.RequestMappingHandlerMapping - Mapped "{[/sell/buyer/order/detail],methods=[GET]}" onto public com.xia.sell.vo.ResultVO com.xia.sell.controller.BuyerController.detail(java.lang.String,java.lang.String) 
2018-09-09 22:44:27,417 - [main] - INFO - org.springframework.web.servlet.mvc.method.annotation.RequestMappingHandlerMapping - Mapped "{[/sell/buyer/order/payFail],methods=[POST]}" onto public com.xia.sell.vo.ResultVO com.xia.sell.controller.BuyerController.payFail() 
2018-09-09 22:44:27,418 - [main] - INFO - org.springframework.web.servlet.mvc.method.annotation.RequestMappingHandlerMapping - Mapped "{[/],methods=[GET]}" onto public java.lang.String com.xia.sell.controller.MainController.index() 
2018-09-09 22:44:27,420 - [main] - INFO - org.springframework.web.servlet.mvc.method.annotation.RequestMappingHandlerMapping - Mapped "{[/sell/buyer/product/list],methods=[GET]}" onto public com.xia.sell.vo.ResultVO com.xia.sell.controller.ProductListController.productList() 
2018-09-09 22:44:27,421 - [main] - INFO - org.springframework.web.servlet.mvc.method.annotation.RequestMappingHandlerMapping - Mapped "{[/orderList],methods=[GET]}" onto public java.lang.String com.xia.sell.controller.SellerController.orderList(java.lang.Integer,org.springframework.ui.Model) 
2018-09-09 22:44:27,422 - [main] - INFO - org.springframework.web.servlet.mvc.method.annotation.RequestMappingHandlerMapping - Mapped "{[/decrypt],methods=[GET]}" onto public java.lang.String com.xia.sell.controller.WXLogin.decrypt(java.lang.String,java.lang.String) 
2018-09-09 22:44:27,423 - [main] - INFO - org.springframework.web.servlet.mvc.method.annotation.RequestMappingHandlerMapping - Mapped "{[/WXLogin],methods=[GET]}" onto public java.lang.String com.xia.sell.controller.WXLogin.login(java.lang.String) throws java.io.IOException 
2018-09-09 22:44:27,423 - [main] - INFO - org.springframework.web.servlet.mvc.method.annotation.RequestMappingHandlerMapping - Mapped "{[/checkRawData],methods=[GET]}" onto public java.lang.String com.xia.sell.controller.WXLogin.checkRawData(java.lang.String,java.lang.String) throws java.io.UnsupportedEncodingException 
2018-09-09 22:44:27,426 - [main] - INFO - org.springframework.web.servlet.mvc.method.annotation.RequestMappingHandlerMapping - Mapped "{[/error]}" onto public org.springframework.http.ResponseEntity<java.util.Map<java.lang.String, java.lang.Object>> org.springframework.boot.autoconfigure.web.servlet.error.BasicErrorController.error(javax.servlet.http.HttpServletRequest) 
2018-09-09 22:44:27,427 - [main] - INFO - org.springframework.web.servlet.mvc.method.annotation.RequestMappingHandlerMapping - Mapped "{[/error],produces=[text/html]}" onto public org.springframework.web.servlet.ModelAndView org.springframework.boot.autoconfigure.web.servlet.error.BasicErrorController.errorHtml(javax.servlet.http.HttpServletRequest,javax.servlet.http.HttpServletResponse) 
2018-09-09 22:44:27,480 - [main] - INFO - org.springframework.web.servlet.handler.SimpleUrlHandlerMapping - Mapped URL path [/webjars/**] onto handler of type [class org.springframework.web.servlet.resource.ResourceHttpRequestHandler] 
2018-09-09 22:44:27,481 - [main] - INFO - org.springframework.web.servlet.handler.SimpleUrlHandlerMapping - Mapped URL path [/**] onto handler of type [class org.springframework.web.servlet.resource.ResourceHttpRequestHandler] 
2018-09-09 22:44:27,763 - [main] - INFO - org.springframework.boot.autoconfigure.web.servlet.WelcomePageHandlerMapping - Adding welcome page template: index 
2018-09-09 22:44:29,054 - [main] - INFO - com.xia.sell.service.impl.OrderServiceImplTest - Started OrderServiceImplTest in 7.569 seconds (JVM running for 10.242) 
2018-09-09 22:44:29,376 - [main] - INFO - com.zaxxer.hikari.HikariDataSource - HikariPool-1 - Starting... 
2018-09-09 22:44:29,744 - [main] - INFO - com.zaxxer.hikari.HikariDataSource - HikariPool-1 - Start completed. 
2018-09-09 22:44:32,938 - [Thread-2] - INFO - org.springframework.web.context.support.GenericWebApplicationContext - Closing org.springframework.web.context.support.GenericWebApplicationContext@15888343: startup date [Sun Sep 09 22:44:22 CST 2018]; root of context hierarchy 
2018-09-09 22:44:32,942 - [Thread-2] - INFO - com.zaxxer.hikari.HikariDataSource - HikariPool-1 - Shutdown initiated... 
2018-09-09 22:44:32,951 - [Thread-2] - INFO - com.zaxxer.hikari.HikariDataSource - HikariPool-1 - Shutdown completed. 
2018-09-09 22:46:05,201 - [main] - INFO - org.springframework.boot.test.context.SpringBootTestContextBootstrapper - Neither @ContextConfiguration nor @ContextHierarchy found for test class [com.xia.sell.service.impl.OrderServiceImplTest], using SpringBootContextLoader 
2018-09-09 22:46:05,220 - [main] - INFO - org.springframework.test.context.support.AbstractContextLoader - Could not detect default resource locations for test class [com.xia.sell.service.impl.OrderServiceImplTest]: no resource found for suffixes {-context.xml, Context.groovy}. 
2018-09-09 22:46:05,222 - [main] - INFO - org.springframework.test.context.support.AnnotationConfigContextLoaderUtils - Could not detect default configuration classes for test class [com.xia.sell.service.impl.OrderServiceImplTest]: OrderServiceImplTest does not declare any static, non-private, non-final, nested classes annotated with @Configuration. 
2018-09-09 22:46:05,880 - [main] - INFO - org.springframework.boot.test.context.SpringBootTestContextBootstrapper - Found @SpringBootConfiguration com.xia.sell.SellApplication for test class com.xia.sell.service.impl.OrderServiceImplTest 
2018-09-09 22:46:06,513 - [main] - INFO - org.springframework.boot.test.context.SpringBootTestContextBootstrapper - Loaded default TestExecutionListener class names from location [META-INF/spring.factories]: [org.springframework.boot.test.mock.mockito.MockitoTestExecutionListener, org.springframework.boot.test.mock.mockito.ResetMocksTestExecutionListener, org.springframework.boot.test.autoconfigure.restdocs.RestDocsTestExecutionListener, org.springframework.boot.test.autoconfigure.web.client.MockRestServiceServerResetTestExecutionListener, org.springframework.boot.test.autoconfigure.web.servlet.MockMvcPrintOnlyOnFailureTestExecutionListener, org.springframework.boot.test.autoconfigure.web.servlet.WebDriverTestExecutionListener, org.springframework.test.context.web.ServletTestExecutionListener, org.springframework.test.context.support.DirtiesContextBeforeModesTestExecutionListener, org.springframework.test.context.support.DependencyInjectionTestExecutionListener, org.springframework.test.context.support.DirtiesContextTestExecutionListener, org.springframework.test.context.transaction.TransactionalTestExecutionListener, org.springframework.test.context.jdbc.SqlScriptsTestExecutionListener] 
2018-09-09 22:46:06,584 - [main] - INFO - org.springframework.boot.test.context.SpringBootTestContextBootstrapper - Using TestExecutionListeners: [org.springframework.test.context.web.ServletTestExecutionListener@41dd05a, org.springframework.test.context.support.DirtiesContextBeforeModesTestExecutionListener@613a8ee1, org.springframework.boot.test.mock.mockito.MockitoTestExecutionListener@178213b, org.springframework.boot.test.autoconfigure.SpringBootDependencyInjectionTestExecutionListener@7103cb56, org.springframework.test.context.support.DirtiesContextTestExecutionListener@1b765a2c, org.springframework.test.context.transaction.TransactionalTestExecutionListener@2e8e8225, org.springframework.test.context.jdbc.SqlScriptsTestExecutionListener@6ebf0f36, org.springframework.boot.test.mock.mockito.ResetMocksTestExecutionListener@18920cc, org.springframework.boot.test.autoconfigure.restdocs.RestDocsTestExecutionListener@2807bdeb, org.springframework.boot.test.autoconfigure.web.client.MockRestServiceServerResetTestExecutionListener@72c28d64, org.springframework.boot.test.autoconfigure.web.servlet.MockMvcPrintOnlyOnFailureTestExecutionListener@6492fab5, org.springframework.boot.test.autoconfigure.web.servlet.WebDriverTestExecutionListener@2c5529ab] 
2018-09-09 22:46:07,408 - [main] - INFO - com.xia.sell.service.impl.OrderServiceImplTest - Starting OrderServiceImplTest on DESKTOP-59AH7K1 with PID 13736 (started by xia in F:\ideaProject\sell) 
2018-09-09 22:46:07,410 - [main] - INFO - com.xia.sell.service.impl.OrderServiceImplTest - No active profile set, falling back to default profiles: default 
2018-09-09 22:46:07,510 - [main] - INFO - org.springframework.web.context.support.GenericWebApplicationContext - Refreshing org.springframework.web.context.support.GenericWebApplicationContext@117e0fe5: startup date [Sun Sep 09 22:46:07 CST 2018]; root of context hierarchy 
2018-09-09 22:46:12,205 - [main] - INFO - org.springframework.web.servlet.handler.SimpleUrlHandlerMapping - Mapped URL path [/**/favicon.ico] onto handler of type [class org.springframework.web.servlet.resource.ResourceHttpRequestHandler] 
2018-09-09 22:46:12,643 - [main] - INFO - org.springframework.web.servlet.mvc.method.annotation.RequestMappingHandlerAdapter - Looking for @ControllerAdvice: org.springframework.web.context.support.GenericWebApplicationContext@117e0fe5: startup date [Sun Sep 09 22:46:07 CST 2018]; root of context hierarchy 
2018-09-09 22:46:12,870 - [main] - INFO - org.springframework.web.servlet.mvc.method.annotation.RequestMappingHandlerMapping - Mapped "{[/sell/buyer/order/create],methods=[POST]}" onto public com.xia.sell.vo.ResultVO com.xia.sell.controller.BuyerController.create(com.xia.sell.form.OrderCreateForm,org.springframework.validation.Errors) 
2018-09-09 22:46:12,872 - [main] - INFO - org.springframework.web.servlet.mvc.method.annotation.RequestMappingHandlerMapping - Mapped "{[/sell/buyer/order/list],methods=[GET]}" onto public com.xia.sell.vo.ResultVO com.xia.sell.controller.BuyerController.list(java.lang.String,java.lang.Integer) 
2018-09-09 22:46:12,875 - [main] - INFO - org.springframework.web.servlet.mvc.method.annotation.RequestMappingHandlerMapping - Mapped "{[/sell/buyer/order/cancel],methods=[POST]}" onto public com.xia.sell.vo.ResultVO com.xia.sell.controller.BuyerController.cancel(java.lang.String,java.lang.String) 
2018-09-09 22:46:12,876 - [main] - INFO - org.springframework.web.servlet.mvc.method.annotation.RequestMappingHandlerMapping - Mapped "{[/sell/buyer/order/paySuccess],methods=[POST]}" onto public com.xia.sell.vo.ResultVO com.xia.sell.controller.BuyerController.paySuccess(java.lang.String) 
2018-09-09 22:46:12,878 - [main] - INFO - org.springframework.web.servlet.mvc.method.annotation.RequestMappingHandlerMapping - Mapped "{[/sell/buyer/order/detail],methods=[GET]}" onto public com.xia.sell.vo.ResultVO com.xia.sell.controller.BuyerController.detail(java.lang.String,java.lang.String) 
2018-09-09 22:46:12,878 - [main] - INFO - org.springframework.web.servlet.mvc.method.annotation.RequestMappingHandlerMapping - Mapped "{[/sell/buyer/order/payFail],methods=[POST]}" onto public com.xia.sell.vo.ResultVO com.xia.sell.controller.BuyerController.payFail() 
2018-09-09 22:46:12,881 - [main] - INFO - org.springframework.web.servlet.mvc.method.annotation.RequestMappingHandlerMapping - Mapped "{[/],methods=[GET]}" onto public java.lang.String com.xia.sell.controller.MainController.index() 
2018-09-09 22:46:12,883 - [main] - INFO - org.springframework.web.servlet.mvc.method.annotation.RequestMappingHandlerMapping - Mapped "{[/sell/buyer/product/list],methods=[GET]}" onto public com.xia.sell.vo.ResultVO com.xia.sell.controller.ProductListController.productList() 
2018-09-09 22:46:12,891 - [main] - INFO - org.springframework.web.servlet.mvc.method.annotation.RequestMappingHandlerMapping - Mapped "{[/orderList],methods=[GET]}" onto public java.lang.String com.xia.sell.controller.SellerController.orderList(java.lang.Integer,org.springframework.ui.Model) 
2018-09-09 22:46:12,893 - [main] - INFO - org.springframework.web.servlet.mvc.method.annotation.RequestMappingHandlerMapping - Mapped "{[/decrypt],methods=[GET]}" onto public java.lang.String com.xia.sell.controller.WXLogin.decrypt(java.lang.String,java.lang.String) 
2018-09-09 22:46:12,901 - [main] - INFO - org.springframework.web.servlet.mvc.method.annotation.RequestMappingHandlerMapping - Mapped "{[/WXLogin],methods=[GET]}" onto public java.lang.String com.xia.sell.controller.WXLogin.login(java.lang.String) throws java.io.IOException 
2018-09-09 22:46:12,902 - [main] - INFO - org.springframework.web.servlet.mvc.method.annotation.RequestMappingHandlerMapping - Mapped "{[/checkRawData],methods=[GET]}" onto public java.lang.String com.xia.sell.controller.WXLogin.checkRawData(java.lang.String,java.lang.String) throws java.io.UnsupportedEncodingException 
2018-09-09 22:46:12,905 - [main] - INFO - org.springframework.web.servlet.mvc.method.annotation.RequestMappingHandlerMapping - Mapped "{[/error]}" onto public org.springframework.http.ResponseEntity<java.util.Map<java.lang.String, java.lang.Object>> org.springframework.boot.autoconfigure.web.servlet.error.BasicErrorController.error(javax.servlet.http.HttpServletRequest) 
2018-09-09 22:46:12,907 - [main] - INFO - org.springframework.web.servlet.mvc.method.annotation.RequestMappingHandlerMapping - Mapped "{[/error],produces=[text/html]}" onto public org.springframework.web.servlet.ModelAndView org.springframework.boot.autoconfigure.web.servlet.error.BasicErrorController.errorHtml(javax.servlet.http.HttpServletRequest,javax.servlet.http.HttpServletResponse) 
2018-09-09 22:46:12,998 - [main] - INFO - org.springframework.web.servlet.handler.SimpleUrlHandlerMapping - Mapped URL path [/webjars/**] onto handler of type [class org.springframework.web.servlet.resource.ResourceHttpRequestHandler] 
2018-09-09 22:46:12,998 - [main] - INFO - org.springframework.web.servlet.handler.SimpleUrlHandlerMapping - Mapped URL path [/**] onto handler of type [class org.springframework.web.servlet.resource.ResourceHttpRequestHandler] 
2018-09-09 22:46:13,329 - [main] - INFO - org.springframework.boot.autoconfigure.web.servlet.WelcomePageHandlerMapping - Adding welcome page template: index 
2018-09-09 22:46:14,536 - [main] - INFO - com.xia.sell.service.impl.OrderServiceImplTest - Started OrderServiceImplTest in 7.755 seconds (JVM running for 11.651) 
2018-09-09 22:47:05,885 - [main] - INFO - com.zaxxer.hikari.HikariDataSource - HikariPool-1 - Starting... 
2018-09-09 22:47:06,908 - [main] - INFO - com.zaxxer.hikari.HikariDataSource - HikariPool-1 - Start completed. 
2018-09-09 22:47:50,462 - [Thread-2] - INFO - org.springframework.web.context.support.GenericWebApplicationContext - Closing org.springframework.web.context.support.GenericWebApplicationContext@117e0fe5: startup date [Sun Sep 09 22:46:07 CST 2018]; root of context hierarchy 
2018-09-09 22:47:50,469 - [Thread-2] - INFO - com.zaxxer.hikari.HikariDataSource - HikariPool-1 - Shutdown initiated... 
2018-09-09 22:47:50,477 - [Thread-2] - INFO - com.zaxxer.hikari.HikariDataSource - HikariPool-1 - Shutdown completed. 
2018-09-09 22:48:02,440 - [main] - INFO - org.springframework.boot.test.context.SpringBootTestContextBootstrapper - Neither @ContextConfiguration nor @ContextHierarchy found for test class [com.xia.sell.service.impl.OrderServiceImplTest], using SpringBootContextLoader 
2018-09-09 22:48:02,455 - [main] - INFO - org.springframework.test.context.support.AbstractContextLoader - Could not detect default resource locations for test class [com.xia.sell.service.impl.OrderServiceImplTest]: no resource found for suffixes {-context.xml, Context.groovy}. 
2018-09-09 22:48:02,456 - [main] - INFO - org.springframework.test.context.support.AnnotationConfigContextLoaderUtils - Could not detect default configuration classes for test class [com.xia.sell.service.impl.OrderServiceImplTest]: OrderServiceImplTest does not declare any static, non-private, non-final, nested classes annotated with @Configuration. 
2018-09-09 22:48:02,769 - [main] - INFO - org.springframework.boot.test.context.SpringBootTestContextBootstrapper - Found @SpringBootConfiguration com.xia.sell.SellApplication for test class com.xia.sell.service.impl.OrderServiceImplTest 
2018-09-09 22:48:03,366 - [main] - INFO - org.springframework.boot.test.context.SpringBootTestContextBootstrapper - Loaded default TestExecutionListener class names from location [META-INF/spring.factories]: [org.springframework.boot.test.mock.mockito.MockitoTestExecutionListener, org.springframework.boot.test.mock.mockito.ResetMocksTestExecutionListener, org.springframework.boot.test.autoconfigure.restdocs.RestDocsTestExecutionListener, org.springframework.boot.test.autoconfigure.web.client.MockRestServiceServerResetTestExecutionListener, org.springframework.boot.test.autoconfigure.web.servlet.MockMvcPrintOnlyOnFailureTestExecutionListener, org.springframework.boot.test.autoconfigure.web.servlet.WebDriverTestExecutionListener, org.springframework.test.context.web.ServletTestExecutionListener, org.springframework.test.context.support.DirtiesContextBeforeModesTestExecutionListener, org.springframework.test.context.support.DependencyInjectionTestExecutionListener, org.springframework.test.context.support.DirtiesContextTestExecutionListener, org.springframework.test.context.transaction.TransactionalTestExecutionListener, org.springframework.test.context.jdbc.SqlScriptsTestExecutionListener] 
2018-09-09 22:48:03,404 - [main] - INFO - org.springframework.boot.test.context.SpringBootTestContextBootstrapper - Using TestExecutionListeners: [org.springframework.test.context.web.ServletTestExecutionListener@72cde7cc, org.springframework.test.context.support.DirtiesContextBeforeModesTestExecutionListener@5fd4f8f5, org.springframework.boot.test.mock.mockito.MockitoTestExecutionListener@696da30b, org.springframework.boot.test.autoconfigure.SpringBootDependencyInjectionTestExecutionListener@4e7912d8, org.springframework.test.context.support.DirtiesContextTestExecutionListener@53976f5c, org.springframework.test.context.transaction.TransactionalTestExecutionListener@2bfc268b, org.springframework.test.context.jdbc.SqlScriptsTestExecutionListener@2f8dad04, org.springframework.boot.test.mock.mockito.ResetMocksTestExecutionListener@29e495ff, org.springframework.boot.test.autoconfigure.restdocs.RestDocsTestExecutionListener@41e1e210, org.springframework.boot.test.autoconfigure.web.client.MockRestServiceServerResetTestExecutionListener@be35cd9, org.springframework.boot.test.autoconfigure.web.servlet.MockMvcPrintOnlyOnFailureTestExecutionListener@4944252c, org.springframework.boot.test.autoconfigure.web.servlet.WebDriverTestExecutionListener@44821a96] 
2018-09-09 22:48:04,428 - [main] - INFO - com.xia.sell.service.impl.OrderServiceImplTest - Starting OrderServiceImplTest on DESKTOP-59AH7K1 with PID 7252 (started by xia in F:\ideaProject\sell) 
2018-09-09 22:48:04,431 - [main] - INFO - com.xia.sell.service.impl.OrderServiceImplTest - No active profile set, falling back to default profiles: default 
2018-09-09 22:48:04,514 - [main] - INFO - org.springframework.web.context.support.GenericWebApplicationContext - Refreshing org.springframework.web.context.support.GenericWebApplicationContext@15888343: startup date [Sun Sep 09 22:48:04 CST 2018]; root of context hierarchy 
2018-09-09 22:48:08,783 - [main] - INFO - org.springframework.web.servlet.handler.SimpleUrlHandlerMapping - Mapped URL path [/**/favicon.ico] onto handler of type [class org.springframework.web.servlet.resource.ResourceHttpRequestHandler] 
2018-09-09 22:48:09,152 - [main] - INFO - org.springframework.web.servlet.mvc.method.annotation.RequestMappingHandlerAdapter - Looking for @ControllerAdvice: org.springframework.web.context.support.GenericWebApplicationContext@15888343: startup date [Sun Sep 09 22:48:04 CST 2018]; root of context hierarchy 
2018-09-09 22:48:09,295 - [main] - INFO - org.springframework.web.servlet.mvc.method.annotation.RequestMappingHandlerMapping - Mapped "{[/sell/buyer/order/create],methods=[POST]}" onto public com.xia.sell.vo.ResultVO com.xia.sell.controller.BuyerController.create(com.xia.sell.form.OrderCreateForm,org.springframework.validation.Errors) 
2018-09-09 22:48:09,297 - [main] - INFO - org.springframework.web.servlet.mvc.method.annotation.RequestMappingHandlerMapping - Mapped "{[/sell/buyer/order/list],methods=[GET]}" onto public com.xia.sell.vo.ResultVO com.xia.sell.controller.BuyerController.list(java.lang.String,java.lang.Integer) 
2018-09-09 22:48:09,297 - [main] - INFO - org.springframework.web.servlet.mvc.method.annotation.RequestMappingHandlerMapping - Mapped "{[/sell/buyer/order/cancel],methods=[POST]}" onto public com.xia.sell.vo.ResultVO com.xia.sell.controller.BuyerController.cancel(java.lang.String,java.lang.String) 
2018-09-09 22:48:09,297 - [main] - INFO - org.springframework.web.servlet.mvc.method.annotation.RequestMappingHandlerMapping - Mapped "{[/sell/buyer/order/paySuccess],methods=[POST]}" onto public com.xia.sell.vo.ResultVO com.xia.sell.controller.BuyerController.paySuccess(java.lang.String) 
2018-09-09 22:48:09,298 - [main] - INFO - org.springframework.web.servlet.mvc.method.annotation.RequestMappingHandlerMapping - Mapped "{[/sell/buyer/order/detail],methods=[GET]}" onto public com.xia.sell.vo.ResultVO com.xia.sell.controller.BuyerController.detail(java.lang.String,java.lang.String) 
2018-09-09 22:48:09,299 - [main] - INFO - org.springframework.web.servlet.mvc.method.annotation.RequestMappingHandlerMapping - Mapped "{[/sell/buyer/order/payFail],methods=[POST]}" onto public com.xia.sell.vo.ResultVO com.xia.sell.controller.BuyerController.payFail() 
2018-09-09 22:48:09,300 - [main] - INFO - org.springframework.web.servlet.mvc.method.annotation.RequestMappingHandlerMapping - Mapped "{[/],methods=[GET]}" onto public java.lang.String com.xia.sell.controller.MainController.index() 
2018-09-09 22:48:09,301 - [main] - INFO - org.springframework.web.servlet.mvc.method.annotation.RequestMappingHandlerMapping - Mapped "{[/sell/buyer/product/list],methods=[GET]}" onto public com.xia.sell.vo.ResultVO com.xia.sell.controller.ProductListController.productList() 
2018-09-09 22:48:09,302 - [main] - INFO - org.springframework.web.servlet.mvc.method.annotation.RequestMappingHandlerMapping - Mapped "{[/orderList],methods=[GET]}" onto public java.lang.String com.xia.sell.controller.SellerController.orderList(java.lang.Integer,org.springframework.ui.Model) 
2018-09-09 22:48:09,305 - [main] - INFO - org.springframework.web.servlet.mvc.method.annotation.RequestMappingHandlerMapping - Mapped "{[/decrypt],methods=[GET]}" onto public java.lang.String com.xia.sell.controller.WXLogin.decrypt(java.lang.String,java.lang.String) 
2018-09-09 22:48:09,305 - [main] - INFO - org.springframework.web.servlet.mvc.method.annotation.RequestMappingHandlerMapping - Mapped "{[/WXLogin],methods=[GET]}" onto public java.lang.String com.xia.sell.controller.WXLogin.login(java.lang.String) throws java.io.IOException 
2018-09-09 22:48:09,305 - [main] - INFO - org.springframework.web.servlet.mvc.method.annotation.RequestMappingHandlerMapping - Mapped "{[/checkRawData],methods=[GET]}" onto public java.lang.String com.xia.sell.controller.WXLogin.checkRawData(java.lang.String,java.lang.String) throws java.io.UnsupportedEncodingException 
2018-09-09 22:48:09,309 - [main] - INFO - org.springframework.web.servlet.mvc.method.annotation.RequestMappingHandlerMapping - Mapped "{[/error]}" onto public org.springframework.http.ResponseEntity<java.util.Map<java.lang.String, java.lang.Object>> org.springframework.boot.autoconfigure.web.servlet.error.BasicErrorController.error(javax.servlet.http.HttpServletRequest) 
2018-09-09 22:48:09,310 - [main] - INFO - org.springframework.web.servlet.mvc.method.annotation.RequestMappingHandlerMapping - Mapped "{[/error],produces=[text/html]}" onto public org.springframework.web.servlet.ModelAndView org.springframework.boot.autoconfigure.web.servlet.error.BasicErrorController.errorHtml(javax.servlet.http.HttpServletRequest,javax.servlet.http.HttpServletResponse) 
2018-09-09 22:48:09,360 - [main] - INFO - org.springframework.web.servlet.handler.SimpleUrlHandlerMapping - Mapped URL path [/webjars/**] onto handler of type [class org.springframework.web.servlet.resource.ResourceHttpRequestHandler] 
2018-09-09 22:48:09,361 - [main] - INFO - org.springframework.web.servlet.handler.SimpleUrlHandlerMapping - Mapped URL path [/**] onto handler of type [class org.springframework.web.servlet.resource.ResourceHttpRequestHandler] 
2018-09-09 22:48:09,633 - [main] - INFO - org.springframework.boot.autoconfigure.web.servlet.WelcomePageHandlerMapping - Adding welcome page template: index 
2018-09-09 22:48:10,602 - [main] - INFO - com.xia.sell.service.impl.OrderServiceImplTest - Started OrderServiceImplTest in 7.001 seconds (JVM running for 9.825) 
2018-09-09 22:48:10,798 - [main] - INFO - com.zaxxer.hikari.HikariDataSource - HikariPool-1 - Starting... 
2018-09-09 22:48:11,197 - [main] - INFO - com.zaxxer.hikari.HikariDataSource - HikariPool-1 - Start completed. 
2018-09-09 22:48:16,950 - [Thread-2] - INFO - org.springframework.web.context.support.GenericWebApplicationContext - Closing org.springframework.web.context.support.GenericWebApplicationContext@15888343: startup date [Sun Sep 09 22:48:04 CST 2018]; root of context hierarchy 
2018-09-09 22:48:16,956 - [Thread-2] - INFO - com.zaxxer.hikari.HikariDataSource - HikariPool-1 - Shutdown initiated... 
2018-09-09 22:48:16,989 - [Thread-2] - INFO - com.zaxxer.hikari.HikariDataSource - HikariPool-1 - Shutdown completed. 
