2018-10-24 21:28:55,079 - [main] - INFO - com.xia.sell.SellApplication - Starting SellApplication on DESKTOP-59AH7K1 with PID 8808 (F:\ideaProject\sell\target\classes started by xia in F:\ideaProject\sell) 
2018-10-24 21:28:55,104 - [main] - INFO - com.xia.sell.SellApplication - No active profile set, falling back to default profiles: default 
2018-10-24 21:28:56,107 - [main] - INFO - org.springframework.boot.web.servlet.context.AnnotationConfigServletWebServerApplicationContext - Refreshing org.springframework.boot.web.servlet.context.AnnotationConfigServletWebServerApplicationContext@60e21209: startup date [Wed Oct 24 21:28:56 CST 2018]; root of context hierarchy 
2018-10-24 21:29:04,208 - [main] - INFO - org.springframework.data.repository.config.RepositoryConfigurationDelegate - Multiple Spring Data modules found, entering strict repository configuration mode! 
2018-10-24 21:29:06,698 - [main] - INFO - org.springframework.context.support.PostProcessorRegistrationDelegate$BeanPostProcessorChecker - Bean 'shiroConfiguration' of type [com.xia.sell.config.ShiroConfiguration$$EnhancerBySpringCGLIB$$182ac433] is not eligible for getting processed by all BeanPostProcessors (for example: not eligible for auto-proxying) 
2018-10-24 21:29:06,735 - [main] - INFO - org.springframework.context.support.PostProcessorRegistrationDelegate$BeanPostProcessorChecker - Bean 'redisConfig' of type [com.xia.sell.config.RedisConfig$$EnhancerBySpringCGLIB$$686ac835] is not eligible for getting processed by all BeanPostProcessors (for example: not eligible for auto-proxying) 
2018-10-24 21:29:06,747 - [main] - INFO - org.springframework.context.support.PostProcessorRegistrationDelegate$BeanPostProcessorChecker - Bean 'org.springframework.transaction.annotation.ProxyTransactionManagementConfiguration' of type [org.springframework.transaction.annotation.ProxyTransactionManagementConfiguration$$EnhancerBySpringCGLIB$$1f1991ee] is not eligible for getting processed by all BeanPostProcessors (for example: not eligible for auto-proxying) 
2018-10-24 21:29:07,216 - [main] - INFO - org.springframework.context.support.PostProcessorRegistrationDelegate$BeanPostProcessorChecker - Bean 'org.springframework.boot.context.properties.ConversionServiceDeducer$Factory' of type [org.springframework.boot.context.properties.ConversionServiceDeducer$Factory] is not eligible for getting processed by all BeanPostProcessors (for example: not eligible for auto-proxying) 
2018-10-24 21:29:07,308 - [main] - INFO - org.springframework.context.support.PostProcessorRegistrationDelegate$BeanPostProcessorChecker - Bean 'mybatis-org.mybatis.spring.boot.autoconfigure.MybatisProperties' of type [org.mybatis.spring.boot.autoconfigure.MybatisProperties] is not eligible for getting processed by all BeanPostProcessors (for example: not eligible for auto-proxying) 
2018-10-24 21:29:07,333 - [main] - INFO - org.springframework.context.support.PostProcessorRegistrationDelegate$BeanPostProcessorChecker - Bean 'org.mybatis.spring.boot.autoconfigure.MybatisAutoConfiguration' of type [org.mybatis.spring.boot.autoconfigure.MybatisAutoConfiguration$$EnhancerBySpringCGLIB$$51ede31e] is not eligible for getting processed by all BeanPostProcessors (for example: not eligible for auto-proxying) 
2018-10-24 21:29:07,342 - [main] - INFO - org.springframework.context.support.PostProcessorRegistrationDelegate$BeanPostProcessorChecker - Bean 'org.springframework.boot.autoconfigure.jdbc.DataSourceConfiguration$Hikari' of type [org.springframework.boot.autoconfigure.jdbc.DataSourceConfiguration$Hikari] is not eligible for getting processed by all BeanPostProcessors (for example: not eligible for auto-proxying) 
2018-10-24 21:29:07,365 - [main] - INFO - org.springframework.context.support.PostProcessorRegistrationDelegate$BeanPostProcessorChecker - Bean 'spring.datasource-org.springframework.boot.autoconfigure.jdbc.DataSourceProperties' of type [org.springframework.boot.autoconfigure.jdbc.DataSourceProperties] is not eligible for getting processed by all BeanPostProcessors (for example: not eligible for auto-proxying) 
2018-10-24 21:29:07,524 - [main] - INFO - org.springframework.context.support.PostProcessorRegistrationDelegate$BeanPostProcessorChecker - Bean 'dataSource' of type [com.zaxxer.hikari.HikariDataSource] is not eligible for getting processed by all BeanPostProcessors (for example: not eligible for auto-proxying) 
2018-10-24 21:29:07,549 - [main] - INFO - org.springframework.context.support.PostProcessorRegistrationDelegate$BeanPostProcessorChecker - Bean 'org.springframework.boot.autoconfigure.jdbc.DataSourceInitializerInvoker' of type [org.springframework.boot.autoconfigure.jdbc.DataSourceInitializerInvoker] is not eligible for getting processed by all BeanPostProcessors (for example: not eligible for auto-proxying) 
2018-10-24 21:29:09,629 - [main] - INFO - org.springframework.context.support.PostProcessorRegistrationDelegate$BeanPostProcessorChecker - Bean 'sqlSessionFactory' of type [org.apache.ibatis.session.defaults.DefaultSqlSessionFactory] is not eligible for getting processed by all BeanPostProcessors (for example: not eligible for auto-proxying) 
2018-10-24 21:29:09,762 - [main] - INFO - org.springframework.context.support.PostProcessorRegistrationDelegate$BeanPostProcessorChecker - Bean 'sqlSessionTemplate' of type [org.mybatis.spring.SqlSessionTemplate] is not eligible for getting processed by all BeanPostProcessors (for example: not eligible for auto-proxying) 
2018-10-24 21:29:09,768 - [main] - INFO - org.springframework.context.support.PostProcessorRegistrationDelegate$BeanPostProcessorChecker - Bean 'sellerInfoMapper' of type [org.mybatis.spring.mapper.MapperFactoryBean] is not eligible for getting processed by all BeanPostProcessors (for example: not eligible for auto-proxying) 
2018-10-24 21:29:09,778 - [main] - INFO - org.springframework.context.support.PostProcessorRegistrationDelegate$BeanPostProcessorChecker - Bean 'sellerInfoMapper' of type [com.sun.proxy.$Proxy66] is not eligible for getting processed by all BeanPostProcessors (for example: not eligible for auto-proxying) 
2018-10-24 21:29:09,783 - [main] - INFO - org.springframework.context.support.PostProcessorRegistrationDelegate$BeanPostProcessorChecker - Bean 'sellerInfoServiceImpl' of type [com.xia.sell.service.impl.SellerInfoServiceImpl] is not eligible for getting processed by all BeanPostProcessors (for example: not eligible for auto-proxying) 
2018-10-24 21:29:09,784 - [main] - INFO - org.springframework.context.support.PostProcessorRegistrationDelegate$BeanPostProcessorChecker - Bean 'myShiroRealm' of type [com.xia.sell.config.MyShiroRealm] is not eligible for getting processed by all BeanPostProcessors (for example: not eligible for auto-proxying) 
2018-10-24 21:29:09,817 - [main] - INFO - org.springframework.context.support.PostProcessorRegistrationDelegate$BeanPostProcessorChecker - Bean 'rememberMeCookie' of type [org.apache.shiro.web.servlet.SimpleCookie] is not eligible for getting processed by all BeanPostProcessors (for example: not eligible for auto-proxying) 
2018-10-24 21:29:09,852 - [main] - INFO - org.springframework.context.support.PostProcessorRegistrationDelegate$BeanPostProcessorChecker - Bean 'rememberMeManager' of type [org.apache.shiro.web.mgt.CookieRememberMeManager] is not eligible for getting processed by all BeanPostProcessors (for example: not eligible for auto-proxying) 
2018-10-24 21:29:09,873 - [main] - INFO - org.springframework.context.support.PostProcessorRegistrationDelegate$BeanPostProcessorChecker - Bean 'securityManager' of type [org.apache.shiro.web.mgt.DefaultWebSecurityManager] is not eligible for getting processed by all BeanPostProcessors (for example: not eligible for auto-proxying) 
2018-10-24 21:29:11,459 - [main] - INFO - org.springframework.boot.web.embedded.tomcat.TomcatWebServer - Tomcat initialized with port(s): 8080 (http) 
2018-10-24 21:29:11,589 - [main] - INFO - org.apache.coyote.http11.Http11NioProtocol - Initializing ProtocolHandler ["http-nio-8080"] 
2018-10-24 21:29:11,632 - [main] - INFO - org.apache.catalina.core.StandardService - Starting service [Tomcat] 
2018-10-24 21:29:11,633 - [main] - INFO - org.apache.catalina.core.StandardEngine - Starting Servlet Engine: Apache Tomcat/8.5.32 
2018-10-24 21:29:11,700 - [localhost-startStop-1] - INFO - org.apache.catalina.core.AprLifecycleListener - The APR based Apache Tomcat Native library which allows optimal performance in production environments was not found on the java.library.path: [C:\Java\jdk1.8.0_121\bin;C:\WINDOWS\Sun\Java\bin;C:\WINDOWS\system32;C:\WINDOWS;C:\ProgramData\Oracle\Java\javapath;C:\Java\jdk1.8.0_121\bin;C:\Java\jdk1.8.0_121\jre\bin;C:\WINDOWS\system32;C:\WINDOWS;C:\WINDOWS\System32\Wbem;C:\WINDOWS\System32\WindowsPowerShell\v1.0\;C:\Program Files (x86)\NVIDIA Corporation\PhysX\Common;C:\Users\xia\AppData\Local\Android\sdk\platform-tools\adb.exe;C:\WINDOWS\system32;C:\WINDOWS;C:\WINDOWS\System32\Wbem;C:\WINDOWS\System32\WindowsPowerShell\v1.0\;C:\Program Files\MySQL\MySQL Server 5.5\bin;D:\Android\android-sdk\platform-tools;D:\Android\android-sdk\tools;E:\apache-maven-3.5.3\bin\;%TALINA_HOME%\bin\;C:\WINDOWS\System32\OpenSSH\;E:\gradle-4.9\bin;D:\mysql-8.0.11-winx64\bin;D:\Git\cmd;C:\Users\xia\AppData\Local\Microsoft\WindowsApps;C:\Users\xia\AppData\Local\Programs\Fiddler;C:\Users\xia\AppData\Local\GitHubDesktop\bin;%USERPROFILE%\AppData\Local\Microsoft\WindowsApps;;.] 
2018-10-24 21:29:12,368 - [localhost-startStop-1] - INFO - org.apache.catalina.core.ContainerBase.[Tomcat].[localhost].[/] - Initializing Spring embedded WebApplicationContext 
2018-10-24 21:29:12,369 - [localhost-startStop-1] - INFO - org.springframework.web.context.ContextLoader - Root WebApplicationContext: initialization completed in 16261 ms 
2018-10-24 21:29:12,820 - [localhost-startStop-1] - INFO - org.springframework.boot.web.servlet.ServletRegistrationBean - Servlet dispatcherServlet mapped to [/] 
2018-10-24 21:29:12,829 - [localhost-startStop-1] - INFO - org.springframework.boot.web.servlet.FilterRegistrationBean - Mapping filter: 'characterEncodingFilter' to: [/*] 
2018-10-24 21:29:12,829 - [localhost-startStop-1] - INFO - org.springframework.boot.web.servlet.FilterRegistrationBean - Mapping filter: 'hiddenHttpMethodFilter' to: [/*] 
2018-10-24 21:29:12,829 - [localhost-startStop-1] - INFO - org.springframework.boot.web.servlet.FilterRegistrationBean - Mapping filter: 'httpPutFormContentFilter' to: [/*] 
2018-10-24 21:29:12,830 - [localhost-startStop-1] - INFO - org.springframework.boot.web.servlet.FilterRegistrationBean - Mapping filter: 'requestContextFilter' to: [/*] 
2018-10-24 21:29:12,830 - [localhost-startStop-1] - INFO - org.springframework.boot.web.servlet.FilterRegistrationBean - Mapping filter: 'shiroFilterFactoryBean' to: [/*] 
2018-10-24 21:29:15,461 - [main] - INFO - org.springframework.web.servlet.handler.SimpleUrlHandlerMapping - Mapped URL path [/**/favicon.ico] onto handler of type [class org.springframework.web.servlet.resource.ResourceHttpRequestHandler] 
2018-10-24 21:29:16,956 - [main] - INFO - org.springframework.web.servlet.mvc.method.annotation.RequestMappingHandlerAdapter - Looking for @ControllerAdvice: org.springframework.boot.web.servlet.context.AnnotationConfigServletWebServerApplicationContext@60e21209: startup date [Wed Oct 24 21:28:56 CST 2018]; root of context hierarchy 
2018-10-24 21:29:17,474 - [main] - INFO - org.springframework.web.servlet.mvc.method.annotation.RequestMappingHandlerMapping - Mapped "{[/buyer/address/remove],methods=[GET]}" onto public com.xia.sell.vo.ResultVO com.xia.sell.controller.BuyerAddressController.remove(java.lang.String) 
2018-10-24 21:29:17,476 - [main] - INFO - org.springframework.web.servlet.mvc.method.annotation.RequestMappingHandlerMapping - Mapped "{[/buyer/address/list],methods=[GET]}" onto public com.xia.sell.vo.ResultVO com.xia.sell.controller.BuyerAddressController.list(java.lang.String) 
2018-10-24 21:29:17,477 - [main] - INFO - org.springframework.web.servlet.mvc.method.annotation.RequestMappingHandlerMapping - Mapped "{[/buyer/address/save],methods=[POST]}" onto public com.xia.sell.vo.ResultVO com.xia.sell.controller.BuyerAddressController.save(com.xia.sell.dto.BuyerAddressDTO) 
2018-10-24 21:29:17,480 - [main] - INFO - org.springframework.web.servlet.mvc.method.annotation.RequestMappingHandlerMapping - Mapped "{[/buyer/comment/add],methods=[POST]}" onto public com.xia.sell.vo.ResultVO com.xia.sell.controller.BuyerCommentController.add(com.xia.sell.dto.CommentAddDTO) 
2018-10-24 21:29:17,481 - [main] - INFO - org.springframework.web.servlet.mvc.method.annotation.RequestMappingHandlerMapping - Mapped "{[/buyer/comment/list],methods=[GET]}" onto public com.xia.sell.vo.ResultVO com.xia.sell.controller.BuyerCommentController.list(java.lang.String,java.lang.Integer) 
2018-10-24 21:29:17,486 - [main] - INFO - org.springframework.web.servlet.mvc.method.annotation.RequestMappingHandlerMapping - Mapped "{[/buyer/order/create],methods=[POST]}" onto public com.xia.sell.vo.ResultVO com.xia.sell.controller.BuyerOrderController.create(com.xia.sell.dto.OrderCreateDTO,org.springframework.validation.Errors) 
2018-10-24 21:29:17,487 - [main] - INFO - org.springframework.web.servlet.mvc.method.annotation.RequestMappingHandlerMapping - Mapped "{[/buyer/order/list],methods=[GET]}" onto public com.xia.sell.vo.ResultVO com.xia.sell.controller.BuyerOrderController.list(java.lang.String,java.lang.Integer) 
2018-10-24 21:29:17,489 - [main] - INFO - org.springframework.web.servlet.mvc.method.annotation.RequestMappingHandlerMapping - Mapped "{[/buyer/order/cancel],methods=[GET]}" onto public com.xia.sell.vo.ResultVO com.xia.sell.controller.BuyerOrderController.cancel(java.lang.String,java.lang.String) 
2018-10-24 21:29:17,490 - [main] - INFO - org.springframework.web.servlet.mvc.method.annotation.RequestMappingHandlerMapping - Mapped "{[/buyer/order/detail],methods=[GET]}" onto public com.xia.sell.vo.ResultVO com.xia.sell.controller.BuyerOrderController.detail(java.lang.String,java.lang.String) 
2018-10-24 21:29:17,491 - [main] - INFO - org.springframework.web.servlet.mvc.method.annotation.RequestMappingHandlerMapping - Mapped "{[/buyer/order/amount],methods=[GET]}" onto public com.xia.sell.vo.ResultVO com.xia.sell.controller.BuyerOrderController.amount(java.lang.String,java.lang.String) 
2018-10-24 21:29:17,491 - [main] - INFO - org.springframework.web.servlet.mvc.method.annotation.RequestMappingHandlerMapping - Mapped "{[/buyer/order/paySuccess],methods=[GET]}" onto public com.xia.sell.vo.ResultVO com.xia.sell.controller.BuyerOrderController.paySuccess(java.lang.String) 
2018-10-24 21:29:17,492 - [main] - INFO - org.springframework.web.servlet.mvc.method.annotation.RequestMappingHandlerMapping - Mapped "{[/buyer/order/payFail],methods=[POST]}" onto public com.xia.sell.vo.ResultVO com.xia.sell.controller.BuyerOrderController.payFail() 
2018-10-24 21:29:17,503 - [main] - INFO - org.springframework.web.servlet.mvc.method.annotation.RequestMappingHandlerMapping - Mapped "{[/buyer/shop/listDistance],methods=[GET]}" onto public com.xia.sell.vo.ResultVO<java.util.List> com.xia.sell.controller.BuyerShopController.allShopOrderDistance(java.lang.String,java.lang.String) 
2018-10-24 21:29:17,504 - [main] - INFO - org.springframework.web.servlet.mvc.method.annotation.RequestMappingHandlerMapping - Mapped "{[/buyer/shop/listOrderDistance],methods=[GET]}" onto public com.xia.sell.vo.ResultVO com.xia.sell.controller.BuyerShopController.listOrderDistance(java.lang.String,java.lang.String,java.lang.String) 
2018-10-24 21:29:17,505 - [main] - INFO - org.springframework.web.servlet.mvc.method.annotation.RequestMappingHandlerMapping - Mapped "{[/buyer/shop/listOrderSold],methods=[GET]}" onto public com.xia.sell.vo.ResultVO com.xia.sell.controller.BuyerShopController.listOrderSold(java.lang.String,java.lang.String,java.lang.String) 
2018-10-24 21:29:17,506 - [main] - INFO - org.springframework.web.servlet.mvc.method.annotation.RequestMappingHandlerMapping - Mapped "{[/buyer/shop/listSold],methods=[GET]}" onto public com.xia.sell.vo.ResultVO<java.util.List> com.xia.sell.controller.BuyerShopController.allShopOrderSold(java.lang.String,java.lang.String) 
2018-10-24 21:29:17,507 - [main] - INFO - org.springframework.web.servlet.mvc.method.annotation.RequestMappingHandlerMapping - Mapped "{[/buyer/shop/discount],methods=[GET]}" onto public com.xia.sell.vo.ResultVO com.xia.sell.controller.BuyerShopController.sellerDiscount(java.lang.String) 
2018-10-24 21:29:17,509 - [main] - INFO - org.springframework.web.servlet.mvc.method.annotation.RequestMappingHandlerMapping - Mapped "{[/buyer/shop/simpleDetail],methods=[GET]}" onto public com.xia.sell.vo.BuyerShopSimpleDetailVo com.xia.sell.controller.BuyerShopController.simpleDetail(java.lang.String) 
2018-10-24 21:29:17,510 - [main] - INFO - org.springframework.web.servlet.mvc.method.annotation.RequestMappingHandlerMapping - Mapped "{[/buyer/shop/list],methods=[GET]}" onto public com.xia.sell.vo.ResultVO<java.util.List> com.xia.sell.controller.BuyerShopController.allShop(java.lang.String,java.lang.String) 
2018-10-24 21:29:17,510 - [main] - INFO - org.springframework.web.servlet.mvc.method.annotation.RequestMappingHandlerMapping - Mapped "{[/buyer/shop/listDefault],methods=[GET]}" onto public com.xia.sell.vo.ResultVO com.xia.sell.controller.BuyerShopController.listDefault(java.lang.String,java.lang.String,java.lang.String) 
2018-10-24 21:29:17,512 - [main] - INFO - org.springframework.web.servlet.mvc.method.annotation.RequestMappingHandlerMapping - Mapped "{[/],methods=[GET]}" onto public java.lang.String com.xia.sell.controller.MainController.index() 
2018-10-24 21:29:17,514 - [main] - INFO - org.springframework.web.servlet.mvc.method.annotation.RequestMappingHandlerMapping - Mapped "{[/buyer/product/list],methods=[GET]}" onto public com.xia.sell.vo.ResultVO com.xia.sell.controller.ProductListController.productList(java.lang.String) 
2018-10-24 21:29:17,516 - [main] - INFO - org.springframework.web.servlet.mvc.method.annotation.RequestMappingHandlerMapping - Mapped "{[/seller/cate/add],methods=[GET]}" onto public com.xia.sell.vo.ResultVO com.xia.sell.controller.SellerCategoryController.add(java.lang.String,org.apache.catalina.servlet4preview.http.HttpServletRequest) 
2018-10-24 21:29:17,516 - [main] - INFO - org.springframework.web.servlet.mvc.method.annotation.RequestMappingHandlerMapping - Mapped "{[/seller/cate/remove],methods=[GET]}" onto public com.xia.sell.vo.ResultVO com.xia.sell.controller.SellerCategoryController.remove(java.lang.Integer) 
2018-10-24 21:29:17,516 - [main] - INFO - org.springframework.web.servlet.mvc.method.annotation.RequestMappingHandlerMapping - Mapped "{[/seller/cate/list],methods=[GET]}" onto public java.lang.String com.xia.sell.controller.SellerCategoryController.list(org.apache.catalina.servlet4preview.http.HttpServletRequest,org.springframework.ui.Model) 
2018-10-24 21:29:17,517 - [main] - INFO - org.springframework.web.servlet.mvc.method.annotation.RequestMappingHandlerMapping - Mapped "{[/seller/cate/change],methods=[GET]}" onto public com.xia.sell.vo.ResultVO com.xia.sell.controller.SellerCategoryController.change(java.lang.Integer,java.lang.String) 
2018-10-24 21:29:17,519 - [main] - INFO - org.springframework.web.servlet.mvc.method.annotation.RequestMappingHandlerMapping - Mapped "{[/seller/tologin],methods=[POST]}" onto public java.lang.String com.xia.sell.controller.SellerLoginController.toLogin(com.xia.sell.dto.LoginDTO,org.springframework.ui.Model,org.apache.catalina.servlet4preview.http.HttpServletRequest,org.springframework.web.servlet.mvc.support.RedirectAttributes) 
2018-10-24 21:29:17,519 - [main] - INFO - org.springframework.web.servlet.mvc.method.annotation.RequestMappingHandlerMapping - Mapped "{[/seller/tologin],methods=[GET]}" onto public java.lang.String com.xia.sell.controller.SellerLoginController.login(org.springframework.ui.Model) 
2018-10-24 21:29:17,524 - [main] - INFO - org.springframework.web.servlet.mvc.method.annotation.RequestMappingHandlerMapping - Mapped "{[/seller/order/alreadyOrder],methods=[GET]}" onto public com.xia.sell.vo.ResultVO com.xia.sell.controller.SellerOrderController.finish(java.lang.String) 
2018-10-24 21:29:17,531 - [main] - INFO - org.springframework.web.servlet.mvc.method.annotation.RequestMappingHandlerMapping - Mapped "{[/seller/order/cancel],methods=[GET]}" onto public com.xia.sell.vo.ResultVO com.xia.sell.controller.SellerOrderController.cancel(java.lang.String) 
2018-10-24 21:29:17,532 - [main] - INFO - org.springframework.web.servlet.mvc.method.annotation.RequestMappingHandlerMapping - Mapped "{[/seller/order/details],methods=[GET]}" onto public com.xia.sell.vo.OrderInfoVO com.xia.sell.controller.SellerOrderController.details(java.lang.String) 
2018-10-24 21:29:17,532 - [main] - INFO - org.springframework.web.servlet.mvc.method.annotation.RequestMappingHandlerMapping - Mapped "{[/seller/order/setDistributionFinish],methods=[GET]}" onto public com.xia.sell.vo.ResultVO com.xia.sell.controller.SellerOrderController.setDistributionFinish(java.lang.String) 
2018-10-24 21:29:17,533 - [main] - INFO - org.springframework.web.servlet.mvc.method.annotation.RequestMappingHandlerMapping - Mapped "{[/seller/order/setDistribution],methods=[GET]}" onto public com.xia.sell.vo.ResultVO com.xia.sell.controller.SellerOrderController.setDistribution(java.lang.String) 
2018-10-24 21:29:17,534 - [main] - INFO - org.springframework.web.servlet.mvc.method.annotation.RequestMappingHandlerMapping - Mapped "{[/seller/order/list],methods=[GET]}" onto public java.lang.String com.xia.sell.controller.SellerOrderController.orderList(java.lang.Integer,org.springframework.ui.Model,org.apache.catalina.servlet4preview.http.HttpServletRequest) 
2018-10-24 21:29:17,542 - [main] - INFO - org.springframework.web.servlet.mvc.method.annotation.RequestMappingHandlerMapping - Mapped "{[/seller/product/remove],methods=[GET]}" onto public com.xia.sell.vo.ResultVO com.xia.sell.controller.SellerProductController.remove(java.lang.String) 
2018-10-24 21:29:17,542 - [main] - INFO - org.springframework.web.servlet.mvc.method.annotation.RequestMappingHandlerMapping - Mapped "{[/seller/product/list],methods=[GET]}" onto public java.lang.String com.xia.sell.controller.SellerProductController.list(org.springframework.ui.Model,org.apache.catalina.servlet4preview.http.HttpServletRequest) 
2018-10-24 21:29:17,542 - [main] - INFO - org.springframework.web.servlet.mvc.method.annotation.RequestMappingHandlerMapping - Mapped "{[/seller/product/addProduct],methods=[GET]}" onto public java.lang.String com.xia.sell.controller.SellerProductController.getAddProductPage(org.springframework.ui.Model,org.apache.catalina.servlet4preview.http.HttpServletRequest) 
2018-10-24 21:29:17,542 - [main] - INFO - org.springframework.web.servlet.mvc.method.annotation.RequestMappingHandlerMapping - Mapped "{[/seller/product/oneProduct],methods=[GET]}" onto public com.xia.sell.vo.ResultVO com.xia.sell.controller.SellerProductController.getChangeProduct(java.lang.String,org.apache.catalina.servlet4preview.http.HttpServletRequest) 
2018-10-24 21:29:17,543 - [main] - INFO - org.springframework.web.servlet.mvc.method.annotation.RequestMappingHandlerMapping - Mapped "{[/seller/product/changeProduct],methods=[POST]}" onto public com.xia.sell.vo.ResultVO com.xia.sell.controller.SellerProductController.changeProduct(com.xia.sell.dto.ProductInfoDTO,org.springframework.validation.Errors) 
2018-10-24 21:29:17,543 - [main] - INFO - org.springframework.web.servlet.mvc.method.annotation.RequestMappingHandlerMapping - Mapped "{[/seller/product/changeStatus],methods=[GET]}" onto public com.xia.sell.vo.ResultVO com.xia.sell.controller.SellerProductController.changeStatus(java.lang.String) 
2018-10-24 21:29:17,543 - [main] - INFO - org.springframework.web.servlet.mvc.method.annotation.RequestMappingHandlerMapping - Mapped "{[/seller/product/addProduct],methods=[POST]}" onto public com.xia.sell.vo.ResultVO com.xia.sell.controller.SellerProductController.addProduct(com.xia.sell.dto.ProductInfoDTO,org.springframework.validation.Errors,org.apache.catalina.servlet4preview.http.HttpServletRequest) 
2018-10-24 21:29:17,546 - [main] - INFO - org.springframework.web.servlet.mvc.method.annotation.RequestMappingHandlerMapping - Mapped "{[/decrypt],methods=[GET]}" onto public java.lang.String com.xia.sell.controller.WXLogin.decrypt(java.lang.String,java.lang.String) 
2018-10-24 21:29:17,546 - [main] - INFO - org.springframework.web.servlet.mvc.method.annotation.RequestMappingHandlerMapping - Mapped "{[/WXLogin],methods=[GET]}" onto public java.lang.String com.xia.sell.controller.WXLogin.login(java.lang.String) throws java.io.IOException 
2018-10-24 21:29:17,546 - [main] - INFO - org.springframework.web.servlet.mvc.method.annotation.RequestMappingHandlerMapping - Mapped "{[/checkRawData],methods=[GET]}" onto public java.lang.String com.xia.sell.controller.WXLogin.checkRawData(java.lang.String,java.lang.String) throws java.io.UnsupportedEncodingException 
2018-10-24 21:29:17,549 - [main] - INFO - org.springframework.web.servlet.mvc.method.annotation.RequestMappingHandlerMapping - Mapped "{[/error]}" onto public org.springframework.http.ResponseEntity<java.util.Map<java.lang.String, java.lang.Object>> org.springframework.boot.autoconfigure.web.servlet.error.BasicErrorController.error(javax.servlet.http.HttpServletRequest) 
2018-10-24 21:29:17,550 - [main] - INFO - org.springframework.web.servlet.mvc.method.annotation.RequestMappingHandlerMapping - Mapped "{[/error],produces=[text/html]}" onto public org.springframework.web.servlet.ModelAndView org.springframework.boot.autoconfigure.web.servlet.error.BasicErrorController.errorHtml(javax.servlet.http.HttpServletRequest,javax.servlet.http.HttpServletResponse) 
2018-10-24 21:29:17,662 - [main] - INFO - org.springframework.web.servlet.handler.SimpleUrlHandlerMapping - Mapped URL path [/webjars/**] onto handler of type [class org.springframework.web.servlet.resource.ResourceHttpRequestHandler] 
2018-10-24 21:29:17,662 - [main] - INFO - org.springframework.web.servlet.handler.SimpleUrlHandlerMapping - Mapped URL path [/**] onto handler of type [class org.springframework.web.servlet.resource.ResourceHttpRequestHandler] 
2018-10-24 21:29:18,476 - [main] - INFO - org.springframework.boot.autoconfigure.web.servlet.WelcomePageHandlerMapping - Adding welcome page template: index 
2018-10-24 21:29:20,757 - [main] - INFO - org.springframework.jmx.export.annotation.AnnotationMBeanExporter - Registering beans for JMX exposure on startup 
2018-10-24 21:29:20,759 - [main] - INFO - org.springframework.jmx.export.annotation.AnnotationMBeanExporter - Bean with name 'dataSource' has been autodetected for JMX exposure 
2018-10-24 21:29:20,853 - [main] - INFO - org.springframework.jmx.export.annotation.AnnotationMBeanExporter - Located MBean 'dataSource': registering with JMX server as MBean [com.zaxxer.hikari:name=dataSource,type=HikariDataSource] 
2018-10-24 21:29:20,912 - [main] - INFO - org.apache.coyote.http11.Http11NioProtocol - Starting ProtocolHandler ["http-nio-8080"] 
2018-10-24 21:29:20,939 - [main] - INFO - org.apache.tomcat.util.net.NioSelectorPool - Using a shared selector for servlet write/read 
2018-10-24 21:29:21,024 - [main] - INFO - org.springframework.boot.web.embedded.tomcat.TomcatWebServer - Tomcat started on port(s): 8080 (http) with context path '' 
2018-10-24 21:29:21,035 - [main] - INFO - com.xia.sell.SellApplication - Started SellApplication in 30.977 seconds (JVM running for 68.284) 
2018-10-24 21:29:38,627 - [http-nio-8080-exec-2] - INFO - org.apache.catalina.core.ContainerBase.[Tomcat].[localhost].[/] - Initializing Spring FrameworkServlet 'dispatcherServlet' 
2018-10-24 21:29:38,628 - [http-nio-8080-exec-2] - INFO - org.springframework.web.servlet.DispatcherServlet - FrameworkServlet 'dispatcherServlet': initialization started 
2018-10-24 21:29:38,739 - [http-nio-8080-exec-2] - INFO - org.springframework.web.servlet.DispatcherServlet - FrameworkServlet 'dispatcherServlet': initialization completed in 110 ms 
2018-10-24 21:29:49,429 - [http-nio-8080-exec-8] - INFO - com.zaxxer.hikari.HikariDataSource - HikariPool-1 - Starting... 
2018-10-24 21:29:52,497 - [http-nio-8080-exec-8] - INFO - com.zaxxer.hikari.HikariDataSource - HikariPool-1 - Start completed. 
