2019-05-19 16:11:39,354 - [main] - INFO - com.xia.sell.SellApplication - Starting SellApplication on DESKTOP-59AH7K1 with PID 8860 (F:\ideaProject\sell\target\classes started by xia in F:\ideaProject\sell) 
2019-05-19 16:11:39,379 - [main] - INFO - com.xia.sell.SellApplication - No active profile set, falling back to default profiles: default 
2019-05-19 16:11:40,279 - [main] - INFO - org.springframework.boot.web.servlet.context.AnnotationConfigServletWebServerApplicationContext - Refreshing org.springframework.boot.web.servlet.context.AnnotationConfigServletWebServerApplicationContext@51b1a8f6: startup date [Sun May 19 16:11:40 CST 2019]; root of context hierarchy 
2019-05-19 16:11:45,713 - [main] - INFO - org.springframework.data.repository.config.RepositoryConfigurationDelegate - Multiple Spring Data modules found, entering strict repository configuration mode! 
2019-05-19 16:11:47,783 - [main] - INFO - org.springframework.context.support.PostProcessorRegistrationDelegate$BeanPostProcessorChecker - Bean 'shiroConfiguration' of type [com.xia.sell.config.ShiroConfiguration$$EnhancerBySpringCGLIB$$984cc8b7] is not eligible for getting processed by all BeanPostProcessors (for example: not eligible for auto-proxying) 
2019-05-19 16:11:47,806 - [main] - INFO - org.springframework.context.support.PostProcessorRegistrationDelegate$BeanPostProcessorChecker - Bean 'redisConfig' of type [com.xia.sell.config.RedisConfig$$EnhancerBySpringCGLIB$$e88cccb9] is not eligible for getting processed by all BeanPostProcessors (for example: not eligible for auto-proxying) 
2019-05-19 16:11:47,819 - [main] - INFO - org.springframework.context.support.PostProcessorRegistrationDelegate$BeanPostProcessorChecker - Bean 'org.springframework.transaction.annotation.ProxyTransactionManagementConfiguration' of type [org.springframework.transaction.annotation.ProxyTransactionManagementConfiguration$$EnhancerBySpringCGLIB$$9f3b9672] is not eligible for getting processed by all BeanPostProcessors (for example: not eligible for auto-proxying) 
2019-05-19 16:11:48,391 - [main] - INFO - org.springframework.context.support.PostProcessorRegistrationDelegate$BeanPostProcessorChecker - Bean 'org.springframework.boot.context.properties.ConversionServiceDeducer$Factory' of type [org.springframework.boot.context.properties.ConversionServiceDeducer$Factory] is not eligible for getting processed by all BeanPostProcessors (for example: not eligible for auto-proxying) 
2019-05-19 16:11:48,473 - [main] - INFO - org.springframework.context.support.PostProcessorRegistrationDelegate$BeanPostProcessorChecker - Bean 'mybatis-org.mybatis.spring.boot.autoconfigure.MybatisProperties' of type [org.mybatis.spring.boot.autoconfigure.MybatisProperties] is not eligible for getting processed by all BeanPostProcessors (for example: not eligible for auto-proxying) 
2019-05-19 16:11:48,496 - [main] - INFO - org.springframework.context.support.PostProcessorRegistrationDelegate$BeanPostProcessorChecker - Bean 'org.mybatis.spring.boot.autoconfigure.MybatisAutoConfiguration' of type [org.mybatis.spring.boot.autoconfigure.MybatisAutoConfiguration$$EnhancerBySpringCGLIB$$d20fe7a2] is not eligible for getting processed by all BeanPostProcessors (for example: not eligible for auto-proxying) 
2019-05-19 16:11:48,505 - [main] - INFO - org.springframework.context.support.PostProcessorRegistrationDelegate$BeanPostProcessorChecker - Bean 'org.springframework.boot.autoconfigure.jdbc.DataSourceConfiguration$Hikari' of type [org.springframework.boot.autoconfigure.jdbc.DataSourceConfiguration$Hikari] is not eligible for getting processed by all BeanPostProcessors (for example: not eligible for auto-proxying) 
2019-05-19 16:11:48,531 - [main] - INFO - org.springframework.context.support.PostProcessorRegistrationDelegate$BeanPostProcessorChecker - Bean 'spring.datasource-org.springframework.boot.autoconfigure.jdbc.DataSourceProperties' of type [org.springframework.boot.autoconfigure.jdbc.DataSourceProperties] is not eligible for getting processed by all BeanPostProcessors (for example: not eligible for auto-proxying) 
2019-05-19 16:11:48,691 - [main] - INFO - org.springframework.context.support.PostProcessorRegistrationDelegate$BeanPostProcessorChecker - Bean 'dataSource' of type [com.zaxxer.hikari.HikariDataSource] is not eligible for getting processed by all BeanPostProcessors (for example: not eligible for auto-proxying) 
2019-05-19 16:11:48,717 - [main] - INFO - org.springframework.context.support.PostProcessorRegistrationDelegate$BeanPostProcessorChecker - Bean 'org.springframework.boot.autoconfigure.jdbc.DataSourceInitializerInvoker' of type [org.springframework.boot.autoconfigure.jdbc.DataSourceInitializerInvoker] is not eligible for getting processed by all BeanPostProcessors (for example: not eligible for auto-proxying) 
2019-05-19 16:11:50,541 - [main] - INFO - org.springframework.context.support.PostProcessorRegistrationDelegate$BeanPostProcessorChecker - Bean 'sqlSessionFactory' of type [org.apache.ibatis.session.defaults.DefaultSqlSessionFactory] is not eligible for getting processed by all BeanPostProcessors (for example: not eligible for auto-proxying) 
2019-05-19 16:11:50,641 - [main] - INFO - org.springframework.context.support.PostProcessorRegistrationDelegate$BeanPostProcessorChecker - Bean 'sqlSessionTemplate' of type [org.mybatis.spring.SqlSessionTemplate] is not eligible for getting processed by all BeanPostProcessors (for example: not eligible for auto-proxying) 
2019-05-19 16:11:50,650 - [main] - INFO - org.springframework.context.support.PostProcessorRegistrationDelegate$BeanPostProcessorChecker - Bean 'sellerInfoMapper' of type [org.mybatis.spring.mapper.MapperFactoryBean] is not eligible for getting processed by all BeanPostProcessors (for example: not eligible for auto-proxying) 
2019-05-19 16:11:50,668 - [main] - INFO - org.springframework.context.support.PostProcessorRegistrationDelegate$BeanPostProcessorChecker - Bean 'sellerInfoMapper' of type [com.sun.proxy.$Proxy66] is not eligible for getting processed by all BeanPostProcessors (for example: not eligible for auto-proxying) 
2019-05-19 16:11:50,678 - [main] - INFO - org.springframework.context.support.PostProcessorRegistrationDelegate$BeanPostProcessorChecker - Bean 'sellerInfoServiceImpl' of type [com.xia.sell.service.impl.SellerInfoServiceImpl] is not eligible for getting processed by all BeanPostProcessors (for example: not eligible for auto-proxying) 
2019-05-19 16:11:50,681 - [main] - INFO - org.springframework.context.support.PostProcessorRegistrationDelegate$BeanPostProcessorChecker - Bean 'myShiroRealm' of type [com.xia.sell.config.MyShiroRealm] is not eligible for getting processed by all BeanPostProcessors (for example: not eligible for auto-proxying) 
2019-05-19 16:11:50,772 - [main] - INFO - org.springframework.context.support.PostProcessorRegistrationDelegate$BeanPostProcessorChecker - Bean 'rememberMeCookie' of type [org.apache.shiro.web.servlet.SimpleCookie] is not eligible for getting processed by all BeanPostProcessors (for example: not eligible for auto-proxying) 
2019-05-19 16:11:50,807 - [main] - INFO - org.springframework.context.support.PostProcessorRegistrationDelegate$BeanPostProcessorChecker - Bean 'rememberMeManager' of type [org.apache.shiro.web.mgt.CookieRememberMeManager] is not eligible for getting processed by all BeanPostProcessors (for example: not eligible for auto-proxying) 
2019-05-19 16:11:50,884 - [main] - INFO - org.springframework.context.support.PostProcessorRegistrationDelegate$BeanPostProcessorChecker - Bean 'securityManager' of type [org.apache.shiro.web.mgt.DefaultWebSecurityManager] is not eligible for getting processed by all BeanPostProcessors (for example: not eligible for auto-proxying) 
2019-05-19 16:11:53,667 - [main] - INFO - org.springframework.boot.web.embedded.tomcat.TomcatWebServer - Tomcat initialized with port(s): 80 (http) 
2019-05-19 16:11:53,778 - [main] - INFO - org.apache.coyote.http11.Http11NioProtocol - Initializing ProtocolHandler ["http-nio-80"] 
2019-05-19 16:11:53,844 - [main] - INFO - org.apache.catalina.core.StandardService - Starting service [Tomcat] 
2019-05-19 16:11:53,844 - [main] - INFO - org.apache.catalina.core.StandardEngine - Starting Servlet Engine: Apache Tomcat/8.5.32 
2019-05-19 16:11:53,867 - [localhost-startStop-1] - INFO - org.apache.catalina.core.AprLifecycleListener - The APR based Apache Tomcat Native library which allows optimal performance in production environments was not found on the java.library.path: [C:\Java\jdk1.8.0_121\bin;C:\WINDOWS\Sun\Java\bin;C:\WINDOWS\system32;C:\WINDOWS;C:\ProgramData\DockerDesktop\version-bin;C:\Program Files\Docker\Docker\Resources\bin;D:\盘姬工具箱\SystemTools\nTrun\Goto;E:\盘姬工具箱\SystemTools\nTrun\Goto;C:\ProgramData\Oracle\Java\javapath;C:\Java\jdk1.8.0_121\bin;C:\Java\jdk1.8.0_121\jre\bin;C:\WINDOWS\system32;C:\WINDOWS;C:\WINDOWS\System32\Wbem;C:\WINDOWS\System32\WindowsPowerShell\v1.0\;C:\Users\xia\AppData\Local\Android\sdk\platform-tools\adb.exe;C:\WINDOWS\system32;C:\WINDOWS;C:\WINDOWS\System32\Wbem;C:\WINDOWS\System32\WindowsPowerShell\v1.0\;C:\Program Files\MySQL\MySQL Server 5.5\bin;D:\Android\android-sdk\platform-tools;D:\Android\android-sdk\tools;E:\apache-maven-3.5.3\bin\;%TALINA_HOME%\bin\;C:\WINDOWS\System32\OpenSSH\;E:\gradle-4.9\bin;D:\mysql-8.0.11-winx64\bin;D:\Git\cmd;C:\Program Files (x86)\NVIDIA Corporation\PhysX\Common;C:\Program Files\NVIDIA Corporation\NVIDIA NvDLISR;E:\nodejs\;C:\Program Files\TortoiseGit\bin;C:\Users\xia\AppData\Local\Microsoft\WindowsApps;C:\Users\xia\AppData\Local\Programs\Fiddler;C:\Users\xia\AppData\Local\GitHubDesktop\bin;C:\Users\xia\AppData\Local\Microsoft\WindowsApps;;E:\Microsoft VS Code\bin;C:\Users\xia\AppData\Roaming\npm;.] 
2019-05-19 16:11:54,639 - [localhost-startStop-1] - INFO - org.apache.catalina.core.ContainerBase.[Tomcat].[localhost].[/] - Initializing Spring embedded WebApplicationContext 
2019-05-19 16:11:54,639 - [localhost-startStop-1] - INFO - org.springframework.web.context.ContextLoader - Root WebApplicationContext: initialization completed in 14360 ms 
2019-05-19 16:11:54,975 - [localhost-startStop-1] - INFO - org.springframework.boot.web.servlet.ServletRegistrationBean - Servlet dispatcherServlet mapped to [/] 
2019-05-19 16:11:54,983 - [localhost-startStop-1] - INFO - org.springframework.boot.web.servlet.FilterRegistrationBean - Mapping filter: 'characterEncodingFilter' to: [/*] 
2019-05-19 16:11:54,984 - [localhost-startStop-1] - INFO - org.springframework.boot.web.servlet.FilterRegistrationBean - Mapping filter: 'hiddenHttpMethodFilter' to: [/*] 
2019-05-19 16:11:54,984 - [localhost-startStop-1] - INFO - org.springframework.boot.web.servlet.FilterRegistrationBean - Mapping filter: 'httpPutFormContentFilter' to: [/*] 
2019-05-19 16:11:54,984 - [localhost-startStop-1] - INFO - org.springframework.boot.web.servlet.FilterRegistrationBean - Mapping filter: 'requestContextFilter' to: [/*] 
2019-05-19 16:11:54,985 - [localhost-startStop-1] - INFO - org.springframework.boot.web.servlet.FilterRegistrationBean - Mapping filter: 'shiroFilterFactoryBean' to: [/*] 
2019-05-19 16:11:57,312 - [main] - INFO - org.springframework.web.servlet.handler.SimpleUrlHandlerMapping - Mapped URL path [/**/favicon.ico] onto handler of type [class org.springframework.web.servlet.resource.ResourceHttpRequestHandler] 
2019-05-19 16:11:58,090 - [main] - INFO - org.springframework.web.servlet.mvc.method.annotation.RequestMappingHandlerAdapter - Looking for @ControllerAdvice: org.springframework.boot.web.servlet.context.AnnotationConfigServletWebServerApplicationContext@51b1a8f6: startup date [Sun May 19 16:11:40 CST 2019]; root of context hierarchy 
2019-05-19 16:11:58,398 - [main] - INFO - org.springframework.web.servlet.mvc.method.annotation.RequestMappingHandlerMapping - Mapped "{[/buyer/address/remove],methods=[GET]}" onto public com.xia.sell.vo.ResultVO com.xia.sell.controller.BuyerAddressController.remove(java.lang.String) 
2019-05-19 16:11:58,400 - [main] - INFO - org.springframework.web.servlet.mvc.method.annotation.RequestMappingHandlerMapping - Mapped "{[/buyer/address/list],methods=[GET]}" onto public com.xia.sell.vo.ResultVO com.xia.sell.controller.BuyerAddressController.list(java.lang.String) 
2019-05-19 16:11:58,401 - [main] - INFO - org.springframework.web.servlet.mvc.method.annotation.RequestMappingHandlerMapping - Mapped "{[/buyer/address/save],methods=[POST]}" onto public com.xia.sell.vo.ResultVO com.xia.sell.controller.BuyerAddressController.save(com.xia.sell.dto.BuyerAddressDTO) 
2019-05-19 16:11:58,406 - [main] - INFO - org.springframework.web.servlet.mvc.method.annotation.RequestMappingHandlerMapping - Mapped "{[/buyer/comment/add],methods=[POST]}" onto public com.xia.sell.vo.ResultVO com.xia.sell.controller.BuyerCommentController.add(com.xia.sell.dto.CommentAddDTO) 
2019-05-19 16:11:58,407 - [main] - INFO - org.springframework.web.servlet.mvc.method.annotation.RequestMappingHandlerMapping - Mapped "{[/buyer/comment/list],methods=[GET]}" onto public com.xia.sell.vo.ResultVO com.xia.sell.controller.BuyerCommentController.list(java.lang.String,java.lang.Integer) 
2019-05-19 16:11:58,449 - [main] - INFO - org.springframework.web.servlet.mvc.method.annotation.RequestMappingHandlerMapping - Mapped "{[/buyer/order/create],methods=[POST]}" onto public com.xia.sell.vo.ResultVO com.xia.sell.controller.BuyerOrderController.create(com.xia.sell.dto.OrderCreateDTO,org.springframework.validation.Errors) 
2019-05-19 16:11:58,450 - [main] - INFO - org.springframework.web.servlet.mvc.method.annotation.RequestMappingHandlerMapping - Mapped "{[/buyer/order/list],methods=[GET]}" onto public com.xia.sell.vo.ResultVO com.xia.sell.controller.BuyerOrderController.list(java.lang.String,java.lang.Integer) 
2019-05-19 16:11:58,450 - [main] - INFO - org.springframework.web.servlet.mvc.method.annotation.RequestMappingHandlerMapping - Mapped "{[/buyer/order/cancel],methods=[GET]}" onto public com.xia.sell.vo.ResultVO com.xia.sell.controller.BuyerOrderController.cancel(java.lang.String,java.lang.String) 
2019-05-19 16:11:58,450 - [main] - INFO - org.springframework.web.servlet.mvc.method.annotation.RequestMappingHandlerMapping - Mapped "{[/buyer/order/detail],methods=[GET]}" onto public com.xia.sell.vo.ResultVO com.xia.sell.controller.BuyerOrderController.detail(java.lang.String,java.lang.String) 
2019-05-19 16:11:58,451 - [main] - INFO - org.springframework.web.servlet.mvc.method.annotation.RequestMappingHandlerMapping - Mapped "{[/buyer/order/amount],methods=[GET]}" onto public com.xia.sell.vo.ResultVO com.xia.sell.controller.BuyerOrderController.amount(java.lang.String,java.lang.String) 
2019-05-19 16:11:58,451 - [main] - INFO - org.springframework.web.servlet.mvc.method.annotation.RequestMappingHandlerMapping - Mapped "{[/buyer/order/payFail],methods=[POST]}" onto public com.xia.sell.vo.ResultVO com.xia.sell.controller.BuyerOrderController.payFail() 
2019-05-19 16:11:58,452 - [main] - INFO - org.springframework.web.servlet.mvc.method.annotation.RequestMappingHandlerMapping - Mapped "{[/buyer/order/paySuccess],methods=[GET]}" onto public com.xia.sell.vo.ResultVO com.xia.sell.controller.BuyerOrderController.paySuccess(java.lang.String) 
2019-05-19 16:11:58,472 - [main] - INFO - org.springframework.web.servlet.mvc.method.annotation.RequestMappingHandlerMapping - Mapped "{[/buyer/shop/listDistance],methods=[GET]}" onto public com.xia.sell.vo.ResultVO<java.util.List> com.xia.sell.controller.BuyerShopController.allShopOrderDistance(java.lang.String,java.lang.String) 
2019-05-19 16:11:58,473 - [main] - INFO - org.springframework.web.servlet.mvc.method.annotation.RequestMappingHandlerMapping - Mapped "{[/buyer/shop/listOrderDistance],methods=[GET]}" onto public com.xia.sell.vo.ResultVO com.xia.sell.controller.BuyerShopController.listOrderDistance(java.lang.String,java.lang.String,java.lang.String) 
2019-05-19 16:11:58,473 - [main] - INFO - org.springframework.web.servlet.mvc.method.annotation.RequestMappingHandlerMapping - Mapped "{[/buyer/shop/discount],methods=[GET]}" onto public com.xia.sell.vo.ResultVO com.xia.sell.controller.BuyerShopController.sellerDiscount(java.lang.String) 
2019-05-19 16:11:58,473 - [main] - INFO - org.springframework.web.servlet.mvc.method.annotation.RequestMappingHandlerMapping - Mapped "{[/buyer/shop/listOrderSold],methods=[GET]}" onto public com.xia.sell.vo.ResultVO com.xia.sell.controller.BuyerShopController.listOrderSold(java.lang.String,java.lang.String,java.lang.String) 
2019-05-19 16:11:58,474 - [main] - INFO - org.springframework.web.servlet.mvc.method.annotation.RequestMappingHandlerMapping - Mapped "{[/buyer/shop/list],methods=[GET]}" onto public com.xia.sell.vo.ResultVO<java.util.List> com.xia.sell.controller.BuyerShopController.allShop(java.lang.String,java.lang.String) 
2019-05-19 16:11:58,474 - [main] - INFO - org.springframework.web.servlet.mvc.method.annotation.RequestMappingHandlerMapping - Mapped "{[/buyer/shop/listSold],methods=[GET]}" onto public com.xia.sell.vo.ResultVO<java.util.List> com.xia.sell.controller.BuyerShopController.allShopOrderSold(java.lang.String,java.lang.String) 
2019-05-19 16:11:58,474 - [main] - INFO - org.springframework.web.servlet.mvc.method.annotation.RequestMappingHandlerMapping - Mapped "{[/buyer/shop/listDefault],methods=[GET]}" onto public com.xia.sell.vo.ResultVO com.xia.sell.controller.BuyerShopController.listDefault(java.lang.String,java.lang.String,java.lang.String) 
2019-05-19 16:11:58,475 - [main] - INFO - org.springframework.web.servlet.mvc.method.annotation.RequestMappingHandlerMapping - Mapped "{[/buyer/shop/simpleDetail],methods=[GET]}" onto public com.xia.sell.vo.BuyerShopSimpleDetailVo com.xia.sell.controller.BuyerShopController.simpleDetail(java.lang.String) 
2019-05-19 16:11:58,476 - [main] - INFO - org.springframework.web.servlet.mvc.method.annotation.RequestMappingHandlerMapping - Mapped "{[/],methods=[GET]}" onto public java.lang.String com.xia.sell.controller.MainController.index() 
2019-05-19 16:11:58,476 - [main] - INFO - org.springframework.web.servlet.mvc.method.annotation.RequestMappingHandlerMapping - Mapped "{[/initRedis],methods=[GET]}" onto public java.lang.String com.xia.sell.controller.MainController.initRedis() 
2019-05-19 16:11:58,477 - [main] - INFO - org.springframework.web.servlet.mvc.method.annotation.RequestMappingHandlerMapping - Mapped "{[/buyer/product/list],methods=[GET]}" onto public com.xia.sell.vo.ResultVO com.xia.sell.controller.ProductListController.productList(java.lang.String) 
2019-05-19 16:11:58,479 - [main] - INFO - org.springframework.web.servlet.mvc.method.annotation.RequestMappingHandlerMapping - Mapped "{[/seller/cate/add],methods=[GET]}" onto public com.xia.sell.vo.ResultVO com.xia.sell.controller.SellerCategoryController.add(java.lang.String,org.apache.catalina.servlet4preview.http.HttpServletRequest) 
2019-05-19 16:11:58,479 - [main] - INFO - org.springframework.web.servlet.mvc.method.annotation.RequestMappingHandlerMapping - Mapped "{[/seller/cate/remove],methods=[GET]}" onto public com.xia.sell.vo.ResultVO com.xia.sell.controller.SellerCategoryController.remove(java.lang.Integer) 
2019-05-19 16:11:58,480 - [main] - INFO - org.springframework.web.servlet.mvc.method.annotation.RequestMappingHandlerMapping - Mapped "{[/seller/cate/list],methods=[GET]}" onto public java.lang.String com.xia.sell.controller.SellerCategoryController.list(org.apache.catalina.servlet4preview.http.HttpServletRequest,org.springframework.ui.Model) 
2019-05-19 16:11:58,480 - [main] - INFO - org.springframework.web.servlet.mvc.method.annotation.RequestMappingHandlerMapping - Mapped "{[/seller/cate/change],methods=[GET]}" onto public com.xia.sell.vo.ResultVO com.xia.sell.controller.SellerCategoryController.change(java.lang.Integer,java.lang.String) 
2019-05-19 16:11:58,482 - [main] - INFO - org.springframework.web.servlet.mvc.method.annotation.RequestMappingHandlerMapping - Mapped "{[/seller/tologin],methods=[GET]}" onto public java.lang.String com.xia.sell.controller.SellerLoginController.login(org.springframework.ui.Model) 
2019-05-19 16:11:58,482 - [main] - INFO - org.springframework.web.servlet.mvc.method.annotation.RequestMappingHandlerMapping - Mapped "{[/seller/tologin],methods=[POST]}" onto public java.lang.String com.xia.sell.controller.SellerLoginController.toLogin(com.xia.sell.dto.LoginDTO,org.springframework.ui.Model,org.apache.catalina.servlet4preview.http.HttpServletRequest,org.springframework.web.servlet.mvc.support.RedirectAttributes) 
2019-05-19 16:11:58,484 - [main] - INFO - org.springframework.web.servlet.mvc.method.annotation.RequestMappingHandlerMapping - Mapped "{[/seller/order/alreadyOrder],methods=[GET]}" onto public com.xia.sell.vo.ResultVO com.xia.sell.controller.SellerOrderController.finish(java.lang.String) 
2019-05-19 16:11:58,485 - [main] - INFO - org.springframework.web.servlet.mvc.method.annotation.RequestMappingHandlerMapping - Mapped "{[/seller/order/cancel],methods=[GET]}" onto public com.xia.sell.vo.ResultVO com.xia.sell.controller.SellerOrderController.cancel(java.lang.String) 
2019-05-19 16:11:58,485 - [main] - INFO - org.springframework.web.servlet.mvc.method.annotation.RequestMappingHandlerMapping - Mapped "{[/seller/order/details],methods=[GET]}" onto public com.xia.sell.vo.OrderInfoVO com.xia.sell.controller.SellerOrderController.details(java.lang.String) 
2019-05-19 16:11:58,486 - [main] - INFO - org.springframework.web.servlet.mvc.method.annotation.RequestMappingHandlerMapping - Mapped "{[/seller/order/setDistributionFinish],methods=[GET]}" onto public com.xia.sell.vo.ResultVO com.xia.sell.controller.SellerOrderController.setDistributionFinish(java.lang.String) 
2019-05-19 16:11:58,486 - [main] - INFO - org.springframework.web.servlet.mvc.method.annotation.RequestMappingHandlerMapping - Mapped "{[/seller/order/list],methods=[GET]}" onto public java.lang.String com.xia.sell.controller.SellerOrderController.orderList(java.lang.Integer,org.springframework.ui.Model,org.apache.catalina.servlet4preview.http.HttpServletRequest) 
2019-05-19 16:11:58,486 - [main] - INFO - org.springframework.web.servlet.mvc.method.annotation.RequestMappingHandlerMapping - Mapped "{[/seller/order/listPage],methods=[GET]}" onto public java.lang.Object com.xia.sell.controller.SellerOrderController.orderListForPage(java.lang.Integer,org.springframework.ui.Model,org.apache.catalina.servlet4preview.http.HttpServletRequest) 
2019-05-19 16:11:58,487 - [main] - INFO - org.springframework.web.servlet.mvc.method.annotation.RequestMappingHandlerMapping - Mapped "{[/seller/order/setDistribution],methods=[GET]}" onto public com.xia.sell.vo.ResultVO com.xia.sell.controller.SellerOrderController.setDistribution(java.lang.String) 
2019-05-19 16:11:58,489 - [main] - INFO - org.springframework.web.servlet.mvc.method.annotation.RequestMappingHandlerMapping - Mapped "{[/seller/product/remove],methods=[GET]}" onto public com.xia.sell.vo.ResultVO com.xia.sell.controller.SellerProductController.remove(java.lang.String) 
2019-05-19 16:11:58,490 - [main] - INFO - org.springframework.web.servlet.mvc.method.annotation.RequestMappingHandlerMapping - Mapped "{[/seller/product/list],methods=[GET]}" onto public java.lang.String com.xia.sell.controller.SellerProductController.list(org.springframework.ui.Model,org.apache.catalina.servlet4preview.http.HttpServletRequest) 
2019-05-19 16:11:58,490 - [main] - INFO - org.springframework.web.servlet.mvc.method.annotation.RequestMappingHandlerMapping - Mapped "{[/seller/product/addProduct],methods=[POST]}" onto public com.xia.sell.vo.ResultVO com.xia.sell.controller.SellerProductController.addProduct(com.xia.sell.dto.ProductInfoDTO,org.springframework.validation.Errors,org.apache.catalina.servlet4preview.http.HttpServletRequest) 
2019-05-19 16:11:58,490 - [main] - INFO - org.springframework.web.servlet.mvc.method.annotation.RequestMappingHandlerMapping - Mapped "{[/seller/product/changeStatus],methods=[GET]}" onto public com.xia.sell.vo.ResultVO com.xia.sell.controller.SellerProductController.changeStatus(java.lang.String) 
2019-05-19 16:11:58,491 - [main] - INFO - org.springframework.web.servlet.mvc.method.annotation.RequestMappingHandlerMapping - Mapped "{[/seller/product/oneProduct],methods=[GET]}" onto public com.xia.sell.vo.ResultVO com.xia.sell.controller.SellerProductController.getChangeProduct(java.lang.String,org.apache.catalina.servlet4preview.http.HttpServletRequest) 
2019-05-19 16:11:58,491 - [main] - INFO - org.springframework.web.servlet.mvc.method.annotation.RequestMappingHandlerMapping - Mapped "{[/seller/product/changeProduct],methods=[POST]}" onto public com.xia.sell.vo.ResultVO com.xia.sell.controller.SellerProductController.changeProduct(com.xia.sell.dto.ProductInfoDTO,org.springframework.validation.Errors) 
2019-05-19 16:11:58,491 - [main] - INFO - org.springframework.web.servlet.mvc.method.annotation.RequestMappingHandlerMapping - Mapped "{[/seller/product/addProduct],methods=[GET]}" onto public java.lang.String com.xia.sell.controller.SellerProductController.getAddProductPage(org.springframework.ui.Model,org.apache.catalina.servlet4preview.http.HttpServletRequest) 
2019-05-19 16:11:58,493 - [main] - INFO - org.springframework.web.servlet.mvc.method.annotation.RequestMappingHandlerMapping - Mapped "{[/buyer/decrypt],methods=[GET]}" onto public java.lang.String com.xia.sell.controller.WXLogin.decrypt(java.lang.String,java.lang.String) 
2019-05-19 16:11:58,493 - [main] - INFO - org.springframework.web.servlet.mvc.method.annotation.RequestMappingHandlerMapping - Mapped "{[/buyer/WXLogin],methods=[GET]}" onto public java.lang.String com.xia.sell.controller.WXLogin.login(java.lang.String) throws java.io.IOException 
2019-05-19 16:11:58,493 - [main] - INFO - org.springframework.web.servlet.mvc.method.annotation.RequestMappingHandlerMapping - Mapped "{[/buyer/checkRawData],methods=[GET]}" onto public java.lang.String com.xia.sell.controller.WXLogin.checkRawData(java.lang.String,java.lang.String) throws java.io.UnsupportedEncodingException 
2019-05-19 16:11:58,494 - [main] - INFO - org.springframework.web.servlet.mvc.method.annotation.RequestMappingHandlerMapping - Mapped "{[/buyer/checkSessionExist],methods=[GET]}" onto public com.xia.sell.vo.ResultVO com.xia.sell.controller.WXLogin.checkSessionExist(java.lang.String) 
2019-05-19 16:11:58,498 - [main] - INFO - org.springframework.web.servlet.mvc.method.annotation.RequestMappingHandlerMapping - Mapped "{[/error]}" onto public org.springframework.http.ResponseEntity<java.util.Map<java.lang.String, java.lang.Object>> org.springframework.boot.autoconfigure.web.servlet.error.BasicErrorController.error(javax.servlet.http.HttpServletRequest) 
2019-05-19 16:11:58,499 - [main] - INFO - org.springframework.web.servlet.mvc.method.annotation.RequestMappingHandlerMapping - Mapped "{[/error],produces=[text/html]}" onto public org.springframework.web.servlet.ModelAndView org.springframework.boot.autoconfigure.web.servlet.error.BasicErrorController.errorHtml(javax.servlet.http.HttpServletRequest,javax.servlet.http.HttpServletResponse) 
2019-05-19 16:11:58,564 - [main] - INFO - org.springframework.web.servlet.handler.SimpleUrlHandlerMapping - Mapped URL path [/webjars/**] onto handler of type [class org.springframework.web.servlet.resource.ResourceHttpRequestHandler] 
2019-05-19 16:11:58,564 - [main] - INFO - org.springframework.web.servlet.handler.SimpleUrlHandlerMapping - Mapped URL path [/**] onto handler of type [class org.springframework.web.servlet.resource.ResourceHttpRequestHandler] 
2019-05-19 16:11:58,966 - [main] - INFO - org.springframework.boot.autoconfigure.web.servlet.WelcomePageHandlerMapping - Adding welcome page template: index 
2019-05-19 16:12:01,005 - [main] - INFO - org.springframework.web.socket.server.standard.ServerEndpointExporter - Registering @ServerEndpoint class: class com.xia.sell.service.OrderWebSocket 
2019-05-19 16:12:01,030 - [main] - INFO - org.springframework.jmx.export.annotation.AnnotationMBeanExporter - Registering beans for JMX exposure on startup 
2019-05-19 16:12:01,033 - [main] - INFO - org.springframework.jmx.export.annotation.AnnotationMBeanExporter - Bean with name 'dataSource' has been autodetected for JMX exposure 
2019-05-19 16:12:01,046 - [main] - INFO - org.springframework.jmx.export.annotation.AnnotationMBeanExporter - Located MBean 'dataSource': registering with JMX server as MBean [com.zaxxer.hikari:name=dataSource,type=HikariDataSource] 
2019-05-19 16:12:01,179 - [main] - INFO - org.apache.coyote.http11.Http11NioProtocol - Starting ProtocolHandler ["http-nio-80"] 
2019-05-19 16:12:01,205 - [main] - INFO - org.apache.tomcat.util.net.NioSelectorPool - Using a shared selector for servlet write/read 
2019-05-19 16:12:01,314 - [main] - INFO - org.springframework.boot.web.embedded.tomcat.TomcatWebServer - Tomcat started on port(s): 80 (http) with context path '' 
2019-05-19 16:12:01,365 - [main] - INFO - com.xia.sell.SellApplication - Started SellApplication in 27.259 seconds (JVM running for 48.306) 
2019-05-19 16:12:04,207 - [http-nio-80-exec-1] - INFO - org.apache.catalina.core.ContainerBase.[Tomcat].[localhost].[/] - Initializing Spring FrameworkServlet 'dispatcherServlet' 
2019-05-19 16:12:04,207 - [http-nio-80-exec-1] - INFO - org.springframework.web.servlet.DispatcherServlet - FrameworkServlet 'dispatcherServlet': initialization started 
2019-05-19 16:12:04,261 - [http-nio-80-exec-1] - INFO - org.springframework.web.servlet.DispatcherServlet - FrameworkServlet 'dispatcherServlet': initialization completed in 54 ms 
2019-05-19 16:12:11,581 - [http-nio-80-exec-10] - INFO - com.zaxxer.hikari.HikariDataSource - HikariPool-1 - Starting... 
2019-05-19 16:12:12,193 - [http-nio-80-exec-10] - INFO - com.zaxxer.hikari.HikariDataSource - HikariPool-1 - Start completed. 
2019-05-19 16:25:11,657 - [HikariPool-1 housekeeper] - WARN - com.zaxxer.hikari.pool.HikariPool - HikariPool-1 - Thread starvation or clock leap detected (housekeeper delta=59s204ms602µs200ns). 
2019-05-19 16:25:11,836 - [http-nio-80-exec-3] - WARN - org.springframework.context.annotation.ClassPathScanningCandidateComponentProvider - No MyBatis mapper was found in '[com.xia.sell.dao]' package. Please check your configuration. 
2019-05-19 16:25:22,514 - [http-nio-80-exec-3] - WARN - org.springframework.context.annotation.ClassPathScanningCandidateComponentProvider - No MyBatis mapper was found in '[com.xia.sell.dao]' package. Please check your configuration. 
2019-05-19 16:25:23,604 - [http-nio-80-exec-9] - INFO - org.springframework.web.servlet.handler.SimpleUrlHandlerMapping - Mapped URL path [/**/favicon.ico] onto handler of type [class org.springframework.web.servlet.resource.ResourceHttpRequestHandler] 
2019-05-19 16:25:23,616 - [http-nio-80-exec-10] - INFO - org.springframework.web.servlet.handler.SimpleUrlHandlerMapping - Mapped URL path [/webjars/**] onto handler of type [class org.springframework.web.servlet.resource.ResourceHttpRequestHandler] 
2019-05-19 16:25:23,617 - [http-nio-80-exec-10] - INFO - org.springframework.web.servlet.handler.SimpleUrlHandlerMapping - Mapped URL path [/**] onto handler of type [class org.springframework.web.servlet.resource.ResourceHttpRequestHandler] 
2019-05-19 17:19:24,243 - [http-nio-80-exec-2] - WARN - org.springframework.context.annotation.ClassPathScanningCandidateComponentProvider - No MyBatis mapper was found in '[com.xia.sell.dao]' package. Please check your configuration. 
2019-05-19 17:19:24,821 - [http-nio-80-exec-2] - INFO - org.springframework.web.servlet.handler.SimpleUrlHandlerMapping - Mapped URL path [/**/favicon.ico] onto handler of type [class org.springframework.web.servlet.resource.ResourceHttpRequestHandler] 
2019-05-19 17:19:25,027 - [http-nio-80-exec-10] - INFO - org.springframework.web.servlet.handler.SimpleUrlHandlerMapping - Mapped URL path [/webjars/**] onto handler of type [class org.springframework.web.servlet.resource.ResourceHttpRequestHandler] 
2019-05-19 17:19:25,027 - [http-nio-80-exec-10] - INFO - org.springframework.web.servlet.handler.SimpleUrlHandlerMapping - Mapped URL path [/**] onto handler of type [class org.springframework.web.servlet.resource.ResourceHttpRequestHandler] 
2019-05-19 20:08:45,841 - [http-nio-80-exec-3] - WARN - org.springframework.context.annotation.ClassPathScanningCandidateComponentProvider - No MyBatis mapper was found in '[com.xia.sell.dao]' package. Please check your configuration. 
2019-05-19 20:11:26,664 - [http-nio-80-exec-4] - WARN - org.springframework.context.annotation.ClassPathScanningCandidateComponentProvider - No MyBatis mapper was found in '[com.xia.sell.dao]' package. Please check your configuration. 
2019-05-19 20:11:28,256 - [http-nio-80-exec-4] - INFO - org.springframework.web.servlet.handler.SimpleUrlHandlerMapping - Mapped URL path [/**/favicon.ico] onto handler of type [class org.springframework.web.servlet.resource.ResourceHttpRequestHandler] 
2019-05-19 20:11:28,491 - [http-nio-80-exec-6] - INFO - org.springframework.web.servlet.handler.SimpleUrlHandlerMapping - Mapped URL path [/webjars/**] onto handler of type [class org.springframework.web.servlet.resource.ResourceHttpRequestHandler] 
2019-05-19 20:11:28,491 - [http-nio-80-exec-6] - INFO - org.springframework.web.servlet.handler.SimpleUrlHandlerMapping - Mapped URL path [/**] onto handler of type [class org.springframework.web.servlet.resource.ResourceHttpRequestHandler] 
2019-05-19 20:11:52,676 - [http-nio-80-exec-4] - WARN - org.springframework.context.annotation.ClassPathScanningCandidateComponentProvider - No MyBatis mapper was found in '[com.xia.sell.dao]' package. Please check your configuration. 
2019-05-19 20:12:44,730 - [main] - INFO - com.xia.sell.SellApplication - Starting SellApplication on DESKTOP-59AH7K1 with PID 6408 (F:\ideaProject\sell\target\classes started by xia in F:\ideaProject\sell) 
2019-05-19 20:12:44,738 - [main] - INFO - com.xia.sell.SellApplication - No active profile set, falling back to default profiles: default 
2019-05-19 20:12:44,987 - [main] - INFO - org.springframework.boot.web.servlet.context.AnnotationConfigServletWebServerApplicationContext - Refreshing org.springframework.boot.web.servlet.context.AnnotationConfigServletWebServerApplicationContext@432034a: startup date [Sun May 19 20:12:44 CST 2019]; root of context hierarchy 
2019-05-19 20:12:47,911 - [main] - INFO - org.springframework.data.repository.config.RepositoryConfigurationDelegate - Multiple Spring Data modules found, entering strict repository configuration mode! 
2019-05-19 20:12:49,087 - [main] - INFO - org.springframework.context.support.PostProcessorRegistrationDelegate$BeanPostProcessorChecker - Bean 'shiroConfiguration' of type [com.xia.sell.config.ShiroConfiguration$$EnhancerBySpringCGLIB$$607a2e58] is not eligible for getting processed by all BeanPostProcessors (for example: not eligible for auto-proxying) 
2019-05-19 20:12:49,136 - [main] - INFO - org.springframework.context.support.PostProcessorRegistrationDelegate$BeanPostProcessorChecker - Bean 'redisConfig' of type [com.xia.sell.config.RedisConfig$$EnhancerBySpringCGLIB$$b0ba325a] is not eligible for getting processed by all BeanPostProcessors (for example: not eligible for auto-proxying) 
2019-05-19 20:12:49,147 - [main] - INFO - org.springframework.context.support.PostProcessorRegistrationDelegate$BeanPostProcessorChecker - Bean 'org.springframework.transaction.annotation.ProxyTransactionManagementConfiguration' of type [org.springframework.transaction.annotation.ProxyTransactionManagementConfiguration$$EnhancerBySpringCGLIB$$6768fc13] is not eligible for getting processed by all BeanPostProcessors (for example: not eligible for auto-proxying) 
2019-05-19 20:12:49,518 - [main] - INFO - org.springframework.context.support.PostProcessorRegistrationDelegate$BeanPostProcessorChecker - Bean 'org.springframework.boot.context.properties.ConversionServiceDeducer$Factory' of type [org.springframework.boot.context.properties.ConversionServiceDeducer$Factory] is not eligible for getting processed by all BeanPostProcessors (for example: not eligible for auto-proxying) 
2019-05-19 20:12:49,560 - [main] - INFO - org.springframework.context.support.PostProcessorRegistrationDelegate$BeanPostProcessorChecker - Bean 'mybatis-org.mybatis.spring.boot.autoconfigure.MybatisProperties' of type [org.mybatis.spring.boot.autoconfigure.MybatisProperties] is not eligible for getting processed by all BeanPostProcessors (for example: not eligible for auto-proxying) 
2019-05-19 20:12:49,583 - [main] - INFO - org.springframework.context.support.PostProcessorRegistrationDelegate$BeanPostProcessorChecker - Bean 'org.mybatis.spring.boot.autoconfigure.MybatisAutoConfiguration' of type [org.mybatis.spring.boot.autoconfigure.MybatisAutoConfiguration$$EnhancerBySpringCGLIB$$9a3d4d43] is not eligible for getting processed by all BeanPostProcessors (for example: not eligible for auto-proxying) 
2019-05-19 20:12:49,591 - [main] - INFO - org.springframework.context.support.PostProcessorRegistrationDelegate$BeanPostProcessorChecker - Bean 'org.springframework.boot.autoconfigure.jdbc.DataSourceConfiguration$Hikari' of type [org.springframework.boot.autoconfigure.jdbc.DataSourceConfiguration$Hikari] is not eligible for getting processed by all BeanPostProcessors (for example: not eligible for auto-proxying) 
2019-05-19 20:12:49,626 - [main] - INFO - org.springframework.context.support.PostProcessorRegistrationDelegate$BeanPostProcessorChecker - Bean 'spring.datasource-org.springframework.boot.autoconfigure.jdbc.DataSourceProperties' of type [org.springframework.boot.autoconfigure.jdbc.DataSourceProperties] is not eligible for getting processed by all BeanPostProcessors (for example: not eligible for auto-proxying) 
2019-05-19 20:12:49,791 - [main] - INFO - org.springframework.context.support.PostProcessorRegistrationDelegate$BeanPostProcessorChecker - Bean 'dataSource' of type [com.zaxxer.hikari.HikariDataSource] is not eligible for getting processed by all BeanPostProcessors (for example: not eligible for auto-proxying) 
2019-05-19 20:12:49,820 - [main] - INFO - org.springframework.context.support.PostProcessorRegistrationDelegate$BeanPostProcessorChecker - Bean 'org.springframework.boot.autoconfigure.jdbc.DataSourceInitializerInvoker' of type [org.springframework.boot.autoconfigure.jdbc.DataSourceInitializerInvoker] is not eligible for getting processed by all BeanPostProcessors (for example: not eligible for auto-proxying) 
2019-05-19 20:12:51,335 - [main] - INFO - org.springframework.context.support.PostProcessorRegistrationDelegate$BeanPostProcessorChecker - Bean 'sqlSessionFactory' of type [org.apache.ibatis.session.defaults.DefaultSqlSessionFactory] is not eligible for getting processed by all BeanPostProcessors (for example: not eligible for auto-proxying) 
2019-05-19 20:12:51,358 - [main] - INFO - org.springframework.context.support.PostProcessorRegistrationDelegate$BeanPostProcessorChecker - Bean 'sqlSessionTemplate' of type [org.mybatis.spring.SqlSessionTemplate] is not eligible for getting processed by all BeanPostProcessors (for example: not eligible for auto-proxying) 
2019-05-19 20:12:51,363 - [main] - INFO - org.springframework.context.support.PostProcessorRegistrationDelegate$BeanPostProcessorChecker - Bean 'sellerInfoMapper' of type [org.mybatis.spring.mapper.MapperFactoryBean] is not eligible for getting processed by all BeanPostProcessors (for example: not eligible for auto-proxying) 
2019-05-19 20:12:51,374 - [main] - INFO - org.springframework.context.support.PostProcessorRegistrationDelegate$BeanPostProcessorChecker - Bean 'sellerInfoMapper' of type [com.sun.proxy.$Proxy66] is not eligible for getting processed by all BeanPostProcessors (for example: not eligible for auto-proxying) 
2019-05-19 20:12:51,383 - [main] - INFO - org.springframework.context.support.PostProcessorRegistrationDelegate$BeanPostProcessorChecker - Bean 'sellerInfoServiceImpl' of type [com.xia.sell.service.impl.SellerInfoServiceImpl] is not eligible for getting processed by all BeanPostProcessors (for example: not eligible for auto-proxying) 
2019-05-19 20:12:51,385 - [main] - INFO - org.springframework.context.support.PostProcessorRegistrationDelegate$BeanPostProcessorChecker - Bean 'myShiroRealm' of type [com.xia.sell.config.MyShiroRealm] is not eligible for getting processed by all BeanPostProcessors (for example: not eligible for auto-proxying) 
2019-05-19 20:12:51,452 - [main] - INFO - org.springframework.context.support.PostProcessorRegistrationDelegate$BeanPostProcessorChecker - Bean 'rememberMeCookie' of type [org.apache.shiro.web.servlet.SimpleCookie] is not eligible for getting processed by all BeanPostProcessors (for example: not eligible for auto-proxying) 
2019-05-19 20:12:51,462 - [main] - INFO - org.springframework.context.support.PostProcessorRegistrationDelegate$BeanPostProcessorChecker - Bean 'rememberMeManager' of type [org.apache.shiro.web.mgt.CookieRememberMeManager] is not eligible for getting processed by all BeanPostProcessors (for example: not eligible for auto-proxying) 
2019-05-19 20:12:51,479 - [main] - INFO - org.springframework.context.support.PostProcessorRegistrationDelegate$BeanPostProcessorChecker - Bean 'securityManager' of type [org.apache.shiro.web.mgt.DefaultWebSecurityManager] is not eligible for getting processed by all BeanPostProcessors (for example: not eligible for auto-proxying) 
2019-05-19 20:12:53,058 - [main] - INFO - org.springframework.boot.web.embedded.tomcat.TomcatWebServer - Tomcat initialized with port(s): 80 (http) 
2019-05-19 20:12:53,154 - [main] - INFO - org.apache.coyote.http11.Http11NioProtocol - Initializing ProtocolHandler ["http-nio-80"] 
2019-05-19 20:12:53,191 - [main] - INFO - org.apache.catalina.core.StandardService - Starting service [Tomcat] 
2019-05-19 20:12:53,192 - [main] - INFO - org.apache.catalina.core.StandardEngine - Starting Servlet Engine: Apache Tomcat/8.5.32 
2019-05-19 20:12:53,200 - [localhost-startStop-1] - INFO - org.apache.catalina.core.AprLifecycleListener - The APR based Apache Tomcat Native library which allows optimal performance in production environments was not found on the java.library.path: [C:\Java\jdk1.8.0_121\bin;C:\WINDOWS\Sun\Java\bin;C:\WINDOWS\system32;C:\WINDOWS;C:\ProgramData\DockerDesktop\version-bin;C:\Program Files\Docker\Docker\Resources\bin;D:\盘姬工具箱\SystemTools\nTrun\Goto;E:\盘姬工具箱\SystemTools\nTrun\Goto;C:\ProgramData\Oracle\Java\javapath;C:\Java\jdk1.8.0_121\bin;C:\Java\jdk1.8.0_121\jre\bin;C:\WINDOWS\system32;C:\WINDOWS;C:\WINDOWS\System32\Wbem;C:\WINDOWS\System32\WindowsPowerShell\v1.0\;C:\Users\xia\AppData\Local\Android\sdk\platform-tools\adb.exe;C:\WINDOWS\system32;C:\WINDOWS;C:\WINDOWS\System32\Wbem;C:\WINDOWS\System32\WindowsPowerShell\v1.0\;C:\Program Files\MySQL\MySQL Server 5.5\bin;D:\Android\android-sdk\platform-tools;D:\Android\android-sdk\tools;E:\apache-maven-3.5.3\bin\;%TALINA_HOME%\bin\;C:\WINDOWS\System32\OpenSSH\;E:\gradle-4.9\bin;D:\mysql-8.0.11-winx64\bin;D:\Git\cmd;C:\Program Files (x86)\NVIDIA Corporation\PhysX\Common;C:\Program Files\NVIDIA Corporation\NVIDIA NvDLISR;E:\nodejs\;C:\Program Files\TortoiseGit\bin;C:\Users\xia\AppData\Local\Microsoft\WindowsApps;C:\Users\xia\AppData\Local\Programs\Fiddler;C:\Users\xia\AppData\Local\GitHubDesktop\bin;C:\Users\xia\AppData\Local\Microsoft\WindowsApps;;E:\Microsoft VS Code\bin;C:\Users\xia\AppData\Roaming\npm;.] 
2019-05-19 20:12:53,606 - [localhost-startStop-1] - INFO - org.apache.catalina.core.ContainerBase.[Tomcat].[localhost].[/] - Initializing Spring embedded WebApplicationContext 
2019-05-19 20:12:53,606 - [localhost-startStop-1] - INFO - org.springframework.web.context.ContextLoader - Root WebApplicationContext: initialization completed in 8619 ms 
2019-05-19 20:12:53,852 - [localhost-startStop-1] - INFO - org.springframework.boot.web.servlet.ServletRegistrationBean - Servlet dispatcherServlet mapped to [/] 
2019-05-19 20:12:53,861 - [localhost-startStop-1] - INFO - org.springframework.boot.web.servlet.FilterRegistrationBean - Mapping filter: 'characterEncodingFilter' to: [/*] 
2019-05-19 20:12:53,862 - [localhost-startStop-1] - INFO - org.springframework.boot.web.servlet.FilterRegistrationBean - Mapping filter: 'hiddenHttpMethodFilter' to: [/*] 
2019-05-19 20:12:53,862 - [localhost-startStop-1] - INFO - org.springframework.boot.web.servlet.FilterRegistrationBean - Mapping filter: 'httpPutFormContentFilter' to: [/*] 
2019-05-19 20:12:53,862 - [localhost-startStop-1] - INFO - org.springframework.boot.web.servlet.FilterRegistrationBean - Mapping filter: 'requestContextFilter' to: [/*] 
2019-05-19 20:12:53,862 - [localhost-startStop-1] - INFO - org.springframework.boot.web.servlet.FilterRegistrationBean - Mapping filter: 'shiroFilterFactoryBean' to: [/*] 
2019-05-19 20:12:55,340 - [main] - INFO - org.springframework.web.servlet.handler.SimpleUrlHandlerMapping - Mapped URL path [/**/favicon.ico] onto handler of type [class org.springframework.web.servlet.resource.ResourceHttpRequestHandler] 
2019-05-19 20:12:56,021 - [main] - INFO - org.springframework.web.servlet.mvc.method.annotation.RequestMappingHandlerAdapter - Looking for @ControllerAdvice: org.springframework.boot.web.servlet.context.AnnotationConfigServletWebServerApplicationContext@432034a: startup date [Sun May 19 20:12:44 CST 2019]; root of context hierarchy 
2019-05-19 20:12:56,161 - [main] - INFO - org.springframework.web.servlet.mvc.method.annotation.RequestMappingHandlerMapping - Mapped "{[/buyer/address/remove],methods=[GET]}" onto public com.xia.sell.vo.ResultVO com.xia.sell.controller.BuyerAddressController.remove(java.lang.String) 
2019-05-19 20:12:56,162 - [main] - INFO - org.springframework.web.servlet.mvc.method.annotation.RequestMappingHandlerMapping - Mapped "{[/buyer/address/list],methods=[GET]}" onto public com.xia.sell.vo.ResultVO com.xia.sell.controller.BuyerAddressController.list(java.lang.String) 
2019-05-19 20:12:56,162 - [main] - INFO - org.springframework.web.servlet.mvc.method.annotation.RequestMappingHandlerMapping - Mapped "{[/buyer/address/save],methods=[POST]}" onto public com.xia.sell.vo.ResultVO com.xia.sell.controller.BuyerAddressController.save(com.xia.sell.dto.BuyerAddressDTO) 
2019-05-19 20:12:56,164 - [main] - INFO - org.springframework.web.servlet.mvc.method.annotation.RequestMappingHandlerMapping - Mapped "{[/buyer/comment/add],methods=[POST]}" onto public com.xia.sell.vo.ResultVO com.xia.sell.controller.BuyerCommentController.add(com.xia.sell.dto.CommentAddDTO) 
2019-05-19 20:12:56,164 - [main] - INFO - org.springframework.web.servlet.mvc.method.annotation.RequestMappingHandlerMapping - Mapped "{[/buyer/comment/list],methods=[GET]}" onto public com.xia.sell.vo.ResultVO com.xia.sell.controller.BuyerCommentController.list(java.lang.String,java.lang.Integer) 
2019-05-19 20:12:56,166 - [main] - INFO - org.springframework.web.servlet.mvc.method.annotation.RequestMappingHandlerMapping - Mapped "{[/buyer/order/create],methods=[POST]}" onto public com.xia.sell.vo.ResultVO com.xia.sell.controller.BuyerOrderController.create(com.xia.sell.dto.OrderCreateDTO,org.springframework.validation.Errors) 
2019-05-19 20:12:56,167 - [main] - INFO - org.springframework.web.servlet.mvc.method.annotation.RequestMappingHandlerMapping - Mapped "{[/buyer/order/list],methods=[GET]}" onto public com.xia.sell.vo.ResultVO com.xia.sell.controller.BuyerOrderController.list(java.lang.String,java.lang.Integer) 
2019-05-19 20:12:56,167 - [main] - INFO - org.springframework.web.servlet.mvc.method.annotation.RequestMappingHandlerMapping - Mapped "{[/buyer/order/cancel],methods=[GET]}" onto public com.xia.sell.vo.ResultVO com.xia.sell.controller.BuyerOrderController.cancel(java.lang.String,java.lang.String) 
2019-05-19 20:12:56,167 - [main] - INFO - org.springframework.web.servlet.mvc.method.annotation.RequestMappingHandlerMapping - Mapped "{[/buyer/order/detail],methods=[GET]}" onto public com.xia.sell.vo.ResultVO com.xia.sell.controller.BuyerOrderController.detail(java.lang.String,java.lang.String) 
2019-05-19 20:12:56,168 - [main] - INFO - org.springframework.web.servlet.mvc.method.annotation.RequestMappingHandlerMapping - Mapped "{[/buyer/order/paySuccess],methods=[GET]}" onto public com.xia.sell.vo.ResultVO com.xia.sell.controller.BuyerOrderController.paySuccess(java.lang.String) 
2019-05-19 20:12:56,168 - [main] - INFO - org.springframework.web.servlet.mvc.method.annotation.RequestMappingHandlerMapping - Mapped "{[/buyer/order/payFail],methods=[POST]}" onto public com.xia.sell.vo.ResultVO com.xia.sell.controller.BuyerOrderController.payFail() 
2019-05-19 20:12:56,168 - [main] - INFO - org.springframework.web.servlet.mvc.method.annotation.RequestMappingHandlerMapping - Mapped "{[/buyer/order/amount],methods=[GET]}" onto public com.xia.sell.vo.ResultVO com.xia.sell.controller.BuyerOrderController.amount(java.lang.String,java.lang.String) 
2019-05-19 20:12:56,176 - [main] - INFO - org.springframework.web.servlet.mvc.method.annotation.RequestMappingHandlerMapping - Mapped "{[/buyer/shop/listDefault],methods=[GET]}" onto public com.xia.sell.vo.ResultVO com.xia.sell.controller.BuyerShopController.listDefault(java.lang.String,java.lang.String,java.lang.String) 
2019-05-19 20:12:56,176 - [main] - INFO - org.springframework.web.servlet.mvc.method.annotation.RequestMappingHandlerMapping - Mapped "{[/buyer/shop/simpleDetail],methods=[GET]}" onto public com.xia.sell.vo.BuyerShopSimpleDetailVo com.xia.sell.controller.BuyerShopController.simpleDetail(java.lang.String) 
2019-05-19 20:12:56,177 - [main] - INFO - org.springframework.web.servlet.mvc.method.annotation.RequestMappingHandlerMapping - Mapped "{[/buyer/shop/discount],methods=[GET]}" onto public com.xia.sell.vo.ResultVO com.xia.sell.controller.BuyerShopController.sellerDiscount(java.lang.String) 
2019-05-19 20:12:56,177 - [main] - INFO - org.springframework.web.servlet.mvc.method.annotation.RequestMappingHandlerMapping - Mapped "{[/buyer/shop/listOrderSold],methods=[GET]}" onto public com.xia.sell.vo.ResultVO com.xia.sell.controller.BuyerShopController.listOrderSold(java.lang.String,java.lang.String,java.lang.String) 
2019-05-19 20:12:56,177 - [main] - INFO - org.springframework.web.servlet.mvc.method.annotation.RequestMappingHandlerMapping - Mapped "{[/buyer/shop/list],methods=[GET]}" onto public com.xia.sell.vo.ResultVO<java.util.List> com.xia.sell.controller.BuyerShopController.allShop(java.lang.String,java.lang.String) 
2019-05-19 20:12:56,178 - [main] - INFO - org.springframework.web.servlet.mvc.method.annotation.RequestMappingHandlerMapping - Mapped "{[/buyer/shop/listSold],methods=[GET]}" onto public com.xia.sell.vo.ResultVO<java.util.List> com.xia.sell.controller.BuyerShopController.allShopOrderSold(java.lang.String,java.lang.String) 
2019-05-19 20:12:56,178 - [main] - INFO - org.springframework.web.servlet.mvc.method.annotation.RequestMappingHandlerMapping - Mapped "{[/buyer/shop/listOrderDistance],methods=[GET]}" onto public com.xia.sell.vo.ResultVO com.xia.sell.controller.BuyerShopController.listOrderDistance(java.lang.String,java.lang.String,java.lang.String) 
2019-05-19 20:12:56,178 - [main] - INFO - org.springframework.web.servlet.mvc.method.annotation.RequestMappingHandlerMapping - Mapped "{[/buyer/shop/listDistance],methods=[GET]}" onto public com.xia.sell.vo.ResultVO<java.util.List> com.xia.sell.controller.BuyerShopController.allShopOrderDistance(java.lang.String,java.lang.String) 
2019-05-19 20:12:56,179 - [main] - INFO - org.springframework.web.servlet.mvc.method.annotation.RequestMappingHandlerMapping - Mapped "{[/],methods=[GET]}" onto public java.lang.String com.xia.sell.controller.MainController.index() 
2019-05-19 20:12:56,180 - [main] - INFO - org.springframework.web.servlet.mvc.method.annotation.RequestMappingHandlerMapping - Mapped "{[/initRedis],methods=[GET]}" onto public java.lang.String com.xia.sell.controller.MainController.initRedis() 
2019-05-19 20:12:56,180 - [main] - INFO - org.springframework.web.servlet.mvc.method.annotation.RequestMappingHandlerMapping - Mapped "{[/buyer/product/list],methods=[GET]}" onto public com.xia.sell.vo.ResultVO com.xia.sell.controller.ProductListController.productList(java.lang.String) 
2019-05-19 20:12:56,182 - [main] - INFO - org.springframework.web.servlet.mvc.method.annotation.RequestMappingHandlerMapping - Mapped "{[/seller/cate/add],methods=[GET]}" onto public com.xia.sell.vo.ResultVO com.xia.sell.controller.SellerCategoryController.add(java.lang.String,org.apache.catalina.servlet4preview.http.HttpServletRequest) 
2019-05-19 20:12:56,182 - [main] - INFO - org.springframework.web.servlet.mvc.method.annotation.RequestMappingHandlerMapping - Mapped "{[/seller/cate/remove],methods=[GET]}" onto public com.xia.sell.vo.ResultVO com.xia.sell.controller.SellerCategoryController.remove(java.lang.Integer) 
2019-05-19 20:12:56,182 - [main] - INFO - org.springframework.web.servlet.mvc.method.annotation.RequestMappingHandlerMapping - Mapped "{[/seller/cate/list],methods=[GET]}" onto public java.lang.String com.xia.sell.controller.SellerCategoryController.list(org.apache.catalina.servlet4preview.http.HttpServletRequest,org.springframework.ui.Model) 
2019-05-19 20:12:56,183 - [main] - INFO - org.springframework.web.servlet.mvc.method.annotation.RequestMappingHandlerMapping - Mapped "{[/seller/cate/change],methods=[GET]}" onto public com.xia.sell.vo.ResultVO com.xia.sell.controller.SellerCategoryController.change(java.lang.Integer,java.lang.String) 
2019-05-19 20:12:56,184 - [main] - INFO - org.springframework.web.servlet.mvc.method.annotation.RequestMappingHandlerMapping - Mapped "{[/seller/tologin],methods=[GET]}" onto public java.lang.String com.xia.sell.controller.SellerLoginController.login(org.springframework.ui.Model) 
2019-05-19 20:12:56,184 - [main] - INFO - org.springframework.web.servlet.mvc.method.annotation.RequestMappingHandlerMapping - Mapped "{[/seller/tologin],methods=[POST]}" onto public java.lang.String com.xia.sell.controller.SellerLoginController.toLogin(com.xia.sell.dto.LoginDTO,org.springframework.ui.Model,org.apache.catalina.servlet4preview.http.HttpServletRequest,org.springframework.web.servlet.mvc.support.RedirectAttributes) 
2019-05-19 20:12:56,187 - [main] - INFO - org.springframework.web.servlet.mvc.method.annotation.RequestMappingHandlerMapping - Mapped "{[/seller/order/alreadyOrder],methods=[GET]}" onto public com.xia.sell.vo.ResultVO com.xia.sell.controller.SellerOrderController.finish(java.lang.String) 
2019-05-19 20:12:56,187 - [main] - INFO - org.springframework.web.servlet.mvc.method.annotation.RequestMappingHandlerMapping - Mapped "{[/seller/order/cancel],methods=[GET]}" onto public com.xia.sell.vo.ResultVO com.xia.sell.controller.SellerOrderController.cancel(java.lang.String) 
2019-05-19 20:12:56,188 - [main] - INFO - org.springframework.web.servlet.mvc.method.annotation.RequestMappingHandlerMapping - Mapped "{[/seller/order/setDistribution],methods=[GET]}" onto public com.xia.sell.vo.ResultVO com.xia.sell.controller.SellerOrderController.setDistribution(java.lang.String) 
2019-05-19 20:12:56,188 - [main] - INFO - org.springframework.web.servlet.mvc.method.annotation.RequestMappingHandlerMapping - Mapped "{[/seller/order/listPage],methods=[GET]}" onto public java.lang.Object com.xia.sell.controller.SellerOrderController.orderListForPage(java.lang.Integer,org.springframework.ui.Model,org.apache.catalina.servlet4preview.http.HttpServletRequest) 
2019-05-19 20:12:56,188 - [main] - INFO - org.springframework.web.servlet.mvc.method.annotation.RequestMappingHandlerMapping - Mapped "{[/seller/order/list],methods=[GET]}" onto public java.lang.String com.xia.sell.controller.SellerOrderController.orderList(java.lang.Integer,org.springframework.ui.Model,org.apache.catalina.servlet4preview.http.HttpServletRequest) 
2019-05-19 20:12:56,188 - [main] - INFO - org.springframework.web.servlet.mvc.method.annotation.RequestMappingHandlerMapping - Mapped "{[/seller/order/setDistributionFinish],methods=[GET]}" onto public com.xia.sell.vo.ResultVO com.xia.sell.controller.SellerOrderController.setDistributionFinish(java.lang.String) 
2019-05-19 20:12:56,189 - [main] - INFO - org.springframework.web.servlet.mvc.method.annotation.RequestMappingHandlerMapping - Mapped "{[/seller/order/details],methods=[GET]}" onto public java.util.Map<java.lang.String, java.lang.Object> com.xia.sell.controller.SellerOrderController.details(java.lang.String) 
2019-05-19 20:12:56,192 - [main] - INFO - org.springframework.web.servlet.mvc.method.annotation.RequestMappingHandlerMapping - Mapped "{[/seller/product/remove],methods=[GET]}" onto public com.xia.sell.vo.ResultVO com.xia.sell.controller.SellerProductController.remove(java.lang.String) 
2019-05-19 20:12:56,192 - [main] - INFO - org.springframework.web.servlet.mvc.method.annotation.RequestMappingHandlerMapping - Mapped "{[/seller/product/list],methods=[GET]}" onto public java.lang.String com.xia.sell.controller.SellerProductController.list(org.springframework.ui.Model,org.apache.catalina.servlet4preview.http.HttpServletRequest) 
2019-05-19 20:12:56,192 - [main] - INFO - org.springframework.web.servlet.mvc.method.annotation.RequestMappingHandlerMapping - Mapped "{[/seller/product/changeStatus],methods=[GET]}" onto public com.xia.sell.vo.ResultVO com.xia.sell.controller.SellerProductController.changeStatus(java.lang.String) 
2019-05-19 20:12:56,193 - [main] - INFO - org.springframework.web.servlet.mvc.method.annotation.RequestMappingHandlerMapping - Mapped "{[/seller/product/changeProduct],methods=[POST]}" onto public com.xia.sell.vo.ResultVO com.xia.sell.controller.SellerProductController.changeProduct(com.xia.sell.dto.ProductInfoDTO,org.springframework.validation.Errors) 
2019-05-19 20:12:56,193 - [main] - INFO - org.springframework.web.servlet.mvc.method.annotation.RequestMappingHandlerMapping - Mapped "{[/seller/product/oneProduct],methods=[GET]}" onto public com.xia.sell.vo.ResultVO com.xia.sell.controller.SellerProductController.getChangeProduct(java.lang.String,org.apache.catalina.servlet4preview.http.HttpServletRequest) 
2019-05-19 20:12:56,193 - [main] - INFO - org.springframework.web.servlet.mvc.method.annotation.RequestMappingHandlerMapping - Mapped "{[/seller/product/addProduct],methods=[POST]}" onto public com.xia.sell.vo.ResultVO com.xia.sell.controller.SellerProductController.addProduct(com.xia.sell.dto.ProductInfoDTO,org.springframework.validation.Errors,org.apache.catalina.servlet4preview.http.HttpServletRequest) 
2019-05-19 20:12:56,193 - [main] - INFO - org.springframework.web.servlet.mvc.method.annotation.RequestMappingHandlerMapping - Mapped "{[/seller/product/addProduct],methods=[GET]}" onto public java.lang.String com.xia.sell.controller.SellerProductController.getAddProductPage(org.springframework.ui.Model,org.apache.catalina.servlet4preview.http.HttpServletRequest) 
2019-05-19 20:12:56,195 - [main] - INFO - org.springframework.web.servlet.mvc.method.annotation.RequestMappingHandlerMapping - Mapped "{[/buyer/decrypt],methods=[GET]}" onto public java.lang.String com.xia.sell.controller.WXLogin.decrypt(java.lang.String,java.lang.String) 
2019-05-19 20:12:56,195 - [main] - INFO - org.springframework.web.servlet.mvc.method.annotation.RequestMappingHandlerMapping - Mapped "{[/buyer/checkRawData],methods=[GET]}" onto public java.lang.String com.xia.sell.controller.WXLogin.checkRawData(java.lang.String,java.lang.String) throws java.io.UnsupportedEncodingException 
2019-05-19 20:12:56,195 - [main] - INFO - org.springframework.web.servlet.mvc.method.annotation.RequestMappingHandlerMapping - Mapped "{[/buyer/checkSessionExist],methods=[GET]}" onto public com.xia.sell.vo.ResultVO com.xia.sell.controller.WXLogin.checkSessionExist(java.lang.String) 
2019-05-19 20:12:56,196 - [main] - INFO - org.springframework.web.servlet.mvc.method.annotation.RequestMappingHandlerMapping - Mapped "{[/buyer/WXLogin],methods=[GET]}" onto public java.lang.String com.xia.sell.controller.WXLogin.login(java.lang.String) throws java.io.IOException 
2019-05-19 20:12:56,199 - [main] - INFO - org.springframework.web.servlet.mvc.method.annotation.RequestMappingHandlerMapping - Mapped "{[/error]}" onto public org.springframework.http.ResponseEntity<java.util.Map<java.lang.String, java.lang.Object>> org.springframework.boot.autoconfigure.web.servlet.error.BasicErrorController.error(javax.servlet.http.HttpServletRequest) 
2019-05-19 20:12:56,200 - [main] - INFO - org.springframework.web.servlet.mvc.method.annotation.RequestMappingHandlerMapping - Mapped "{[/error],produces=[text/html]}" onto public org.springframework.web.servlet.ModelAndView org.springframework.boot.autoconfigure.web.servlet.error.BasicErrorController.errorHtml(javax.servlet.http.HttpServletRequest,javax.servlet.http.HttpServletResponse) 
2019-05-19 20:12:56,292 - [main] - INFO - org.springframework.web.servlet.handler.SimpleUrlHandlerMapping - Mapped URL path [/webjars/**] onto handler of type [class org.springframework.web.servlet.resource.ResourceHttpRequestHandler] 
2019-05-19 20:12:56,293 - [main] - INFO - org.springframework.web.servlet.handler.SimpleUrlHandlerMapping - Mapped URL path [/**] onto handler of type [class org.springframework.web.servlet.resource.ResourceHttpRequestHandler] 
2019-05-19 20:12:56,541 - [main] - INFO - org.springframework.boot.autoconfigure.web.servlet.WelcomePageHandlerMapping - Adding welcome page template: index 
2019-05-19 20:12:57,540 - [main] - INFO - org.springframework.web.socket.server.standard.ServerEndpointExporter - Registering @ServerEndpoint class: class com.xia.sell.service.OrderWebSocket 
2019-05-19 20:12:57,579 - [main] - INFO - org.springframework.jmx.export.annotation.AnnotationMBeanExporter - Registering beans for JMX exposure on startup 
2019-05-19 20:12:57,582 - [main] - INFO - org.springframework.jmx.export.annotation.AnnotationMBeanExporter - Bean with name 'dataSource' has been autodetected for JMX exposure 
2019-05-19 20:12:57,596 - [main] - INFO - org.springframework.jmx.export.annotation.AnnotationMBeanExporter - Located MBean 'dataSource': registering with JMX server as MBean [com.zaxxer.hikari:name=dataSource,type=HikariDataSource] 
2019-05-19 20:12:57,654 - [main] - INFO - org.apache.coyote.http11.Http11NioProtocol - Starting ProtocolHandler ["http-nio-80"] 
2019-05-19 20:12:57,681 - [main] - INFO - org.apache.tomcat.util.net.NioSelectorPool - Using a shared selector for servlet write/read 
2019-05-19 20:12:57,735 - [main] - INFO - org.springframework.boot.web.embedded.tomcat.TomcatWebServer - Tomcat started on port(s): 80 (http) with context path '' 
2019-05-19 20:12:57,746 - [main] - INFO - com.xia.sell.SellApplication - Started SellApplication in 15.668 seconds (JVM running for 30.506) 
2019-05-19 20:13:02,431 - [http-nio-80-exec-1] - INFO - org.apache.catalina.core.ContainerBase.[Tomcat].[localhost].[/] - Initializing Spring FrameworkServlet 'dispatcherServlet' 
2019-05-19 20:13:02,431 - [http-nio-80-exec-1] - INFO - org.springframework.web.servlet.DispatcherServlet - FrameworkServlet 'dispatcherServlet': initialization started 
2019-05-19 20:13:02,498 - [http-nio-80-exec-1] - INFO - org.springframework.web.servlet.DispatcherServlet - FrameworkServlet 'dispatcherServlet': initialization completed in 67 ms 
2019-05-19 20:13:08,781 - [http-nio-80-exec-6] - INFO - com.zaxxer.hikari.HikariDataSource - HikariPool-1 - Starting... 
2019-05-19 20:13:09,146 - [http-nio-80-exec-6] - INFO - com.zaxxer.hikari.HikariDataSource - HikariPool-1 - Start completed. 
2019-05-19 21:02:52,125 - [http-nio-80-exec-3] - WARN - org.springframework.context.annotation.ClassPathScanningCandidateComponentProvider - No MyBatis mapper was found in '[com.xia.sell.dao]' package. Please check your configuration. 
2019-05-19 21:02:53,269 - [http-nio-80-exec-3] - INFO - org.springframework.web.servlet.handler.SimpleUrlHandlerMapping - Mapped URL path [/**/favicon.ico] onto handler of type [class org.springframework.web.servlet.resource.ResourceHttpRequestHandler] 
2019-05-19 21:02:53,551 - [http-nio-80-exec-5] - INFO - org.springframework.web.servlet.handler.SimpleUrlHandlerMapping - Mapped URL path [/webjars/**] onto handler of type [class org.springframework.web.servlet.resource.ResourceHttpRequestHandler] 
2019-05-19 21:02:53,551 - [http-nio-80-exec-5] - INFO - org.springframework.web.servlet.handler.SimpleUrlHandlerMapping - Mapped URL path [/**] onto handler of type [class org.springframework.web.servlet.resource.ResourceHttpRequestHandler] 
2019-05-19 21:11:12,796 - [http-nio-80-exec-1] - WARN - org.springframework.context.annotation.ClassPathScanningCandidateComponentProvider - No MyBatis mapper was found in '[com.xia.sell.dao]' package. Please check your configuration. 
2019-05-19 21:11:14,715 - [http-nio-80-exec-1] - INFO - com.xia.sell.config.InitRedis - redis init success 
2019-05-19 21:11:16,819 - [http-nio-80-exec-6] - INFO - com.xia.sell.config.InitRedis - redis init success 
2019-05-19 22:26:09,905 - [http-nio-80-exec-7] - INFO - com.xia.sell.config.InitRedis - redis init success 
2019-05-19 22:52:36,893 - [http-nio-80-exec-3] - WARN - org.springframework.context.annotation.ClassPathScanningCandidateComponentProvider - No MyBatis mapper was found in '[com.xia.sell.dao]' package. Please check your configuration. 
2019-05-19 22:52:37,653 - [http-nio-80-exec-3] - INFO - org.springframework.web.servlet.handler.SimpleUrlHandlerMapping - Mapped URL path [/**/favicon.ico] onto handler of type [class org.springframework.web.servlet.resource.ResourceHttpRequestHandler] 
2019-05-19 22:52:38,161 - [http-nio-80-exec-4] - INFO - org.springframework.web.servlet.handler.SimpleUrlHandlerMapping - Mapped URL path [/webjars/**] onto handler of type [class org.springframework.web.servlet.resource.ResourceHttpRequestHandler] 
2019-05-19 22:52:38,162 - [http-nio-80-exec-4] - INFO - org.springframework.web.servlet.handler.SimpleUrlHandlerMapping - Mapped URL path [/**] onto handler of type [class org.springframework.web.servlet.resource.ResourceHttpRequestHandler] 
