2018-09-01 11:46:24,666 - [main] - INFO - com.xia.sell.SellApplication - Starting SellApplication on DESKTOP-59AH7K1 with PID 10864 (F:\ideaProject\sell\target\classes started by xia in F:\ideaProject\sell) 
2018-09-01 11:46:24,701 - [main] - INFO - com.xia.sell.SellApplication - No active profile set, falling back to default profiles: default 
2018-09-01 11:46:24,797 - [main] - INFO - org.springframework.boot.web.servlet.context.AnnotationConfigServletWebServerApplicationContext - Refreshing org.springframework.boot.web.servlet.context.AnnotationConfigServletWebServerApplicationContext@25aca718: startup date [Sat Sep 01 11:46:24 CST 2018]; root of context hierarchy 
2018-09-01 11:46:27,033 - [main] - INFO - org.springframework.boot.web.embedded.tomcat.TomcatWebServer - Tomcat initialized with port(s): 8080 (http) 
2018-09-01 11:46:27,048 - [main] - INFO - org.apache.coyote.http11.Http11NioProtocol - Initializing ProtocolHandler ["http-nio-8080"] 
2018-09-01 11:46:27,060 - [main] - INFO - org.apache.catalina.core.StandardService - Starting service [Tomcat] 
2018-09-01 11:46:27,060 - [main] - INFO - org.apache.catalina.core.StandardEngine - Starting Servlet Engine: Apache Tomcat/8.5.32 
2018-09-01 11:46:27,084 - [localhost-startStop-1] - INFO - org.apache.catalina.core.AprLifecycleListener - The APR based Apache Tomcat Native library which allows optimal performance in production environments was not found on the java.library.path: [C:\Java\jdk1.8.0_121\bin;C:\WINDOWS\Sun\Java\bin;C:\WINDOWS\system32;C:\WINDOWS;C:\ProgramData\Oracle\Java\javapath;C:\Java\jdk1.8.0_121\bin;C:\Java\jdk1.8.0_121\jre\bin;C:\WINDOWS\system32;C:\WINDOWS;C:\WINDOWS\System32\Wbem;C:\WINDOWS\System32\WindowsPowerShell\v1.0\;C:\Program Files (x86)\NVIDIA Corporation\PhysX\Common;C:\Users\xia\AppData\Local\Android\sdk\platform-tools\adb.exe;C:\WINDOWS\system32;C:\WINDOWS;C:\WINDOWS\System32\Wbem;C:\WINDOWS\System32\WindowsPowerShell\v1.0\;C:\Program Files\MySQL\MySQL Server 5.5\bin;C:\Program Files\Git\cmd;D:\Android\android-sdk\platform-tools;D:\Android\android-sdk\tools;E:\apache-maven-3.5.3\bin\;%TALINA_HOME%\bin\;C:\WINDOWS\System32\OpenSSH\;E:\gradle-4.9\bin;D:\mysql-8.0.11-winx64\bin;C:\Users\xia\AppData\Local\Microsoft\WindowsApps;C:\Users\xia\AppData\Local\Programs\Fiddler;C:\Users\xia\AppData\Local\GitHubDesktop\bin;%USERPROFILE%\AppData\Local\Microsoft\WindowsApps;;.] 
2018-09-01 11:46:27,554 - [localhost-startStop-1] - INFO - org.apache.catalina.core.ContainerBase.[Tomcat].[localhost].[/] - Initializing Spring embedded WebApplicationContext 
2018-09-01 11:46:27,554 - [localhost-startStop-1] - INFO - org.springframework.web.context.ContextLoader - Root WebApplicationContext: initialization completed in 2757 ms 
2018-09-01 11:46:27,907 - [localhost-startStop-1] - INFO - org.springframework.boot.web.servlet.ServletRegistrationBean - Servlet dispatcherServlet mapped to [/] 
2018-09-01 11:46:27,920 - [localhost-startStop-1] - INFO - org.springframework.boot.web.servlet.FilterRegistrationBean - Mapping filter: 'characterEncodingFilter' to: [/*] 
2018-09-01 11:46:27,921 - [localhost-startStop-1] - INFO - org.springframework.boot.web.servlet.FilterRegistrationBean - Mapping filter: 'hiddenHttpMethodFilter' to: [/*] 
2018-09-01 11:46:27,921 - [localhost-startStop-1] - INFO - org.springframework.boot.web.servlet.FilterRegistrationBean - Mapping filter: 'httpPutFormContentFilter' to: [/*] 
2018-09-01 11:46:27,921 - [localhost-startStop-1] - INFO - org.springframework.boot.web.servlet.FilterRegistrationBean - Mapping filter: 'requestContextFilter' to: [/*] 
2018-09-01 11:46:29,352 - [main] - INFO - org.springframework.web.servlet.handler.SimpleUrlHandlerMapping - Mapped URL path [/**/favicon.ico] onto handler of type [class org.springframework.web.servlet.resource.ResourceHttpRequestHandler] 
2018-09-01 11:46:29,857 - [main] - INFO - org.springframework.web.servlet.mvc.method.annotation.RequestMappingHandlerAdapter - Looking for @ControllerAdvice: org.springframework.boot.web.servlet.context.AnnotationConfigServletWebServerApplicationContext@25aca718: startup date [Sat Sep 01 11:46:24 CST 2018]; root of context hierarchy 
2018-09-01 11:46:30,281 - [main] - INFO - org.springframework.web.servlet.mvc.method.annotation.RequestMappingHandlerMapping - Mapped "{[/buyer/order/create],methods=[POST]}" onto public com.xia.sell.vo.ResultVO com.xia.sell.controller.BuyerController.create(com.xia.sell.form.OrderCreateForm,org.springframework.validation.Errors) 
2018-09-01 11:46:30,283 - [main] - INFO - org.springframework.web.servlet.mvc.method.annotation.RequestMappingHandlerMapping - Mapped "{[/buyer/order/list],methods=[GET]}" onto public com.xia.sell.vo.ResultVO com.xia.sell.controller.BuyerController.list(java.lang.String,java.lang.Integer) 
2018-09-01 11:46:30,284 - [main] - INFO - org.springframework.web.servlet.mvc.method.annotation.RequestMappingHandlerMapping - Mapped "{[/buyer/order/cancel],methods=[POST]}" onto public com.xia.sell.vo.ResultVO com.xia.sell.controller.BuyerController.cancel(java.lang.String,java.lang.String) 
2018-09-01 11:46:30,284 - [main] - INFO - org.springframework.web.servlet.mvc.method.annotation.RequestMappingHandlerMapping - Mapped "{[/buyer/order/detail],methods=[GET]}" onto public com.xia.sell.vo.ResultVO com.xia.sell.controller.BuyerController.detail(java.lang.String,java.lang.String) 
2018-09-01 11:46:30,285 - [main] - INFO - org.springframework.web.servlet.mvc.method.annotation.RequestMappingHandlerMapping - Mapped "{[/],methods=[GET]}" onto public java.lang.String com.xia.sell.controller.MainController.index() 
2018-09-01 11:46:30,286 - [main] - INFO - org.springframework.web.servlet.mvc.method.annotation.RequestMappingHandlerMapping - Mapped "{[/buyer/product/list],methods=[GET]}" onto public com.xia.sell.vo.ResultVO com.xia.sell.controller.ProductListController.productList() 
2018-09-01 11:46:30,293 - [main] - INFO - org.springframework.web.servlet.mvc.method.annotation.RequestMappingHandlerMapping - Mapped "{[/error]}" onto public org.springframework.http.ResponseEntity<java.util.Map<java.lang.String, java.lang.Object>> org.springframework.boot.autoconfigure.web.servlet.error.BasicErrorController.error(javax.servlet.http.HttpServletRequest) 
2018-09-01 11:46:30,296 - [main] - INFO - org.springframework.web.servlet.mvc.method.annotation.RequestMappingHandlerMapping - Mapped "{[/error],produces=[text/html]}" onto public org.springframework.web.servlet.ModelAndView org.springframework.boot.autoconfigure.web.servlet.error.BasicErrorController.errorHtml(javax.servlet.http.HttpServletRequest,javax.servlet.http.HttpServletResponse) 
2018-09-01 11:46:30,352 - [main] - INFO - org.springframework.web.servlet.handler.SimpleUrlHandlerMapping - Mapped URL path [/webjars/**] onto handler of type [class org.springframework.web.servlet.resource.ResourceHttpRequestHandler] 
2018-09-01 11:46:30,352 - [main] - INFO - org.springframework.web.servlet.handler.SimpleUrlHandlerMapping - Mapped URL path [/**] onto handler of type [class org.springframework.web.servlet.resource.ResourceHttpRequestHandler] 
2018-09-01 11:46:30,993 - [main] - INFO - org.springframework.jmx.export.annotation.AnnotationMBeanExporter - Registering beans for JMX exposure on startup 
2018-09-01 11:46:30,995 - [main] - INFO - org.springframework.jmx.export.annotation.AnnotationMBeanExporter - Bean with name 'dataSource' has been autodetected for JMX exposure 
2018-09-01 11:46:31,004 - [main] - INFO - org.springframework.jmx.export.annotation.AnnotationMBeanExporter - Located MBean 'dataSource': registering with JMX server as MBean [com.zaxxer.hikari:name=dataSource,type=HikariDataSource] 
2018-09-01 11:46:31,030 - [main] - INFO - org.apache.coyote.http11.Http11NioProtocol - Starting ProtocolHandler ["http-nio-8080"] 
2018-09-01 11:46:31,052 - [main] - INFO - org.apache.tomcat.util.net.NioSelectorPool - Using a shared selector for servlet write/read 
2018-09-01 11:46:31,083 - [main] - INFO - org.springframework.boot.web.embedded.tomcat.TomcatWebServer - Tomcat started on port(s): 8080 (http) with context path '' 
2018-09-01 11:46:31,090 - [main] - INFO - com.xia.sell.SellApplication - Started SellApplication in 7.053 seconds (JVM running for 12.29) 
2018-09-01 11:46:33,315 - [http-nio-8080-exec-1] - INFO - org.apache.catalina.core.ContainerBase.[Tomcat].[localhost].[/] - Initializing Spring FrameworkServlet 'dispatcherServlet' 
2018-09-01 11:46:33,315 - [http-nio-8080-exec-1] - INFO - org.springframework.web.servlet.DispatcherServlet - FrameworkServlet 'dispatcherServlet': initialization started 
2018-09-01 11:46:33,369 - [http-nio-8080-exec-1] - INFO - org.springframework.web.servlet.DispatcherServlet - FrameworkServlet 'dispatcherServlet': initialization completed in 54 ms 
2018-09-01 11:53:32,456 - [main] - INFO - com.xia.sell.SellApplication - Starting SellApplication on DESKTOP-59AH7K1 with PID 9572 (F:\ideaProject\sell\target\classes started by xia in F:\ideaProject\sell) 
2018-09-01 11:53:32,462 - [main] - INFO - com.xia.sell.SellApplication - No active profile set, falling back to default profiles: default 
2018-09-01 11:53:32,536 - [main] - INFO - org.springframework.boot.web.servlet.context.AnnotationConfigServletWebServerApplicationContext - Refreshing org.springframework.boot.web.servlet.context.AnnotationConfigServletWebServerApplicationContext@324a0017: startup date [Sat Sep 01 11:53:32 CST 2018]; root of context hierarchy 
2018-09-01 11:53:34,388 - [main] - INFO - org.springframework.boot.web.embedded.tomcat.TomcatWebServer - Tomcat initialized with port(s): 8080 (http) 
2018-09-01 11:53:34,404 - [main] - INFO - org.apache.coyote.http11.Http11NioProtocol - Initializing ProtocolHandler ["http-nio-8080"] 
2018-09-01 11:53:34,417 - [main] - INFO - org.apache.catalina.core.StandardService - Starting service [Tomcat] 
2018-09-01 11:53:34,418 - [main] - INFO - org.apache.catalina.core.StandardEngine - Starting Servlet Engine: Apache Tomcat/8.5.32 
2018-09-01 11:53:34,424 - [localhost-startStop-1] - INFO - org.apache.catalina.core.AprLifecycleListener - The APR based Apache Tomcat Native library which allows optimal performance in production environments was not found on the java.library.path: [C:\Java\jdk1.8.0_121\bin;C:\WINDOWS\Sun\Java\bin;C:\WINDOWS\system32;C:\WINDOWS;C:\ProgramData\Oracle\Java\javapath;C:\Java\jdk1.8.0_121\bin;C:\Java\jdk1.8.0_121\jre\bin;C:\WINDOWS\system32;C:\WINDOWS;C:\WINDOWS\System32\Wbem;C:\WINDOWS\System32\WindowsPowerShell\v1.0\;C:\Program Files (x86)\NVIDIA Corporation\PhysX\Common;C:\Users\xia\AppData\Local\Android\sdk\platform-tools\adb.exe;C:\WINDOWS\system32;C:\WINDOWS;C:\WINDOWS\System32\Wbem;C:\WINDOWS\System32\WindowsPowerShell\v1.0\;C:\Program Files\MySQL\MySQL Server 5.5\bin;C:\Program Files\Git\cmd;D:\Android\android-sdk\platform-tools;D:\Android\android-sdk\tools;E:\apache-maven-3.5.3\bin\;%TALINA_HOME%\bin\;C:\WINDOWS\System32\OpenSSH\;E:\gradle-4.9\bin;D:\mysql-8.0.11-winx64\bin;C:\Users\xia\AppData\Local\Microsoft\WindowsApps;C:\Users\xia\AppData\Local\Programs\Fiddler;C:\Users\xia\AppData\Local\GitHubDesktop\bin;%USERPROFILE%\AppData\Local\Microsoft\WindowsApps;;.] 
2018-09-01 11:53:34,629 - [localhost-startStop-1] - INFO - org.apache.catalina.core.ContainerBase.[Tomcat].[localhost].[/] - Initializing Spring embedded WebApplicationContext 
2018-09-01 11:53:34,629 - [localhost-startStop-1] - INFO - org.springframework.web.context.ContextLoader - Root WebApplicationContext: initialization completed in 2093 ms 
2018-09-01 11:53:34,747 - [localhost-startStop-1] - INFO - org.springframework.boot.web.servlet.ServletRegistrationBean - Servlet dispatcherServlet mapped to [/] 
2018-09-01 11:53:34,753 - [localhost-startStop-1] - INFO - org.springframework.boot.web.servlet.FilterRegistrationBean - Mapping filter: 'characterEncodingFilter' to: [/*] 
2018-09-01 11:53:34,753 - [localhost-startStop-1] - INFO - org.springframework.boot.web.servlet.FilterRegistrationBean - Mapping filter: 'hiddenHttpMethodFilter' to: [/*] 
2018-09-01 11:53:34,753 - [localhost-startStop-1] - INFO - org.springframework.boot.web.servlet.FilterRegistrationBean - Mapping filter: 'httpPutFormContentFilter' to: [/*] 
2018-09-01 11:53:34,754 - [localhost-startStop-1] - INFO - org.springframework.boot.web.servlet.FilterRegistrationBean - Mapping filter: 'requestContextFilter' to: [/*] 
2018-09-01 11:53:35,388 - [main] - INFO - org.springframework.web.servlet.handler.SimpleUrlHandlerMapping - Mapped URL path [/**/favicon.ico] onto handler of type [class org.springframework.web.servlet.resource.ResourceHttpRequestHandler] 
2018-09-01 11:53:35,781 - [main] - INFO - org.springframework.web.servlet.mvc.method.annotation.RequestMappingHandlerAdapter - Looking for @ControllerAdvice: org.springframework.boot.web.servlet.context.AnnotationConfigServletWebServerApplicationContext@324a0017: startup date [Sat Sep 01 11:53:32 CST 2018]; root of context hierarchy 
2018-09-01 11:53:35,853 - [main] - INFO - org.springframework.web.servlet.mvc.method.annotation.RequestMappingHandlerMapping - Mapped "{[/buyer/order/create],methods=[POST]}" onto public com.xia.sell.vo.ResultVO com.xia.sell.controller.BuyerController.create(com.xia.sell.form.OrderCreateForm,org.springframework.validation.Errors) 
2018-09-01 11:53:35,855 - [main] - INFO - org.springframework.web.servlet.mvc.method.annotation.RequestMappingHandlerMapping - Mapped "{[/buyer/order/list],methods=[GET]}" onto public com.xia.sell.vo.ResultVO com.xia.sell.controller.BuyerController.list(java.lang.String,java.lang.Integer) 
2018-09-01 11:53:35,855 - [main] - INFO - org.springframework.web.servlet.mvc.method.annotation.RequestMappingHandlerMapping - Mapped "{[/buyer/order/cancel],methods=[POST]}" onto public com.xia.sell.vo.ResultVO com.xia.sell.controller.BuyerController.cancel(java.lang.String,java.lang.String) 
2018-09-01 11:53:35,855 - [main] - INFO - org.springframework.web.servlet.mvc.method.annotation.RequestMappingHandlerMapping - Mapped "{[/buyer/order/detail],methods=[GET]}" onto public com.xia.sell.vo.ResultVO com.xia.sell.controller.BuyerController.detail(java.lang.String,java.lang.String) 
2018-09-01 11:53:35,856 - [main] - INFO - org.springframework.web.servlet.mvc.method.annotation.RequestMappingHandlerMapping - Mapped "{[/],methods=[GET]}" onto public java.lang.String com.xia.sell.controller.MainController.index() 
2018-09-01 11:53:35,856 - [main] - INFO - org.springframework.web.servlet.mvc.method.annotation.RequestMappingHandlerMapping - Mapped "{[/buyer/product/list],methods=[GET]}" onto public com.xia.sell.vo.ResultVO com.xia.sell.controller.ProductListController.productList() 
2018-09-01 11:53:35,859 - [main] - INFO - org.springframework.web.servlet.mvc.method.annotation.RequestMappingHandlerMapping - Mapped "{[/error]}" onto public org.springframework.http.ResponseEntity<java.util.Map<java.lang.String, java.lang.Object>> org.springframework.boot.autoconfigure.web.servlet.error.BasicErrorController.error(javax.servlet.http.HttpServletRequest) 
2018-09-01 11:53:35,860 - [main] - INFO - org.springframework.web.servlet.mvc.method.annotation.RequestMappingHandlerMapping - Mapped "{[/error],produces=[text/html]}" onto public org.springframework.web.servlet.ModelAndView org.springframework.boot.autoconfigure.web.servlet.error.BasicErrorController.errorHtml(javax.servlet.http.HttpServletRequest,javax.servlet.http.HttpServletResponse) 
2018-09-01 11:53:35,895 - [main] - INFO - org.springframework.web.servlet.handler.SimpleUrlHandlerMapping - Mapped URL path [/webjars/**] onto handler of type [class org.springframework.web.servlet.resource.ResourceHttpRequestHandler] 
2018-09-01 11:53:35,895 - [main] - INFO - org.springframework.web.servlet.handler.SimpleUrlHandlerMapping - Mapped URL path [/**] onto handler of type [class org.springframework.web.servlet.resource.ResourceHttpRequestHandler] 
2018-09-01 11:53:36,131 - [main] - INFO - org.springframework.boot.autoconfigure.web.servlet.WelcomePageHandlerMapping - Adding welcome page template: index 
2018-09-01 11:53:36,447 - [main] - INFO - org.springframework.jmx.export.annotation.AnnotationMBeanExporter - Registering beans for JMX exposure on startup 
2018-09-01 11:53:36,449 - [main] - INFO - org.springframework.jmx.export.annotation.AnnotationMBeanExporter - Bean with name 'dataSource' has been autodetected for JMX exposure 
2018-09-01 11:53:36,456 - [main] - INFO - org.springframework.jmx.export.annotation.AnnotationMBeanExporter - Located MBean 'dataSource': registering with JMX server as MBean [com.zaxxer.hikari:name=dataSource,type=HikariDataSource] 
2018-09-01 11:53:36,469 - [main] - INFO - org.apache.coyote.http11.Http11NioProtocol - Starting ProtocolHandler ["http-nio-8080"] 
2018-09-01 11:53:36,486 - [main] - INFO - org.apache.tomcat.util.net.NioSelectorPool - Using a shared selector for servlet write/read 
2018-09-01 11:53:36,510 - [main] - INFO - org.springframework.boot.web.embedded.tomcat.TomcatWebServer - Tomcat started on port(s): 8080 (http) with context path '' 
2018-09-01 11:53:36,515 - [main] - INFO - com.xia.sell.SellApplication - Started SellApplication in 4.59 seconds (JVM running for 7.344) 
2018-09-01 11:53:39,091 - [http-nio-8080-exec-1] - INFO - org.apache.catalina.core.ContainerBase.[Tomcat].[localhost].[/] - Initializing Spring FrameworkServlet 'dispatcherServlet' 
2018-09-01 11:53:39,091 - [http-nio-8080-exec-1] - INFO - org.springframework.web.servlet.DispatcherServlet - FrameworkServlet 'dispatcherServlet': initialization started 
2018-09-01 11:53:39,130 - [http-nio-8080-exec-1] - INFO - org.springframework.web.servlet.DispatcherServlet - FrameworkServlet 'dispatcherServlet': initialization completed in 39 ms 
2018-09-01 11:54:31,457 - [main] - INFO - com.xia.sell.SellApplication - Starting SellApplication on DESKTOP-59AH7K1 with PID 4304 (F:\ideaProject\sell\target\classes started by xia in F:\ideaProject\sell) 
2018-09-01 11:54:31,465 - [main] - INFO - com.xia.sell.SellApplication - No active profile set, falling back to default profiles: default 
2018-09-01 11:54:31,544 - [main] - INFO - org.springframework.boot.web.servlet.context.AnnotationConfigServletWebServerApplicationContext - Refreshing org.springframework.boot.web.servlet.context.AnnotationConfigServletWebServerApplicationContext@f316aeb: startup date [Sat Sep 01 11:54:31 CST 2018]; root of context hierarchy 
2018-09-01 11:54:33,459 - [main] - INFO - org.springframework.boot.web.embedded.tomcat.TomcatWebServer - Tomcat initialized with port(s): 8080 (http) 
2018-09-01 11:54:33,477 - [main] - INFO - org.apache.coyote.http11.Http11NioProtocol - Initializing ProtocolHandler ["http-nio-8080"] 
2018-09-01 11:54:33,490 - [main] - INFO - org.apache.catalina.core.StandardService - Starting service [Tomcat] 
2018-09-01 11:54:33,491 - [main] - INFO - org.apache.catalina.core.StandardEngine - Starting Servlet Engine: Apache Tomcat/8.5.32 
2018-09-01 11:54:33,508 - [localhost-startStop-1] - INFO - org.apache.catalina.core.AprLifecycleListener - The APR based Apache Tomcat Native library which allows optimal performance in production environments was not found on the java.library.path: [C:\Java\jdk1.8.0_121\bin;C:\WINDOWS\Sun\Java\bin;C:\WINDOWS\system32;C:\WINDOWS;C:\ProgramData\Oracle\Java\javapath;C:\Java\jdk1.8.0_121\bin;C:\Java\jdk1.8.0_121\jre\bin;C:\WINDOWS\system32;C:\WINDOWS;C:\WINDOWS\System32\Wbem;C:\WINDOWS\System32\WindowsPowerShell\v1.0\;C:\Program Files (x86)\NVIDIA Corporation\PhysX\Common;C:\Users\xia\AppData\Local\Android\sdk\platform-tools\adb.exe;C:\WINDOWS\system32;C:\WINDOWS;C:\WINDOWS\System32\Wbem;C:\WINDOWS\System32\WindowsPowerShell\v1.0\;C:\Program Files\MySQL\MySQL Server 5.5\bin;C:\Program Files\Git\cmd;D:\Android\android-sdk\platform-tools;D:\Android\android-sdk\tools;E:\apache-maven-3.5.3\bin\;%TALINA_HOME%\bin\;C:\WINDOWS\System32\OpenSSH\;E:\gradle-4.9\bin;D:\mysql-8.0.11-winx64\bin;C:\Users\xia\AppData\Local\Microsoft\WindowsApps;C:\Users\xia\AppData\Local\Programs\Fiddler;C:\Users\xia\AppData\Local\GitHubDesktop\bin;%USERPROFILE%\AppData\Local\Microsoft\WindowsApps;;.] 
2018-09-01 11:54:33,713 - [localhost-startStop-1] - INFO - org.apache.catalina.core.ContainerBase.[Tomcat].[localhost].[/] - Initializing Spring embedded WebApplicationContext 
2018-09-01 11:54:33,714 - [localhost-startStop-1] - INFO - org.springframework.web.context.ContextLoader - Root WebApplicationContext: initialization completed in 2169 ms 
2018-09-01 11:54:33,841 - [localhost-startStop-1] - INFO - org.springframework.boot.web.servlet.ServletRegistrationBean - Servlet dispatcherServlet mapped to [/] 
2018-09-01 11:54:33,847 - [localhost-startStop-1] - INFO - org.springframework.boot.web.servlet.FilterRegistrationBean - Mapping filter: 'characterEncodingFilter' to: [/*] 
2018-09-01 11:54:33,847 - [localhost-startStop-1] - INFO - org.springframework.boot.web.servlet.FilterRegistrationBean - Mapping filter: 'hiddenHttpMethodFilter' to: [/*] 
2018-09-01 11:54:33,847 - [localhost-startStop-1] - INFO - org.springframework.boot.web.servlet.FilterRegistrationBean - Mapping filter: 'httpPutFormContentFilter' to: [/*] 
2018-09-01 11:54:33,848 - [localhost-startStop-1] - INFO - org.springframework.boot.web.servlet.FilterRegistrationBean - Mapping filter: 'requestContextFilter' to: [/*] 
2018-09-01 11:54:34,579 - [main] - INFO - org.springframework.web.servlet.handler.SimpleUrlHandlerMapping - Mapped URL path [/**/favicon.ico] onto handler of type [class org.springframework.web.servlet.resource.ResourceHttpRequestHandler] 
2018-09-01 11:54:35,082 - [main] - INFO - org.springframework.web.servlet.mvc.method.annotation.RequestMappingHandlerAdapter - Looking for @ControllerAdvice: org.springframework.boot.web.servlet.context.AnnotationConfigServletWebServerApplicationContext@f316aeb: startup date [Sat Sep 01 11:54:31 CST 2018]; root of context hierarchy 
2018-09-01 11:54:35,211 - [main] - INFO - org.springframework.web.servlet.mvc.method.annotation.RequestMappingHandlerMapping - Mapped "{[/buyer/order/create],methods=[POST]}" onto public com.xia.sell.vo.ResultVO com.xia.sell.controller.BuyerController.create(com.xia.sell.form.OrderCreateForm,org.springframework.validation.Errors) 
2018-09-01 11:54:35,213 - [main] - INFO - org.springframework.web.servlet.mvc.method.annotation.RequestMappingHandlerMapping - Mapped "{[/buyer/order/list],methods=[GET]}" onto public com.xia.sell.vo.ResultVO com.xia.sell.controller.BuyerController.list(java.lang.String,java.lang.Integer) 
2018-09-01 11:54:35,214 - [main] - INFO - org.springframework.web.servlet.mvc.method.annotation.RequestMappingHandlerMapping - Mapped "{[/buyer/order/cancel],methods=[POST]}" onto public com.xia.sell.vo.ResultVO com.xia.sell.controller.BuyerController.cancel(java.lang.String,java.lang.String) 
2018-09-01 11:54:35,215 - [main] - INFO - org.springframework.web.servlet.mvc.method.annotation.RequestMappingHandlerMapping - Mapped "{[/buyer/order/detail],methods=[GET]}" onto public com.xia.sell.vo.ResultVO com.xia.sell.controller.BuyerController.detail(java.lang.String,java.lang.String) 
2018-09-01 11:54:35,217 - [main] - INFO - org.springframework.web.servlet.mvc.method.annotation.RequestMappingHandlerMapping - Mapped "{[/],methods=[GET]}" onto public java.lang.String com.xia.sell.controller.MainController.index() 
2018-09-01 11:54:35,219 - [main] - INFO - org.springframework.web.servlet.mvc.method.annotation.RequestMappingHandlerMapping - Mapped "{[/buyer/product/list],methods=[GET]}" onto public com.xia.sell.vo.ResultVO com.xia.sell.controller.ProductListController.productList() 
2018-09-01 11:54:35,228 - [main] - INFO - org.springframework.web.servlet.mvc.method.annotation.RequestMappingHandlerMapping - Mapped "{[/error]}" onto public org.springframework.http.ResponseEntity<java.util.Map<java.lang.String, java.lang.Object>> org.springframework.boot.autoconfigure.web.servlet.error.BasicErrorController.error(javax.servlet.http.HttpServletRequest) 
2018-09-01 11:54:35,229 - [main] - INFO - org.springframework.web.servlet.mvc.method.annotation.RequestMappingHandlerMapping - Mapped "{[/error],produces=[text/html]}" onto public org.springframework.web.servlet.ModelAndView org.springframework.boot.autoconfigure.web.servlet.error.BasicErrorController.errorHtml(javax.servlet.http.HttpServletRequest,javax.servlet.http.HttpServletResponse) 
2018-09-01 11:54:35,295 - [main] - INFO - org.springframework.web.servlet.handler.SimpleUrlHandlerMapping - Mapped URL path [/webjars/**] onto handler of type [class org.springframework.web.servlet.resource.ResourceHttpRequestHandler] 
2018-09-01 11:54:35,296 - [main] - INFO - org.springframework.web.servlet.handler.SimpleUrlHandlerMapping - Mapped URL path [/**] onto handler of type [class org.springframework.web.servlet.resource.ResourceHttpRequestHandler] 
2018-09-01 11:54:35,521 - [main] - INFO - org.springframework.boot.autoconfigure.web.servlet.WelcomePageHandlerMapping - Adding welcome page template: index 
2018-09-01 11:54:35,882 - [main] - INFO - org.springframework.jmx.export.annotation.AnnotationMBeanExporter - Registering beans for JMX exposure on startup 
2018-09-01 11:54:35,884 - [main] - INFO - org.springframework.jmx.export.annotation.AnnotationMBeanExporter - Bean with name 'dataSource' has been autodetected for JMX exposure 
2018-09-01 11:54:35,891 - [main] - INFO - org.springframework.jmx.export.annotation.AnnotationMBeanExporter - Located MBean 'dataSource': registering with JMX server as MBean [com.zaxxer.hikari:name=dataSource,type=HikariDataSource] 
2018-09-01 11:54:35,905 - [main] - INFO - org.apache.coyote.http11.Http11NioProtocol - Starting ProtocolHandler ["http-nio-8080"] 
2018-09-01 11:54:35,923 - [main] - INFO - org.apache.tomcat.util.net.NioSelectorPool - Using a shared selector for servlet write/read 
2018-09-01 11:54:35,948 - [main] - INFO - org.springframework.boot.web.embedded.tomcat.TomcatWebServer - Tomcat started on port(s): 8080 (http) with context path '' 
2018-09-01 11:54:35,954 - [main] - INFO - com.xia.sell.SellApplication - Started SellApplication in 5.109 seconds (JVM running for 8.028) 
2018-09-01 11:54:39,552 - [http-nio-8080-exec-1] - INFO - org.apache.catalina.core.ContainerBase.[Tomcat].[localhost].[/] - Initializing Spring FrameworkServlet 'dispatcherServlet' 
2018-09-01 11:54:39,553 - [http-nio-8080-exec-1] - INFO - org.springframework.web.servlet.DispatcherServlet - FrameworkServlet 'dispatcherServlet': initialization started 
2018-09-01 11:54:39,597 - [http-nio-8080-exec-1] - INFO - org.springframework.web.servlet.DispatcherServlet - FrameworkServlet 'dispatcherServlet': initialization completed in 44 ms 
2018-09-01 12:12:21,743 - [main] - INFO - com.xia.sell.SellApplication - Starting SellApplication on DESKTOP-59AH7K1 with PID 6916 (F:\ideaProject\sell\target\classes started by xia in F:\ideaProject\sell) 
2018-09-01 12:12:21,751 - [main] - INFO - com.xia.sell.SellApplication - No active profile set, falling back to default profiles: default 
2018-09-01 12:12:21,874 - [main] - INFO - org.springframework.boot.web.servlet.context.AnnotationConfigServletWebServerApplicationContext - Refreshing org.springframework.boot.web.servlet.context.AnnotationConfigServletWebServerApplicationContext@561868a0: startup date [Sat Sep 01 12:12:21 CST 2018]; root of context hierarchy 
2018-09-01 12:12:23,848 - [main] - INFO - org.springframework.boot.web.embedded.tomcat.TomcatWebServer - Tomcat initialized with port(s): 8080 (http) 
2018-09-01 12:12:23,863 - [main] - INFO - org.apache.coyote.http11.Http11NioProtocol - Initializing ProtocolHandler ["http-nio-8080"] 
2018-09-01 12:12:23,875 - [main] - INFO - org.apache.catalina.core.StandardService - Starting service [Tomcat] 
2018-09-01 12:12:23,875 - [main] - INFO - org.apache.catalina.core.StandardEngine - Starting Servlet Engine: Apache Tomcat/8.5.32 
2018-09-01 12:12:23,882 - [localhost-startStop-1] - INFO - org.apache.catalina.core.AprLifecycleListener - The APR based Apache Tomcat Native library which allows optimal performance in production environments was not found on the java.library.path: [C:\Java\jdk1.8.0_121\bin;C:\WINDOWS\Sun\Java\bin;C:\WINDOWS\system32;C:\WINDOWS;C:\ProgramData\Oracle\Java\javapath;C:\Java\jdk1.8.0_121\bin;C:\Java\jdk1.8.0_121\jre\bin;C:\WINDOWS\system32;C:\WINDOWS;C:\WINDOWS\System32\Wbem;C:\WINDOWS\System32\WindowsPowerShell\v1.0\;C:\Program Files (x86)\NVIDIA Corporation\PhysX\Common;C:\Users\xia\AppData\Local\Android\sdk\platform-tools\adb.exe;C:\WINDOWS\system32;C:\WINDOWS;C:\WINDOWS\System32\Wbem;C:\WINDOWS\System32\WindowsPowerShell\v1.0\;C:\Program Files\MySQL\MySQL Server 5.5\bin;C:\Program Files\Git\cmd;D:\Android\android-sdk\platform-tools;D:\Android\android-sdk\tools;E:\apache-maven-3.5.3\bin\;%TALINA_HOME%\bin\;C:\WINDOWS\System32\OpenSSH\;E:\gradle-4.9\bin;D:\mysql-8.0.11-winx64\bin;C:\Users\xia\AppData\Local\Microsoft\WindowsApps;C:\Users\xia\AppData\Local\Programs\Fiddler;C:\Users\xia\AppData\Local\GitHubDesktop\bin;%USERPROFILE%\AppData\Local\Microsoft\WindowsApps;;.] 
2018-09-01 12:12:24,076 - [localhost-startStop-1] - INFO - org.apache.catalina.core.ContainerBase.[Tomcat].[localhost].[/] - Initializing Spring embedded WebApplicationContext 
2018-09-01 12:12:24,076 - [localhost-startStop-1] - INFO - org.springframework.web.context.ContextLoader - Root WebApplicationContext: initialization completed in 2202 ms 
2018-09-01 12:12:24,213 - [localhost-startStop-1] - INFO - org.springframework.boot.web.servlet.ServletRegistrationBean - Servlet dispatcherServlet mapped to [/] 
2018-09-01 12:12:24,219 - [localhost-startStop-1] - INFO - org.springframework.boot.web.servlet.FilterRegistrationBean - Mapping filter: 'characterEncodingFilter' to: [/*] 
2018-09-01 12:12:24,219 - [localhost-startStop-1] - INFO - org.springframework.boot.web.servlet.FilterRegistrationBean - Mapping filter: 'hiddenHttpMethodFilter' to: [/*] 
2018-09-01 12:12:24,220 - [localhost-startStop-1] - INFO - org.springframework.boot.web.servlet.FilterRegistrationBean - Mapping filter: 'httpPutFormContentFilter' to: [/*] 
2018-09-01 12:12:24,220 - [localhost-startStop-1] - INFO - org.springframework.boot.web.servlet.FilterRegistrationBean - Mapping filter: 'requestContextFilter' to: [/*] 
2018-09-01 12:12:24,859 - [main] - INFO - org.springframework.web.servlet.handler.SimpleUrlHandlerMapping - Mapped URL path [/**/favicon.ico] onto handler of type [class org.springframework.web.servlet.resource.ResourceHttpRequestHandler] 
2018-09-01 12:12:25,271 - [main] - INFO - org.springframework.web.servlet.mvc.method.annotation.RequestMappingHandlerAdapter - Looking for @ControllerAdvice: org.springframework.boot.web.servlet.context.AnnotationConfigServletWebServerApplicationContext@561868a0: startup date [Sat Sep 01 12:12:21 CST 2018]; root of context hierarchy 
2018-09-01 12:12:25,377 - [main] - INFO - org.springframework.web.servlet.mvc.method.annotation.RequestMappingHandlerMapping - Mapped "{[/buyer/order/create],methods=[POST]}" onto public com.xia.sell.vo.ResultVO com.xia.sell.controller.BuyerController.create(com.xia.sell.form.OrderCreateForm,org.springframework.validation.Errors) 
2018-09-01 12:12:25,379 - [main] - INFO - org.springframework.web.servlet.mvc.method.annotation.RequestMappingHandlerMapping - Mapped "{[/buyer/order/list],methods=[GET]}" onto public com.xia.sell.vo.ResultVO com.xia.sell.controller.BuyerController.list(java.lang.String,java.lang.Integer) 
2018-09-01 12:12:25,380 - [main] - INFO - org.springframework.web.servlet.mvc.method.annotation.RequestMappingHandlerMapping - Mapped "{[/buyer/order/cancel],methods=[POST]}" onto public com.xia.sell.vo.ResultVO com.xia.sell.controller.BuyerController.cancel(java.lang.String,java.lang.String) 
2018-09-01 12:12:25,380 - [main] - INFO - org.springframework.web.servlet.mvc.method.annotation.RequestMappingHandlerMapping - Mapped "{[/buyer/order/detail],methods=[GET]}" onto public com.xia.sell.vo.ResultVO com.xia.sell.controller.BuyerController.detail(java.lang.String,java.lang.String) 
2018-09-01 12:12:25,381 - [main] - INFO - org.springframework.web.servlet.mvc.method.annotation.RequestMappingHandlerMapping - Mapped "{[/],methods=[GET]}" onto public java.lang.String com.xia.sell.controller.MainController.index() 
2018-09-01 12:12:25,382 - [main] - INFO - org.springframework.web.servlet.mvc.method.annotation.RequestMappingHandlerMapping - Mapped "{[/sell/buyer/product/list],methods=[GET]}" onto public com.xia.sell.vo.ResultVO com.xia.sell.controller.ProductListController.productList() 
2018-09-01 12:12:25,387 - [main] - INFO - org.springframework.web.servlet.mvc.method.annotation.RequestMappingHandlerMapping - Mapped "{[/error]}" onto public org.springframework.http.ResponseEntity<java.util.Map<java.lang.String, java.lang.Object>> org.springframework.boot.autoconfigure.web.servlet.error.BasicErrorController.error(javax.servlet.http.HttpServletRequest) 
2018-09-01 12:12:25,388 - [main] - INFO - org.springframework.web.servlet.mvc.method.annotation.RequestMappingHandlerMapping - Mapped "{[/error],produces=[text/html]}" onto public org.springframework.web.servlet.ModelAndView org.springframework.boot.autoconfigure.web.servlet.error.BasicErrorController.errorHtml(javax.servlet.http.HttpServletRequest,javax.servlet.http.HttpServletResponse) 
2018-09-01 12:12:25,428 - [main] - INFO - org.springframework.web.servlet.handler.SimpleUrlHandlerMapping - Mapped URL path [/webjars/**] onto handler of type [class org.springframework.web.servlet.resource.ResourceHttpRequestHandler] 
2018-09-01 12:12:25,429 - [main] - INFO - org.springframework.web.servlet.handler.SimpleUrlHandlerMapping - Mapped URL path [/**] onto handler of type [class org.springframework.web.servlet.resource.ResourceHttpRequestHandler] 
2018-09-01 12:12:25,637 - [main] - INFO - org.springframework.boot.autoconfigure.web.servlet.WelcomePageHandlerMapping - Adding welcome page template: index 
2018-09-01 12:12:26,010 - [main] - INFO - org.springframework.jmx.export.annotation.AnnotationMBeanExporter - Registering beans for JMX exposure on startup 
2018-09-01 12:12:26,012 - [main] - INFO - org.springframework.jmx.export.annotation.AnnotationMBeanExporter - Bean with name 'dataSource' has been autodetected for JMX exposure 
2018-09-01 12:12:26,019 - [main] - INFO - org.springframework.jmx.export.annotation.AnnotationMBeanExporter - Located MBean 'dataSource': registering with JMX server as MBean [com.zaxxer.hikari:name=dataSource,type=HikariDataSource] 
2018-09-01 12:12:26,033 - [main] - INFO - org.apache.coyote.http11.Http11NioProtocol - Starting ProtocolHandler ["http-nio-8080"] 
2018-09-01 12:12:26,049 - [main] - INFO - org.apache.tomcat.util.net.NioSelectorPool - Using a shared selector for servlet write/read 
2018-09-01 12:12:26,071 - [main] - INFO - org.springframework.boot.web.embedded.tomcat.TomcatWebServer - Tomcat started on port(s): 8080 (http) with context path '' 
2018-09-01 12:12:26,076 - [main] - INFO - com.xia.sell.SellApplication - Started SellApplication in 5.202 seconds (JVM running for 7.757) 
2018-09-01 12:12:29,397 - [http-nio-8080-exec-1] - INFO - org.apache.catalina.core.ContainerBase.[Tomcat].[localhost].[/] - Initializing Spring FrameworkServlet 'dispatcherServlet' 
2018-09-01 12:12:29,397 - [http-nio-8080-exec-1] - INFO - org.springframework.web.servlet.DispatcherServlet - FrameworkServlet 'dispatcherServlet': initialization started 
2018-09-01 12:12:29,451 - [http-nio-8080-exec-1] - INFO - org.springframework.web.servlet.DispatcherServlet - FrameworkServlet 'dispatcherServlet': initialization completed in 54 ms 
2018-09-01 12:12:30,512 - [http-nio-8080-exec-8] - INFO - com.zaxxer.hikari.HikariDataSource - HikariPool-1 - Starting... 
2018-09-01 12:12:30,945 - [http-nio-8080-exec-8] - INFO - com.zaxxer.hikari.HikariDataSource - HikariPool-1 - Start completed. 
2018-09-01 12:18:36,589 - [main] - INFO - com.xia.sell.SellApplication - Starting SellApplication on DESKTOP-59AH7K1 with PID 9080 (F:\ideaProject\sell\target\classes started by xia in F:\ideaProject\sell) 
2018-09-01 12:18:36,596 - [main] - INFO - com.xia.sell.SellApplication - No active profile set, falling back to default profiles: default 
2018-09-01 12:18:36,717 - [main] - INFO - org.springframework.boot.web.servlet.context.AnnotationConfigServletWebServerApplicationContext - Refreshing org.springframework.boot.web.servlet.context.AnnotationConfigServletWebServerApplicationContext@4d9ac0b4: startup date [Sat Sep 01 12:18:36 CST 2018]; root of context hierarchy 
2018-09-01 12:18:38,788 - [main] - INFO - org.springframework.boot.web.embedded.tomcat.TomcatWebServer - Tomcat initialized with port(s): 8080 (http) 
2018-09-01 12:18:38,808 - [main] - INFO - org.apache.coyote.http11.Http11NioProtocol - Initializing ProtocolHandler ["http-nio-8080"] 
2018-09-01 12:18:38,823 - [main] - INFO - org.apache.catalina.core.StandardService - Starting service [Tomcat] 
2018-09-01 12:18:38,823 - [main] - INFO - org.apache.catalina.core.StandardEngine - Starting Servlet Engine: Apache Tomcat/8.5.32 
2018-09-01 12:18:38,830 - [localhost-startStop-1] - INFO - org.apache.catalina.core.AprLifecycleListener - The APR based Apache Tomcat Native library which allows optimal performance in production environments was not found on the java.library.path: [C:\Java\jdk1.8.0_121\bin;C:\WINDOWS\Sun\Java\bin;C:\WINDOWS\system32;C:\WINDOWS;C:\ProgramData\Oracle\Java\javapath;C:\Java\jdk1.8.0_121\bin;C:\Java\jdk1.8.0_121\jre\bin;C:\WINDOWS\system32;C:\WINDOWS;C:\WINDOWS\System32\Wbem;C:\WINDOWS\System32\WindowsPowerShell\v1.0\;C:\Program Files (x86)\NVIDIA Corporation\PhysX\Common;C:\Users\xia\AppData\Local\Android\sdk\platform-tools\adb.exe;C:\WINDOWS\system32;C:\WINDOWS;C:\WINDOWS\System32\Wbem;C:\WINDOWS\System32\WindowsPowerShell\v1.0\;C:\Program Files\MySQL\MySQL Server 5.5\bin;C:\Program Files\Git\cmd;D:\Android\android-sdk\platform-tools;D:\Android\android-sdk\tools;E:\apache-maven-3.5.3\bin\;%TALINA_HOME%\bin\;C:\WINDOWS\System32\OpenSSH\;E:\gradle-4.9\bin;D:\mysql-8.0.11-winx64\bin;C:\Users\xia\AppData\Local\Microsoft\WindowsApps;C:\Users\xia\AppData\Local\Programs\Fiddler;C:\Users\xia\AppData\Local\GitHubDesktop\bin;%USERPROFILE%\AppData\Local\Microsoft\WindowsApps;;.] 
2018-09-01 12:18:39,112 - [localhost-startStop-1] - INFO - org.apache.catalina.core.ContainerBase.[Tomcat].[localhost].[/] - Initializing Spring embedded WebApplicationContext 
2018-09-01 12:18:39,113 - [localhost-startStop-1] - INFO - org.springframework.web.context.ContextLoader - Root WebApplicationContext: initialization completed in 2396 ms 
2018-09-01 12:18:39,261 - [localhost-startStop-1] - INFO - org.springframework.boot.web.servlet.ServletRegistrationBean - Servlet dispatcherServlet mapped to [/] 
2018-09-01 12:18:39,267 - [localhost-startStop-1] - INFO - org.springframework.boot.web.servlet.FilterRegistrationBean - Mapping filter: 'characterEncodingFilter' to: [/*] 
2018-09-01 12:18:39,267 - [localhost-startStop-1] - INFO - org.springframework.boot.web.servlet.FilterRegistrationBean - Mapping filter: 'hiddenHttpMethodFilter' to: [/*] 
2018-09-01 12:18:39,268 - [localhost-startStop-1] - INFO - org.springframework.boot.web.servlet.FilterRegistrationBean - Mapping filter: 'httpPutFormContentFilter' to: [/*] 
2018-09-01 12:18:39,268 - [localhost-startStop-1] - INFO - org.springframework.boot.web.servlet.FilterRegistrationBean - Mapping filter: 'requestContextFilter' to: [/*] 
2018-09-01 12:18:39,930 - [main] - INFO - org.springframework.web.servlet.handler.SimpleUrlHandlerMapping - Mapped URL path [/**/favicon.ico] onto handler of type [class org.springframework.web.servlet.resource.ResourceHttpRequestHandler] 
2018-09-01 12:18:40,420 - [main] - INFO - org.springframework.web.servlet.mvc.method.annotation.RequestMappingHandlerAdapter - Looking for @ControllerAdvice: org.springframework.boot.web.servlet.context.AnnotationConfigServletWebServerApplicationContext@4d9ac0b4: startup date [Sat Sep 01 12:18:36 CST 2018]; root of context hierarchy 
2018-09-01 12:18:40,527 - [main] - INFO - org.springframework.web.servlet.mvc.method.annotation.RequestMappingHandlerMapping - Mapped "{[/sell/buyer/order/create],methods=[POST]}" onto public com.xia.sell.vo.ResultVO com.xia.sell.controller.BuyerController.create(com.xia.sell.form.OrderCreateForm,org.springframework.validation.Errors) 
2018-09-01 12:18:40,529 - [main] - INFO - org.springframework.web.servlet.mvc.method.annotation.RequestMappingHandlerMapping - Mapped "{[/sell/buyer/order/list],methods=[GET]}" onto public com.xia.sell.vo.ResultVO com.xia.sell.controller.BuyerController.list(java.lang.String,java.lang.Integer) 
2018-09-01 12:18:40,529 - [main] - INFO - org.springframework.web.servlet.mvc.method.annotation.RequestMappingHandlerMapping - Mapped "{[/sell/buyer/order/cancel],methods=[POST]}" onto public com.xia.sell.vo.ResultVO com.xia.sell.controller.BuyerController.cancel(java.lang.String,java.lang.String) 
2018-09-01 12:18:40,530 - [main] - INFO - org.springframework.web.servlet.mvc.method.annotation.RequestMappingHandlerMapping - Mapped "{[/sell/buyer/order/detail],methods=[GET]}" onto public com.xia.sell.vo.ResultVO com.xia.sell.controller.BuyerController.detail(java.lang.String,java.lang.String) 
2018-09-01 12:18:40,530 - [main] - INFO - org.springframework.web.servlet.mvc.method.annotation.RequestMappingHandlerMapping - Mapped "{[/],methods=[GET]}" onto public java.lang.String com.xia.sell.controller.MainController.index() 
2018-09-01 12:18:40,531 - [main] - INFO - org.springframework.web.servlet.mvc.method.annotation.RequestMappingHandlerMapping - Mapped "{[/sell/buyer/product/list],methods=[GET]}" onto public com.xia.sell.vo.ResultVO com.xia.sell.controller.ProductListController.productList() 
2018-09-01 12:18:40,533 - [main] - INFO - org.springframework.web.servlet.mvc.method.annotation.RequestMappingHandlerMapping - Mapped "{[/error]}" onto public org.springframework.http.ResponseEntity<java.util.Map<java.lang.String, java.lang.Object>> org.springframework.boot.autoconfigure.web.servlet.error.BasicErrorController.error(javax.servlet.http.HttpServletRequest) 
2018-09-01 12:18:40,534 - [main] - INFO - org.springframework.web.servlet.mvc.method.annotation.RequestMappingHandlerMapping - Mapped "{[/error],produces=[text/html]}" onto public org.springframework.web.servlet.ModelAndView org.springframework.boot.autoconfigure.web.servlet.error.BasicErrorController.errorHtml(javax.servlet.http.HttpServletRequest,javax.servlet.http.HttpServletResponse) 
2018-09-01 12:18:40,580 - [main] - INFO - org.springframework.web.servlet.handler.SimpleUrlHandlerMapping - Mapped URL path [/webjars/**] onto handler of type [class org.springframework.web.servlet.resource.ResourceHttpRequestHandler] 
2018-09-01 12:18:40,580 - [main] - INFO - org.springframework.web.servlet.handler.SimpleUrlHandlerMapping - Mapped URL path [/**] onto handler of type [class org.springframework.web.servlet.resource.ResourceHttpRequestHandler] 
2018-09-01 12:18:40,771 - [main] - INFO - org.springframework.boot.autoconfigure.web.servlet.WelcomePageHandlerMapping - Adding welcome page template: index 
2018-09-01 12:18:41,231 - [main] - INFO - org.springframework.jmx.export.annotation.AnnotationMBeanExporter - Registering beans for JMX exposure on startup 
2018-09-01 12:18:41,233 - [main] - INFO - org.springframework.jmx.export.annotation.AnnotationMBeanExporter - Bean with name 'dataSource' has been autodetected for JMX exposure 
2018-09-01 12:18:41,248 - [main] - INFO - org.springframework.jmx.export.annotation.AnnotationMBeanExporter - Located MBean 'dataSource': registering with JMX server as MBean [com.zaxxer.hikari:name=dataSource,type=HikariDataSource] 
2018-09-01 12:18:41,266 - [main] - INFO - org.apache.coyote.http11.Http11NioProtocol - Starting ProtocolHandler ["http-nio-8080"] 
2018-09-01 12:18:41,295 - [main] - INFO - org.apache.tomcat.util.net.NioSelectorPool - Using a shared selector for servlet write/read 
2018-09-01 12:18:41,341 - [main] - INFO - org.springframework.boot.web.embedded.tomcat.TomcatWebServer - Tomcat started on port(s): 8080 (http) with context path '' 
2018-09-01 12:18:41,351 - [main] - INFO - com.xia.sell.SellApplication - Started SellApplication in 5.727 seconds (JVM running for 8.366) 
2018-09-01 12:18:44,013 - [http-nio-8080-exec-1] - INFO - org.apache.catalina.core.ContainerBase.[Tomcat].[localhost].[/] - Initializing Spring FrameworkServlet 'dispatcherServlet' 
2018-09-01 12:18:44,013 - [http-nio-8080-exec-1] - INFO - org.springframework.web.servlet.DispatcherServlet - FrameworkServlet 'dispatcherServlet': initialization started 
2018-09-01 12:18:44,077 - [http-nio-8080-exec-1] - INFO - org.springframework.web.servlet.DispatcherServlet - FrameworkServlet 'dispatcherServlet': initialization completed in 64 ms 
2018-09-01 12:18:45,376 - [http-nio-8080-exec-8] - INFO - com.zaxxer.hikari.HikariDataSource - HikariPool-1 - Starting... 
2018-09-01 12:18:45,641 - [http-nio-8080-exec-8] - INFO - com.zaxxer.hikari.HikariDataSource - HikariPool-1 - Start completed. 
