2018-09-17 14:05:09,968 - [main] - INFO - com.xia.sell.SellApplication - Starting SellApplication on DESKTOP-59AH7K1 with PID 10252 (F:\ideaProject\sell\target\classes started by xia in F:\ideaProject\sell) 
2018-09-17 14:05:10,054 - [main] - INFO - com.xia.sell.SellApplication - No active profile set, falling back to default profiles: default 
2018-09-17 14:05:11,079 - [main] - INFO - org.springframework.boot.web.servlet.context.AnnotationConfigServletWebServerApplicationContext - Refreshing org.springframework.boot.web.servlet.context.AnnotationConfigServletWebServerApplicationContext@878537d: startup date [Mon Sep 17 14:05:11 CST 2018]; root of context hierarchy 
2018-09-17 14:05:17,890 - [main] - INFO - org.springframework.context.support.PostProcessorRegistrationDelegate$BeanPostProcessorChecker - Bean 'shiroConfiguration' of type [com.xia.sell.com.xia.sell.config.ShiroConfiguration$$EnhancerBySpringCGLIB$$7ef29f25] is not eligible for getting processed by all BeanPostProcessors (for example: not eligible for auto-proxying)
2018-09-17 14:05:17,911 - [main] - INFO - org.springframework.context.support.PostProcessorRegistrationDelegate$BeanPostProcessorChecker - Bean 'org.springframework.transaction.annotation.ProxyTransactionManagementConfiguration' of type [org.springframework.transaction.annotation.ProxyTransactionManagementConfiguration$$EnhancerBySpringCGLIB$$85e16ce0] is not eligible for getting processed by all BeanPostProcessors (for example: not eligible for auto-proxying) 
2018-09-17 14:05:18,374 - [main] - INFO - org.springframework.context.support.PostProcessorRegistrationDelegate$BeanPostProcessorChecker - Bean 'org.springframework.boot.context.properties.ConversionServiceDeducer$Factory' of type [org.springframework.boot.context.properties.ConversionServiceDeducer$Factory] is not eligible for getting processed by all BeanPostProcessors (for example: not eligible for auto-proxying) 
2018-09-17 14:05:18,531 - [main] - INFO - org.springframework.context.support.PostProcessorRegistrationDelegate$BeanPostProcessorChecker - Bean 'mybatis-org.mybatis.spring.boot.autoconfigure.MybatisProperties' of type [org.mybatis.spring.boot.autoconfigure.MybatisProperties] is not eligible for getting processed by all BeanPostProcessors (for example: not eligible for auto-proxying) 
2018-09-17 14:05:18,553 - [main] - INFO - org.springframework.context.support.PostProcessorRegistrationDelegate$BeanPostProcessorChecker - Bean 'org.mybatis.spring.boot.autoconfigure.MybatisAutoConfiguration' of type [org.mybatis.spring.boot.autoconfigure.MybatisAutoConfiguration$$EnhancerBySpringCGLIB$$b8b5be10] is not eligible for getting processed by all BeanPostProcessors (for example: not eligible for auto-proxying) 
2018-09-17 14:05:18,559 - [main] - INFO - org.springframework.context.support.PostProcessorRegistrationDelegate$BeanPostProcessorChecker - Bean 'org.springframework.boot.autoconfigure.jdbc.DataSourceConfiguration$Hikari' of type [org.springframework.boot.autoconfigure.jdbc.DataSourceConfiguration$Hikari] is not eligible for getting processed by all BeanPostProcessors (for example: not eligible for auto-proxying) 
2018-09-17 14:05:18,584 - [main] - INFO - org.springframework.context.support.PostProcessorRegistrationDelegate$BeanPostProcessorChecker - Bean 'spring.datasource-org.springframework.boot.autoconfigure.jdbc.DataSourceProperties' of type [org.springframework.boot.autoconfigure.jdbc.DataSourceProperties] is not eligible for getting processed by all BeanPostProcessors (for example: not eligible for auto-proxying) 
2018-09-17 14:05:18,782 - [main] - INFO - org.springframework.context.support.PostProcessorRegistrationDelegate$BeanPostProcessorChecker - Bean 'dataSource' of type [com.zaxxer.hikari.HikariDataSource] is not eligible for getting processed by all BeanPostProcessors (for example: not eligible for auto-proxying) 
2018-09-17 14:05:18,802 - [main] - INFO - org.springframework.context.support.PostProcessorRegistrationDelegate$BeanPostProcessorChecker - Bean 'org.springframework.boot.autoconfigure.jdbc.DataSourceInitializerInvoker' of type [org.springframework.boot.autoconfigure.jdbc.DataSourceInitializerInvoker] is not eligible for getting processed by all BeanPostProcessors (for example: not eligible for auto-proxying) 
2018-09-17 14:05:20,378 - [main] - INFO - org.springframework.context.support.PostProcessorRegistrationDelegate$BeanPostProcessorChecker - Bean 'sqlSessionFactory' of type [org.apache.ibatis.session.defaults.DefaultSqlSessionFactory] is not eligible for getting processed by all BeanPostProcessors (for example: not eligible for auto-proxying) 
2018-09-17 14:05:20,466 - [main] - INFO - org.springframework.context.support.PostProcessorRegistrationDelegate$BeanPostProcessorChecker - Bean 'sqlSessionTemplate' of type [org.mybatis.spring.SqlSessionTemplate] is not eligible for getting processed by all BeanPostProcessors (for example: not eligible for auto-proxying) 
2018-09-17 14:05:20,471 - [main] - INFO - org.springframework.context.support.PostProcessorRegistrationDelegate$BeanPostProcessorChecker - Bean 'sellerInfoMapper' of type [org.mybatis.spring.mapper.MapperFactoryBean] is not eligible for getting processed by all BeanPostProcessors (for example: not eligible for auto-proxying) 
2018-09-17 14:05:20,479 - [main] - INFO - org.springframework.context.support.PostProcessorRegistrationDelegate$BeanPostProcessorChecker - Bean 'sellerInfoMapper' of type [com.sun.proxy.$Proxy63] is not eligible for getting processed by all BeanPostProcessors (for example: not eligible for auto-proxying) 
2018-09-17 14:05:20,485 - [main] - INFO - org.springframework.context.support.PostProcessorRegistrationDelegate$BeanPostProcessorChecker - Bean 'sellerInfoServiceImpl' of type [com.xia.sell.service.impl.SellerInfoServiceImpl] is not eligible for getting processed by all BeanPostProcessors (for example: not eligible for auto-proxying) 
2018-09-17 14:05:20,487 - [main] - INFO - org.springframework.context.support.PostProcessorRegistrationDelegate$BeanPostProcessorChecker - Bean 'myShiroRealm' of type [com.xia.sell.com.xia.sell.config.MyShiroRealm] is not eligible for getting processed by all BeanPostProcessors (for example: not eligible for auto-proxying)
2018-09-17 14:05:20,511 - [main] - INFO - org.springframework.context.support.PostProcessorRegistrationDelegate$BeanPostProcessorChecker - Bean 'rememberMeCookie' of type [org.apache.shiro.web.servlet.SimpleCookie] is not eligible for getting processed by all BeanPostProcessors (for example: not eligible for auto-proxying) 
2018-09-17 14:05:20,540 - [main] - INFO - org.springframework.context.support.PostProcessorRegistrationDelegate$BeanPostProcessorChecker - Bean 'rememberMeManager' of type [org.apache.shiro.web.mgt.CookieRememberMeManager] is not eligible for getting processed by all BeanPostProcessors (for example: not eligible for auto-proxying) 
2018-09-17 14:05:20,557 - [main] - INFO - org.springframework.context.support.PostProcessorRegistrationDelegate$BeanPostProcessorChecker - Bean 'securityManager' of type [org.apache.shiro.web.mgt.DefaultWebSecurityManager] is not eligible for getting processed by all BeanPostProcessors (for example: not eligible for auto-proxying) 
2018-09-17 14:05:23,151 - [main] - INFO - org.springframework.boot.web.embedded.tomcat.TomcatWebServer - Tomcat initialized with port(s): 8080 (http) 
2018-09-17 14:05:23,260 - [main] - INFO - org.apache.coyote.http11.Http11NioProtocol - Initializing ProtocolHandler ["http-nio-8080"] 
2018-09-17 14:05:23,358 - [main] - INFO - org.apache.catalina.core.StandardService - Starting service [Tomcat] 
2018-09-17 14:05:23,358 - [main] - INFO - org.apache.catalina.core.StandardEngine - Starting Servlet Engine: Apache Tomcat/8.5.32 
2018-09-17 14:05:23,394 - [localhost-startStop-1] - INFO - org.apache.catalina.core.AprLifecycleListener - The APR based Apache Tomcat Native library which allows optimal performance in production environments was not found on the java.library.path: [C:\Java\jdk1.8.0_121\bin;C:\WINDOWS\Sun\Java\bin;C:\WINDOWS\system32;C:\WINDOWS;C:\ProgramData\Oracle\Java\javapath;C:\Java\jdk1.8.0_121\bin;C:\Java\jdk1.8.0_121\jre\bin;C:\WINDOWS\system32;C:\WINDOWS;C:\WINDOWS\System32\Wbem;C:\WINDOWS\System32\WindowsPowerShell\v1.0\;C:\Program Files (x86)\NVIDIA Corporation\PhysX\Common;C:\Users\xia\AppData\Local\Android\sdk\platform-tools\adb.exe;C:\WINDOWS\system32;C:\WINDOWS;C:\WINDOWS\System32\Wbem;C:\WINDOWS\System32\WindowsPowerShell\v1.0\;C:\Program Files\MySQL\MySQL Server 5.5\bin;C:\Program Files\Git\cmd;D:\Android\android-sdk\platform-tools;D:\Android\android-sdk\tools;E:\apache-maven-3.5.3\bin\;%TALINA_HOME%\bin\;C:\WINDOWS\System32\OpenSSH\;E:\gradle-4.9\bin;D:\mysql-8.0.11-winx64\bin;C:\Users\xia\AppData\Local\Microsoft\WindowsApps;C:\Users\xia\AppData\Local\Programs\Fiddler;C:\Users\xia\AppData\Local\GitHubDesktop\bin;%USERPROFILE%\AppData\Local\Microsoft\WindowsApps;;.] 
2018-09-17 14:05:24,053 - [localhost-startStop-1] - INFO - org.apache.catalina.core.ContainerBase.[Tomcat].[localhost].[/] - Initializing Spring embedded WebApplicationContext 
2018-09-17 14:05:24,053 - [localhost-startStop-1] - INFO - org.springframework.web.context.ContextLoader - Root WebApplicationContext: initialization completed in 12974 ms 
2018-09-17 14:05:24,625 - [localhost-startStop-1] - INFO - org.springframework.boot.web.servlet.ServletRegistrationBean - Servlet dispatcherServlet mapped to [/] 
2018-09-17 14:05:24,633 - [localhost-startStop-1] - INFO - org.springframework.boot.web.servlet.FilterRegistrationBean - Mapping filter: 'characterEncodingFilter' to: [/*] 
2018-09-17 14:05:24,634 - [localhost-startStop-1] - INFO - org.springframework.boot.web.servlet.FilterRegistrationBean - Mapping filter: 'hiddenHttpMethodFilter' to: [/*] 
2018-09-17 14:05:24,634 - [localhost-startStop-1] - INFO - org.springframework.boot.web.servlet.FilterRegistrationBean - Mapping filter: 'httpPutFormContentFilter' to: [/*] 
2018-09-17 14:05:24,634 - [localhost-startStop-1] - INFO - org.springframework.boot.web.servlet.FilterRegistrationBean - Mapping filter: 'requestContextFilter' to: [/*] 
2018-09-17 14:05:24,634 - [localhost-startStop-1] - INFO - org.springframework.boot.web.servlet.FilterRegistrationBean - Mapping filter: 'shiroFilterFactoryBean' to: [/*] 
2018-09-17 14:05:25,797 - [main] - INFO - org.springframework.web.servlet.handler.SimpleUrlHandlerMapping - Mapped URL path [/**/favicon.ico] onto handler of type [class org.springframework.web.servlet.resource.ResourceHttpRequestHandler] 
2018-09-17 14:05:26,351 - [main] - INFO - org.springframework.web.servlet.mvc.method.annotation.RequestMappingHandlerAdapter - Looking for @ControllerAdvice: org.springframework.boot.web.servlet.context.AnnotationConfigServletWebServerApplicationContext@878537d: startup date [Mon Sep 17 14:05:11 CST 2018]; root of context hierarchy 
2018-09-17 14:05:26,534 - [main] - INFO - org.springframework.web.servlet.mvc.method.annotation.RequestMappingHandlerMapping - Mapped "{[/buyer/address/remove],methods=[GET]}" onto public com.xia.sell.vo.ResultVO com.xia.sell.controller.BuyerAddressController.remove(java.lang.String) 
2018-09-17 14:05:26,535 - [main] - INFO - org.springframework.web.servlet.mvc.method.annotation.RequestMappingHandlerMapping - Mapped "{[/buyer/address/list],methods=[GET]}" onto public com.xia.sell.vo.ResultVO com.xia.sell.controller.BuyerAddressController.list(java.lang.String) 
2018-09-17 14:05:26,535 - [main] - INFO - org.springframework.web.servlet.mvc.method.annotation.RequestMappingHandlerMapping - Mapped "{[/buyer/address/save],methods=[POST]}" onto public com.xia.sell.vo.ResultVO com.xia.sell.controller.BuyerAddressController.save(com.xia.sell.dto.BuyerAddressDTO) 
2018-09-17 14:05:26,538 - [main] - INFO - org.springframework.web.servlet.mvc.method.annotation.RequestMappingHandlerMapping - Mapped "{[/buyer/order/create],methods=[POST]}" onto public com.xia.sell.vo.ResultVO com.xia.sell.controller.BuyerOrderController.create(com.xia.sell.dto.OrderCreateDTO,org.springframework.validation.Errors) 
2018-09-17 14:05:26,538 - [main] - INFO - org.springframework.web.servlet.mvc.method.annotation.RequestMappingHandlerMapping - Mapped "{[/buyer/order/list],methods=[GET]}" onto public com.xia.sell.vo.ResultVO com.xia.sell.controller.BuyerOrderController.list(java.lang.String,java.lang.Integer) 
2018-09-17 14:05:26,538 - [main] - INFO - org.springframework.web.servlet.mvc.method.annotation.RequestMappingHandlerMapping - Mapped "{[/buyer/order/cancel],methods=[POST]}" onto public com.xia.sell.vo.ResultVO com.xia.sell.controller.BuyerOrderController.cancel(java.lang.String,java.lang.String) 
2018-09-17 14:05:26,539 - [main] - INFO - org.springframework.web.servlet.mvc.method.annotation.RequestMappingHandlerMapping - Mapped "{[/buyer/order/detail],methods=[GET]}" onto public com.xia.sell.vo.ResultVO com.xia.sell.controller.BuyerOrderController.detail(java.lang.String,java.lang.String) 
2018-09-17 14:05:26,539 - [main] - INFO - org.springframework.web.servlet.mvc.method.annotation.RequestMappingHandlerMapping - Mapped "{[/buyer/order/payFail],methods=[POST]}" onto public com.xia.sell.vo.ResultVO com.xia.sell.controller.BuyerOrderController.payFail() 
2018-09-17 14:05:26,539 - [main] - INFO - org.springframework.web.servlet.mvc.method.annotation.RequestMappingHandlerMapping - Mapped "{[/buyer/order/paySuccess],methods=[POST]}" onto public com.xia.sell.vo.ResultVO com.xia.sell.controller.BuyerOrderController.paySuccess(java.lang.String) 
2018-09-17 14:05:26,542 - [main] - INFO - org.springframework.web.servlet.mvc.method.annotation.RequestMappingHandlerMapping - Mapped "{[/buyer/shop/simpleDetail],methods=[GET]}" onto public com.xia.sell.vo.BuyerShopSimpleDetailVo com.xia.sell.controller.BuyerShopController.simpleDetail(java.lang.String) 
2018-09-17 14:05:26,542 - [main] - INFO - org.springframework.web.servlet.mvc.method.annotation.RequestMappingHandlerMapping - Mapped "{[/buyer/shop/discount],methods=[GET]}" onto public com.xia.sell.vo.ResultVO com.xia.sell.controller.BuyerShopController.sellerDiscount(java.lang.String) 
2018-09-17 14:05:26,542 - [main] - INFO - org.springframework.web.servlet.mvc.method.annotation.RequestMappingHandlerMapping - Mapped "{[/buyer/shop/list],methods=[GET]}" onto public com.xia.sell.vo.ResultVO<java.util.List> com.xia.sell.controller.BuyerShopController.allShop(java.lang.String,java.lang.String) 
2018-09-17 14:05:26,543 - [main] - INFO - org.springframework.web.servlet.mvc.method.annotation.RequestMappingHandlerMapping - Mapped "{[/],methods=[GET]}" onto public java.lang.String com.xia.sell.controller.MainController.index() 
2018-09-17 14:05:26,544 - [main] - INFO - org.springframework.web.servlet.mvc.method.annotation.RequestMappingHandlerMapping - Mapped "{[/buyer/product/list],methods=[GET]}" onto public com.xia.sell.vo.ResultVO com.xia.sell.controller.ProductListController.productList(java.lang.String) 
2018-09-17 14:05:26,545 - [main] - INFO - org.springframework.web.servlet.mvc.method.annotation.RequestMappingHandlerMapping - Mapped "{[/seller/login],methods=[GET]}" onto public java.lang.String com.xia.sell.controller.SellerLoginController.login() 
2018-09-17 14:05:26,545 - [main] - INFO - org.springframework.web.servlet.mvc.method.annotation.RequestMappingHandlerMapping - Mapped "{[/seller/login],methods=[POST]}" onto public java.lang.String com.xia.sell.controller.SellerLoginController.toLogin(com.xia.sell.dto.LoginDTO,org.springframework.ui.Model) 
2018-09-17 14:05:26,547 - [main] - INFO - org.springframework.web.servlet.mvc.method.annotation.RequestMappingHandlerMapping - Mapped "{[/seller/order/finish],methods=[GET]}" onto public java.lang.String com.xia.sell.controller.SellerOrderController.finish(java.lang.String,org.springframework.ui.Model) 
2018-09-17 14:05:26,548 - [main] - INFO - org.springframework.web.servlet.mvc.method.annotation.RequestMappingHandlerMapping - Mapped "{[/seller/order/cancel],methods=[GET]}" onto public java.lang.String com.xia.sell.controller.SellerOrderController.cancel(java.lang.String,org.springframework.ui.Model) 
2018-09-17 14:05:26,548 - [main] - INFO - org.springframework.web.servlet.mvc.method.annotation.RequestMappingHandlerMapping - Mapped "{[/seller/order/details],methods=[GET]}" onto public java.lang.String com.xia.sell.controller.SellerOrderController.details(java.lang.String,org.springframework.ui.Model) 
2018-09-17 14:05:26,548 - [main] - INFO - org.springframework.web.servlet.mvc.method.annotation.RequestMappingHandlerMapping - Mapped "{[/seller/order/list],methods=[GET]}" onto public java.lang.String com.xia.sell.controller.SellerOrderController.orderList(java.lang.Integer,org.springframework.ui.Model) 
2018-09-17 14:05:26,555 - [main] - INFO - org.springframework.web.servlet.mvc.method.annotation.RequestMappingHandlerMapping - Mapped "{[/seller/product/list],methods=[GET]}" onto public java.lang.String com.xia.sell.controller.SellerProductController.list(org.springframework.ui.Model) 
2018-09-17 14:05:26,556 - [main] - INFO - org.springframework.web.servlet.mvc.method.annotation.RequestMappingHandlerMapping - Mapped "{[/seller/product/changeProduct],methods=[GET]}" onto public java.lang.String com.xia.sell.controller.SellerProductController.getChangeProduct(java.lang.String,org.springframework.ui.Model) 
2018-09-17 14:05:26,556 - [main] - INFO - org.springframework.web.servlet.mvc.method.annotation.RequestMappingHandlerMapping - Mapped "{[/seller/product/changeProduct],methods=[POST]}" onto public java.lang.String com.xia.sell.controller.SellerProductController.changeProduct(com.xia.sell.dto.ProductInfoDTO,org.springframework.validation.Errors) 
2018-09-17 14:05:26,557 - [main] - INFO - org.springframework.web.servlet.mvc.method.annotation.RequestMappingHandlerMapping - Mapped "{[/seller/product/addProduct],methods=[POST]}" onto public java.lang.String com.xia.sell.controller.SellerProductController.addProduct(com.xia.sell.dto.ProductInfoDTO,org.springframework.validation.Errors) 
2018-09-17 14:05:26,557 - [main] - INFO - org.springframework.web.servlet.mvc.method.annotation.RequestMappingHandlerMapping - Mapped "{[/seller/product/changeStatus],methods=[GET]}" onto public java.lang.String com.xia.sell.controller.SellerProductController.changeStatus(java.lang.String,org.springframework.ui.Model) 
2018-09-17 14:05:26,558 - [main] - INFO - org.springframework.web.servlet.mvc.method.annotation.RequestMappingHandlerMapping - Mapped "{[/seller/product/addProduct],methods=[GET]}" onto public java.lang.String com.xia.sell.controller.SellerProductController.getAddProductPage(org.springframework.ui.Model) 
2018-09-17 14:05:26,559 - [main] - INFO - org.springframework.web.servlet.mvc.method.annotation.RequestMappingHandlerMapping - Mapped "{[/decrypt],methods=[GET]}" onto public java.lang.String com.xia.sell.controller.WXLogin.decrypt(java.lang.String,java.lang.String) 
2018-09-17 14:05:26,560 - [main] - INFO - org.springframework.web.servlet.mvc.method.annotation.RequestMappingHandlerMapping - Mapped "{[/WXLogin],methods=[GET]}" onto public java.lang.String com.xia.sell.controller.WXLogin.login(java.lang.String) throws java.io.IOException 
2018-09-17 14:05:26,560 - [main] - INFO - org.springframework.web.servlet.mvc.method.annotation.RequestMappingHandlerMapping - Mapped "{[/checkRawData],methods=[GET]}" onto public java.lang.String com.xia.sell.controller.WXLogin.checkRawData(java.lang.String,java.lang.String) throws java.io.UnsupportedEncodingException 
2018-09-17 14:05:26,565 - [main] - INFO - org.springframework.web.servlet.mvc.method.annotation.RequestMappingHandlerMapping - Mapped "{[/error]}" onto public org.springframework.http.ResponseEntity<java.util.Map<java.lang.String, java.lang.Object>> org.springframework.boot.autoconfigure.web.servlet.error.BasicErrorController.error(javax.servlet.http.HttpServletRequest) 
2018-09-17 14:05:26,567 - [main] - INFO - org.springframework.web.servlet.mvc.method.annotation.RequestMappingHandlerMapping - Mapped "{[/error],produces=[text/html]}" onto public org.springframework.web.servlet.ModelAndView org.springframework.boot.autoconfigure.web.servlet.error.BasicErrorController.errorHtml(javax.servlet.http.HttpServletRequest,javax.servlet.http.HttpServletResponse) 
2018-09-17 14:05:26,636 - [main] - INFO - org.springframework.web.servlet.handler.SimpleUrlHandlerMapping - Mapped URL path [/webjars/**] onto handler of type [class org.springframework.web.servlet.resource.ResourceHttpRequestHandler] 
2018-09-17 14:05:26,636 - [main] - INFO - org.springframework.web.servlet.handler.SimpleUrlHandlerMapping - Mapped URL path [/**] onto handler of type [class org.springframework.web.servlet.resource.ResourceHttpRequestHandler] 
2018-09-17 14:05:27,162 - [main] - INFO - org.springframework.boot.autoconfigure.web.servlet.WelcomePageHandlerMapping - Adding welcome page template: index 
2018-09-17 14:05:27,860 - [main] - INFO - org.springframework.jmx.export.annotation.AnnotationMBeanExporter - Registering beans for JMX exposure on startup 
2018-09-17 14:05:27,862 - [main] - INFO - org.springframework.jmx.export.annotation.AnnotationMBeanExporter - Bean with name 'dataSource' has been autodetected for JMX exposure 
2018-09-17 14:05:27,872 - [main] - INFO - org.springframework.jmx.export.annotation.AnnotationMBeanExporter - Located MBean 'dataSource': registering with JMX server as MBean [com.zaxxer.hikari:name=dataSource,type=HikariDataSource] 
2018-09-17 14:05:27,916 - [main] - INFO - org.apache.coyote.http11.Http11NioProtocol - Starting ProtocolHandler ["http-nio-8080"] 
2018-09-17 14:05:27,948 - [main] - INFO - org.apache.tomcat.util.net.NioSelectorPool - Using a shared selector for servlet write/read 
2018-09-17 14:05:28,096 - [main] - INFO - org.springframework.boot.web.embedded.tomcat.TomcatWebServer - Tomcat started on port(s): 8080 (http) with context path '' 
2018-09-17 14:05:28,133 - [main] - INFO - com.xia.sell.SellApplication - Started SellApplication in 22.482 seconds (JVM running for 39.4) 
2018-09-17 14:06:05,770 - [http-nio-8080-exec-1] - INFO - org.apache.catalina.core.ContainerBase.[Tomcat].[localhost].[/] - Initializing Spring FrameworkServlet 'dispatcherServlet' 
2018-09-17 14:06:05,770 - [http-nio-8080-exec-1] - INFO - org.springframework.web.servlet.DispatcherServlet - FrameworkServlet 'dispatcherServlet': initialization started 
2018-09-17 14:06:05,824 - [http-nio-8080-exec-1] - INFO - org.springframework.web.servlet.DispatcherServlet - FrameworkServlet 'dispatcherServlet': initialization completed in 54 ms 
2018-09-17 14:06:06,273 - [http-nio-8080-exec-1] - INFO - com.zaxxer.hikari.HikariDataSource - HikariPool-1 - Starting... 
2018-09-17 14:06:06,845 - [http-nio-8080-exec-1] - INFO - com.zaxxer.hikari.HikariDataSource - HikariPool-1 - Start completed. 
2018-09-17 14:20:56,267 - [http-nio-8080-exec-6] - WARN - org.springframework.context.annotation.ClassPathScanningCandidateComponentProvider - No MyBatis mapper was found in '[com.xia.sell.dao]' package. Please check your configuration. 
2018-09-17 14:20:57,025 - [http-nio-8080-exec-6] - INFO - org.springframework.web.servlet.handler.SimpleUrlHandlerMapping - Mapped URL path [/**/favicon.ico] onto handler of type [class org.springframework.web.servlet.resource.ResourceHttpRequestHandler] 
2018-09-17 14:20:57,029 - [http-nio-8080-exec-6] - INFO - org.springframework.web.servlet.mvc.method.annotation.RequestMappingHandlerMapping - Mapped "{[/buyer/address/remove],methods=[GET]}" onto public com.xia.sell.vo.ResultVO com.xia.sell.controller.BuyerAddressController.remove(java.lang.String) 
2018-09-17 14:20:57,030 - [http-nio-8080-exec-6] - INFO - org.springframework.web.servlet.mvc.method.annotation.RequestMappingHandlerMapping - Mapped "{[/buyer/address/list],methods=[GET]}" onto public com.xia.sell.vo.ResultVO com.xia.sell.controller.BuyerAddressController.list(java.lang.String) 
2018-09-17 14:20:57,030 - [http-nio-8080-exec-6] - INFO - org.springframework.web.servlet.mvc.method.annotation.RequestMappingHandlerMapping - Mapped "{[/buyer/address/save],methods=[POST]}" onto public com.xia.sell.vo.ResultVO com.xia.sell.controller.BuyerAddressController.save(com.xia.sell.dto.BuyerAddressDTO) 
2018-09-17 14:20:57,039 - [http-nio-8080-exec-6] - INFO - org.springframework.web.servlet.mvc.method.annotation.RequestMappingHandlerMapping - Mapped "{[/buyer/order/create],methods=[POST]}" onto public com.xia.sell.vo.ResultVO com.xia.sell.controller.BuyerOrderController.create(com.xia.sell.dto.OrderCreateDTO,org.springframework.validation.Errors) 
2018-09-17 14:20:57,040 - [http-nio-8080-exec-6] - INFO - org.springframework.web.servlet.mvc.method.annotation.RequestMappingHandlerMapping - Mapped "{[/buyer/order/list],methods=[GET]}" onto public com.xia.sell.vo.ResultVO com.xia.sell.controller.BuyerOrderController.list(java.lang.String,java.lang.Integer) 
2018-09-17 14:20:57,041 - [http-nio-8080-exec-6] - INFO - org.springframework.web.servlet.mvc.method.annotation.RequestMappingHandlerMapping - Mapped "{[/buyer/order/cancel],methods=[POST]}" onto public com.xia.sell.vo.ResultVO com.xia.sell.controller.BuyerOrderController.cancel(java.lang.String,java.lang.String) 
2018-09-17 14:20:57,042 - [http-nio-8080-exec-6] - INFO - org.springframework.web.servlet.mvc.method.annotation.RequestMappingHandlerMapping - Mapped "{[/buyer/order/amount],methods=[GET]}" onto public com.xia.sell.vo.ResultVO com.xia.sell.controller.BuyerOrderController.amount(java.lang.String,java.lang.String) 
2018-09-17 14:20:57,042 - [http-nio-8080-exec-6] - INFO - org.springframework.web.servlet.mvc.method.annotation.RequestMappingHandlerMapping - Mapped "{[/buyer/order/detail],methods=[GET]}" onto public com.xia.sell.vo.ResultVO com.xia.sell.controller.BuyerOrderController.detail(java.lang.String,java.lang.String) 
2018-09-17 14:20:57,043 - [http-nio-8080-exec-6] - INFO - org.springframework.web.servlet.mvc.method.annotation.RequestMappingHandlerMapping - Mapped "{[/buyer/order/payFail],methods=[POST]}" onto public com.xia.sell.vo.ResultVO com.xia.sell.controller.BuyerOrderController.payFail() 
2018-09-17 14:20:57,043 - [http-nio-8080-exec-6] - INFO - org.springframework.web.servlet.mvc.method.annotation.RequestMappingHandlerMapping - Mapped "{[/buyer/order/paySuccess],methods=[POST]}" onto public com.xia.sell.vo.ResultVO com.xia.sell.controller.BuyerOrderController.paySuccess(java.lang.String) 
2018-09-17 14:20:57,046 - [http-nio-8080-exec-6] - INFO - org.springframework.web.servlet.mvc.method.annotation.RequestMappingHandlerMapping - Mapped "{[/buyer/shop/simpleDetail],methods=[GET]}" onto public com.xia.sell.vo.BuyerShopSimpleDetailVo com.xia.sell.controller.BuyerShopController.simpleDetail(java.lang.String) 
2018-09-17 14:20:57,047 - [http-nio-8080-exec-6] - INFO - org.springframework.web.servlet.mvc.method.annotation.RequestMappingHandlerMapping - Mapped "{[/buyer/shop/discount],methods=[GET]}" onto public com.xia.sell.vo.ResultVO com.xia.sell.controller.BuyerShopController.sellerDiscount(java.lang.String) 
2018-09-17 14:20:57,048 - [http-nio-8080-exec-6] - INFO - org.springframework.web.servlet.mvc.method.annotation.RequestMappingHandlerMapping - Mapped "{[/buyer/shop/list],methods=[GET]}" onto public com.xia.sell.vo.ResultVO<java.util.List> com.xia.sell.controller.BuyerShopController.allShop(java.lang.String,java.lang.String) 
2018-09-17 14:20:57,049 - [http-nio-8080-exec-6] - INFO - org.springframework.web.servlet.mvc.method.annotation.RequestMappingHandlerMapping - Mapped "{[/],methods=[GET]}" onto public java.lang.String com.xia.sell.controller.MainController.index() 
2018-09-17 14:20:57,051 - [http-nio-8080-exec-6] - INFO - org.springframework.web.servlet.mvc.method.annotation.RequestMappingHandlerMapping - Mapped "{[/buyer/product/list],methods=[GET]}" onto public com.xia.sell.vo.ResultVO com.xia.sell.controller.ProductListController.productList(java.lang.String) 
2018-09-17 14:20:57,053 - [http-nio-8080-exec-6] - INFO - org.springframework.web.servlet.mvc.method.annotation.RequestMappingHandlerMapping - Mapped "{[/seller/login],methods=[GET]}" onto public java.lang.String com.xia.sell.controller.SellerLoginController.login() 
2018-09-17 14:20:57,054 - [http-nio-8080-exec-6] - INFO - org.springframework.web.servlet.mvc.method.annotation.RequestMappingHandlerMapping - Mapped "{[/seller/login],methods=[POST]}" onto public java.lang.String com.xia.sell.controller.SellerLoginController.toLogin(com.xia.sell.dto.LoginDTO,org.springframework.ui.Model) 
2018-09-17 14:20:57,058 - [http-nio-8080-exec-6] - INFO - org.springframework.web.servlet.mvc.method.annotation.RequestMappingHandlerMapping - Mapped "{[/seller/order/finish],methods=[GET]}" onto public java.lang.String com.xia.sell.controller.SellerOrderController.finish(java.lang.String,org.springframework.ui.Model) 
2018-09-17 14:20:57,059 - [http-nio-8080-exec-6] - INFO - org.springframework.web.servlet.mvc.method.annotation.RequestMappingHandlerMapping - Mapped "{[/seller/order/cancel],methods=[GET]}" onto public java.lang.String com.xia.sell.controller.SellerOrderController.cancel(java.lang.String,org.springframework.ui.Model) 
2018-09-17 14:20:57,059 - [http-nio-8080-exec-6] - INFO - org.springframework.web.servlet.mvc.method.annotation.RequestMappingHandlerMapping - Mapped "{[/seller/order/details],methods=[GET]}" onto public java.lang.String com.xia.sell.controller.SellerOrderController.details(java.lang.String,org.springframework.ui.Model) 
2018-09-17 14:20:57,060 - [http-nio-8080-exec-6] - INFO - org.springframework.web.servlet.mvc.method.annotation.RequestMappingHandlerMapping - Mapped "{[/seller/order/list],methods=[GET]}" onto public java.lang.String com.xia.sell.controller.SellerOrderController.orderList(java.lang.Integer,org.springframework.ui.Model) 
2018-09-17 14:20:57,064 - [http-nio-8080-exec-6] - INFO - org.springframework.web.servlet.mvc.method.annotation.RequestMappingHandlerMapping - Mapped "{[/seller/product/list],methods=[GET]}" onto public java.lang.String com.xia.sell.controller.SellerProductController.list(org.springframework.ui.Model) 
2018-09-17 14:20:57,064 - [http-nio-8080-exec-6] - INFO - org.springframework.web.servlet.mvc.method.annotation.RequestMappingHandlerMapping - Mapped "{[/seller/product/changeProduct],methods=[GET]}" onto public java.lang.String com.xia.sell.controller.SellerProductController.getChangeProduct(java.lang.String,org.springframework.ui.Model) 
2018-09-17 14:20:57,064 - [http-nio-8080-exec-6] - INFO - org.springframework.web.servlet.mvc.method.annotation.RequestMappingHandlerMapping - Mapped "{[/seller/product/changeProduct],methods=[POST]}" onto public java.lang.String com.xia.sell.controller.SellerProductController.changeProduct(com.xia.sell.dto.ProductInfoDTO,org.springframework.validation.Errors) 
2018-09-17 14:20:57,065 - [http-nio-8080-exec-6] - INFO - org.springframework.web.servlet.mvc.method.annotation.RequestMappingHandlerMapping - Mapped "{[/seller/product/addProduct],methods=[POST]}" onto public java.lang.String com.xia.sell.controller.SellerProductController.addProduct(com.xia.sell.dto.ProductInfoDTO,org.springframework.validation.Errors) 
2018-09-17 14:20:57,065 - [http-nio-8080-exec-6] - INFO - org.springframework.web.servlet.mvc.method.annotation.RequestMappingHandlerMapping - Mapped "{[/seller/product/changeStatus],methods=[GET]}" onto public java.lang.String com.xia.sell.controller.SellerProductController.changeStatus(java.lang.String,org.springframework.ui.Model) 
2018-09-17 14:20:57,065 - [http-nio-8080-exec-6] - INFO - org.springframework.web.servlet.mvc.method.annotation.RequestMappingHandlerMapping - Mapped "{[/seller/product/addProduct],methods=[GET]}" onto public java.lang.String com.xia.sell.controller.SellerProductController.getAddProductPage(org.springframework.ui.Model) 
2018-09-17 14:20:57,069 - [http-nio-8080-exec-6] - INFO - org.springframework.web.servlet.mvc.method.annotation.RequestMappingHandlerMapping - Mapped "{[/decrypt],methods=[GET]}" onto public java.lang.String com.xia.sell.controller.WXLogin.decrypt(java.lang.String,java.lang.String) 
2018-09-17 14:20:57,069 - [http-nio-8080-exec-6] - INFO - org.springframework.web.servlet.mvc.method.annotation.RequestMappingHandlerMapping - Mapped "{[/WXLogin],methods=[GET]}" onto public java.lang.String com.xia.sell.controller.WXLogin.login(java.lang.String) throws java.io.IOException 
2018-09-17 14:20:57,070 - [http-nio-8080-exec-6] - INFO - org.springframework.web.servlet.mvc.method.annotation.RequestMappingHandlerMapping - Mapped "{[/checkRawData],methods=[GET]}" onto public java.lang.String com.xia.sell.controller.WXLogin.checkRawData(java.lang.String,java.lang.String) throws java.io.UnsupportedEncodingException 
2018-09-17 14:20:57,079 - [http-nio-8080-exec-6] - INFO - org.springframework.web.servlet.mvc.method.annotation.RequestMappingHandlerMapping - Mapped "{[/error]}" onto public org.springframework.http.ResponseEntity<java.util.Map<java.lang.String, java.lang.Object>> org.springframework.boot.autoconfigure.web.servlet.error.BasicErrorController.error(javax.servlet.http.HttpServletRequest) 
2018-09-17 14:20:57,080 - [http-nio-8080-exec-6] - INFO - org.springframework.web.servlet.mvc.method.annotation.RequestMappingHandlerMapping - Mapped "{[/error],produces=[text/html]}" onto public org.springframework.web.servlet.ModelAndView org.springframework.boot.autoconfigure.web.servlet.error.BasicErrorController.errorHtml(javax.servlet.http.HttpServletRequest,javax.servlet.http.HttpServletResponse) 
2018-09-17 14:22:57,991 - [http-nio-8080-exec-7] - WARN - org.springframework.context.annotation.ClassPathScanningCandidateComponentProvider - No MyBatis mapper was found in '[com.xia.sell.dao]' package. Please check your configuration. 
2018-09-17 14:22:58,636 - [http-nio-8080-exec-7] - INFO - org.springframework.web.servlet.handler.SimpleUrlHandlerMapping - Mapped URL path [/**/favicon.ico] onto handler of type [class org.springframework.web.servlet.resource.ResourceHttpRequestHandler] 
2018-09-17 14:23:34,321 - [HikariPool-1 housekeeper] - WARN - com.zaxxer.hikari.pool.HikariPool - HikariPool-1 - Thread starvation or clock leap detected (housekeeper delta=56s90ms129µs590ns). 
2018-09-17 14:24:31,868 - [HikariPool-1 housekeeper] - WARN - com.zaxxer.hikari.pool.HikariPool - HikariPool-1 - Thread starvation or clock leap detected (housekeeper delta=57s375ms2µs369ns). 
2018-09-17 14:30:58,580 - [http-nio-8080-exec-10] - INFO - org.springframework.web.servlet.handler.SimpleUrlHandlerMapping - Mapped URL path [/**/favicon.ico] onto handler of type [class org.springframework.web.servlet.resource.ResourceHttpRequestHandler] 
2018-09-17 14:32:49,471 - [HikariPool-1 housekeeper] - WARN - com.zaxxer.hikari.pool.HikariPool - HikariPool-1 - Thread starvation or clock leap detected (housekeeper delta=1m17s317ms228µs589ns). 
2018-09-17 14:38:54,360 - [HikariPool-1 housekeeper] - WARN - com.zaxxer.hikari.pool.HikariPool - HikariPool-1 - Thread starvation or clock leap detected (housekeeper delta=2m26ms600µs264ns). 
2018-09-17 14:39:40,214 - [HikariPool-1 housekeeper] - WARN - com.zaxxer.hikari.pool.HikariPool - HikariPool-1 - Thread starvation or clock leap detected (housekeeper delta=45s854ms622µs676ns). 
2018-09-17 14:41:13,146 - [http-nio-8080-exec-8] - INFO - org.springframework.web.servlet.handler.SimpleUrlHandlerMapping - Mapped URL path [/**/favicon.ico] onto handler of type [class org.springframework.web.servlet.resource.ResourceHttpRequestHandler] 
2018-09-17 14:44:13,935 - [http-nio-8080-exec-1] - WARN - org.springframework.context.annotation.ClassPathScanningCandidateComponentProvider - No MyBatis mapper was found in '[com.xia.sell.dao]' package. Please check your configuration. 
2018-09-17 14:44:14,425 - [http-nio-8080-exec-1] - INFO - org.springframework.web.servlet.handler.SimpleUrlHandlerMapping - Mapped URL path [/**/favicon.ico] onto handler of type [class org.springframework.web.servlet.resource.ResourceHttpRequestHandler] 
2018-09-17 14:45:52,542 - [HikariPool-1 housekeeper] - WARN - com.zaxxer.hikari.pool.HikariPool - HikariPool-1 - Thread starvation or clock leap detected (housekeeper delta=1m41s795ms561µs596ns). 
2018-09-17 14:47:07,400 - [http-nio-8080-exec-7] - INFO - org.springframework.web.servlet.handler.SimpleUrlHandlerMapping - Mapped URL path [/webjars/**] onto handler of type [class org.springframework.web.servlet.resource.ResourceHttpRequestHandler] 
2018-09-17 14:47:07,400 - [http-nio-8080-exec-7] - INFO - org.springframework.web.servlet.handler.SimpleUrlHandlerMapping - Mapped URL path [/**] onto handler of type [class org.springframework.web.servlet.resource.ResourceHttpRequestHandler] 
2018-09-17 14:49:46,871 - [HikariPool-1 housekeeper] - WARN - com.zaxxer.hikari.pool.HikariPool - HikariPool-1 - Thread starvation or clock leap detected (housekeeper delta=2m39s344ms366µs116ns). 
2018-09-17 14:51:22,300 - [HikariPool-1 housekeeper] - WARN - com.zaxxer.hikari.pool.HikariPool - HikariPool-1 - Thread starvation or clock leap detected (housekeeper delta=1m35s429ms580µs200ns). 
2018-09-17 14:51:22,320 - [http-nio-8080-exec-7] - WARN - org.springframework.context.annotation.ClassPathScanningCandidateComponentProvider - No MyBatis mapper was found in '[com.xia.sell.dao]' package. Please check your configuration. 
2018-09-17 14:52:46,305 - [HikariPool-1 housekeeper] - WARN - com.zaxxer.hikari.pool.HikariPool - HikariPool-1 - Thread starvation or clock leap detected (housekeeper delta=1m24s3ms752µs949ns). 
2018-09-17 14:52:46,330 - [http-nio-8080-exec-6] - WARN - org.springframework.context.annotation.ClassPathScanningCandidateComponentProvider - No MyBatis mapper was found in '[com.xia.sell.dao]' package. Please check your configuration. 
2018-09-17 14:52:46,623 - [http-nio-8080-exec-2] - INFO - org.springframework.web.servlet.handler.SimpleUrlHandlerMapping - Mapped URL path [/**/favicon.ico] onto handler of type [class org.springframework.web.servlet.resource.ResourceHttpRequestHandler] 
2018-09-17 14:53:48,072 - [http-nio-8080-exec-9] - INFO - org.springframework.web.servlet.handler.SimpleUrlHandlerMapping - Mapped URL path [/**/favicon.ico] onto handler of type [class org.springframework.web.servlet.resource.ResourceHttpRequestHandler] 
2018-09-17 15:02:48,319 - [http-nio-8080-exec-6] - INFO - org.springframework.web.servlet.handler.SimpleUrlHandlerMapping - Mapped URL path [/webjars/**] onto handler of type [class org.springframework.web.servlet.resource.ResourceHttpRequestHandler] 
2018-09-17 15:02:48,319 - [http-nio-8080-exec-6] - INFO - org.springframework.web.servlet.handler.SimpleUrlHandlerMapping - Mapped URL path [/**] onto handler of type [class org.springframework.web.servlet.resource.ResourceHttpRequestHandler] 
2018-09-17 15:10:53,655 - [http-nio-8080-exec-4] - WARN - org.springframework.context.annotation.ClassPathScanningCandidateComponentProvider - No MyBatis mapper was found in '[com.xia.sell.dao]' package. Please check your configuration. 
2018-09-17 15:10:54,201 - [http-nio-8080-exec-4] - INFO - org.springframework.web.servlet.handler.SimpleUrlHandlerMapping - Mapped URL path [/**/favicon.ico] onto handler of type [class org.springframework.web.servlet.resource.ResourceHttpRequestHandler] 
2018-09-17 15:11:12,417 - [http-nio-8080-exec-7] - WARN - org.springframework.web.servlet.PageNotFound - Request method 'GET' not supported 
2018-09-17 15:12:02,452 - [http-nio-8080-exec-9] - WARN - org.springframework.context.annotation.ClassPathScanningCandidateComponentProvider - No MyBatis mapper was found in '[com.xia.sell.dao]' package. Please check your configuration. 
2018-09-17 15:12:02,659 - [http-nio-8080-exec-9] - INFO - org.springframework.web.servlet.handler.SimpleUrlHandlerMapping - Mapped URL path [/**/favicon.ico] onto handler of type [class org.springframework.web.servlet.resource.ResourceHttpRequestHandler] 
2018-09-17 15:12:02,663 - [http-nio-8080-exec-9] - INFO - org.springframework.web.servlet.mvc.method.annotation.RequestMappingHandlerMapping - Mapped "{[/buyer/address/remove],methods=[GET]}" onto public com.xia.sell.vo.ResultVO com.xia.sell.controller.BuyerAddressController.remove(java.lang.String) 
2018-09-17 15:12:02,663 - [http-nio-8080-exec-9] - INFO - org.springframework.web.servlet.mvc.method.annotation.RequestMappingHandlerMapping - Mapped "{[/buyer/address/list],methods=[GET]}" onto public com.xia.sell.vo.ResultVO com.xia.sell.controller.BuyerAddressController.list(java.lang.String) 
2018-09-17 15:12:02,663 - [http-nio-8080-exec-9] - INFO - org.springframework.web.servlet.mvc.method.annotation.RequestMappingHandlerMapping - Mapped "{[/buyer/address/save],methods=[POST]}" onto public com.xia.sell.vo.ResultVO com.xia.sell.controller.BuyerAddressController.save(com.xia.sell.dto.BuyerAddressDTO) 
2018-09-17 15:12:02,668 - [http-nio-8080-exec-9] - INFO - org.springframework.web.servlet.mvc.method.annotation.RequestMappingHandlerMapping - Mapped "{[/buyer/order/create],methods=[POST]}" onto public com.xia.sell.vo.ResultVO com.xia.sell.controller.BuyerOrderController.create(com.xia.sell.dto.OrderCreateDTO,org.springframework.validation.Errors) 
2018-09-17 15:12:02,669 - [http-nio-8080-exec-9] - INFO - org.springframework.web.servlet.mvc.method.annotation.RequestMappingHandlerMapping - Mapped "{[/buyer/order/list],methods=[GET]}" onto public com.xia.sell.vo.ResultVO com.xia.sell.controller.BuyerOrderController.list(java.lang.String,java.lang.Integer) 
2018-09-17 15:12:02,669 - [http-nio-8080-exec-9] - INFO - org.springframework.web.servlet.mvc.method.annotation.RequestMappingHandlerMapping - Mapped "{[/buyer/order/cancel],methods=[POST]}" onto public com.xia.sell.vo.ResultVO com.xia.sell.controller.BuyerOrderController.cancel(java.lang.String,java.lang.String) 
2018-09-17 15:12:02,669 - [http-nio-8080-exec-9] - INFO - org.springframework.web.servlet.mvc.method.annotation.RequestMappingHandlerMapping - Mapped "{[/buyer/order/amount],methods=[GET]}" onto public com.xia.sell.vo.ResultVO com.xia.sell.controller.BuyerOrderController.amount(java.lang.String,java.lang.String) 
2018-09-17 15:12:02,670 - [http-nio-8080-exec-9] - INFO - org.springframework.web.servlet.mvc.method.annotation.RequestMappingHandlerMapping - Mapped "{[/buyer/order/detail],methods=[GET]}" onto public com.xia.sell.vo.ResultVO com.xia.sell.controller.BuyerOrderController.detail(java.lang.String,java.lang.String) 
2018-09-17 15:12:02,670 - [http-nio-8080-exec-9] - INFO - org.springframework.web.servlet.mvc.method.annotation.RequestMappingHandlerMapping - Mapped "{[/buyer/order/payFail],methods=[POST]}" onto public com.xia.sell.vo.ResultVO com.xia.sell.controller.BuyerOrderController.payFail() 
2018-09-17 15:12:02,670 - [http-nio-8080-exec-9] - INFO - org.springframework.web.servlet.mvc.method.annotation.RequestMappingHandlerMapping - Mapped "{[/buyer/order/paySuccess],methods=[GET]}" onto public com.xia.sell.vo.ResultVO com.xia.sell.controller.BuyerOrderController.paySuccess(java.lang.String) 
2018-09-17 15:12:02,672 - [http-nio-8080-exec-9] - INFO - org.springframework.web.servlet.mvc.method.annotation.RequestMappingHandlerMapping - Mapped "{[/buyer/shop/simpleDetail],methods=[GET]}" onto public com.xia.sell.vo.BuyerShopSimpleDetailVo com.xia.sell.controller.BuyerShopController.simpleDetail(java.lang.String) 
2018-09-17 15:12:02,673 - [http-nio-8080-exec-9] - INFO - org.springframework.web.servlet.mvc.method.annotation.RequestMappingHandlerMapping - Mapped "{[/buyer/shop/discount],methods=[GET]}" onto public com.xia.sell.vo.ResultVO com.xia.sell.controller.BuyerShopController.sellerDiscount(java.lang.String) 
2018-09-17 15:12:02,673 - [http-nio-8080-exec-9] - INFO - org.springframework.web.servlet.mvc.method.annotation.RequestMappingHandlerMapping - Mapped "{[/buyer/shop/list],methods=[GET]}" onto public com.xia.sell.vo.ResultVO<java.util.List> com.xia.sell.controller.BuyerShopController.allShop(java.lang.String,java.lang.String) 
2018-09-17 15:12:02,674 - [http-nio-8080-exec-9] - INFO - org.springframework.web.servlet.mvc.method.annotation.RequestMappingHandlerMapping - Mapped "{[/],methods=[GET]}" onto public java.lang.String com.xia.sell.controller.MainController.index() 
2018-09-17 15:12:02,675 - [http-nio-8080-exec-9] - INFO - org.springframework.web.servlet.mvc.method.annotation.RequestMappingHandlerMapping - Mapped "{[/buyer/product/list],methods=[GET]}" onto public com.xia.sell.vo.ResultVO com.xia.sell.controller.ProductListController.productList(java.lang.String) 
2018-09-17 15:12:02,676 - [http-nio-8080-exec-9] - INFO - org.springframework.web.servlet.mvc.method.annotation.RequestMappingHandlerMapping - Mapped "{[/seller/login],methods=[GET]}" onto public java.lang.String com.xia.sell.controller.SellerLoginController.login() 
2018-09-17 15:12:02,677 - [http-nio-8080-exec-9] - INFO - org.springframework.web.servlet.mvc.method.annotation.RequestMappingHandlerMapping - Mapped "{[/seller/login],methods=[POST]}" onto public java.lang.String com.xia.sell.controller.SellerLoginController.toLogin(com.xia.sell.dto.LoginDTO,org.springframework.ui.Model) 
2018-09-17 15:12:02,682 - [http-nio-8080-exec-9] - INFO - org.springframework.web.servlet.mvc.method.annotation.RequestMappingHandlerMapping - Mapped "{[/seller/order/finish],methods=[GET]}" onto public java.lang.String com.xia.sell.controller.SellerOrderController.finish(java.lang.String,org.springframework.ui.Model) 
2018-09-17 15:12:02,682 - [http-nio-8080-exec-9] - INFO - org.springframework.web.servlet.mvc.method.annotation.RequestMappingHandlerMapping - Mapped "{[/seller/order/cancel],methods=[GET]}" onto public java.lang.String com.xia.sell.controller.SellerOrderController.cancel(java.lang.String,org.springframework.ui.Model) 
2018-09-17 15:12:02,682 - [http-nio-8080-exec-9] - INFO - org.springframework.web.servlet.mvc.method.annotation.RequestMappingHandlerMapping - Mapped "{[/seller/order/details],methods=[GET]}" onto public java.lang.String com.xia.sell.controller.SellerOrderController.details(java.lang.String,org.springframework.ui.Model) 
2018-09-17 15:12:02,683 - [http-nio-8080-exec-9] - INFO - org.springframework.web.servlet.mvc.method.annotation.RequestMappingHandlerMapping - Mapped "{[/seller/order/list],methods=[GET]}" onto public java.lang.String com.xia.sell.controller.SellerOrderController.orderList(java.lang.Integer,org.springframework.ui.Model) 
2018-09-17 15:12:02,686 - [http-nio-8080-exec-9] - INFO - org.springframework.web.servlet.mvc.method.annotation.RequestMappingHandlerMapping - Mapped "{[/seller/product/list],methods=[GET]}" onto public java.lang.String com.xia.sell.controller.SellerProductController.list(org.springframework.ui.Model) 
2018-09-17 15:12:02,686 - [http-nio-8080-exec-9] - INFO - org.springframework.web.servlet.mvc.method.annotation.RequestMappingHandlerMapping - Mapped "{[/seller/product/changeProduct],methods=[GET]}" onto public java.lang.String com.xia.sell.controller.SellerProductController.getChangeProduct(java.lang.String,org.springframework.ui.Model) 
2018-09-17 15:12:02,687 - [http-nio-8080-exec-9] - INFO - org.springframework.web.servlet.mvc.method.annotation.RequestMappingHandlerMapping - Mapped "{[/seller/product/changeProduct],methods=[POST]}" onto public java.lang.String com.xia.sell.controller.SellerProductController.changeProduct(com.xia.sell.dto.ProductInfoDTO,org.springframework.validation.Errors) 
2018-09-17 15:12:02,687 - [http-nio-8080-exec-9] - INFO - org.springframework.web.servlet.mvc.method.annotation.RequestMappingHandlerMapping - Mapped "{[/seller/product/addProduct],methods=[POST]}" onto public java.lang.String com.xia.sell.controller.SellerProductController.addProduct(com.xia.sell.dto.ProductInfoDTO,org.springframework.validation.Errors) 
2018-09-17 15:12:02,687 - [http-nio-8080-exec-9] - INFO - org.springframework.web.servlet.mvc.method.annotation.RequestMappingHandlerMapping - Mapped "{[/seller/product/changeStatus],methods=[GET]}" onto public java.lang.String com.xia.sell.controller.SellerProductController.changeStatus(java.lang.String,org.springframework.ui.Model) 
2018-09-17 15:12:02,687 - [http-nio-8080-exec-9] - INFO - org.springframework.web.servlet.mvc.method.annotation.RequestMappingHandlerMapping - Mapped "{[/seller/product/addProduct],methods=[GET]}" onto public java.lang.String com.xia.sell.controller.SellerProductController.getAddProductPage(org.springframework.ui.Model) 
2018-09-17 15:12:02,689 - [http-nio-8080-exec-9] - INFO - org.springframework.web.servlet.mvc.method.annotation.RequestMappingHandlerMapping - Mapped "{[/decrypt],methods=[GET]}" onto public java.lang.String com.xia.sell.controller.WXLogin.decrypt(java.lang.String,java.lang.String) 
2018-09-17 15:12:02,689 - [http-nio-8080-exec-9] - INFO - org.springframework.web.servlet.mvc.method.annotation.RequestMappingHandlerMapping - Mapped "{[/WXLogin],methods=[GET]}" onto public java.lang.String com.xia.sell.controller.WXLogin.login(java.lang.String) throws java.io.IOException 
2018-09-17 15:12:02,690 - [http-nio-8080-exec-9] - INFO - org.springframework.web.servlet.mvc.method.annotation.RequestMappingHandlerMapping - Mapped "{[/checkRawData],methods=[GET]}" onto public java.lang.String com.xia.sell.controller.WXLogin.checkRawData(java.lang.String,java.lang.String) throws java.io.UnsupportedEncodingException 
2018-09-17 15:12:02,693 - [http-nio-8080-exec-9] - INFO - org.springframework.web.servlet.mvc.method.annotation.RequestMappingHandlerMapping - Mapped "{[/error]}" onto public org.springframework.http.ResponseEntity<java.util.Map<java.lang.String, java.lang.Object>> org.springframework.boot.autoconfigure.web.servlet.error.BasicErrorController.error(javax.servlet.http.HttpServletRequest) 
2018-09-17 15:12:02,693 - [http-nio-8080-exec-9] - INFO - org.springframework.web.servlet.mvc.method.annotation.RequestMappingHandlerMapping - Mapped "{[/error],produces=[text/html]}" onto public org.springframework.web.servlet.ModelAndView org.springframework.boot.autoconfigure.web.servlet.error.BasicErrorController.errorHtml(javax.servlet.http.HttpServletRequest,javax.servlet.http.HttpServletResponse) 
2018-09-17 15:12:02,701 - [http-nio-8080-exec-9] - INFO - org.springframework.web.servlet.handler.SimpleUrlHandlerMapping - Mapped URL path [/webjars/**] onto handler of type [class org.springframework.web.servlet.resource.ResourceHttpRequestHandler] 
2018-09-17 15:12:02,702 - [http-nio-8080-exec-9] - INFO - org.springframework.web.servlet.handler.SimpleUrlHandlerMapping - Mapped URL path [/**] onto handler of type [class org.springframework.web.servlet.resource.ResourceHttpRequestHandler] 
2018-09-17 15:15:28,984 - [http-nio-8080-exec-5] - INFO - org.springframework.beans.factory.xml.XmlBeanDefinitionReader - Loading XML bean definitions from class path resource [org/springframework/jdbc/support/sql-error-codes.xml] 
2018-09-17 16:48:09,846 - [http-nio-8080-exec-5] - WARN - org.springframework.context.annotation.ClassPathScanningCandidateComponentProvider - No MyBatis mapper was found in '[com.xia.sell.dao]' package. Please check your configuration. 
2018-09-17 16:48:10,525 - [http-nio-8080-exec-5] - INFO - org.springframework.web.servlet.handler.SimpleUrlHandlerMapping - Mapped URL path [/**/favicon.ico] onto handler of type [class org.springframework.web.servlet.resource.ResourceHttpRequestHandler] 
2018-09-17 16:51:12,460 - [http-nio-8080-exec-1] - WARN - org.springframework.context.annotation.ClassPathScanningCandidateComponentProvider - No MyBatis mapper was found in '[com.xia.sell.dao]' package. Please check your configuration. 
2018-09-17 16:51:12,829 - [http-nio-8080-exec-1] - INFO - org.springframework.web.servlet.handler.SimpleUrlHandlerMapping - Mapped URL path [/**/favicon.ico] onto handler of type [class org.springframework.web.servlet.resource.ResourceHttpRequestHandler] 
2018-09-17 16:54:17,978 - [http-nio-8080-exec-8] - WARN - org.springframework.context.annotation.ClassPathScanningCandidateComponentProvider - No MyBatis mapper was found in '[com.xia.sell.dao]' package. Please check your configuration. 
2018-09-17 16:54:18,472 - [http-nio-8080-exec-8] - INFO - org.springframework.web.servlet.handler.SimpleUrlHandlerMapping - Mapped URL path [/**/favicon.ico] onto handler of type [class org.springframework.web.servlet.resource.ResourceHttpRequestHandler] 
2018-09-17 16:55:22,294 - [http-nio-8080-exec-7] - WARN - org.springframework.context.annotation.ClassPathScanningCandidateComponentProvider - No MyBatis mapper was found in '[com.xia.sell.dao]' package. Please check your configuration. 
2018-09-17 17:02:27,686 - [http-nio-8080-exec-1] - WARN - org.springframework.context.annotation.ClassPathScanningCandidateComponentProvider - No MyBatis mapper was found in '[com.xia.sell.dao]' package. Please check your configuration. 
2018-09-17 17:02:27,936 - [http-nio-8080-exec-1] - INFO - org.springframework.web.servlet.handler.SimpleUrlHandlerMapping - Mapped URL path [/**/favicon.ico] onto handler of type [class org.springframework.web.servlet.resource.ResourceHttpRequestHandler] 
2018-09-17 17:15:18,414 - [http-nio-8080-exec-8] - WARN - org.springframework.context.annotation.ClassPathScanningCandidateComponentProvider - No MyBatis mapper was found in '[com.xia.sell.dao]' package. Please check your configuration. 
2018-09-17 17:15:18,947 - [http-nio-8080-exec-8] - INFO - org.springframework.web.servlet.handler.SimpleUrlHandlerMapping - Mapped URL path [/**/favicon.ico] onto handler of type [class org.springframework.web.servlet.resource.ResourceHttpRequestHandler] 
2018-09-17 17:15:29,952 - [http-nio-8080-exec-3] - WARN - org.springframework.context.annotation.ClassPathScanningCandidateComponentProvider - No MyBatis mapper was found in '[com.xia.sell.dao]' package. Please check your configuration. 
2018-09-17 17:15:30,180 - [http-nio-8080-exec-3] - INFO - org.springframework.web.servlet.handler.SimpleUrlHandlerMapping - Mapped URL path [/**/favicon.ico] onto handler of type [class org.springframework.web.servlet.resource.ResourceHttpRequestHandler] 
2018-09-17 17:26:37,466 - [http-nio-8080-exec-5] - WARN - org.springframework.context.annotation.ClassPathScanningCandidateComponentProvider - No MyBatis mapper was found in '[com.xia.sell.dao]' package. Please check your configuration. 
2018-09-17 17:26:38,089 - [http-nio-8080-exec-5] - INFO - org.springframework.web.servlet.handler.SimpleUrlHandlerMapping - Mapped URL path [/**/favicon.ico] onto handler of type [class org.springframework.web.servlet.resource.ResourceHttpRequestHandler] 
2018-09-17 17:48:57,727 - [http-nio-8080-exec-9] - WARN - org.springframework.context.annotation.ClassPathScanningCandidateComponentProvider - No MyBatis mapper was found in '[com.xia.sell.dao]' package. Please check your configuration. 
2018-09-17 17:48:58,049 - [http-nio-8080-exec-9] - INFO - org.springframework.web.servlet.handler.SimpleUrlHandlerMapping - Mapped URL path [/**/favicon.ico] onto handler of type [class org.springframework.web.servlet.resource.ResourceHttpRequestHandler] 
2018-09-17 17:56:09,921 - [HikariPool-1 housekeeper] - WARN - com.zaxxer.hikari.pool.HikariPool - HikariPool-1 - Thread starvation or clock leap detected (housekeeper delta=46s826ms870µs514ns). 
2018-09-17 17:56:09,934 - [http-nio-8080-exec-2] - WARN - org.springframework.context.annotation.ClassPathScanningCandidateComponentProvider - No MyBatis mapper was found in '[com.xia.sell.dao]' package. Please check your configuration. 
2018-09-17 17:56:17,402 - [http-nio-8080-exec-10] - INFO - org.springframework.web.servlet.handler.SimpleUrlHandlerMapping - Mapped URL path [/**/favicon.ico] onto handler of type [class org.springframework.web.servlet.resource.ResourceHttpRequestHandler] 
2018-09-17 17:56:21,193 - [http-nio-8080-exec-8] - INFO - org.springframework.web.servlet.handler.SimpleUrlHandlerMapping - Mapped URL path [/**/favicon.ico] onto handler of type [class org.springframework.web.servlet.resource.ResourceHttpRequestHandler] 
2018-09-17 17:57:07,342 - [HikariPool-1 housekeeper] - WARN - com.zaxxer.hikari.pool.HikariPool - HikariPool-1 - Thread starvation or clock leap detected (housekeeper delta=57s420ms313µs294ns). 
2018-09-17 17:59:15,028 - [http-nio-8080-exec-6] - WARN - org.springframework.context.annotation.ClassPathScanningCandidateComponentProvider - No MyBatis mapper was found in '[com.xia.sell.dao]' package. Please check your configuration. 
2018-09-17 17:59:15,312 - [http-nio-8080-exec-6] - INFO - org.springframework.web.servlet.handler.SimpleUrlHandlerMapping - Mapped URL path [/**/favicon.ico] onto handler of type [class org.springframework.web.servlet.resource.ResourceHttpRequestHandler] 
2018-09-17 18:01:46,006 - [http-nio-8080-exec-10] - WARN - org.springframework.context.annotation.ClassPathScanningCandidateComponentProvider - No MyBatis mapper was found in '[com.xia.sell.dao]' package. Please check your configuration. 
2018-09-17 18:01:46,338 - [http-nio-8080-exec-10] - INFO - org.springframework.web.servlet.handler.SimpleUrlHandlerMapping - Mapped URL path [/**/favicon.ico] onto handler of type [class org.springframework.web.servlet.resource.ResourceHttpRequestHandler] 
2018-09-17 18:04:56,875 - [http-nio-8080-exec-8] - WARN - org.springframework.context.annotation.ClassPathScanningCandidateComponentProvider - No MyBatis mapper was found in '[com.xia.sell.dao]' package. Please check your configuration. 
2018-09-17 18:04:57,122 - [http-nio-8080-exec-8] - INFO - org.springframework.web.servlet.handler.SimpleUrlHandlerMapping - Mapped URL path [/**/favicon.ico] onto handler of type [class org.springframework.web.servlet.resource.ResourceHttpRequestHandler] 
2018-09-17 18:04:57,127 - [http-nio-8080-exec-8] - INFO - org.springframework.web.servlet.mvc.method.annotation.RequestMappingHandlerMapping - Mapped "{[/buyer/address/remove],methods=[GET]}" onto public com.xia.sell.vo.ResultVO com.xia.sell.controller.BuyerAddressController.remove(java.lang.String) 
2018-09-17 18:04:57,128 - [http-nio-8080-exec-8] - INFO - org.springframework.web.servlet.mvc.method.annotation.RequestMappingHandlerMapping - Mapped "{[/buyer/address/list],methods=[GET]}" onto public com.xia.sell.vo.ResultVO com.xia.sell.controller.BuyerAddressController.list(java.lang.String) 
2018-09-17 18:04:57,128 - [http-nio-8080-exec-8] - INFO - org.springframework.web.servlet.mvc.method.annotation.RequestMappingHandlerMapping - Mapped "{[/buyer/address/save],methods=[POST]}" onto public com.xia.sell.vo.ResultVO com.xia.sell.controller.BuyerAddressController.save(com.xia.sell.dto.BuyerAddressDTO) 
2018-09-17 18:04:57,131 - [http-nio-8080-exec-8] - INFO - org.springframework.web.servlet.mvc.method.annotation.RequestMappingHandlerMapping - Mapped "{[/buyer/order/create],methods=[POST]}" onto public com.xia.sell.vo.ResultVO com.xia.sell.controller.BuyerOrderController.create(com.xia.sell.dto.OrderCreateDTO,org.springframework.validation.Errors) 
2018-09-17 18:04:57,131 - [http-nio-8080-exec-8] - INFO - org.springframework.web.servlet.mvc.method.annotation.RequestMappingHandlerMapping - Mapped "{[/buyer/order/list],methods=[GET]}" onto public com.xia.sell.vo.ResultVO com.xia.sell.controller.BuyerOrderController.list(java.lang.String,java.lang.Integer) 
2018-09-17 18:04:57,131 - [http-nio-8080-exec-8] - INFO - org.springframework.web.servlet.mvc.method.annotation.RequestMappingHandlerMapping - Mapped "{[/buyer/order/cancel],methods=[POST]}" onto public com.xia.sell.vo.ResultVO com.xia.sell.controller.BuyerOrderController.cancel(java.lang.String,java.lang.String) 
2018-09-17 18:04:57,132 - [http-nio-8080-exec-8] - INFO - org.springframework.web.servlet.mvc.method.annotation.RequestMappingHandlerMapping - Mapped "{[/buyer/order/amount],methods=[GET]}" onto public com.xia.sell.vo.ResultVO com.xia.sell.controller.BuyerOrderController.amount(java.lang.String,java.lang.String) 
2018-09-17 18:04:57,132 - [http-nio-8080-exec-8] - INFO - org.springframework.web.servlet.mvc.method.annotation.RequestMappingHandlerMapping - Mapped "{[/buyer/order/detail],methods=[GET]}" onto public com.xia.sell.vo.ResultVO com.xia.sell.controller.BuyerOrderController.detail(java.lang.String,java.lang.String) 
2018-09-17 18:04:57,132 - [http-nio-8080-exec-8] - INFO - org.springframework.web.servlet.mvc.method.annotation.RequestMappingHandlerMapping - Mapped "{[/buyer/order/payFail],methods=[POST]}" onto public com.xia.sell.vo.ResultVO com.xia.sell.controller.BuyerOrderController.payFail() 
2018-09-17 18:04:57,132 - [http-nio-8080-exec-8] - INFO - org.springframework.web.servlet.mvc.method.annotation.RequestMappingHandlerMapping - Mapped "{[/buyer/order/paySuccess],methods=[GET]}" onto public com.xia.sell.vo.ResultVO com.xia.sell.controller.BuyerOrderController.paySuccess(java.lang.String) 
2018-09-17 18:04:57,135 - [http-nio-8080-exec-8] - INFO - org.springframework.web.servlet.mvc.method.annotation.RequestMappingHandlerMapping - Mapped "{[/buyer/shop/simpleDetail],methods=[GET]}" onto public com.xia.sell.vo.BuyerShopSimpleDetailVo com.xia.sell.controller.BuyerShopController.simpleDetail(java.lang.String) 
2018-09-17 18:04:57,135 - [http-nio-8080-exec-8] - INFO - org.springframework.web.servlet.mvc.method.annotation.RequestMappingHandlerMapping - Mapped "{[/buyer/shop/discount],methods=[GET]}" onto public com.xia.sell.vo.ResultVO com.xia.sell.controller.BuyerShopController.sellerDiscount(java.lang.String) 
2018-09-17 18:04:57,136 - [http-nio-8080-exec-8] - INFO - org.springframework.web.servlet.mvc.method.annotation.RequestMappingHandlerMapping - Mapped "{[/buyer/shop/list],methods=[GET]}" onto public com.xia.sell.vo.ResultVO<java.util.List> com.xia.sell.controller.BuyerShopController.allShop(java.lang.String,java.lang.String) 
2018-09-17 18:04:57,137 - [http-nio-8080-exec-8] - INFO - org.springframework.web.servlet.mvc.method.annotation.RequestMappingHandlerMapping - Mapped "{[/],methods=[GET]}" onto public java.lang.String com.xia.sell.controller.MainController.index() 
2018-09-17 18:04:57,138 - [http-nio-8080-exec-8] - INFO - org.springframework.web.servlet.mvc.method.annotation.RequestMappingHandlerMapping - Mapped "{[/buyer/product/list],methods=[GET]}" onto public com.xia.sell.vo.ResultVO com.xia.sell.controller.ProductListController.productList(java.lang.String) 
2018-09-17 18:04:57,141 - [http-nio-8080-exec-8] - INFO - org.springframework.web.servlet.mvc.method.annotation.RequestMappingHandlerMapping - Mapped "{[/seller/login],methods=[GET]}" onto public java.lang.String com.xia.sell.controller.SellerLoginController.login() 
2018-09-17 18:04:57,141 - [http-nio-8080-exec-8] - INFO - org.springframework.web.servlet.mvc.method.annotation.RequestMappingHandlerMapping - Mapped "{[/seller/login],methods=[POST]}" onto public java.lang.String com.xia.sell.controller.SellerLoginController.toLogin(com.xia.sell.dto.LoginDTO,org.springframework.ui.Model) 
2018-09-17 18:04:57,177 - [http-nio-8080-exec-8] - INFO - org.springframework.web.servlet.mvc.method.annotation.RequestMappingHandlerMapping - Mapped "{[/seller/order/finish],methods=[GET]}" onto public java.lang.String com.xia.sell.controller.SellerOrderController.finish(java.lang.String,org.springframework.ui.Model) 
2018-09-17 18:04:57,177 - [http-nio-8080-exec-8] - INFO - org.springframework.web.servlet.mvc.method.annotation.RequestMappingHandlerMapping - Mapped "{[/seller/order/cancel],methods=[GET]}" onto public java.lang.String com.xia.sell.controller.SellerOrderController.cancel(java.lang.String,org.springframework.ui.Model) 
2018-09-17 18:04:57,177 - [http-nio-8080-exec-8] - INFO - org.springframework.web.servlet.mvc.method.annotation.RequestMappingHandlerMapping - Mapped "{[/seller/order/details],methods=[GET]}" onto public java.lang.String com.xia.sell.controller.SellerOrderController.details(java.lang.String,org.springframework.ui.Model) 
2018-09-17 18:04:57,178 - [http-nio-8080-exec-8] - INFO - org.springframework.web.servlet.mvc.method.annotation.RequestMappingHandlerMapping - Mapped "{[/seller/order/list],methods=[GET]}" onto public java.lang.String com.xia.sell.controller.SellerOrderController.orderList(java.lang.Integer,org.springframework.ui.Model) 
2018-09-17 18:04:57,182 - [http-nio-8080-exec-8] - INFO - org.springframework.web.servlet.mvc.method.annotation.RequestMappingHandlerMapping - Mapped "{[/seller/product/list],methods=[GET]}" onto public java.lang.String com.xia.sell.controller.SellerProductController.list(org.springframework.ui.Model) 
2018-09-17 18:04:57,183 - [http-nio-8080-exec-8] - INFO - org.springframework.web.servlet.mvc.method.annotation.RequestMappingHandlerMapping - Mapped "{[/seller/product/changeProduct],methods=[GET]}" onto public java.lang.String com.xia.sell.controller.SellerProductController.getChangeProduct(java.lang.String,org.springframework.ui.Model) 
2018-09-17 18:04:57,183 - [http-nio-8080-exec-8] - INFO - org.springframework.web.servlet.mvc.method.annotation.RequestMappingHandlerMapping - Mapped "{[/seller/product/changeProduct],methods=[POST]}" onto public java.lang.String com.xia.sell.controller.SellerProductController.changeProduct(com.xia.sell.dto.ProductInfoDTO,org.springframework.validation.Errors) 
2018-09-17 18:04:57,183 - [http-nio-8080-exec-8] - INFO - org.springframework.web.servlet.mvc.method.annotation.RequestMappingHandlerMapping - Mapped "{[/seller/product/addProduct],methods=[POST]}" onto public java.lang.String com.xia.sell.controller.SellerProductController.addProduct(com.xia.sell.dto.ProductInfoDTO,org.springframework.validation.Errors) 
2018-09-17 18:04:57,183 - [http-nio-8080-exec-8] - INFO - org.springframework.web.servlet.mvc.method.annotation.RequestMappingHandlerMapping - Mapped "{[/seller/product/changeStatus],methods=[GET]}" onto public java.lang.String com.xia.sell.controller.SellerProductController.changeStatus(java.lang.String,org.springframework.ui.Model) 
2018-09-17 18:04:57,184 - [http-nio-8080-exec-8] - INFO - org.springframework.web.servlet.mvc.method.annotation.RequestMappingHandlerMapping - Mapped "{[/seller/product/addProduct],methods=[GET]}" onto public java.lang.String com.xia.sell.controller.SellerProductController.getAddProductPage(org.springframework.ui.Model) 
2018-09-17 18:04:57,185 - [http-nio-8080-exec-8] - INFO - org.springframework.web.servlet.mvc.method.annotation.RequestMappingHandlerMapping - Mapped "{[/decrypt],methods=[GET]}" onto public java.lang.String com.xia.sell.controller.WXLogin.decrypt(java.lang.String,java.lang.String) 
2018-09-17 18:04:57,185 - [http-nio-8080-exec-8] - INFO - org.springframework.web.servlet.mvc.method.annotation.RequestMappingHandlerMapping - Mapped "{[/WXLogin],methods=[GET]}" onto public java.lang.String com.xia.sell.controller.WXLogin.login(java.lang.String) throws java.io.IOException 
2018-09-17 18:04:57,185 - [http-nio-8080-exec-8] - INFO - org.springframework.web.servlet.mvc.method.annotation.RequestMappingHandlerMapping - Mapped "{[/checkRawData],methods=[GET]}" onto public java.lang.String com.xia.sell.controller.WXLogin.checkRawData(java.lang.String,java.lang.String) throws java.io.UnsupportedEncodingException 
2018-09-17 18:04:57,203 - [http-nio-8080-exec-8] - INFO - org.springframework.web.servlet.mvc.method.annotation.RequestMappingHandlerMapping - Mapped "{[/error]}" onto public org.springframework.http.ResponseEntity<java.util.Map<java.lang.String, java.lang.Object>> org.springframework.boot.autoconfigure.web.servlet.error.BasicErrorController.error(javax.servlet.http.HttpServletRequest) 
2018-09-17 18:04:57,217 - [http-nio-8080-exec-8] - INFO - org.springframework.web.servlet.mvc.method.annotation.RequestMappingHandlerMapping - Mapped "{[/error],produces=[text/html]}" onto public org.springframework.web.servlet.ModelAndView org.springframework.boot.autoconfigure.web.servlet.error.BasicErrorController.errorHtml(javax.servlet.http.HttpServletRequest,javax.servlet.http.HttpServletResponse) 
2018-09-17 18:15:48,697 - [http-nio-8080-exec-10] - WARN - org.springframework.context.annotation.ClassPathScanningCandidateComponentProvider - No MyBatis mapper was found in '[com.xia.sell.dao]' package. Please check your configuration. 
2018-09-17 18:15:48,916 - [http-nio-8080-exec-10] - INFO - org.springframework.web.servlet.handler.SimpleUrlHandlerMapping - Mapped URL path [/**/favicon.ico] onto handler of type [class org.springframework.web.servlet.resource.ResourceHttpRequestHandler] 
2018-09-17 18:38:54,641 - [http-nio-8080-exec-7] - WARN - org.springframework.context.annotation.ClassPathScanningCandidateComponentProvider - No MyBatis mapper was found in '[com.xia.sell.dao]' package. Please check your configuration. 
2018-09-17 18:40:05,403 - [HikariPool-1 housekeeper] - WARN - com.zaxxer.hikari.pool.HikariPool - HikariPool-1 - Thread starvation or clock leap detected (housekeeper delta=57s963ms798µs77ns). 
2018-09-17 19:26:16,450 - [HikariPool-1 housekeeper] - WARN - com.zaxxer.hikari.pool.HikariPool - HikariPool-1 - Thread starvation or clock leap detected (housekeeper delta=46m11s43ms422µs17ns). 
2018-09-17 19:35:41,756 - [HikariPool-1 housekeeper] - WARN - com.zaxxer.hikari.pool.HikariPool - HikariPool-1 - Thread starvation or clock leap detected (housekeeper delta=9m25s311ms643µs971ns). 
2018-09-17 19:36:03,639 - [http-nio-8080-exec-8] - WARN - org.springframework.context.annotation.ClassPathScanningCandidateComponentProvider - No MyBatis mapper was found in '[com.xia.sell.dao]' package. Please check your configuration. 
2018-09-17 19:36:04,334 - [http-nio-8080-exec-8] - INFO - org.springframework.web.servlet.handler.SimpleUrlHandlerMapping - Mapped URL path [/**/favicon.ico] onto handler of type [class org.springframework.web.servlet.resource.ResourceHttpRequestHandler] 
2018-09-17 19:36:43,662 - [HikariPool-1 housekeeper] - WARN - com.zaxxer.hikari.pool.HikariPool - HikariPool-1 - Thread starvation or clock leap detected (housekeeper delta=1m1s901ms888µs40ns). 
2018-09-17 19:50:09,426 - [HikariPool-1 housekeeper] - WARN - com.zaxxer.hikari.pool.HikariPool - HikariPool-1 - Thread starvation or clock leap detected (housekeeper delta=13m25s767ms813µs776ns). 
2018-09-17 19:55:53,416 - [http-nio-8080-exec-3] - WARN - org.springframework.context.annotation.ClassPathScanningCandidateComponentProvider - No MyBatis mapper was found in '[com.xia.sell.dao]' package. Please check your configuration. 
2018-09-17 19:55:53,765 - [http-nio-8080-exec-3] - INFO - org.springframework.web.servlet.handler.SimpleUrlHandlerMapping - Mapped URL path [/**/favicon.ico] onto handler of type [class org.springframework.web.servlet.resource.ResourceHttpRequestHandler] 
2018-09-17 22:20:02,605 - [http-nio-8080-exec-6] - WARN - org.springframework.context.annotation.ClassPathScanningCandidateComponentProvider - No MyBatis mapper was found in '[com.xia.sell.dao]' package. Please check your configuration. 
2018-09-17 22:20:04,180 - [http-nio-8080-exec-6] - INFO - org.springframework.web.servlet.handler.SimpleUrlHandlerMapping - Mapped URL path [/**/favicon.ico] onto handler of type [class org.springframework.web.servlet.resource.ResourceHttpRequestHandler] 
2018-09-17 22:27:41,784 - [http-nio-8080-exec-1] - WARN - org.springframework.context.annotation.ClassPathScanningCandidateComponentProvider - No MyBatis mapper was found in '[com.xia.sell.dao]' package. Please check your configuration. 
2018-09-17 22:29:56,069 - [main] - INFO - com.xia.sell.SellApplication - Starting SellApplication on DESKTOP-59AH7K1 with PID 11520 (F:\ideaProject\sell\target\classes started by xia in F:\ideaProject\sell) 
2018-09-17 22:29:56,078 - [main] - INFO - com.xia.sell.SellApplication - No active profile set, falling back to default profiles: default 
2018-09-17 22:29:56,451 - [main] - INFO - org.springframework.boot.web.servlet.context.AnnotationConfigServletWebServerApplicationContext - Refreshing org.springframework.boot.web.servlet.context.AnnotationConfigServletWebServerApplicationContext@2cfbeac4: startup date [Mon Sep 17 22:29:56 CST 2018]; root of context hierarchy 
2018-09-17 22:29:59,921 - [main] - INFO - org.springframework.context.support.PostProcessorRegistrationDelegate$BeanPostProcessorChecker - Bean 'shiroConfiguration' of type [com.xia.sell.com.xia.sell.config.ShiroConfiguration$$EnhancerBySpringCGLIB$$ae9dd9ef] is not eligible for getting processed by all BeanPostProcessors (for example: not eligible for auto-proxying)
2018-09-17 22:29:59,934 - [main] - INFO - org.springframework.context.support.PostProcessorRegistrationDelegate$BeanPostProcessorChecker - Bean 'org.springframework.transaction.annotation.ProxyTransactionManagementConfiguration' of type [org.springframework.transaction.annotation.ProxyTransactionManagementConfiguration$$EnhancerBySpringCGLIB$$b58ca7aa] is not eligible for getting processed by all BeanPostProcessors (for example: not eligible for auto-proxying) 
2018-09-17 22:30:00,189 - [main] - INFO - org.springframework.context.support.PostProcessorRegistrationDelegate$BeanPostProcessorChecker - Bean 'org.springframework.boot.context.properties.ConversionServiceDeducer$Factory' of type [org.springframework.boot.context.properties.ConversionServiceDeducer$Factory] is not eligible for getting processed by all BeanPostProcessors (for example: not eligible for auto-proxying) 
2018-09-17 22:30:00,248 - [main] - INFO - org.springframework.context.support.PostProcessorRegistrationDelegate$BeanPostProcessorChecker - Bean 'mybatis-org.mybatis.spring.boot.autoconfigure.MybatisProperties' of type [org.mybatis.spring.boot.autoconfigure.MybatisProperties] is not eligible for getting processed by all BeanPostProcessors (for example: not eligible for auto-proxying) 
2018-09-17 22:30:00,269 - [main] - INFO - org.springframework.context.support.PostProcessorRegistrationDelegate$BeanPostProcessorChecker - Bean 'org.mybatis.spring.boot.autoconfigure.MybatisAutoConfiguration' of type [org.mybatis.spring.boot.autoconfigure.MybatisAutoConfiguration$$EnhancerBySpringCGLIB$$e860f8da] is not eligible for getting processed by all BeanPostProcessors (for example: not eligible for auto-proxying) 
2018-09-17 22:30:00,275 - [main] - INFO - org.springframework.context.support.PostProcessorRegistrationDelegate$BeanPostProcessorChecker - Bean 'org.springframework.boot.autoconfigure.jdbc.DataSourceConfiguration$Hikari' of type [org.springframework.boot.autoconfigure.jdbc.DataSourceConfiguration$Hikari] is not eligible for getting processed by all BeanPostProcessors (for example: not eligible for auto-proxying) 
2018-09-17 22:30:00,297 - [main] - INFO - org.springframework.context.support.PostProcessorRegistrationDelegate$BeanPostProcessorChecker - Bean 'spring.datasource-org.springframework.boot.autoconfigure.jdbc.DataSourceProperties' of type [org.springframework.boot.autoconfigure.jdbc.DataSourceProperties] is not eligible for getting processed by all BeanPostProcessors (for example: not eligible for auto-proxying) 
2018-09-17 22:30:00,408 - [main] - INFO - org.springframework.context.support.PostProcessorRegistrationDelegate$BeanPostProcessorChecker - Bean 'dataSource' of type [com.zaxxer.hikari.HikariDataSource] is not eligible for getting processed by all BeanPostProcessors (for example: not eligible for auto-proxying) 
2018-09-17 22:30:00,426 - [main] - INFO - org.springframework.context.support.PostProcessorRegistrationDelegate$BeanPostProcessorChecker - Bean 'org.springframework.boot.autoconfigure.jdbc.DataSourceInitializerInvoker' of type [org.springframework.boot.autoconfigure.jdbc.DataSourceInitializerInvoker] is not eligible for getting processed by all BeanPostProcessors (for example: not eligible for auto-proxying) 
2018-09-17 22:30:01,272 - [main] - INFO - org.springframework.context.support.PostProcessorRegistrationDelegate$BeanPostProcessorChecker - Bean 'sqlSessionFactory' of type [org.apache.ibatis.session.defaults.DefaultSqlSessionFactory] is not eligible for getting processed by all BeanPostProcessors (for example: not eligible for auto-proxying) 
2018-09-17 22:30:01,320 - [main] - INFO - org.springframework.context.support.PostProcessorRegistrationDelegate$BeanPostProcessorChecker - Bean 'sqlSessionTemplate' of type [org.mybatis.spring.SqlSessionTemplate] is not eligible for getting processed by all BeanPostProcessors (for example: not eligible for auto-proxying) 
2018-09-17 22:30:01,324 - [main] - INFO - org.springframework.context.support.PostProcessorRegistrationDelegate$BeanPostProcessorChecker - Bean 'sellerInfoMapper' of type [org.mybatis.spring.mapper.MapperFactoryBean] is not eligible for getting processed by all BeanPostProcessors (for example: not eligible for auto-proxying) 
2018-09-17 22:30:01,334 - [main] - INFO - org.springframework.context.support.PostProcessorRegistrationDelegate$BeanPostProcessorChecker - Bean 'sellerInfoMapper' of type [com.sun.proxy.$Proxy63] is not eligible for getting processed by all BeanPostProcessors (for example: not eligible for auto-proxying) 
2018-09-17 22:30:01,344 - [main] - INFO - org.springframework.context.support.PostProcessorRegistrationDelegate$BeanPostProcessorChecker - Bean 'sellerInfoServiceImpl' of type [com.xia.sell.service.impl.SellerInfoServiceImpl] is not eligible for getting processed by all BeanPostProcessors (for example: not eligible for auto-proxying) 
2018-09-17 22:30:01,346 - [main] - INFO - org.springframework.context.support.PostProcessorRegistrationDelegate$BeanPostProcessorChecker - Bean 'myShiroRealm' of type [com.xia.sell.com.xia.sell.config.MyShiroRealm] is not eligible for getting processed by all BeanPostProcessors (for example: not eligible for auto-proxying)
2018-09-17 22:30:01,382 - [main] - INFO - org.springframework.context.support.PostProcessorRegistrationDelegate$BeanPostProcessorChecker - Bean 'rememberMeCookie' of type [org.apache.shiro.web.servlet.SimpleCookie] is not eligible for getting processed by all BeanPostProcessors (for example: not eligible for auto-proxying) 
2018-09-17 22:30:01,390 - [main] - INFO - org.springframework.context.support.PostProcessorRegistrationDelegate$BeanPostProcessorChecker - Bean 'rememberMeManager' of type [org.apache.shiro.web.mgt.CookieRememberMeManager] is not eligible for getting processed by all BeanPostProcessors (for example: not eligible for auto-proxying) 
2018-09-17 22:30:01,404 - [main] - INFO - org.springframework.context.support.PostProcessorRegistrationDelegate$BeanPostProcessorChecker - Bean 'securityManager' of type [org.apache.shiro.web.mgt.DefaultWebSecurityManager] is not eligible for getting processed by all BeanPostProcessors (for example: not eligible for auto-proxying) 
2018-09-17 22:30:02,989 - [main] - INFO - org.springframework.boot.web.embedded.tomcat.TomcatWebServer - Tomcat initialized with port(s): 8080 (http) 
2018-09-17 22:30:03,042 - [main] - INFO - org.apache.coyote.http11.Http11NioProtocol - Initializing ProtocolHandler ["http-nio-8080"] 
2018-09-17 22:30:03,058 - [main] - INFO - org.apache.catalina.core.StandardService - Starting service [Tomcat] 
2018-09-17 22:30:03,058 - [main] - INFO - org.apache.catalina.core.StandardEngine - Starting Servlet Engine: Apache Tomcat/8.5.32 
2018-09-17 22:30:03,066 - [localhost-startStop-1] - INFO - org.apache.catalina.core.AprLifecycleListener - The APR based Apache Tomcat Native library which allows optimal performance in production environments was not found on the java.library.path: [C:\Java\jdk1.8.0_121\bin;C:\WINDOWS\Sun\Java\bin;C:\WINDOWS\system32;C:\WINDOWS;C:\ProgramData\Oracle\Java\javapath;C:\Java\jdk1.8.0_121\bin;C:\Java\jdk1.8.0_121\jre\bin;C:\WINDOWS\system32;C:\WINDOWS;C:\WINDOWS\System32\Wbem;C:\WINDOWS\System32\WindowsPowerShell\v1.0\;C:\Program Files (x86)\NVIDIA Corporation\PhysX\Common;C:\Users\xia\AppData\Local\Android\sdk\platform-tools\adb.exe;C:\WINDOWS\system32;C:\WINDOWS;C:\WINDOWS\System32\Wbem;C:\WINDOWS\System32\WindowsPowerShell\v1.0\;C:\Program Files\MySQL\MySQL Server 5.5\bin;C:\Program Files\Git\cmd;D:\Android\android-sdk\platform-tools;D:\Android\android-sdk\tools;E:\apache-maven-3.5.3\bin\;%TALINA_HOME%\bin\;C:\WINDOWS\System32\OpenSSH\;E:\gradle-4.9\bin;D:\mysql-8.0.11-winx64\bin;C:\Users\xia\AppData\Local\Microsoft\WindowsApps;C:\Users\xia\AppData\Local\Programs\Fiddler;C:\Users\xia\AppData\Local\GitHubDesktop\bin;%USERPROFILE%\AppData\Local\Microsoft\WindowsApps;;.] 
2018-09-17 22:30:03,471 - [localhost-startStop-1] - INFO - org.apache.catalina.core.ContainerBase.[Tomcat].[localhost].[/] - Initializing Spring embedded WebApplicationContext 
2018-09-17 22:30:03,472 - [localhost-startStop-1] - INFO - org.springframework.web.context.ContextLoader - Root WebApplicationContext: initialization completed in 7021 ms 
2018-09-17 22:30:03,698 - [localhost-startStop-1] - INFO - org.springframework.boot.web.servlet.ServletRegistrationBean - Servlet dispatcherServlet mapped to [/] 
2018-09-17 22:30:03,706 - [localhost-startStop-1] - INFO - org.springframework.boot.web.servlet.FilterRegistrationBean - Mapping filter: 'characterEncodingFilter' to: [/*] 
2018-09-17 22:30:03,706 - [localhost-startStop-1] - INFO - org.springframework.boot.web.servlet.FilterRegistrationBean - Mapping filter: 'hiddenHttpMethodFilter' to: [/*] 
2018-09-17 22:30:03,707 - [localhost-startStop-1] - INFO - org.springframework.boot.web.servlet.FilterRegistrationBean - Mapping filter: 'httpPutFormContentFilter' to: [/*] 
2018-09-17 22:30:03,707 - [localhost-startStop-1] - INFO - org.springframework.boot.web.servlet.FilterRegistrationBean - Mapping filter: 'requestContextFilter' to: [/*] 
2018-09-17 22:30:03,707 - [localhost-startStop-1] - INFO - org.springframework.boot.web.servlet.FilterRegistrationBean - Mapping filter: 'shiroFilterFactoryBean' to: [/*] 
2018-09-17 22:30:04,492 - [main] - INFO - org.springframework.web.servlet.handler.SimpleUrlHandlerMapping - Mapped URL path [/**/favicon.ico] onto handler of type [class org.springframework.web.servlet.resource.ResourceHttpRequestHandler] 
2018-09-17 22:30:04,898 - [main] - INFO - org.springframework.web.servlet.mvc.method.annotation.RequestMappingHandlerAdapter - Looking for @ControllerAdvice: org.springframework.boot.web.servlet.context.AnnotationConfigServletWebServerApplicationContext@2cfbeac4: startup date [Mon Sep 17 22:29:56 CST 2018]; root of context hierarchy 
2018-09-17 22:30:05,055 - [main] - INFO - org.springframework.web.servlet.mvc.method.annotation.RequestMappingHandlerMapping - Mapped "{[/buyer/address/remove],methods=[GET]}" onto public com.xia.sell.vo.ResultVO com.xia.sell.controller.BuyerAddressController.remove(java.lang.String) 
2018-09-17 22:30:05,057 - [main] - INFO - org.springframework.web.servlet.mvc.method.annotation.RequestMappingHandlerMapping - Mapped "{[/buyer/address/list],methods=[GET]}" onto public com.xia.sell.vo.ResultVO com.xia.sell.controller.BuyerAddressController.list(java.lang.String) 
2018-09-17 22:30:05,057 - [main] - INFO - org.springframework.web.servlet.mvc.method.annotation.RequestMappingHandlerMapping - Mapped "{[/buyer/address/save],methods=[POST]}" onto public com.xia.sell.vo.ResultVO com.xia.sell.controller.BuyerAddressController.save(com.xia.sell.dto.BuyerAddressDTO) 
2018-09-17 22:30:05,059 - [main] - INFO - org.springframework.web.servlet.mvc.method.annotation.RequestMappingHandlerMapping - Mapped "{[/buyer/order/create],methods=[POST]}" onto public com.xia.sell.vo.ResultVO com.xia.sell.controller.BuyerOrderController.create(com.xia.sell.dto.OrderCreateDTO,org.springframework.validation.Errors) 
2018-09-17 22:30:05,060 - [main] - INFO - org.springframework.web.servlet.mvc.method.annotation.RequestMappingHandlerMapping - Mapped "{[/buyer/order/list],methods=[GET]}" onto public com.xia.sell.vo.ResultVO com.xia.sell.controller.BuyerOrderController.list(java.lang.String,java.lang.Integer) 
2018-09-17 22:30:05,060 - [main] - INFO - org.springframework.web.servlet.mvc.method.annotation.RequestMappingHandlerMapping - Mapped "{[/buyer/order/cancel],methods=[POST]}" onto public com.xia.sell.vo.ResultVO com.xia.sell.controller.BuyerOrderController.cancel(java.lang.String,java.lang.String) 
2018-09-17 22:30:05,060 - [main] - INFO - org.springframework.web.servlet.mvc.method.annotation.RequestMappingHandlerMapping - Mapped "{[/buyer/order/detail],methods=[GET]}" onto public com.xia.sell.vo.ResultVO com.xia.sell.controller.BuyerOrderController.detail(java.lang.String,java.lang.String) 
2018-09-17 22:30:05,061 - [main] - INFO - org.springframework.web.servlet.mvc.method.annotation.RequestMappingHandlerMapping - Mapped "{[/buyer/order/amount],methods=[GET]}" onto public com.xia.sell.vo.ResultVO com.xia.sell.controller.BuyerOrderController.amount(java.lang.String,java.lang.String) 
2018-09-17 22:30:05,061 - [main] - INFO - org.springframework.web.servlet.mvc.method.annotation.RequestMappingHandlerMapping - Mapped "{[/buyer/order/payFail],methods=[POST]}" onto public com.xia.sell.vo.ResultVO com.xia.sell.controller.BuyerOrderController.payFail() 
2018-09-17 22:30:05,061 - [main] - INFO - org.springframework.web.servlet.mvc.method.annotation.RequestMappingHandlerMapping - Mapped "{[/buyer/order/paySuccess],methods=[GET]}" onto public com.xia.sell.vo.ResultVO com.xia.sell.controller.BuyerOrderController.paySuccess(java.lang.String) 
2018-09-17 22:30:05,063 - [main] - INFO - org.springframework.web.servlet.mvc.method.annotation.RequestMappingHandlerMapping - Mapped "{[/buyer/shop/discount],methods=[GET]}" onto public com.xia.sell.vo.ResultVO com.xia.sell.controller.BuyerShopController.sellerDiscount(java.lang.String) 
2018-09-17 22:30:05,063 - [main] - INFO - org.springframework.web.servlet.mvc.method.annotation.RequestMappingHandlerMapping - Mapped "{[/buyer/shop/list],methods=[GET]}" onto public com.xia.sell.vo.ResultVO<java.util.List> com.xia.sell.controller.BuyerShopController.allShop(java.lang.String,java.lang.String) 
2018-09-17 22:30:05,064 - [main] - INFO - org.springframework.web.servlet.mvc.method.annotation.RequestMappingHandlerMapping - Mapped "{[/buyer/shop/simpleDetail],methods=[GET]}" onto public com.xia.sell.vo.BuyerShopSimpleDetailVo com.xia.sell.controller.BuyerShopController.simpleDetail(java.lang.String) 
2018-09-17 22:30:05,065 - [main] - INFO - org.springframework.web.servlet.mvc.method.annotation.RequestMappingHandlerMapping - Mapped "{[/],methods=[GET]}" onto public java.lang.String com.xia.sell.controller.MainController.index() 
2018-09-17 22:30:05,065 - [main] - INFO - org.springframework.web.servlet.mvc.method.annotation.RequestMappingHandlerMapping - Mapped "{[/buyer/product/list],methods=[GET]}" onto public com.xia.sell.vo.ResultVO com.xia.sell.controller.ProductListController.productList(java.lang.String) 
2018-09-17 22:30:05,067 - [main] - INFO - org.springframework.web.servlet.mvc.method.annotation.RequestMappingHandlerMapping - Mapped "{[/seller/login],methods=[POST]}" onto public java.lang.String com.xia.sell.controller.SellerLoginController.toLogin(com.xia.sell.dto.LoginDTO,org.springframework.ui.Model) 
2018-09-17 22:30:05,067 - [main] - INFO - org.springframework.web.servlet.mvc.method.annotation.RequestMappingHandlerMapping - Mapped "{[/seller/login],methods=[GET]}" onto public java.lang.String com.xia.sell.controller.SellerLoginController.login() 
2018-09-17 22:30:05,072 - [main] - INFO - org.springframework.web.servlet.mvc.method.annotation.RequestMappingHandlerMapping - Mapped "{[/seller/order/finish],methods=[GET]}" onto public java.lang.String com.xia.sell.controller.SellerOrderController.finish(java.lang.String,org.springframework.ui.Model) 
2018-09-17 22:30:05,073 - [main] - INFO - org.springframework.web.servlet.mvc.method.annotation.RequestMappingHandlerMapping - Mapped "{[/seller/order/cancel],methods=[GET]}" onto public java.lang.String com.xia.sell.controller.SellerOrderController.cancel(java.lang.String,org.springframework.ui.Model) 
2018-09-17 22:30:05,073 - [main] - INFO - org.springframework.web.servlet.mvc.method.annotation.RequestMappingHandlerMapping - Mapped "{[/seller/order/details],methods=[GET]}" onto public java.lang.String com.xia.sell.controller.SellerOrderController.details(java.lang.String,org.springframework.ui.Model) 
2018-09-17 22:30:05,073 - [main] - INFO - org.springframework.web.servlet.mvc.method.annotation.RequestMappingHandlerMapping - Mapped "{[/seller/order/list],methods=[GET]}" onto public java.lang.String com.xia.sell.controller.SellerOrderController.orderList(java.lang.Integer,org.springframework.ui.Model) 
2018-09-17 22:30:05,077 - [main] - INFO - org.springframework.web.servlet.mvc.method.annotation.RequestMappingHandlerMapping - Mapped "{[/seller/product/list],methods=[GET]}" onto public java.lang.String com.xia.sell.controller.SellerProductController.list(org.springframework.ui.Model) 
2018-09-17 22:30:05,077 - [main] - INFO - org.springframework.web.servlet.mvc.method.annotation.RequestMappingHandlerMapping - Mapped "{[/seller/product/changeProduct],methods=[GET]}" onto public java.lang.String com.xia.sell.controller.SellerProductController.getChangeProduct(java.lang.String,org.springframework.ui.Model) 
2018-09-17 22:30:05,078 - [main] - INFO - org.springframework.web.servlet.mvc.method.annotation.RequestMappingHandlerMapping - Mapped "{[/seller/product/addProduct],methods=[POST]}" onto public java.lang.String com.xia.sell.controller.SellerProductController.addProduct(com.xia.sell.dto.ProductInfoDTO,org.springframework.validation.Errors) 
2018-09-17 22:30:05,078 - [main] - INFO - org.springframework.web.servlet.mvc.method.annotation.RequestMappingHandlerMapping - Mapped "{[/seller/product/changeProduct],methods=[POST]}" onto public java.lang.String com.xia.sell.controller.SellerProductController.changeProduct(com.xia.sell.dto.ProductInfoDTO,org.springframework.validation.Errors) 
2018-09-17 22:30:05,079 - [main] - INFO - org.springframework.web.servlet.mvc.method.annotation.RequestMappingHandlerMapping - Mapped "{[/seller/product/changeStatus],methods=[GET]}" onto public java.lang.String com.xia.sell.controller.SellerProductController.changeStatus(java.lang.String,org.springframework.ui.Model) 
2018-09-17 22:30:05,079 - [main] - INFO - org.springframework.web.servlet.mvc.method.annotation.RequestMappingHandlerMapping - Mapped "{[/seller/product/addProduct],methods=[GET]}" onto public java.lang.String com.xia.sell.controller.SellerProductController.getAddProductPage(org.springframework.ui.Model) 
2018-09-17 22:30:05,080 - [main] - INFO - org.springframework.web.servlet.mvc.method.annotation.RequestMappingHandlerMapping - Mapped "{[/decrypt],methods=[GET]}" onto public java.lang.String com.xia.sell.controller.WXLogin.decrypt(java.lang.String,java.lang.String) 
2018-09-17 22:30:05,081 - [main] - INFO - org.springframework.web.servlet.mvc.method.annotation.RequestMappingHandlerMapping - Mapped "{[/checkRawData],methods=[GET]}" onto public java.lang.String com.xia.sell.controller.WXLogin.checkRawData(java.lang.String,java.lang.String) throws java.io.UnsupportedEncodingException 
2018-09-17 22:30:05,081 - [main] - INFO - org.springframework.web.servlet.mvc.method.annotation.RequestMappingHandlerMapping - Mapped "{[/WXLogin],methods=[GET]}" onto public java.lang.String com.xia.sell.controller.WXLogin.login(java.lang.String) throws java.io.IOException 
2018-09-17 22:30:05,085 - [main] - INFO - org.springframework.web.servlet.mvc.method.annotation.RequestMappingHandlerMapping - Mapped "{[/error]}" onto public org.springframework.http.ResponseEntity<java.util.Map<java.lang.String, java.lang.Object>> org.springframework.boot.autoconfigure.web.servlet.error.BasicErrorController.error(javax.servlet.http.HttpServletRequest) 
2018-09-17 22:30:05,086 - [main] - INFO - org.springframework.web.servlet.mvc.method.annotation.RequestMappingHandlerMapping - Mapped "{[/error],produces=[text/html]}" onto public org.springframework.web.servlet.ModelAndView org.springframework.boot.autoconfigure.web.servlet.error.BasicErrorController.errorHtml(javax.servlet.http.HttpServletRequest,javax.servlet.http.HttpServletResponse) 
2018-09-17 22:30:05,159 - [main] - INFO - org.springframework.web.servlet.handler.SimpleUrlHandlerMapping - Mapped URL path [/webjars/**] onto handler of type [class org.springframework.web.servlet.resource.ResourceHttpRequestHandler] 
2018-09-17 22:30:05,159 - [main] - INFO - org.springframework.web.servlet.handler.SimpleUrlHandlerMapping - Mapped URL path [/**] onto handler of type [class org.springframework.web.servlet.resource.ResourceHttpRequestHandler] 
2018-09-17 22:30:05,384 - [main] - INFO - org.springframework.boot.autoconfigure.web.servlet.WelcomePageHandlerMapping - Adding welcome page template: index 
2018-09-17 22:30:05,871 - [main] - INFO - org.springframework.jmx.export.annotation.AnnotationMBeanExporter - Registering beans for JMX exposure on startup 
2018-09-17 22:30:05,873 - [main] - INFO - org.springframework.jmx.export.annotation.AnnotationMBeanExporter - Bean with name 'dataSource' has been autodetected for JMX exposure 
2018-09-17 22:30:05,885 - [main] - INFO - org.springframework.jmx.export.annotation.AnnotationMBeanExporter - Located MBean 'dataSource': registering with JMX server as MBean [com.zaxxer.hikari:name=dataSource,type=HikariDataSource] 
2018-09-17 22:30:05,947 - [main] - INFO - org.apache.coyote.http11.Http11NioProtocol - Starting ProtocolHandler ["http-nio-8080"] 
2018-09-17 22:30:05,985 - [main] - INFO - org.apache.tomcat.util.net.NioSelectorPool - Using a shared selector for servlet write/read 
2018-09-17 22:30:06,034 - [main] - INFO - org.springframework.boot.web.embedded.tomcat.TomcatWebServer - Tomcat started on port(s): 8080 (http) with context path '' 
2018-09-17 22:30:06,044 - [main] - INFO - com.xia.sell.SellApplication - Started SellApplication in 12.084 seconds (JVM running for 24.357) 
2018-09-17 22:30:17,339 - [http-nio-8080-exec-2] - INFO - org.apache.catalina.core.ContainerBase.[Tomcat].[localhost].[/] - Initializing Spring FrameworkServlet 'dispatcherServlet' 
2018-09-17 22:30:17,339 - [http-nio-8080-exec-2] - INFO - org.springframework.web.servlet.DispatcherServlet - FrameworkServlet 'dispatcherServlet': initialization started 
2018-09-17 22:30:17,403 - [http-nio-8080-exec-2] - INFO - org.springframework.web.servlet.DispatcherServlet - FrameworkServlet 'dispatcherServlet': initialization completed in 64 ms 
2018-09-17 22:30:17,501 - [http-nio-8080-exec-2] - INFO - com.zaxxer.hikari.HikariDataSource - HikariPool-1 - Starting... 
2018-09-17 22:30:17,757 - [http-nio-8080-exec-2] - INFO - com.zaxxer.hikari.HikariDataSource - HikariPool-1 - Start completed. 
2018-09-17 22:32:34,645 - [http-nio-8080-exec-5] - WARN - org.springframework.context.annotation.ClassPathScanningCandidateComponentProvider - No MyBatis mapper was found in '[com.xia.sell.dao]' package. Please check your configuration. 
2018-09-17 22:32:35,582 - [http-nio-8080-exec-5] - INFO - org.springframework.web.servlet.handler.SimpleUrlHandlerMapping - Mapped URL path [/**/favicon.ico] onto handler of type [class org.springframework.web.servlet.resource.ResourceHttpRequestHandler] 
2018-09-17 22:41:24,892 - [http-nio-8080-exec-8] - WARN - org.springframework.context.annotation.ClassPathScanningCandidateComponentProvider - No MyBatis mapper was found in '[com.xia.sell.dao]' package. Please check your configuration. 
2018-09-17 22:41:25,269 - [http-nio-8080-exec-8] - INFO - org.springframework.web.servlet.handler.SimpleUrlHandlerMapping - Mapped URL path [/**/favicon.ico] onto handler of type [class org.springframework.web.servlet.resource.ResourceHttpRequestHandler] 
2018-09-17 22:47:20,342 - [http-nio-8080-exec-1] - WARN - org.springframework.context.annotation.ClassPathScanningCandidateComponentProvider - No MyBatis mapper was found in '[com.xia.sell.dao]' package. Please check your configuration. 
