2018-10-12 18:59:56,042 - [main] - INFO - com.xia.sell.SellApplication - Starting SellApplication on DESKTOP-59AH7K1 with PID 4128 (F:\ideaProject\sell\target\classes started by xia in F:\ideaProject\sell) 
2018-10-12 18:59:56,067 - [main] - INFO - com.xia.sell.SellApplication - No active profile set, falling back to default profiles: default 
2018-10-12 18:59:56,836 - [main] - INFO - org.springframework.boot.web.servlet.context.AnnotationConfigServletWebServerApplicationContext - Refreshing org.springframework.boot.web.servlet.context.AnnotationConfigServletWebServerApplicationContext@87abc48: startup date [Fri Oct 12 18:59:56 CST 2018]; root of context hierarchy 
2018-10-12 19:00:04,154 - [main] - INFO - org.springframework.context.support.PostProcessorRegistrationDelegate$BeanPostProcessorChecker - Bean 'shiroConfiguration' of type [com.xia.sell.config.ShiroConfiguration$$EnhancerBySpringCGLIB$$9eeb262d] is not eligible for getting processed by all BeanPostProcessors (for example: not eligible for auto-proxying) 
2018-10-12 19:00:04,173 - [main] - INFO - org.springframework.context.support.PostProcessorRegistrationDelegate$BeanPostProcessorChecker - Bean 'org.springframework.transaction.annotation.ProxyTransactionManagementConfiguration' of type [org.springframework.transaction.annotation.ProxyTransactionManagementConfiguration$$EnhancerBySpringCGLIB$$a5d9f3e8] is not eligible for getting processed by all BeanPostProcessors (for example: not eligible for auto-proxying) 
2018-10-12 19:00:04,650 - [main] - INFO - org.springframework.context.support.PostProcessorRegistrationDelegate$BeanPostProcessorChecker - Bean 'org.springframework.boot.context.properties.ConversionServiceDeducer$Factory' of type [org.springframework.boot.context.properties.ConversionServiceDeducer$Factory] is not eligible for getting processed by all BeanPostProcessors (for example: not eligible for auto-proxying) 
2018-10-12 19:00:04,776 - [main] - INFO - org.springframework.context.support.PostProcessorRegistrationDelegate$BeanPostProcessorChecker - Bean 'mybatis-org.mybatis.spring.boot.autoconfigure.MybatisProperties' of type [org.mybatis.spring.boot.autoconfigure.MybatisProperties] is not eligible for getting processed by all BeanPostProcessors (for example: not eligible for auto-proxying) 
2018-10-12 19:00:04,802 - [main] - INFO - org.springframework.context.support.PostProcessorRegistrationDelegate$BeanPostProcessorChecker - Bean 'org.mybatis.spring.boot.autoconfigure.MybatisAutoConfiguration' of type [org.mybatis.spring.boot.autoconfigure.MybatisAutoConfiguration$$EnhancerBySpringCGLIB$$d8ae4518] is not eligible for getting processed by all BeanPostProcessors (for example: not eligible for auto-proxying) 
2018-10-12 19:00:04,810 - [main] - INFO - org.springframework.context.support.PostProcessorRegistrationDelegate$BeanPostProcessorChecker - Bean 'org.springframework.boot.autoconfigure.jdbc.DataSourceConfiguration$Hikari' of type [org.springframework.boot.autoconfigure.jdbc.DataSourceConfiguration$Hikari] is not eligible for getting processed by all BeanPostProcessors (for example: not eligible for auto-proxying) 
2018-10-12 19:00:04,838 - [main] - INFO - org.springframework.context.support.PostProcessorRegistrationDelegate$BeanPostProcessorChecker - Bean 'spring.datasource-org.springframework.boot.autoconfigure.jdbc.DataSourceProperties' of type [org.springframework.boot.autoconfigure.jdbc.DataSourceProperties] is not eligible for getting processed by all BeanPostProcessors (for example: not eligible for auto-proxying) 
2018-10-12 19:00:04,999 - [main] - INFO - org.springframework.context.support.PostProcessorRegistrationDelegate$BeanPostProcessorChecker - Bean 'dataSource' of type [com.zaxxer.hikari.HikariDataSource] is not eligible for getting processed by all BeanPostProcessors (for example: not eligible for auto-proxying) 
2018-10-12 19:00:05,021 - [main] - INFO - org.springframework.context.support.PostProcessorRegistrationDelegate$BeanPostProcessorChecker - Bean 'org.springframework.boot.autoconfigure.jdbc.DataSourceInitializerInvoker' of type [org.springframework.boot.autoconfigure.jdbc.DataSourceInitializerInvoker] is not eligible for getting processed by all BeanPostProcessors (for example: not eligible for auto-proxying) 
2018-10-12 19:00:06,718 - [main] - INFO - org.springframework.context.support.PostProcessorRegistrationDelegate$BeanPostProcessorChecker - Bean 'sqlSessionFactory' of type [org.apache.ibatis.session.defaults.DefaultSqlSessionFactory] is not eligible for getting processed by all BeanPostProcessors (for example: not eligible for auto-proxying) 
2018-10-12 19:00:06,802 - [main] - INFO - org.springframework.context.support.PostProcessorRegistrationDelegate$BeanPostProcessorChecker - Bean 'sqlSessionTemplate' of type [org.mybatis.spring.SqlSessionTemplate] is not eligible for getting processed by all BeanPostProcessors (for example: not eligible for auto-proxying) 
2018-10-12 19:00:06,807 - [main] - INFO - org.springframework.context.support.PostProcessorRegistrationDelegate$BeanPostProcessorChecker - Bean 'sellerInfoMapper' of type [org.mybatis.spring.mapper.MapperFactoryBean] is not eligible for getting processed by all BeanPostProcessors (for example: not eligible for auto-proxying) 
2018-10-12 19:00:06,820 - [main] - INFO - org.springframework.context.support.PostProcessorRegistrationDelegate$BeanPostProcessorChecker - Bean 'sellerInfoMapper' of type [com.sun.proxy.$Proxy63] is not eligible for getting processed by all BeanPostProcessors (for example: not eligible for auto-proxying) 
2018-10-12 19:00:06,829 - [main] - INFO - org.springframework.context.support.PostProcessorRegistrationDelegate$BeanPostProcessorChecker - Bean 'sellerInfoServiceImpl' of type [com.xia.sell.service.impl.SellerInfoServiceImpl] is not eligible for getting processed by all BeanPostProcessors (for example: not eligible for auto-proxying) 
2018-10-12 19:00:06,831 - [main] - INFO - org.springframework.context.support.PostProcessorRegistrationDelegate$BeanPostProcessorChecker - Bean 'myShiroRealm' of type [com.xia.sell.config.MyShiroRealm] is not eligible for getting processed by all BeanPostProcessors (for example: not eligible for auto-proxying) 
2018-10-12 19:00:06,875 - [main] - INFO - org.springframework.context.support.PostProcessorRegistrationDelegate$BeanPostProcessorChecker - Bean 'rememberMeCookie' of type [org.apache.shiro.web.servlet.SimpleCookie] is not eligible for getting processed by all BeanPostProcessors (for example: not eligible for auto-proxying) 
2018-10-12 19:00:06,920 - [main] - INFO - org.springframework.context.support.PostProcessorRegistrationDelegate$BeanPostProcessorChecker - Bean 'rememberMeManager' of type [org.apache.shiro.web.mgt.CookieRememberMeManager] is not eligible for getting processed by all BeanPostProcessors (for example: not eligible for auto-proxying) 
2018-10-12 19:00:06,952 - [main] - INFO - org.springframework.context.support.PostProcessorRegistrationDelegate$BeanPostProcessorChecker - Bean 'securityManager' of type [org.apache.shiro.web.mgt.DefaultWebSecurityManager] is not eligible for getting processed by all BeanPostProcessors (for example: not eligible for auto-proxying) 
2018-10-12 19:00:09,053 - [main] - INFO - org.springframework.boot.web.embedded.tomcat.TomcatWebServer - Tomcat initialized with port(s): 8080 (http) 
2018-10-12 19:00:09,249 - [main] - INFO - org.apache.coyote.http11.Http11NioProtocol - Initializing ProtocolHandler ["http-nio-8080"] 
2018-10-12 19:00:09,279 - [main] - INFO - org.apache.catalina.core.StandardService - Starting service [Tomcat] 
2018-10-12 19:00:09,279 - [main] - INFO - org.apache.catalina.core.StandardEngine - Starting Servlet Engine: Apache Tomcat/8.5.32 
2018-10-12 19:00:09,298 - [localhost-startStop-1] - INFO - org.apache.catalina.core.AprLifecycleListener - The APR based Apache Tomcat Native library which allows optimal performance in production environments was not found on the java.library.path: [C:\Java\jdk1.8.0_121\bin;C:\WINDOWS\Sun\Java\bin;C:\WINDOWS\system32;C:\WINDOWS;C:\ProgramData\Oracle\Java\javapath;C:\Java\jdk1.8.0_121\bin;C:\Java\jdk1.8.0_121\jre\bin;C:\WINDOWS\system32;C:\WINDOWS;C:\WINDOWS\System32\Wbem;C:\WINDOWS\System32\WindowsPowerShell\v1.0\;C:\Program Files (x86)\NVIDIA Corporation\PhysX\Common;C:\Users\xia\AppData\Local\Android\sdk\platform-tools\adb.exe;C:\WINDOWS\system32;C:\WINDOWS;C:\WINDOWS\System32\Wbem;C:\WINDOWS\System32\WindowsPowerShell\v1.0\;C:\Program Files\MySQL\MySQL Server 5.5\bin;C:\Program Files\Git\cmd;D:\Android\android-sdk\platform-tools;D:\Android\android-sdk\tools;E:\apache-maven-3.5.3\bin\;%TALINA_HOME%\bin\;C:\WINDOWS\System32\OpenSSH\;E:\gradle-4.9\bin;D:\mysql-8.0.11-winx64\bin;C:\Users\xia\AppData\Local\Microsoft\WindowsApps;C:\Users\xia\AppData\Local\Programs\Fiddler;C:\Users\xia\AppData\Local\GitHubDesktop\bin;%USERPROFILE%\AppData\Local\Microsoft\WindowsApps;;.] 
2018-10-12 19:00:10,059 - [localhost-startStop-1] - INFO - org.apache.catalina.core.ContainerBase.[Tomcat].[localhost].[/] - Initializing Spring embedded WebApplicationContext 
2018-10-12 19:00:10,059 - [localhost-startStop-1] - INFO - org.springframework.web.context.ContextLoader - Root WebApplicationContext: initialization completed in 13223 ms 
2018-10-12 19:00:10,537 - [localhost-startStop-1] - INFO - org.springframework.boot.web.servlet.ServletRegistrationBean - Servlet dispatcherServlet mapped to [/] 
2018-10-12 19:00:10,548 - [localhost-startStop-1] - INFO - org.springframework.boot.web.servlet.FilterRegistrationBean - Mapping filter: 'characterEncodingFilter' to: [/*] 
2018-10-12 19:00:10,549 - [localhost-startStop-1] - INFO - org.springframework.boot.web.servlet.FilterRegistrationBean - Mapping filter: 'hiddenHttpMethodFilter' to: [/*] 
2018-10-12 19:00:10,549 - [localhost-startStop-1] - INFO - org.springframework.boot.web.servlet.FilterRegistrationBean - Mapping filter: 'httpPutFormContentFilter' to: [/*] 
2018-10-12 19:00:10,549 - [localhost-startStop-1] - INFO - org.springframework.boot.web.servlet.FilterRegistrationBean - Mapping filter: 'requestContextFilter' to: [/*] 
2018-10-12 19:00:10,550 - [localhost-startStop-1] - INFO - org.springframework.boot.web.servlet.FilterRegistrationBean - Mapping filter: 'shiroFilterFactoryBean' to: [/*] 
2018-10-12 19:00:12,746 - [main] - INFO - org.springframework.web.servlet.handler.SimpleUrlHandlerMapping - Mapped URL path [/**/favicon.ico] onto handler of type [class org.springframework.web.servlet.resource.ResourceHttpRequestHandler] 
2018-10-12 19:00:13,319 - [main] - INFO - org.springframework.web.servlet.mvc.method.annotation.RequestMappingHandlerAdapter - Looking for @ControllerAdvice: org.springframework.boot.web.servlet.context.AnnotationConfigServletWebServerApplicationContext@87abc48: startup date [Fri Oct 12 18:59:56 CST 2018]; root of context hierarchy 
2018-10-12 19:00:13,508 - [main] - INFO - org.springframework.web.servlet.mvc.method.annotation.RequestMappingHandlerMapping - Mapped "{[/buyer/address/remove],methods=[GET]}" onto public com.xia.sell.vo.ResultVO com.xia.sell.controller.BuyerAddressController.remove(java.lang.String) 
2018-10-12 19:00:13,509 - [main] - INFO - org.springframework.web.servlet.mvc.method.annotation.RequestMappingHandlerMapping - Mapped "{[/buyer/address/list],methods=[GET]}" onto public com.xia.sell.vo.ResultVO com.xia.sell.controller.BuyerAddressController.list(java.lang.String) 
2018-10-12 19:00:13,510 - [main] - INFO - org.springframework.web.servlet.mvc.method.annotation.RequestMappingHandlerMapping - Mapped "{[/buyer/address/save],methods=[POST]}" onto public com.xia.sell.vo.ResultVO com.xia.sell.controller.BuyerAddressController.save(com.xia.sell.dto.BuyerAddressDTO) 
2018-10-12 19:00:13,511 - [main] - INFO - org.springframework.web.servlet.mvc.method.annotation.RequestMappingHandlerMapping - Mapped "{[/buyer/comment/add],methods=[POST]}" onto public com.xia.sell.vo.ResultVO com.xia.sell.controller.BuyerCommentController.add(com.xia.sell.dto.CommentAddDTO) 
2018-10-12 19:00:13,511 - [main] - INFO - org.springframework.web.servlet.mvc.method.annotation.RequestMappingHandlerMapping - Mapped "{[/buyer/comment/list],methods=[GET]}" onto public com.xia.sell.vo.ResultVO com.xia.sell.controller.BuyerCommentController.list(java.lang.String,java.lang.Integer) 
2018-10-12 19:00:13,514 - [main] - INFO - org.springframework.web.servlet.mvc.method.annotation.RequestMappingHandlerMapping - Mapped "{[/buyer/order/create],methods=[POST]}" onto public com.xia.sell.vo.ResultVO com.xia.sell.controller.BuyerOrderController.create(com.xia.sell.dto.OrderCreateDTO,org.springframework.validation.Errors) 
2018-10-12 19:00:13,515 - [main] - INFO - org.springframework.web.servlet.mvc.method.annotation.RequestMappingHandlerMapping - Mapped "{[/buyer/order/list],methods=[GET]}" onto public com.xia.sell.vo.ResultVO com.xia.sell.controller.BuyerOrderController.list(java.lang.String,java.lang.Integer) 
2018-10-12 19:00:13,515 - [main] - INFO - org.springframework.web.servlet.mvc.method.annotation.RequestMappingHandlerMapping - Mapped "{[/buyer/order/cancel],methods=[GET]}" onto public com.xia.sell.vo.ResultVO com.xia.sell.controller.BuyerOrderController.cancel(java.lang.String,java.lang.String) 
2018-10-12 19:00:13,516 - [main] - INFO - org.springframework.web.servlet.mvc.method.annotation.RequestMappingHandlerMapping - Mapped "{[/buyer/order/detail],methods=[GET]}" onto public com.xia.sell.vo.ResultVO com.xia.sell.controller.BuyerOrderController.detail(java.lang.String,java.lang.String) 
2018-10-12 19:00:13,516 - [main] - INFO - org.springframework.web.servlet.mvc.method.annotation.RequestMappingHandlerMapping - Mapped "{[/buyer/order/paySuccess],methods=[GET]}" onto public com.xia.sell.vo.ResultVO com.xia.sell.controller.BuyerOrderController.paySuccess(java.lang.String) 
2018-10-12 19:00:13,517 - [main] - INFO - org.springframework.web.servlet.mvc.method.annotation.RequestMappingHandlerMapping - Mapped "{[/buyer/order/payFail],methods=[POST]}" onto public com.xia.sell.vo.ResultVO com.xia.sell.controller.BuyerOrderController.payFail() 
2018-10-12 19:00:13,517 - [main] - INFO - org.springframework.web.servlet.mvc.method.annotation.RequestMappingHandlerMapping - Mapped "{[/buyer/order/amount],methods=[GET]}" onto public com.xia.sell.vo.ResultVO com.xia.sell.controller.BuyerOrderController.amount(java.lang.String,java.lang.String) 
2018-10-12 19:00:13,524 - [main] - INFO - org.springframework.web.servlet.mvc.method.annotation.RequestMappingHandlerMapping - Mapped "{[/buyer/shop/list],methods=[GET]}" onto public com.xia.sell.vo.ResultVO<java.util.List> com.xia.sell.controller.BuyerShopController.allShop(java.lang.String,java.lang.String) 
2018-10-12 19:00:13,525 - [main] - INFO - org.springframework.web.servlet.mvc.method.annotation.RequestMappingHandlerMapping - Mapped "{[/buyer/shop/simpleDetail],methods=[GET]}" onto public com.xia.sell.vo.BuyerShopSimpleDetailVo com.xia.sell.controller.BuyerShopController.simpleDetail(java.lang.String) 
2018-10-12 19:00:13,525 - [main] - INFO - org.springframework.web.servlet.mvc.method.annotation.RequestMappingHandlerMapping - Mapped "{[/buyer/shop/listDefault],methods=[GET]}" onto public com.xia.sell.vo.ResultVO com.xia.sell.controller.BuyerShopController.listDefault(java.lang.String,java.lang.String,java.lang.String) 
2018-10-12 19:00:13,525 - [main] - INFO - org.springframework.web.servlet.mvc.method.annotation.RequestMappingHandlerMapping - Mapped "{[/buyer/shop/discount],methods=[GET]}" onto public com.xia.sell.vo.ResultVO com.xia.sell.controller.BuyerShopController.sellerDiscount(java.lang.String) 
2018-10-12 19:00:13,526 - [main] - INFO - org.springframework.web.servlet.mvc.method.annotation.RequestMappingHandlerMapping - Mapped "{[/buyer/shop/listOrderSold],methods=[GET]}" onto public com.xia.sell.vo.ResultVO com.xia.sell.controller.BuyerShopController.listOrderSold(java.lang.String,java.lang.String,java.lang.String) 
2018-10-12 19:00:13,526 - [main] - INFO - org.springframework.web.servlet.mvc.method.annotation.RequestMappingHandlerMapping - Mapped "{[/buyer/shop/listSold],methods=[GET]}" onto public com.xia.sell.vo.ResultVO<java.util.List> com.xia.sell.controller.BuyerShopController.allShopOrderSold(java.lang.String,java.lang.String) 
2018-10-12 19:00:13,527 - [main] - INFO - org.springframework.web.servlet.mvc.method.annotation.RequestMappingHandlerMapping - Mapped "{[/buyer/shop/listDistance],methods=[GET]}" onto public com.xia.sell.vo.ResultVO<java.util.List> com.xia.sell.controller.BuyerShopController.allShopOrderDistance(java.lang.String,java.lang.String) 
2018-10-12 19:00:13,528 - [main] - INFO - org.springframework.web.servlet.mvc.method.annotation.RequestMappingHandlerMapping - Mapped "{[/buyer/shop/listOrderDistance],methods=[GET]}" onto public com.xia.sell.vo.ResultVO com.xia.sell.controller.BuyerShopController.listOrderDistance(java.lang.String,java.lang.String,java.lang.String) 
2018-10-12 19:00:13,529 - [main] - INFO - org.springframework.web.servlet.mvc.method.annotation.RequestMappingHandlerMapping - Mapped "{[/],methods=[GET]}" onto public java.lang.String com.xia.sell.controller.MainController.index() 
2018-10-12 19:00:13,530 - [main] - INFO - org.springframework.web.servlet.mvc.method.annotation.RequestMappingHandlerMapping - Mapped "{[/buyer/product/list],methods=[GET]}" onto public com.xia.sell.vo.ResultVO com.xia.sell.controller.ProductListController.productList(java.lang.String) 
2018-10-12 19:00:13,534 - [main] - INFO - org.springframework.web.servlet.mvc.method.annotation.RequestMappingHandlerMapping - Mapped "{[/seller/cate/add],methods=[GET]}" onto public com.xia.sell.vo.ResultVO com.xia.sell.controller.SellerCategoryController.add(java.lang.String,org.apache.catalina.servlet4preview.http.HttpServletRequest) 
2018-10-12 19:00:13,534 - [main] - INFO - org.springframework.web.servlet.mvc.method.annotation.RequestMappingHandlerMapping - Mapped "{[/seller/cate/remove],methods=[GET]}" onto public com.xia.sell.vo.ResultVO com.xia.sell.controller.SellerCategoryController.remove(java.lang.Integer) 
2018-10-12 19:00:13,535 - [main] - INFO - org.springframework.web.servlet.mvc.method.annotation.RequestMappingHandlerMapping - Mapped "{[/seller/cate/list],methods=[GET]}" onto public java.lang.String com.xia.sell.controller.SellerCategoryController.list(org.apache.catalina.servlet4preview.http.HttpServletRequest,org.springframework.ui.Model) 
2018-10-12 19:00:13,535 - [main] - INFO - org.springframework.web.servlet.mvc.method.annotation.RequestMappingHandlerMapping - Mapped "{[/seller/cate/change],methods=[GET]}" onto public com.xia.sell.vo.ResultVO com.xia.sell.controller.SellerCategoryController.change(java.lang.Integer,java.lang.String) 
2018-10-12 19:00:13,538 - [main] - INFO - org.springframework.web.servlet.mvc.method.annotation.RequestMappingHandlerMapping - Mapped "{[/seller/tologin],methods=[POST]}" onto public java.lang.String com.xia.sell.controller.SellerLoginController.toLogin(com.xia.sell.dto.LoginDTO,org.springframework.ui.Model,org.apache.catalina.servlet4preview.http.HttpServletRequest,org.springframework.web.servlet.mvc.support.RedirectAttributes) 
2018-10-12 19:00:13,539 - [main] - INFO - org.springframework.web.servlet.mvc.method.annotation.RequestMappingHandlerMapping - Mapped "{[/seller/tologin],methods=[GET]}" onto public java.lang.String com.xia.sell.controller.SellerLoginController.login(org.springframework.ui.Model) 
2018-10-12 19:00:13,544 - [main] - INFO - org.springframework.web.servlet.mvc.method.annotation.RequestMappingHandlerMapping - Mapped "{[/seller/order/alreadyOrder],methods=[GET]}" onto public com.xia.sell.vo.ResultVO com.xia.sell.controller.SellerOrderController.finish(java.lang.String) 
2018-10-12 19:00:13,544 - [main] - INFO - org.springframework.web.servlet.mvc.method.annotation.RequestMappingHandlerMapping - Mapped "{[/seller/order/cancel],methods=[GET]}" onto public com.xia.sell.vo.ResultVO com.xia.sell.controller.SellerOrderController.cancel(java.lang.String) 
2018-10-12 19:00:13,545 - [main] - INFO - org.springframework.web.servlet.mvc.method.annotation.RequestMappingHandlerMapping - Mapped "{[/seller/order/details],methods=[GET]}" onto public com.xia.sell.vo.OrderInfoVO com.xia.sell.controller.SellerOrderController.details(java.lang.String) 
2018-10-12 19:00:13,545 - [main] - INFO - org.springframework.web.servlet.mvc.method.annotation.RequestMappingHandlerMapping - Mapped "{[/seller/order/setDistribution],methods=[GET]}" onto public com.xia.sell.vo.ResultVO com.xia.sell.controller.SellerOrderController.setDistribution(java.lang.String) 
2018-10-12 19:00:13,547 - [main] - INFO - org.springframework.web.servlet.mvc.method.annotation.RequestMappingHandlerMapping - Mapped "{[/seller/order/list],methods=[GET]}" onto public java.lang.String com.xia.sell.controller.SellerOrderController.orderList(java.lang.Integer,org.springframework.ui.Model,org.apache.catalina.servlet4preview.http.HttpServletRequest) 
2018-10-12 19:00:13,548 - [main] - INFO - org.springframework.web.servlet.mvc.method.annotation.RequestMappingHandlerMapping - Mapped "{[/seller/order/setDistributionFinish],methods=[GET]}" onto public com.xia.sell.vo.ResultVO com.xia.sell.controller.SellerOrderController.setDistributionFinish(java.lang.String) 
2018-10-12 19:00:13,564 - [main] - INFO - org.springframework.web.servlet.mvc.method.annotation.RequestMappingHandlerMapping - Mapped "{[/seller/product/remove],methods=[GET]}" onto public com.xia.sell.vo.ResultVO com.xia.sell.controller.SellerProductController.remove(java.lang.String) 
2018-10-12 19:00:13,564 - [main] - INFO - org.springframework.web.servlet.mvc.method.annotation.RequestMappingHandlerMapping - Mapped "{[/seller/product/list],methods=[GET]}" onto public java.lang.String com.xia.sell.controller.SellerProductController.list(org.springframework.ui.Model,org.apache.catalina.servlet4preview.http.HttpServletRequest) 
2018-10-12 19:00:13,565 - [main] - INFO - org.springframework.web.servlet.mvc.method.annotation.RequestMappingHandlerMapping - Mapped "{[/seller/product/changeStatus],methods=[GET]}" onto public com.xia.sell.vo.ResultVO com.xia.sell.controller.SellerProductController.changeStatus(java.lang.String) 
2018-10-12 19:00:13,565 - [main] - INFO - org.springframework.web.servlet.mvc.method.annotation.RequestMappingHandlerMapping - Mapped "{[/seller/product/oneProduct],methods=[GET]}" onto public com.xia.sell.vo.ResultVO com.xia.sell.controller.SellerProductController.getChangeProduct(java.lang.String,org.apache.catalina.servlet4preview.http.HttpServletRequest) 
2018-10-12 19:00:13,566 - [main] - INFO - org.springframework.web.servlet.mvc.method.annotation.RequestMappingHandlerMapping - Mapped "{[/seller/product/changeProduct],methods=[POST]}" onto public com.xia.sell.vo.ResultVO com.xia.sell.controller.SellerProductController.changeProduct(com.xia.sell.dto.ProductInfoDTO,org.springframework.validation.Errors) 
2018-10-12 19:00:13,566 - [main] - INFO - org.springframework.web.servlet.mvc.method.annotation.RequestMappingHandlerMapping - Mapped "{[/seller/product/addProduct],methods=[POST]}" onto public com.xia.sell.vo.ResultVO com.xia.sell.controller.SellerProductController.addProduct(com.xia.sell.dto.ProductInfoDTO,org.springframework.validation.Errors,org.apache.catalina.servlet4preview.http.HttpServletRequest) 
2018-10-12 19:00:13,567 - [main] - INFO - org.springframework.web.servlet.mvc.method.annotation.RequestMappingHandlerMapping - Mapped "{[/seller/product/addProduct],methods=[GET]}" onto public java.lang.String com.xia.sell.controller.SellerProductController.getAddProductPage(org.springframework.ui.Model,org.apache.catalina.servlet4preview.http.HttpServletRequest) 
2018-10-12 19:00:13,570 - [main] - INFO - org.springframework.web.servlet.mvc.method.annotation.RequestMappingHandlerMapping - Mapped "{[/decrypt],methods=[GET]}" onto public java.lang.String com.xia.sell.controller.WXLogin.decrypt(java.lang.String,java.lang.String) 
2018-10-12 19:00:13,573 - [main] - INFO - org.springframework.web.servlet.mvc.method.annotation.RequestMappingHandlerMapping - Mapped "{[/WXLogin],methods=[GET]}" onto public java.lang.String com.xia.sell.controller.WXLogin.login(java.lang.String) throws java.io.IOException 
2018-10-12 19:00:13,573 - [main] - INFO - org.springframework.web.servlet.mvc.method.annotation.RequestMappingHandlerMapping - Mapped "{[/checkRawData],methods=[GET]}" onto public java.lang.String com.xia.sell.controller.WXLogin.checkRawData(java.lang.String,java.lang.String) throws java.io.UnsupportedEncodingException 
2018-10-12 19:00:13,581 - [main] - INFO - org.springframework.web.servlet.mvc.method.annotation.RequestMappingHandlerMapping - Mapped "{[/error]}" onto public org.springframework.http.ResponseEntity<java.util.Map<java.lang.String, java.lang.Object>> org.springframework.boot.autoconfigure.web.servlet.error.BasicErrorController.error(javax.servlet.http.HttpServletRequest) 
2018-10-12 19:00:13,582 - [main] - INFO - org.springframework.web.servlet.mvc.method.annotation.RequestMappingHandlerMapping - Mapped "{[/error],produces=[text/html]}" onto public org.springframework.web.servlet.ModelAndView org.springframework.boot.autoconfigure.web.servlet.error.BasicErrorController.errorHtml(javax.servlet.http.HttpServletRequest,javax.servlet.http.HttpServletResponse) 
2018-10-12 19:00:13,659 - [main] - INFO - org.springframework.web.servlet.handler.SimpleUrlHandlerMapping - Mapped URL path [/webjars/**] onto handler of type [class org.springframework.web.servlet.resource.ResourceHttpRequestHandler] 
2018-10-12 19:00:13,660 - [main] - INFO - org.springframework.web.servlet.handler.SimpleUrlHandlerMapping - Mapped URL path [/**] onto handler of type [class org.springframework.web.servlet.resource.ResourceHttpRequestHandler] 
2018-10-12 19:00:14,130 - [main] - INFO - org.springframework.boot.autoconfigure.web.servlet.WelcomePageHandlerMapping - Adding welcome page template: index 
2018-10-12 19:00:15,224 - [main] - INFO - org.springframework.web.socket.server.standard.ServerEndpointExporter - Registering @ServerEndpoint class: class com.xia.sell.service.OrderWebSocket 
2018-10-12 19:00:15,290 - [main] - INFO - org.springframework.jmx.export.annotation.AnnotationMBeanExporter - Registering beans for JMX exposure on startup 
2018-10-12 19:00:15,292 - [main] - INFO - org.springframework.jmx.export.annotation.AnnotationMBeanExporter - Bean with name 'dataSource' has been autodetected for JMX exposure 
2018-10-12 19:00:15,304 - [main] - INFO - org.springframework.jmx.export.annotation.AnnotationMBeanExporter - Located MBean 'dataSource': registering with JMX server as MBean [com.zaxxer.hikari:name=dataSource,type=HikariDataSource] 
2018-10-12 19:00:15,339 - [main] - INFO - org.apache.coyote.http11.Http11NioProtocol - Starting ProtocolHandler ["http-nio-8080"] 
2018-10-12 19:00:15,367 - [main] - INFO - org.apache.tomcat.util.net.NioSelectorPool - Using a shared selector for servlet write/read 
2018-10-12 19:00:15,435 - [main] - INFO - org.springframework.boot.web.embedded.tomcat.TomcatWebServer - Tomcat started on port(s): 8080 (http) with context path '' 
2018-10-12 19:00:15,462 - [main] - INFO - com.xia.sell.SellApplication - Started SellApplication in 25.058 seconds (JVM running for 39.134) 
2018-10-12 19:00:49,781 - [http-nio-8080-exec-1] - INFO - org.apache.catalina.core.ContainerBase.[Tomcat].[localhost].[/] - Initializing Spring FrameworkServlet 'dispatcherServlet' 
2018-10-12 19:00:49,782 - [http-nio-8080-exec-1] - INFO - org.springframework.web.servlet.DispatcherServlet - FrameworkServlet 'dispatcherServlet': initialization started 
2018-10-12 19:00:49,875 - [http-nio-8080-exec-1] - INFO - org.springframework.web.servlet.DispatcherServlet - FrameworkServlet 'dispatcherServlet': initialization completed in 93 ms 
2018-10-12 19:00:50,666 - [http-nio-8080-exec-1] - INFO - com.zaxxer.hikari.HikariDataSource - HikariPool-1 - Starting... 
2018-10-12 19:00:51,687 - [http-nio-8080-exec-1] - INFO - com.zaxxer.hikari.HikariDataSource - HikariPool-1 - Start completed. 
2018-10-12 19:29:52,725 - [http-nio-8080-exec-9] - WARN - com.baidubce.services.bos.BosClient - No content length specified for stream data. Trying to read them all into memory. 
2018-10-12 19:54:00,248 - [http-nio-8080-exec-10] - INFO - org.springframework.beans.factory.xml.XmlBeanDefinitionReader - Loading XML bean definitions from class path resource [org/springframework/jdbc/support/sql-error-codes.xml] 
2018-10-12 20:01:47,071 - [HikariPool-1 housekeeper] - WARN - com.zaxxer.hikari.pool.HikariPool - HikariPool-1 - Thread starvation or clock leap detected (housekeeper delta=54s992ms351µs598ns). 
2018-10-12 20:04:24,624 - [HikariPool-1 housekeeper] - WARN - com.zaxxer.hikari.pool.HikariPool - HikariPool-1 - Thread starvation or clock leap detected (housekeeper delta=2m37s554ms263µs782ns). 
2018-10-12 22:04:17,005 - [http-nio-8080-exec-6] - WARN - org.springframework.context.annotation.ClassPathScanningCandidateComponentProvider - No MyBatis mapper was found in '[com.xia.sell.dao]' package. Please check your configuration. 
2018-10-12 22:15:51,633 - [http-nio-8080-exec-3] - WARN - org.springframework.context.annotation.ClassPathScanningCandidateComponentProvider - No MyBatis mapper was found in '[com.xia.sell.dao]' package. Please check your configuration. 
2018-10-12 22:20:12,561 - [HikariPool-1 housekeeper] - WARN - com.zaxxer.hikari.pool.HikariPool - HikariPool-1 - Thread starvation or clock leap detected (housekeeper delta=3m5s959ms935µs796ns). 
2018-10-12 22:20:29,262 - [http-nio-8080-exec-7] - WARN - org.springframework.context.annotation.ClassPathScanningCandidateComponentProvider - No MyBatis mapper was found in '[com.xia.sell.dao]' package. Please check your configuration. 
2018-10-12 22:21:23,520 - [http-nio-8080-exec-3] - WARN - org.springframework.context.annotation.ClassPathScanningCandidateComponentProvider - No MyBatis mapper was found in '[com.xia.sell.dao]' package. Please check your configuration. 
2018-10-12 22:24:55,899 - [main] - INFO - com.xia.sell.SellApplication - Starting SellApplication on DESKTOP-59AH7K1 with PID 1224 (F:\ideaProject\sell\target\classes started by xia in F:\ideaProject\sell) 
2018-10-12 22:24:55,908 - [main] - INFO - com.xia.sell.SellApplication - No active profile set, falling back to default profiles: default 
2018-10-12 22:24:56,251 - [main] - INFO - org.springframework.boot.web.servlet.context.AnnotationConfigServletWebServerApplicationContext - Refreshing org.springframework.boot.web.servlet.context.AnnotationConfigServletWebServerApplicationContext@3b569985: startup date [Fri Oct 12 22:24:56 CST 2018]; root of context hierarchy 
2018-10-12 22:25:00,204 - [main] - INFO - org.springframework.context.support.PostProcessorRegistrationDelegate$BeanPostProcessorChecker - Bean 'shiroConfiguration' of type [com.xia.sell.config.ShiroConfiguration$$EnhancerBySpringCGLIB$$3f2159ba] is not eligible for getting processed by all BeanPostProcessors (for example: not eligible for auto-proxying) 
2018-10-12 22:25:00,222 - [main] - INFO - org.springframework.context.support.PostProcessorRegistrationDelegate$BeanPostProcessorChecker - Bean 'org.springframework.transaction.annotation.ProxyTransactionManagementConfiguration' of type [org.springframework.transaction.annotation.ProxyTransactionManagementConfiguration$$EnhancerBySpringCGLIB$$46102775] is not eligible for getting processed by all BeanPostProcessors (for example: not eligible for auto-proxying) 
2018-10-12 22:25:00,469 - [main] - INFO - org.springframework.context.support.PostProcessorRegistrationDelegate$BeanPostProcessorChecker - Bean 'org.springframework.boot.context.properties.ConversionServiceDeducer$Factory' of type [org.springframework.boot.context.properties.ConversionServiceDeducer$Factory] is not eligible for getting processed by all BeanPostProcessors (for example: not eligible for auto-proxying) 
2018-10-12 22:25:00,553 - [main] - INFO - org.springframework.context.support.PostProcessorRegistrationDelegate$BeanPostProcessorChecker - Bean 'mybatis-org.mybatis.spring.boot.autoconfigure.MybatisProperties' of type [org.mybatis.spring.boot.autoconfigure.MybatisProperties] is not eligible for getting processed by all BeanPostProcessors (for example: not eligible for auto-proxying) 
2018-10-12 22:25:00,577 - [main] - INFO - org.springframework.context.support.PostProcessorRegistrationDelegate$BeanPostProcessorChecker - Bean 'org.mybatis.spring.boot.autoconfigure.MybatisAutoConfiguration' of type [org.mybatis.spring.boot.autoconfigure.MybatisAutoConfiguration$$EnhancerBySpringCGLIB$$78e478a5] is not eligible for getting processed by all BeanPostProcessors (for example: not eligible for auto-proxying) 
2018-10-12 22:25:00,587 - [main] - INFO - org.springframework.context.support.PostProcessorRegistrationDelegate$BeanPostProcessorChecker - Bean 'org.springframework.boot.autoconfigure.jdbc.DataSourceConfiguration$Hikari' of type [org.springframework.boot.autoconfigure.jdbc.DataSourceConfiguration$Hikari] is not eligible for getting processed by all BeanPostProcessors (for example: not eligible for auto-proxying) 
2018-10-12 22:25:00,622 - [main] - INFO - org.springframework.context.support.PostProcessorRegistrationDelegate$BeanPostProcessorChecker - Bean 'spring.datasource-org.springframework.boot.autoconfigure.jdbc.DataSourceProperties' of type [org.springframework.boot.autoconfigure.jdbc.DataSourceProperties] is not eligible for getting processed by all BeanPostProcessors (for example: not eligible for auto-proxying) 
2018-10-12 22:25:00,739 - [main] - INFO - org.springframework.context.support.PostProcessorRegistrationDelegate$BeanPostProcessorChecker - Bean 'dataSource' of type [com.zaxxer.hikari.HikariDataSource] is not eligible for getting processed by all BeanPostProcessors (for example: not eligible for auto-proxying) 
2018-10-12 22:25:00,770 - [main] - INFO - org.springframework.context.support.PostProcessorRegistrationDelegate$BeanPostProcessorChecker - Bean 'org.springframework.boot.autoconfigure.jdbc.DataSourceInitializerInvoker' of type [org.springframework.boot.autoconfigure.jdbc.DataSourceInitializerInvoker] is not eligible for getting processed by all BeanPostProcessors (for example: not eligible for auto-proxying) 
2018-10-12 22:25:01,659 - [main] - INFO - org.springframework.context.support.PostProcessorRegistrationDelegate$BeanPostProcessorChecker - Bean 'sqlSessionFactory' of type [org.apache.ibatis.session.defaults.DefaultSqlSessionFactory] is not eligible for getting processed by all BeanPostProcessors (for example: not eligible for auto-proxying) 
2018-10-12 22:25:01,683 - [main] - INFO - org.springframework.context.support.PostProcessorRegistrationDelegate$BeanPostProcessorChecker - Bean 'sqlSessionTemplate' of type [org.mybatis.spring.SqlSessionTemplate] is not eligible for getting processed by all BeanPostProcessors (for example: not eligible for auto-proxying) 
2018-10-12 22:25:01,688 - [main] - INFO - org.springframework.context.support.PostProcessorRegistrationDelegate$BeanPostProcessorChecker - Bean 'sellerInfoMapper' of type [org.mybatis.spring.mapper.MapperFactoryBean] is not eligible for getting processed by all BeanPostProcessors (for example: not eligible for auto-proxying) 
2018-10-12 22:25:01,698 - [main] - INFO - org.springframework.context.support.PostProcessorRegistrationDelegate$BeanPostProcessorChecker - Bean 'sellerInfoMapper' of type [com.sun.proxy.$Proxy63] is not eligible for getting processed by all BeanPostProcessors (for example: not eligible for auto-proxying) 
2018-10-12 22:25:01,705 - [main] - INFO - org.springframework.context.support.PostProcessorRegistrationDelegate$BeanPostProcessorChecker - Bean 'sellerInfoServiceImpl' of type [com.xia.sell.service.impl.SellerInfoServiceImpl] is not eligible for getting processed by all BeanPostProcessors (for example: not eligible for auto-proxying) 
2018-10-12 22:25:01,707 - [main] - INFO - org.springframework.context.support.PostProcessorRegistrationDelegate$BeanPostProcessorChecker - Bean 'myShiroRealm' of type [com.xia.sell.config.MyShiroRealm] is not eligible for getting processed by all BeanPostProcessors (for example: not eligible for auto-proxying) 
2018-10-12 22:25:01,747 - [main] - INFO - org.springframework.context.support.PostProcessorRegistrationDelegate$BeanPostProcessorChecker - Bean 'rememberMeCookie' of type [org.apache.shiro.web.servlet.SimpleCookie] is not eligible for getting processed by all BeanPostProcessors (for example: not eligible for auto-proxying) 
2018-10-12 22:25:01,757 - [main] - INFO - org.springframework.context.support.PostProcessorRegistrationDelegate$BeanPostProcessorChecker - Bean 'rememberMeManager' of type [org.apache.shiro.web.mgt.CookieRememberMeManager] is not eligible for getting processed by all BeanPostProcessors (for example: not eligible for auto-proxying) 
2018-10-12 22:25:01,782 - [main] - INFO - org.springframework.context.support.PostProcessorRegistrationDelegate$BeanPostProcessorChecker - Bean 'securityManager' of type [org.apache.shiro.web.mgt.DefaultWebSecurityManager] is not eligible for getting processed by all BeanPostProcessors (for example: not eligible for auto-proxying) 
2018-10-12 22:25:03,750 - [main] - INFO - org.springframework.boot.web.embedded.tomcat.TomcatWebServer - Tomcat initialized with port(s): 8080 (http) 
2018-10-12 22:25:03,857 - [main] - INFO - org.apache.coyote.http11.Http11NioProtocol - Initializing ProtocolHandler ["http-nio-8080"] 
2018-10-12 22:25:03,979 - [main] - INFO - org.apache.catalina.core.StandardService - Starting service [Tomcat] 
2018-10-12 22:25:03,980 - [main] - INFO - org.apache.catalina.core.StandardEngine - Starting Servlet Engine: Apache Tomcat/8.5.32 
2018-10-12 22:25:03,990 - [localhost-startStop-1] - INFO - org.apache.catalina.core.AprLifecycleListener - The APR based Apache Tomcat Native library which allows optimal performance in production environments was not found on the java.library.path: [C:\Java\jdk1.8.0_121\bin;C:\WINDOWS\Sun\Java\bin;C:\WINDOWS\system32;C:\WINDOWS;C:\ProgramData\Oracle\Java\javapath;C:\Java\jdk1.8.0_121\bin;C:\Java\jdk1.8.0_121\jre\bin;C:\WINDOWS\system32;C:\WINDOWS;C:\WINDOWS\System32\Wbem;C:\WINDOWS\System32\WindowsPowerShell\v1.0\;C:\Program Files (x86)\NVIDIA Corporation\PhysX\Common;C:\Users\xia\AppData\Local\Android\sdk\platform-tools\adb.exe;C:\WINDOWS\system32;C:\WINDOWS;C:\WINDOWS\System32\Wbem;C:\WINDOWS\System32\WindowsPowerShell\v1.0\;C:\Program Files\MySQL\MySQL Server 5.5\bin;C:\Program Files\Git\cmd;D:\Android\android-sdk\platform-tools;D:\Android\android-sdk\tools;E:\apache-maven-3.5.3\bin\;%TALINA_HOME%\bin\;C:\WINDOWS\System32\OpenSSH\;E:\gradle-4.9\bin;D:\mysql-8.0.11-winx64\bin;C:\Users\xia\AppData\Local\Microsoft\WindowsApps;C:\Users\xia\AppData\Local\Programs\Fiddler;C:\Users\xia\AppData\Local\GitHubDesktop\bin;%USERPROFILE%\AppData\Local\Microsoft\WindowsApps;;.] 
2018-10-12 22:25:04,414 - [localhost-startStop-1] - INFO - org.apache.catalina.core.ContainerBase.[Tomcat].[localhost].[/] - Initializing Spring embedded WebApplicationContext 
2018-10-12 22:25:04,414 - [localhost-startStop-1] - INFO - org.springframework.web.context.ContextLoader - Root WebApplicationContext: initialization completed in 8164 ms 
2018-10-12 22:25:04,646 - [localhost-startStop-1] - INFO - org.springframework.boot.web.servlet.ServletRegistrationBean - Servlet dispatcherServlet mapped to [/] 
2018-10-12 22:25:04,656 - [localhost-startStop-1] - INFO - org.springframework.boot.web.servlet.FilterRegistrationBean - Mapping filter: 'characterEncodingFilter' to: [/*] 
2018-10-12 22:25:04,656 - [localhost-startStop-1] - INFO - org.springframework.boot.web.servlet.FilterRegistrationBean - Mapping filter: 'hiddenHttpMethodFilter' to: [/*] 
2018-10-12 22:25:04,657 - [localhost-startStop-1] - INFO - org.springframework.boot.web.servlet.FilterRegistrationBean - Mapping filter: 'httpPutFormContentFilter' to: [/*] 
2018-10-12 22:25:04,657 - [localhost-startStop-1] - INFO - org.springframework.boot.web.servlet.FilterRegistrationBean - Mapping filter: 'requestContextFilter' to: [/*] 
2018-10-12 22:25:04,657 - [localhost-startStop-1] - INFO - org.springframework.boot.web.servlet.FilterRegistrationBean - Mapping filter: 'shiroFilterFactoryBean' to: [/*] 
2018-10-12 22:25:05,996 - [main] - INFO - org.springframework.web.servlet.handler.SimpleUrlHandlerMapping - Mapped URL path [/**/favicon.ico] onto handler of type [class org.springframework.web.servlet.resource.ResourceHttpRequestHandler] 
2018-10-12 22:25:06,405 - [main] - INFO - org.springframework.web.servlet.mvc.method.annotation.RequestMappingHandlerAdapter - Looking for @ControllerAdvice: org.springframework.boot.web.servlet.context.AnnotationConfigServletWebServerApplicationContext@3b569985: startup date [Fri Oct 12 22:24:56 CST 2018]; root of context hierarchy 
2018-10-12 22:25:06,544 - [main] - INFO - org.springframework.web.servlet.mvc.method.annotation.RequestMappingHandlerMapping - Mapped "{[/buyer/address/remove],methods=[GET]}" onto public com.xia.sell.vo.ResultVO com.xia.sell.controller.BuyerAddressController.remove(java.lang.String) 
2018-10-12 22:25:06,546 - [main] - INFO - org.springframework.web.servlet.mvc.method.annotation.RequestMappingHandlerMapping - Mapped "{[/buyer/address/list],methods=[GET]}" onto public com.xia.sell.vo.ResultVO com.xia.sell.controller.BuyerAddressController.list(java.lang.String) 
2018-10-12 22:25:06,547 - [main] - INFO - org.springframework.web.servlet.mvc.method.annotation.RequestMappingHandlerMapping - Mapped "{[/buyer/address/save],methods=[POST]}" onto public com.xia.sell.vo.ResultVO com.xia.sell.controller.BuyerAddressController.save(com.xia.sell.dto.BuyerAddressDTO) 
2018-10-12 22:25:06,549 - [main] - INFO - org.springframework.web.servlet.mvc.method.annotation.RequestMappingHandlerMapping - Mapped "{[/buyer/comment/add],methods=[POST]}" onto public com.xia.sell.vo.ResultVO com.xia.sell.controller.BuyerCommentController.add(com.xia.sell.dto.CommentAddDTO) 
2018-10-12 22:25:06,550 - [main] - INFO - org.springframework.web.servlet.mvc.method.annotation.RequestMappingHandlerMapping - Mapped "{[/buyer/comment/list],methods=[GET]}" onto public com.xia.sell.vo.ResultVO com.xia.sell.controller.BuyerCommentController.list(java.lang.String,java.lang.Integer) 
2018-10-12 22:25:06,553 - [main] - INFO - org.springframework.web.servlet.mvc.method.annotation.RequestMappingHandlerMapping - Mapped "{[/buyer/order/create],methods=[POST]}" onto public com.xia.sell.vo.ResultVO com.xia.sell.controller.BuyerOrderController.create(com.xia.sell.dto.OrderCreateDTO,org.springframework.validation.Errors) 
2018-10-12 22:25:06,553 - [main] - INFO - org.springframework.web.servlet.mvc.method.annotation.RequestMappingHandlerMapping - Mapped "{[/buyer/order/list],methods=[GET]}" onto public com.xia.sell.vo.ResultVO com.xia.sell.controller.BuyerOrderController.list(java.lang.String,java.lang.Integer) 
2018-10-12 22:25:06,554 - [main] - INFO - org.springframework.web.servlet.mvc.method.annotation.RequestMappingHandlerMapping - Mapped "{[/buyer/order/cancel],methods=[GET]}" onto public com.xia.sell.vo.ResultVO com.xia.sell.controller.BuyerOrderController.cancel(java.lang.String,java.lang.String) 
2018-10-12 22:25:06,554 - [main] - INFO - org.springframework.web.servlet.mvc.method.annotation.RequestMappingHandlerMapping - Mapped "{[/buyer/order/detail],methods=[GET]}" onto public com.xia.sell.vo.ResultVO com.xia.sell.controller.BuyerOrderController.detail(java.lang.String,java.lang.String) 
2018-10-12 22:25:06,554 - [main] - INFO - org.springframework.web.servlet.mvc.method.annotation.RequestMappingHandlerMapping - Mapped "{[/buyer/order/amount],methods=[GET]}" onto public com.xia.sell.vo.ResultVO com.xia.sell.controller.BuyerOrderController.amount(java.lang.String,java.lang.String) 
2018-10-12 22:25:06,554 - [main] - INFO - org.springframework.web.servlet.mvc.method.annotation.RequestMappingHandlerMapping - Mapped "{[/buyer/order/paySuccess],methods=[GET]}" onto public com.xia.sell.vo.ResultVO com.xia.sell.controller.BuyerOrderController.paySuccess(java.lang.String) 
2018-10-12 22:25:06,555 - [main] - INFO - org.springframework.web.servlet.mvc.method.annotation.RequestMappingHandlerMapping - Mapped "{[/buyer/order/payFail],methods=[POST]}" onto public com.xia.sell.vo.ResultVO com.xia.sell.controller.BuyerOrderController.payFail() 
2018-10-12 22:25:06,564 - [main] - INFO - org.springframework.web.servlet.mvc.method.annotation.RequestMappingHandlerMapping - Mapped "{[/buyer/shop/listDistance],methods=[GET]}" onto public com.xia.sell.vo.ResultVO<java.util.List> com.xia.sell.controller.BuyerShopController.allShopOrderDistance(java.lang.String,java.lang.String) 
2018-10-12 22:25:06,565 - [main] - INFO - org.springframework.web.servlet.mvc.method.annotation.RequestMappingHandlerMapping - Mapped "{[/buyer/shop/listOrderDistance],methods=[GET]}" onto public com.xia.sell.vo.ResultVO com.xia.sell.controller.BuyerShopController.listOrderDistance(java.lang.String,java.lang.String,java.lang.String) 
2018-10-12 22:25:06,565 - [main] - INFO - org.springframework.web.servlet.mvc.method.annotation.RequestMappingHandlerMapping - Mapped "{[/buyer/shop/simpleDetail],methods=[GET]}" onto public com.xia.sell.vo.BuyerShopSimpleDetailVo com.xia.sell.controller.BuyerShopController.simpleDetail(java.lang.String) 
2018-10-12 22:25:06,566 - [main] - INFO - org.springframework.web.servlet.mvc.method.annotation.RequestMappingHandlerMapping - Mapped "{[/buyer/shop/discount],methods=[GET]}" onto public com.xia.sell.vo.ResultVO com.xia.sell.controller.BuyerShopController.sellerDiscount(java.lang.String) 
2018-10-12 22:25:06,567 - [main] - INFO - org.springframework.web.servlet.mvc.method.annotation.RequestMappingHandlerMapping - Mapped "{[/buyer/shop/list],methods=[GET]}" onto public com.xia.sell.vo.ResultVO<java.util.List> com.xia.sell.controller.BuyerShopController.allShop(java.lang.String,java.lang.String) 
2018-10-12 22:25:06,567 - [main] - INFO - org.springframework.web.servlet.mvc.method.annotation.RequestMappingHandlerMapping - Mapped "{[/buyer/shop/listDefault],methods=[GET]}" onto public com.xia.sell.vo.ResultVO com.xia.sell.controller.BuyerShopController.listDefault(java.lang.String,java.lang.String,java.lang.String) 
2018-10-12 22:25:06,567 - [main] - INFO - org.springframework.web.servlet.mvc.method.annotation.RequestMappingHandlerMapping - Mapped "{[/buyer/shop/listSold],methods=[GET]}" onto public com.xia.sell.vo.ResultVO<java.util.List> com.xia.sell.controller.BuyerShopController.allShopOrderSold(java.lang.String,java.lang.String) 
2018-10-12 22:25:06,568 - [main] - INFO - org.springframework.web.servlet.mvc.method.annotation.RequestMappingHandlerMapping - Mapped "{[/buyer/shop/listOrderSold],methods=[GET]}" onto public com.xia.sell.vo.ResultVO com.xia.sell.controller.BuyerShopController.listOrderSold(java.lang.String,java.lang.String,java.lang.String) 
2018-10-12 22:25:06,568 - [main] - INFO - org.springframework.web.servlet.mvc.method.annotation.RequestMappingHandlerMapping - Mapped "{[/],methods=[GET]}" onto public java.lang.String com.xia.sell.controller.MainController.index() 
2018-10-12 22:25:06,569 - [main] - INFO - org.springframework.web.servlet.mvc.method.annotation.RequestMappingHandlerMapping - Mapped "{[/buyer/product/list],methods=[GET]}" onto public com.xia.sell.vo.ResultVO com.xia.sell.controller.ProductListController.productList(java.lang.String) 
2018-10-12 22:25:06,571 - [main] - INFO - org.springframework.web.servlet.mvc.method.annotation.RequestMappingHandlerMapping - Mapped "{[/seller/cate/add],methods=[GET]}" onto public com.xia.sell.vo.ResultVO com.xia.sell.controller.SellerCategoryController.add(java.lang.String,org.apache.catalina.servlet4preview.http.HttpServletRequest) 
2018-10-12 22:25:06,572 - [main] - INFO - org.springframework.web.servlet.mvc.method.annotation.RequestMappingHandlerMapping - Mapped "{[/seller/cate/remove],methods=[GET]}" onto public com.xia.sell.vo.ResultVO com.xia.sell.controller.SellerCategoryController.remove(java.lang.Integer) 
2018-10-12 22:25:06,572 - [main] - INFO - org.springframework.web.servlet.mvc.method.annotation.RequestMappingHandlerMapping - Mapped "{[/seller/cate/list],methods=[GET]}" onto public java.lang.String com.xia.sell.controller.SellerCategoryController.list(org.apache.catalina.servlet4preview.http.HttpServletRequest,org.springframework.ui.Model) 
2018-10-12 22:25:06,572 - [main] - INFO - org.springframework.web.servlet.mvc.method.annotation.RequestMappingHandlerMapping - Mapped "{[/seller/cate/change],methods=[GET]}" onto public com.xia.sell.vo.ResultVO com.xia.sell.controller.SellerCategoryController.change(java.lang.Integer,java.lang.String) 
2018-10-12 22:25:06,573 - [main] - INFO - org.springframework.web.servlet.mvc.method.annotation.RequestMappingHandlerMapping - Mapped "{[/seller/tologin],methods=[GET]}" onto public java.lang.String com.xia.sell.controller.SellerLoginController.login(org.springframework.ui.Model) 
2018-10-12 22:25:06,574 - [main] - INFO - org.springframework.web.servlet.mvc.method.annotation.RequestMappingHandlerMapping - Mapped "{[/seller/tologin],methods=[POST]}" onto public java.lang.String com.xia.sell.controller.SellerLoginController.toLogin(com.xia.sell.dto.LoginDTO,org.springframework.ui.Model,org.apache.catalina.servlet4preview.http.HttpServletRequest,org.springframework.web.servlet.mvc.support.RedirectAttributes) 
2018-10-12 22:25:06,576 - [main] - INFO - org.springframework.web.servlet.mvc.method.annotation.RequestMappingHandlerMapping - Mapped "{[/seller/order/alreadyOrder],methods=[GET]}" onto public com.xia.sell.vo.ResultVO com.xia.sell.controller.SellerOrderController.finish(java.lang.String) 
2018-10-12 22:25:06,576 - [main] - INFO - org.springframework.web.servlet.mvc.method.annotation.RequestMappingHandlerMapping - Mapped "{[/seller/order/cancel],methods=[GET]}" onto public com.xia.sell.vo.ResultVO com.xia.sell.controller.SellerOrderController.cancel(java.lang.String) 
2018-10-12 22:25:06,576 - [main] - INFO - org.springframework.web.servlet.mvc.method.annotation.RequestMappingHandlerMapping - Mapped "{[/seller/order/setDistributionFinish],methods=[GET]}" onto public com.xia.sell.vo.ResultVO com.xia.sell.controller.SellerOrderController.setDistributionFinish(java.lang.String) 
2018-10-12 22:25:06,576 - [main] - INFO - org.springframework.web.servlet.mvc.method.annotation.RequestMappingHandlerMapping - Mapped "{[/seller/order/details],methods=[GET]}" onto public com.xia.sell.vo.OrderInfoVO com.xia.sell.controller.SellerOrderController.details(java.lang.String) 
2018-10-12 22:25:06,577 - [main] - INFO - org.springframework.web.servlet.mvc.method.annotation.RequestMappingHandlerMapping - Mapped "{[/seller/order/setDistribution],methods=[GET]}" onto public com.xia.sell.vo.ResultVO com.xia.sell.controller.SellerOrderController.setDistribution(java.lang.String) 
2018-10-12 22:25:06,577 - [main] - INFO - org.springframework.web.servlet.mvc.method.annotation.RequestMappingHandlerMapping - Mapped "{[/seller/order/list],methods=[GET]}" onto public java.lang.String com.xia.sell.controller.SellerOrderController.orderList(java.lang.Integer,org.springframework.ui.Model,org.apache.catalina.servlet4preview.http.HttpServletRequest) 
2018-10-12 22:25:06,582 - [main] - INFO - org.springframework.web.servlet.mvc.method.annotation.RequestMappingHandlerMapping - Mapped "{[/seller/product/remove],methods=[GET]}" onto public com.xia.sell.vo.ResultVO com.xia.sell.controller.SellerProductController.remove(java.lang.String) 
2018-10-12 22:25:06,582 - [main] - INFO - org.springframework.web.servlet.mvc.method.annotation.RequestMappingHandlerMapping - Mapped "{[/seller/product/list],methods=[GET]}" onto public java.lang.String com.xia.sell.controller.SellerProductController.list(org.springframework.ui.Model,org.apache.catalina.servlet4preview.http.HttpServletRequest) 
2018-10-12 22:25:06,583 - [main] - INFO - org.springframework.web.servlet.mvc.method.annotation.RequestMappingHandlerMapping - Mapped "{[/seller/product/addProduct],methods=[GET]}" onto public java.lang.String com.xia.sell.controller.SellerProductController.getAddProductPage(org.springframework.ui.Model,org.apache.catalina.servlet4preview.http.HttpServletRequest) 
2018-10-12 22:25:06,583 - [main] - INFO - org.springframework.web.servlet.mvc.method.annotation.RequestMappingHandlerMapping - Mapped "{[/seller/product/changeStatus],methods=[GET]}" onto public com.xia.sell.vo.ResultVO com.xia.sell.controller.SellerProductController.changeStatus(java.lang.String) 
2018-10-12 22:25:06,583 - [main] - INFO - org.springframework.web.servlet.mvc.method.annotation.RequestMappingHandlerMapping - Mapped "{[/seller/product/changeProduct],methods=[POST]}" onto public com.xia.sell.vo.ResultVO com.xia.sell.controller.SellerProductController.changeProduct(com.xia.sell.dto.ProductInfoDTO,org.springframework.validation.Errors) 
2018-10-12 22:25:06,584 - [main] - INFO - org.springframework.web.servlet.mvc.method.annotation.RequestMappingHandlerMapping - Mapped "{[/seller/product/oneProduct],methods=[GET]}" onto public com.xia.sell.vo.ResultVO com.xia.sell.controller.SellerProductController.getChangeProduct(java.lang.String,org.apache.catalina.servlet4preview.http.HttpServletRequest) 
2018-10-12 22:25:06,584 - [main] - INFO - org.springframework.web.servlet.mvc.method.annotation.RequestMappingHandlerMapping - Mapped "{[/seller/product/addProduct],methods=[POST]}" onto public com.xia.sell.vo.ResultVO com.xia.sell.controller.SellerProductController.addProduct(com.xia.sell.dto.ProductInfoDTO,org.springframework.validation.Errors,org.apache.catalina.servlet4preview.http.HttpServletRequest) 
2018-10-12 22:25:06,586 - [main] - INFO - org.springframework.web.servlet.mvc.method.annotation.RequestMappingHandlerMapping - Mapped "{[/decrypt],methods=[GET]}" onto public java.lang.String com.xia.sell.controller.WXLogin.decrypt(java.lang.String,java.lang.String) 
2018-10-12 22:25:06,586 - [main] - INFO - org.springframework.web.servlet.mvc.method.annotation.RequestMappingHandlerMapping - Mapped "{[/WXLogin],methods=[GET]}" onto public java.lang.String com.xia.sell.controller.WXLogin.login(java.lang.String) throws java.io.IOException 
2018-10-12 22:25:06,586 - [main] - INFO - org.springframework.web.servlet.mvc.method.annotation.RequestMappingHandlerMapping - Mapped "{[/checkRawData],methods=[GET]}" onto public java.lang.String com.xia.sell.controller.WXLogin.checkRawData(java.lang.String,java.lang.String) throws java.io.UnsupportedEncodingException 
2018-10-12 22:25:06,589 - [main] - INFO - org.springframework.web.servlet.mvc.method.annotation.RequestMappingHandlerMapping - Mapped "{[/error]}" onto public org.springframework.http.ResponseEntity<java.util.Map<java.lang.String, java.lang.Object>> org.springframework.boot.autoconfigure.web.servlet.error.BasicErrorController.error(javax.servlet.http.HttpServletRequest) 
2018-10-12 22:25:06,590 - [main] - INFO - org.springframework.web.servlet.mvc.method.annotation.RequestMappingHandlerMapping - Mapped "{[/error],produces=[text/html]}" onto public org.springframework.web.servlet.ModelAndView org.springframework.boot.autoconfigure.web.servlet.error.BasicErrorController.errorHtml(javax.servlet.http.HttpServletRequest,javax.servlet.http.HttpServletResponse) 
2018-10-12 22:25:06,659 - [main] - INFO - org.springframework.web.servlet.handler.SimpleUrlHandlerMapping - Mapped URL path [/webjars/**] onto handler of type [class org.springframework.web.servlet.resource.ResourceHttpRequestHandler] 
2018-10-12 22:25:06,659 - [main] - INFO - org.springframework.web.servlet.handler.SimpleUrlHandlerMapping - Mapped URL path [/**] onto handler of type [class org.springframework.web.servlet.resource.ResourceHttpRequestHandler] 
2018-10-12 22:25:06,986 - [main] - INFO - org.springframework.boot.autoconfigure.web.servlet.WelcomePageHandlerMapping - Adding welcome page template: index 
2018-10-12 22:25:07,773 - [main] - INFO - org.springframework.web.socket.server.standard.ServerEndpointExporter - Registering @ServerEndpoint class: class com.xia.sell.service.OrderWebSocket 
2018-10-12 22:25:07,791 - [main] - INFO - org.springframework.jmx.export.annotation.AnnotationMBeanExporter - Registering beans for JMX exposure on startup 
2018-10-12 22:25:07,796 - [main] - INFO - org.springframework.jmx.export.annotation.AnnotationMBeanExporter - Bean with name 'dataSource' has been autodetected for JMX exposure 
2018-10-12 22:25:07,811 - [main] - INFO - org.springframework.jmx.export.annotation.AnnotationMBeanExporter - Located MBean 'dataSource': registering with JMX server as MBean [com.zaxxer.hikari:name=dataSource,type=HikariDataSource] 
2018-10-12 22:25:07,857 - [main] - INFO - org.apache.coyote.http11.Http11NioProtocol - Starting ProtocolHandler ["http-nio-8080"] 
2018-10-12 22:25:07,900 - [main] - INFO - org.apache.tomcat.util.net.NioSelectorPool - Using a shared selector for servlet write/read 
2018-10-12 22:25:07,959 - [main] - INFO - org.springframework.boot.web.embedded.tomcat.TomcatWebServer - Tomcat started on port(s): 8080 (http) with context path '' 
2018-10-12 22:25:07,973 - [main] - INFO - com.xia.sell.SellApplication - Started SellApplication in 14.094 seconds (JVM running for 28.217) 
2018-10-12 22:33:02,668 - [http-nio-8080-exec-1] - WARN - org.springframework.context.annotation.ClassPathScanningCandidateComponentProvider - No MyBatis mapper was found in '[com.xia.sell.dao]' package. Please check your configuration. 
2018-10-12 22:33:02,701 - [http-nio-8080-exec-1] - INFO - org.apache.catalina.core.ContainerBase.[Tomcat].[localhost].[/] - Initializing Spring FrameworkServlet 'dispatcherServlet' 
2018-10-12 22:33:02,701 - [http-nio-8080-exec-1] - INFO - org.springframework.web.servlet.DispatcherServlet - FrameworkServlet 'dispatcherServlet': initialization started 
2018-10-12 22:33:02,755 - [http-nio-8080-exec-1] - INFO - org.springframework.web.servlet.DispatcherServlet - FrameworkServlet 'dispatcherServlet': initialization completed in 54 ms 
2018-10-12 22:33:03,654 - [http-nio-8080-exec-1] - INFO - com.zaxxer.hikari.HikariDataSource - HikariPool-1 - Starting... 
2018-10-12 22:33:04,058 - [http-nio-8080-exec-1] - INFO - com.zaxxer.hikari.HikariDataSource - HikariPool-1 - Start completed. 
2018-10-12 22:34:44,920 - [http-nio-8080-exec-5] - WARN - org.springframework.context.annotation.ClassPathScanningCandidateComponentProvider - No MyBatis mapper was found in '[com.xia.sell.dao]' package. Please check your configuration. 
2018-10-12 22:34:46,006 - [http-nio-8080-exec-5] - INFO - org.springframework.web.servlet.handler.SimpleUrlHandlerMapping - Mapped URL path [/**/favicon.ico] onto handler of type [class org.springframework.web.servlet.resource.ResourceHttpRequestHandler] 
2018-10-12 22:36:39,227 - [HikariPool-1 housekeeper] - WARN - com.zaxxer.hikari.pool.HikariPool - HikariPool-1 - Thread starvation or clock leap detected (housekeeper delta=1m34s704ms608µs265ns). 
2018-10-12 22:36:46,484 - [http-nio-8080-exec-10] - WARN - org.springframework.context.annotation.ClassPathScanningCandidateComponentProvider - No MyBatis mapper was found in '[com.xia.sell.dao]' package. Please check your configuration. 
2018-10-12 22:36:46,852 - [http-nio-8080-exec-10] - INFO - org.springframework.web.servlet.handler.SimpleUrlHandlerMapping - Mapped URL path [/**/favicon.ico] onto handler of type [class org.springframework.web.servlet.resource.ResourceHttpRequestHandler] 
2018-10-12 22:45:28,061 - [http-nio-8080-exec-6] - WARN - org.springframework.context.annotation.ClassPathScanningCandidateComponentProvider - No MyBatis mapper was found in '[com.xia.sell.dao]' package. Please check your configuration. 
2018-10-12 22:47:43,850 - [HikariPool-1 housekeeper] - WARN - com.zaxxer.hikari.pool.HikariPool - HikariPool-1 - Thread starvation or clock leap detected (housekeeper delta=2m4s566ms717µs945ns). 
2018-10-12 22:48:39,125 - [http-nio-8080-exec-3] - WARN - org.springframework.context.annotation.ClassPathScanningCandidateComponentProvider - No MyBatis mapper was found in '[com.xia.sell.dao]' package. Please check your configuration. 
2018-10-12 22:48:39,891 - [http-nio-8080-exec-3] - INFO - org.springframework.web.servlet.handler.SimpleUrlHandlerMapping - Mapped URL path [/**/favicon.ico] onto handler of type [class org.springframework.web.servlet.resource.ResourceHttpRequestHandler] 
2018-10-12 22:51:59,747 - [http-nio-8080-exec-2] - INFO - org.springframework.beans.factory.xml.XmlBeanDefinitionReader - Loading XML bean definitions from class path resource [org/springframework/jdbc/support/sql-error-codes.xml] 
2018-10-12 22:55:29,248 - [main] - INFO - com.xia.sell.SellApplication - Starting SellApplication on DESKTOP-59AH7K1 with PID 8968 (F:\ideaProject\sell\target\classes started by xia in F:\ideaProject\sell) 
2018-10-12 22:55:29,258 - [main] - INFO - com.xia.sell.SellApplication - No active profile set, falling back to default profiles: default 
2018-10-12 22:55:29,427 - [main] - INFO - org.springframework.boot.web.servlet.context.AnnotationConfigServletWebServerApplicationContext - Refreshing org.springframework.boot.web.servlet.context.AnnotationConfigServletWebServerApplicationContext@2bfbffb2: startup date [Fri Oct 12 22:55:29 CST 2018]; root of context hierarchy 
2018-10-12 22:55:32,045 - [main] - INFO - org.springframework.context.support.PostProcessorRegistrationDelegate$BeanPostProcessorChecker - Bean 'shiroConfiguration' of type [com.xia.sell.config.ShiroConfiguration$$EnhancerBySpringCGLIB$$b3e72d04] is not eligible for getting processed by all BeanPostProcessors (for example: not eligible for auto-proxying) 
2018-10-12 22:55:32,060 - [main] - INFO - org.springframework.context.support.PostProcessorRegistrationDelegate$BeanPostProcessorChecker - Bean 'org.springframework.transaction.annotation.ProxyTransactionManagementConfiguration' of type [org.springframework.transaction.annotation.ProxyTransactionManagementConfiguration$$EnhancerBySpringCGLIB$$bad5fabf] is not eligible for getting processed by all BeanPostProcessors (for example: not eligible for auto-proxying) 
2018-10-12 22:55:32,306 - [main] - INFO - org.springframework.context.support.PostProcessorRegistrationDelegate$BeanPostProcessorChecker - Bean 'org.springframework.boot.context.properties.ConversionServiceDeducer$Factory' of type [org.springframework.boot.context.properties.ConversionServiceDeducer$Factory] is not eligible for getting processed by all BeanPostProcessors (for example: not eligible for auto-proxying) 
2018-10-12 22:55:32,357 - [main] - INFO - org.springframework.context.support.PostProcessorRegistrationDelegate$BeanPostProcessorChecker - Bean 'mybatis-org.mybatis.spring.boot.autoconfigure.MybatisProperties' of type [org.mybatis.spring.boot.autoconfigure.MybatisProperties] is not eligible for getting processed by all BeanPostProcessors (for example: not eligible for auto-proxying) 
2018-10-12 22:55:32,385 - [main] - INFO - org.springframework.context.support.PostProcessorRegistrationDelegate$BeanPostProcessorChecker - Bean 'org.mybatis.spring.boot.autoconfigure.MybatisAutoConfiguration' of type [org.mybatis.spring.boot.autoconfigure.MybatisAutoConfiguration$$EnhancerBySpringCGLIB$$edaa4bef] is not eligible for getting processed by all BeanPostProcessors (for example: not eligible for auto-proxying) 
2018-10-12 22:55:32,392 - [main] - INFO - org.springframework.context.support.PostProcessorRegistrationDelegate$BeanPostProcessorChecker - Bean 'org.springframework.boot.autoconfigure.jdbc.DataSourceConfiguration$Hikari' of type [org.springframework.boot.autoconfigure.jdbc.DataSourceConfiguration$Hikari] is not eligible for getting processed by all BeanPostProcessors (for example: not eligible for auto-proxying) 
2018-10-12 22:55:32,421 - [main] - INFO - org.springframework.context.support.PostProcessorRegistrationDelegate$BeanPostProcessorChecker - Bean 'spring.datasource-org.springframework.boot.autoconfigure.jdbc.DataSourceProperties' of type [org.springframework.boot.autoconfigure.jdbc.DataSourceProperties] is not eligible for getting processed by all BeanPostProcessors (for example: not eligible for auto-proxying) 
2018-10-12 22:55:32,481 - [main] - INFO - org.springframework.context.support.PostProcessorRegistrationDelegate$BeanPostProcessorChecker - Bean 'dataSource' of type [com.zaxxer.hikari.HikariDataSource] is not eligible for getting processed by all BeanPostProcessors (for example: not eligible for auto-proxying) 
2018-10-12 22:55:32,505 - [main] - INFO - org.springframework.context.support.PostProcessorRegistrationDelegate$BeanPostProcessorChecker - Bean 'org.springframework.boot.autoconfigure.jdbc.DataSourceInitializerInvoker' of type [org.springframework.boot.autoconfigure.jdbc.DataSourceInitializerInvoker] is not eligible for getting processed by all BeanPostProcessors (for example: not eligible for auto-proxying) 
2018-10-12 22:55:33,228 - [main] - INFO - org.springframework.context.support.PostProcessorRegistrationDelegate$BeanPostProcessorChecker - Bean 'sqlSessionFactory' of type [org.apache.ibatis.session.defaults.DefaultSqlSessionFactory] is not eligible for getting processed by all BeanPostProcessors (for example: not eligible for auto-proxying) 
2018-10-12 22:55:33,251 - [main] - INFO - org.springframework.context.support.PostProcessorRegistrationDelegate$BeanPostProcessorChecker - Bean 'sqlSessionTemplate' of type [org.mybatis.spring.SqlSessionTemplate] is not eligible for getting processed by all BeanPostProcessors (for example: not eligible for auto-proxying) 
2018-10-12 22:55:33,255 - [main] - INFO - org.springframework.context.support.PostProcessorRegistrationDelegate$BeanPostProcessorChecker - Bean 'sellerInfoMapper' of type [org.mybatis.spring.mapper.MapperFactoryBean] is not eligible for getting processed by all BeanPostProcessors (for example: not eligible for auto-proxying) 
2018-10-12 22:55:33,267 - [main] - INFO - org.springframework.context.support.PostProcessorRegistrationDelegate$BeanPostProcessorChecker - Bean 'sellerInfoMapper' of type [com.sun.proxy.$Proxy63] is not eligible for getting processed by all BeanPostProcessors (for example: not eligible for auto-proxying) 
2018-10-12 22:55:33,274 - [main] - INFO - org.springframework.context.support.PostProcessorRegistrationDelegate$BeanPostProcessorChecker - Bean 'sellerInfoServiceImpl' of type [com.xia.sell.service.impl.SellerInfoServiceImpl] is not eligible for getting processed by all BeanPostProcessors (for example: not eligible for auto-proxying) 
2018-10-12 22:55:33,276 - [main] - INFO - org.springframework.context.support.PostProcessorRegistrationDelegate$BeanPostProcessorChecker - Bean 'myShiroRealm' of type [com.xia.sell.config.MyShiroRealm] is not eligible for getting processed by all BeanPostProcessors (for example: not eligible for auto-proxying) 
2018-10-12 22:55:33,290 - [main] - INFO - org.springframework.context.support.PostProcessorRegistrationDelegate$BeanPostProcessorChecker - Bean 'rememberMeCookie' of type [org.apache.shiro.web.servlet.SimpleCookie] is not eligible for getting processed by all BeanPostProcessors (for example: not eligible for auto-proxying) 
2018-10-12 22:55:33,302 - [main] - INFO - org.springframework.context.support.PostProcessorRegistrationDelegate$BeanPostProcessorChecker - Bean 'rememberMeManager' of type [org.apache.shiro.web.mgt.CookieRememberMeManager] is not eligible for getting processed by all BeanPostProcessors (for example: not eligible for auto-proxying) 
2018-10-12 22:55:33,322 - [main] - INFO - org.springframework.context.support.PostProcessorRegistrationDelegate$BeanPostProcessorChecker - Bean 'securityManager' of type [org.apache.shiro.web.mgt.DefaultWebSecurityManager] is not eligible for getting processed by all BeanPostProcessors (for example: not eligible for auto-proxying) 
2018-10-12 22:55:34,507 - [main] - INFO - org.springframework.boot.web.embedded.tomcat.TomcatWebServer - Tomcat initialized with port(s): 8080 (http) 
2018-10-12 22:55:34,540 - [main] - INFO - org.apache.coyote.http11.Http11NioProtocol - Initializing ProtocolHandler ["http-nio-8080"] 
2018-10-12 22:55:34,561 - [main] - INFO - org.apache.catalina.core.StandardService - Starting service [Tomcat] 
2018-10-12 22:55:34,562 - [main] - INFO - org.apache.catalina.core.StandardEngine - Starting Servlet Engine: Apache Tomcat/8.5.32 
2018-10-12 22:55:34,573 - [localhost-startStop-1] - INFO - org.apache.catalina.core.AprLifecycleListener - The APR based Apache Tomcat Native library which allows optimal performance in production environments was not found on the java.library.path: [C:\Java\jdk1.8.0_121\bin;C:\WINDOWS\Sun\Java\bin;C:\WINDOWS\system32;C:\WINDOWS;C:\ProgramData\Oracle\Java\javapath;C:\Java\jdk1.8.0_121\bin;C:\Java\jdk1.8.0_121\jre\bin;C:\WINDOWS\system32;C:\WINDOWS;C:\WINDOWS\System32\Wbem;C:\WINDOWS\System32\WindowsPowerShell\v1.0\;C:\Program Files (x86)\NVIDIA Corporation\PhysX\Common;C:\Users\xia\AppData\Local\Android\sdk\platform-tools\adb.exe;C:\WINDOWS\system32;C:\WINDOWS;C:\WINDOWS\System32\Wbem;C:\WINDOWS\System32\WindowsPowerShell\v1.0\;C:\Program Files\MySQL\MySQL Server 5.5\bin;C:\Program Files\Git\cmd;D:\Android\android-sdk\platform-tools;D:\Android\android-sdk\tools;E:\apache-maven-3.5.3\bin\;%TALINA_HOME%\bin\;C:\WINDOWS\System32\OpenSSH\;E:\gradle-4.9\bin;D:\mysql-8.0.11-winx64\bin;C:\Users\xia\AppData\Local\Microsoft\WindowsApps;C:\Users\xia\AppData\Local\Programs\Fiddler;C:\Users\xia\AppData\Local\GitHubDesktop\bin;%USERPROFILE%\AppData\Local\Microsoft\WindowsApps;;.] 
2018-10-12 22:55:34,920 - [localhost-startStop-1] - INFO - org.apache.catalina.core.ContainerBase.[Tomcat].[localhost].[/] - Initializing Spring embedded WebApplicationContext 
2018-10-12 22:55:34,920 - [localhost-startStop-1] - INFO - org.springframework.web.context.ContextLoader - Root WebApplicationContext: initialization completed in 5493 ms 
2018-10-12 22:55:35,127 - [localhost-startStop-1] - INFO - org.springframework.boot.web.servlet.ServletRegistrationBean - Servlet dispatcherServlet mapped to [/] 
2018-10-12 22:55:35,138 - [localhost-startStop-1] - INFO - org.springframework.boot.web.servlet.FilterRegistrationBean - Mapping filter: 'characterEncodingFilter' to: [/*] 
2018-10-12 22:55:35,139 - [localhost-startStop-1] - INFO - org.springframework.boot.web.servlet.FilterRegistrationBean - Mapping filter: 'hiddenHttpMethodFilter' to: [/*] 
2018-10-12 22:55:35,139 - [localhost-startStop-1] - INFO - org.springframework.boot.web.servlet.FilterRegistrationBean - Mapping filter: 'httpPutFormContentFilter' to: [/*] 
2018-10-12 22:55:35,139 - [localhost-startStop-1] - INFO - org.springframework.boot.web.servlet.FilterRegistrationBean - Mapping filter: 'requestContextFilter' to: [/*] 
2018-10-12 22:55:35,139 - [localhost-startStop-1] - INFO - org.springframework.boot.web.servlet.FilterRegistrationBean - Mapping filter: 'shiroFilterFactoryBean' to: [/*] 
2018-10-12 22:55:36,243 - [main] - INFO - org.springframework.web.servlet.handler.SimpleUrlHandlerMapping - Mapped URL path [/**/favicon.ico] onto handler of type [class org.springframework.web.servlet.resource.ResourceHttpRequestHandler] 
2018-10-12 22:55:36,666 - [main] - INFO - org.springframework.web.servlet.mvc.method.annotation.RequestMappingHandlerAdapter - Looking for @ControllerAdvice: org.springframework.boot.web.servlet.context.AnnotationConfigServletWebServerApplicationContext@2bfbffb2: startup date [Fri Oct 12 22:55:29 CST 2018]; root of context hierarchy 
2018-10-12 22:55:36,820 - [main] - INFO - org.springframework.web.servlet.mvc.method.annotation.RequestMappingHandlerMapping - Mapped "{[/buyer/address/remove],methods=[GET]}" onto public com.xia.sell.vo.ResultVO com.xia.sell.controller.BuyerAddressController.remove(java.lang.String) 
2018-10-12 22:55:36,822 - [main] - INFO - org.springframework.web.servlet.mvc.method.annotation.RequestMappingHandlerMapping - Mapped "{[/buyer/address/list],methods=[GET]}" onto public com.xia.sell.vo.ResultVO com.xia.sell.controller.BuyerAddressController.list(java.lang.String) 
2018-10-12 22:55:36,822 - [main] - INFO - org.springframework.web.servlet.mvc.method.annotation.RequestMappingHandlerMapping - Mapped "{[/buyer/address/save],methods=[POST]}" onto public com.xia.sell.vo.ResultVO com.xia.sell.controller.BuyerAddressController.save(com.xia.sell.dto.BuyerAddressDTO) 
2018-10-12 22:55:36,823 - [main] - INFO - org.springframework.web.servlet.mvc.method.annotation.RequestMappingHandlerMapping - Mapped "{[/buyer/comment/add],methods=[POST]}" onto public com.xia.sell.vo.ResultVO com.xia.sell.controller.BuyerCommentController.add(com.xia.sell.dto.CommentAddDTO) 
2018-10-12 22:55:36,824 - [main] - INFO - org.springframework.web.servlet.mvc.method.annotation.RequestMappingHandlerMapping - Mapped "{[/buyer/comment/list],methods=[GET]}" onto public com.xia.sell.vo.ResultVO com.xia.sell.controller.BuyerCommentController.list(java.lang.String,java.lang.Integer) 
2018-10-12 22:55:36,827 - [main] - INFO - org.springframework.web.servlet.mvc.method.annotation.RequestMappingHandlerMapping - Mapped "{[/buyer/order/create],methods=[POST]}" onto public com.xia.sell.vo.ResultVO com.xia.sell.controller.BuyerOrderController.create(com.xia.sell.dto.OrderCreateDTO,org.springframework.validation.Errors) 
2018-10-12 22:55:36,828 - [main] - INFO - org.springframework.web.servlet.mvc.method.annotation.RequestMappingHandlerMapping - Mapped "{[/buyer/order/list],methods=[GET]}" onto public com.xia.sell.vo.ResultVO com.xia.sell.controller.BuyerOrderController.list(java.lang.String,java.lang.Integer) 
2018-10-12 22:55:36,828 - [main] - INFO - org.springframework.web.servlet.mvc.method.annotation.RequestMappingHandlerMapping - Mapped "{[/buyer/order/cancel],methods=[GET]}" onto public com.xia.sell.vo.ResultVO com.xia.sell.controller.BuyerOrderController.cancel(java.lang.String,java.lang.String) 
2018-10-12 22:55:36,829 - [main] - INFO - org.springframework.web.servlet.mvc.method.annotation.RequestMappingHandlerMapping - Mapped "{[/buyer/order/detail],methods=[GET]}" onto public com.xia.sell.vo.ResultVO com.xia.sell.controller.BuyerOrderController.detail(java.lang.String,java.lang.String) 
2018-10-12 22:55:36,830 - [main] - INFO - org.springframework.web.servlet.mvc.method.annotation.RequestMappingHandlerMapping - Mapped "{[/buyer/order/amount],methods=[GET]}" onto public com.xia.sell.vo.ResultVO com.xia.sell.controller.BuyerOrderController.amount(java.lang.String,java.lang.String) 
2018-10-12 22:55:36,831 - [main] - INFO - org.springframework.web.servlet.mvc.method.annotation.RequestMappingHandlerMapping - Mapped "{[/buyer/order/paySuccess],methods=[GET]}" onto public com.xia.sell.vo.ResultVO com.xia.sell.controller.BuyerOrderController.paySuccess(java.lang.String) 
2018-10-12 22:55:36,831 - [main] - INFO - org.springframework.web.servlet.mvc.method.annotation.RequestMappingHandlerMapping - Mapped "{[/buyer/order/payFail],methods=[POST]}" onto public com.xia.sell.vo.ResultVO com.xia.sell.controller.BuyerOrderController.payFail() 
2018-10-12 22:55:36,838 - [main] - INFO - org.springframework.web.servlet.mvc.method.annotation.RequestMappingHandlerMapping - Mapped "{[/buyer/shop/listDistance],methods=[GET]}" onto public com.xia.sell.vo.ResultVO<java.util.List> com.xia.sell.controller.BuyerShopController.allShopOrderDistance(java.lang.String,java.lang.String) 
2018-10-12 22:55:36,838 - [main] - INFO - org.springframework.web.servlet.mvc.method.annotation.RequestMappingHandlerMapping - Mapped "{[/buyer/shop/listOrderDistance],methods=[GET]}" onto public com.xia.sell.vo.ResultVO com.xia.sell.controller.BuyerShopController.listOrderDistance(java.lang.String,java.lang.String,java.lang.String) 
2018-10-12 22:55:36,838 - [main] - INFO - org.springframework.web.servlet.mvc.method.annotation.RequestMappingHandlerMapping - Mapped "{[/buyer/shop/list],methods=[GET]}" onto public com.xia.sell.vo.ResultVO<java.util.List> com.xia.sell.controller.BuyerShopController.allShop(java.lang.String,java.lang.String) 
2018-10-12 22:55:36,839 - [main] - INFO - org.springframework.web.servlet.mvc.method.annotation.RequestMappingHandlerMapping - Mapped "{[/buyer/shop/listSold],methods=[GET]}" onto public com.xia.sell.vo.ResultVO<java.util.List> com.xia.sell.controller.BuyerShopController.allShopOrderSold(java.lang.String,java.lang.String) 
2018-10-12 22:55:36,839 - [main] - INFO - org.springframework.web.servlet.mvc.method.annotation.RequestMappingHandlerMapping - Mapped "{[/buyer/shop/listOrderSold],methods=[GET]}" onto public com.xia.sell.vo.ResultVO com.xia.sell.controller.BuyerShopController.listOrderSold(java.lang.String,java.lang.String,java.lang.String) 
2018-10-12 22:55:36,839 - [main] - INFO - org.springframework.web.servlet.mvc.method.annotation.RequestMappingHandlerMapping - Mapped "{[/buyer/shop/simpleDetail],methods=[GET]}" onto public com.xia.sell.vo.BuyerShopSimpleDetailVo com.xia.sell.controller.BuyerShopController.simpleDetail(java.lang.String) 
2018-10-12 22:55:36,840 - [main] - INFO - org.springframework.web.servlet.mvc.method.annotation.RequestMappingHandlerMapping - Mapped "{[/buyer/shop/discount],methods=[GET]}" onto public com.xia.sell.vo.ResultVO com.xia.sell.controller.BuyerShopController.sellerDiscount(java.lang.String) 
2018-10-12 22:55:36,840 - [main] - INFO - org.springframework.web.servlet.mvc.method.annotation.RequestMappingHandlerMapping - Mapped "{[/buyer/shop/listDefault],methods=[GET]}" onto public com.xia.sell.vo.ResultVO com.xia.sell.controller.BuyerShopController.listDefault(java.lang.String,java.lang.String,java.lang.String) 
2018-10-12 22:55:36,841 - [main] - INFO - org.springframework.web.servlet.mvc.method.annotation.RequestMappingHandlerMapping - Mapped "{[/],methods=[GET]}" onto public java.lang.String com.xia.sell.controller.MainController.index() 
2018-10-12 22:55:36,842 - [main] - INFO - org.springframework.web.servlet.mvc.method.annotation.RequestMappingHandlerMapping - Mapped "{[/buyer/product/list],methods=[GET]}" onto public com.xia.sell.vo.ResultVO com.xia.sell.controller.ProductListController.productList(java.lang.String) 
2018-10-12 22:55:36,843 - [main] - INFO - org.springframework.web.servlet.mvc.method.annotation.RequestMappingHandlerMapping - Mapped "{[/seller/cate/add],methods=[GET]}" onto public com.xia.sell.vo.ResultVO com.xia.sell.controller.SellerCategoryController.add(java.lang.String,org.apache.catalina.servlet4preview.http.HttpServletRequest) 
2018-10-12 22:55:36,844 - [main] - INFO - org.springframework.web.servlet.mvc.method.annotation.RequestMappingHandlerMapping - Mapped "{[/seller/cate/remove],methods=[GET]}" onto public com.xia.sell.vo.ResultVO com.xia.sell.controller.SellerCategoryController.remove(java.lang.Integer) 
2018-10-12 22:55:36,845 - [main] - INFO - org.springframework.web.servlet.mvc.method.annotation.RequestMappingHandlerMapping - Mapped "{[/seller/cate/list],methods=[GET]}" onto public java.lang.String com.xia.sell.controller.SellerCategoryController.list(org.apache.catalina.servlet4preview.http.HttpServletRequest,org.springframework.ui.Model) 
2018-10-12 22:55:36,846 - [main] - INFO - org.springframework.web.servlet.mvc.method.annotation.RequestMappingHandlerMapping - Mapped "{[/seller/cate/change],methods=[GET]}" onto public com.xia.sell.vo.ResultVO com.xia.sell.controller.SellerCategoryController.change(java.lang.Integer,java.lang.String) 
2018-10-12 22:55:36,847 - [main] - INFO - org.springframework.web.servlet.mvc.method.annotation.RequestMappingHandlerMapping - Mapped "{[/seller/tologin],methods=[GET]}" onto public java.lang.String com.xia.sell.controller.SellerLoginController.login(org.springframework.ui.Model) 
2018-10-12 22:55:36,847 - [main] - INFO - org.springframework.web.servlet.mvc.method.annotation.RequestMappingHandlerMapping - Mapped "{[/seller/tologin],methods=[POST]}" onto public java.lang.String com.xia.sell.controller.SellerLoginController.toLogin(com.xia.sell.dto.LoginDTO,org.springframework.ui.Model,org.apache.catalina.servlet4preview.http.HttpServletRequest,org.springframework.web.servlet.mvc.support.RedirectAttributes) 
2018-10-12 22:55:36,850 - [main] - INFO - org.springframework.web.servlet.mvc.method.annotation.RequestMappingHandlerMapping - Mapped "{[/seller/order/alreadyOrder],methods=[GET]}" onto public com.xia.sell.vo.ResultVO com.xia.sell.controller.SellerOrderController.finish(java.lang.String) 
2018-10-12 22:55:36,851 - [main] - INFO - org.springframework.web.servlet.mvc.method.annotation.RequestMappingHandlerMapping - Mapped "{[/seller/order/cancel],methods=[GET]}" onto public com.xia.sell.vo.ResultVO com.xia.sell.controller.SellerOrderController.cancel(java.lang.String) 
2018-10-12 22:55:36,851 - [main] - INFO - org.springframework.web.servlet.mvc.method.annotation.RequestMappingHandlerMapping - Mapped "{[/seller/order/details],methods=[GET]}" onto public com.xia.sell.vo.OrderInfoVO com.xia.sell.controller.SellerOrderController.details(java.lang.String) 
2018-10-12 22:55:36,851 - [main] - INFO - org.springframework.web.servlet.mvc.method.annotation.RequestMappingHandlerMapping - Mapped "{[/seller/order/setDistributionFinish],methods=[GET]}" onto public com.xia.sell.vo.ResultVO com.xia.sell.controller.SellerOrderController.setDistributionFinish(java.lang.String) 
2018-10-12 22:55:36,852 - [main] - INFO - org.springframework.web.servlet.mvc.method.annotation.RequestMappingHandlerMapping - Mapped "{[/seller/order/setDistribution],methods=[GET]}" onto public com.xia.sell.vo.ResultVO com.xia.sell.controller.SellerOrderController.setDistribution(java.lang.String) 
2018-10-12 22:55:36,852 - [main] - INFO - org.springframework.web.servlet.mvc.method.annotation.RequestMappingHandlerMapping - Mapped "{[/seller/order/list],methods=[GET]}" onto public java.lang.String com.xia.sell.controller.SellerOrderController.orderList(java.lang.Integer,org.springframework.ui.Model,org.apache.catalina.servlet4preview.http.HttpServletRequest) 
2018-10-12 22:55:36,855 - [main] - INFO - org.springframework.web.servlet.mvc.method.annotation.RequestMappingHandlerMapping - Mapped "{[/seller/product/remove],methods=[GET]}" onto public com.xia.sell.vo.ResultVO com.xia.sell.controller.SellerProductController.remove(java.lang.String) 
2018-10-12 22:55:36,855 - [main] - INFO - org.springframework.web.servlet.mvc.method.annotation.RequestMappingHandlerMapping - Mapped "{[/seller/product/list],methods=[GET]}" onto public java.lang.String com.xia.sell.controller.SellerProductController.list(org.springframework.ui.Model,org.apache.catalina.servlet4preview.http.HttpServletRequest) 
2018-10-12 22:55:36,855 - [main] - INFO - org.springframework.web.servlet.mvc.method.annotation.RequestMappingHandlerMapping - Mapped "{[/seller/product/addProduct],methods=[GET]}" onto public java.lang.String com.xia.sell.controller.SellerProductController.getAddProductPage(org.springframework.ui.Model,org.apache.catalina.servlet4preview.http.HttpServletRequest) 
2018-10-12 22:55:36,856 - [main] - INFO - org.springframework.web.servlet.mvc.method.annotation.RequestMappingHandlerMapping - Mapped "{[/seller/product/oneProduct],methods=[GET]}" onto public com.xia.sell.vo.ResultVO com.xia.sell.controller.SellerProductController.getChangeProduct(java.lang.String,org.apache.catalina.servlet4preview.http.HttpServletRequest) 
2018-10-12 22:55:36,856 - [main] - INFO - org.springframework.web.servlet.mvc.method.annotation.RequestMappingHandlerMapping - Mapped "{[/seller/product/changeProduct],methods=[POST]}" onto public com.xia.sell.vo.ResultVO com.xia.sell.controller.SellerProductController.changeProduct(com.xia.sell.dto.ProductInfoDTO,org.springframework.validation.Errors) 
2018-10-12 22:55:36,856 - [main] - INFO - org.springframework.web.servlet.mvc.method.annotation.RequestMappingHandlerMapping - Mapped "{[/seller/product/changeStatus],methods=[GET]}" onto public com.xia.sell.vo.ResultVO com.xia.sell.controller.SellerProductController.changeStatus(java.lang.String) 
2018-10-12 22:55:36,856 - [main] - INFO - org.springframework.web.servlet.mvc.method.annotation.RequestMappingHandlerMapping - Mapped "{[/seller/product/addProduct],methods=[POST]}" onto public com.xia.sell.vo.ResultVO com.xia.sell.controller.SellerProductController.addProduct(com.xia.sell.dto.ProductInfoDTO,org.springframework.validation.Errors,org.apache.catalina.servlet4preview.http.HttpServletRequest) 
2018-10-12 22:55:36,857 - [main] - INFO - org.springframework.web.servlet.mvc.method.annotation.RequestMappingHandlerMapping - Mapped "{[/decrypt],methods=[GET]}" onto public java.lang.String com.xia.sell.controller.WXLogin.decrypt(java.lang.String,java.lang.String) 
2018-10-12 22:55:36,858 - [main] - INFO - org.springframework.web.servlet.mvc.method.annotation.RequestMappingHandlerMapping - Mapped "{[/WXLogin],methods=[GET]}" onto public java.lang.String com.xia.sell.controller.WXLogin.login(java.lang.String) throws java.io.IOException 
2018-10-12 22:55:36,858 - [main] - INFO - org.springframework.web.servlet.mvc.method.annotation.RequestMappingHandlerMapping - Mapped "{[/checkRawData],methods=[GET]}" onto public java.lang.String com.xia.sell.controller.WXLogin.checkRawData(java.lang.String,java.lang.String) throws java.io.UnsupportedEncodingException 
2018-10-12 22:55:36,863 - [main] - INFO - org.springframework.web.servlet.mvc.method.annotation.RequestMappingHandlerMapping - Mapped "{[/error]}" onto public org.springframework.http.ResponseEntity<java.util.Map<java.lang.String, java.lang.Object>> org.springframework.boot.autoconfigure.web.servlet.error.BasicErrorController.error(javax.servlet.http.HttpServletRequest) 
2018-10-12 22:55:36,864 - [main] - INFO - org.springframework.web.servlet.mvc.method.annotation.RequestMappingHandlerMapping - Mapped "{[/error],produces=[text/html]}" onto public org.springframework.web.servlet.ModelAndView org.springframework.boot.autoconfigure.web.servlet.error.BasicErrorController.errorHtml(javax.servlet.http.HttpServletRequest,javax.servlet.http.HttpServletResponse) 
2018-10-12 22:55:36,974 - [main] - INFO - org.springframework.web.servlet.handler.SimpleUrlHandlerMapping - Mapped URL path [/webjars/**] onto handler of type [class org.springframework.web.servlet.resource.ResourceHttpRequestHandler] 
2018-10-12 22:55:36,974 - [main] - INFO - org.springframework.web.servlet.handler.SimpleUrlHandlerMapping - Mapped URL path [/**] onto handler of type [class org.springframework.web.servlet.resource.ResourceHttpRequestHandler] 
2018-10-12 22:55:37,221 - [main] - INFO - org.springframework.boot.autoconfigure.web.servlet.WelcomePageHandlerMapping - Adding welcome page template: index 
2018-10-12 22:55:37,862 - [main] - INFO - org.springframework.web.socket.server.standard.ServerEndpointExporter - Registering @ServerEndpoint class: class com.xia.sell.service.OrderWebSocket 
2018-10-12 22:55:37,878 - [main] - INFO - org.springframework.jmx.export.annotation.AnnotationMBeanExporter - Registering beans for JMX exposure on startup 
2018-10-12 22:55:37,881 - [main] - INFO - org.springframework.jmx.export.annotation.AnnotationMBeanExporter - Bean with name 'dataSource' has been autodetected for JMX exposure 
2018-10-12 22:55:37,893 - [main] - INFO - org.springframework.jmx.export.annotation.AnnotationMBeanExporter - Located MBean 'dataSource': registering with JMX server as MBean [com.zaxxer.hikari:name=dataSource,type=HikariDataSource] 
2018-10-12 22:55:37,914 - [main] - INFO - org.apache.coyote.http11.Http11NioProtocol - Starting ProtocolHandler ["http-nio-8080"] 
2018-10-12 22:55:37,943 - [main] - INFO - org.apache.tomcat.util.net.NioSelectorPool - Using a shared selector for servlet write/read 
2018-10-12 22:55:37,991 - [main] - INFO - org.springframework.boot.web.embedded.tomcat.TomcatWebServer - Tomcat started on port(s): 8080 (http) with context path '' 
2018-10-12 22:55:38,002 - [main] - INFO - com.xia.sell.SellApplication - Started SellApplication in 9.827 seconds (JVM running for 19.903) 
2018-10-12 22:56:03,856 - [http-nio-8080-exec-1] - INFO - org.apache.catalina.core.ContainerBase.[Tomcat].[localhost].[/] - Initializing Spring FrameworkServlet 'dispatcherServlet' 
2018-10-12 22:56:03,856 - [http-nio-8080-exec-1] - INFO - org.springframework.web.servlet.DispatcherServlet - FrameworkServlet 'dispatcherServlet': initialization started 
2018-10-12 22:56:03,921 - [http-nio-8080-exec-1] - INFO - org.springframework.web.servlet.DispatcherServlet - FrameworkServlet 'dispatcherServlet': initialization completed in 65 ms 
2018-10-12 22:56:04,081 - [http-nio-8080-exec-1] - INFO - com.zaxxer.hikari.HikariDataSource - HikariPool-1 - Starting... 
2018-10-12 22:56:04,350 - [http-nio-8080-exec-1] - INFO - com.zaxxer.hikari.HikariDataSource - HikariPool-1 - Start completed. 
2018-10-12 22:56:04,886 - [http-nio-8080-exec-1] - INFO - org.springframework.beans.factory.xml.XmlBeanDefinitionReader - Loading XML bean definitions from class path resource [org/springframework/jdbc/support/sql-error-codes.xml] 
