2019-05-13 22:07:49,223 - [main] - INFO - com.xia.sell.SellApplication - Starting SellApplication on DESKTOP-59AH7K1 with PID 3812 (F:\ideaProject\sell\target\classes started by xia in F:\ideaProject\sell) 
2019-05-13 22:07:49,247 - [main] - INFO - com.xia.sell.SellApplication - No active profile set, falling back to default profiles: default 
2019-05-13 22:07:49,731 - [main] - INFO - org.springframework.boot.web.servlet.context.AnnotationConfigServletWebServerApplicationContext - Refreshing org.springframework.boot.web.servlet.context.AnnotationConfigServletWebServerApplicationContext@626c44e7: startup date [Mon May 13 22:07:49 CST 2019]; root of context hierarchy 
2019-05-13 22:07:56,169 - [main] - INFO - org.springframework.data.repository.config.RepositoryConfigurationDelegate - Multiple Spring Data modules found, entering strict repository configuration mode! 
2019-05-13 22:07:57,773 - [main] - INFO - org.springframework.context.support.PostProcessorRegistrationDelegate$BeanPostProcessorChecker - Bean 'shiroConfiguration' of type [com.xia.sell.config.ShiroConfiguration$$EnhancerBySpringCGLIB$$740cf812] is not eligible for getting processed by all BeanPostProcessors (for example: not eligible for auto-proxying) 
2019-05-13 22:07:57,789 - [main] - INFO - org.springframework.context.support.PostProcessorRegistrationDelegate$BeanPostProcessorChecker - Bean 'redisConfig' of type [com.xia.sell.config.RedisConfig$$EnhancerBySpringCGLIB$$c44cfc14] is not eligible for getting processed by all BeanPostProcessors (for example: not eligible for auto-proxying) 
2019-05-13 22:07:57,813 - [main] - INFO - org.springframework.context.support.PostProcessorRegistrationDelegate$BeanPostProcessorChecker - Bean 'org.springframework.transaction.annotation.ProxyTransactionManagementConfiguration' of type [org.springframework.transaction.annotation.ProxyTransactionManagementConfiguration$$EnhancerBySpringCGLIB$$7afbc5cd] is not eligible for getting processed by all BeanPostProcessors (for example: not eligible for auto-proxying) 
2019-05-13 22:07:59,090 - [main] - INFO - org.springframework.context.support.PostProcessorRegistrationDelegate$BeanPostProcessorChecker - Bean 'org.springframework.boot.context.properties.ConversionServiceDeducer$Factory' of type [org.springframework.boot.context.properties.ConversionServiceDeducer$Factory] is not eligible for getting processed by all BeanPostProcessors (for example: not eligible for auto-proxying) 
2019-05-13 22:07:59,165 - [main] - INFO - org.springframework.context.support.PostProcessorRegistrationDelegate$BeanPostProcessorChecker - Bean 'mybatis-org.mybatis.spring.boot.autoconfigure.MybatisProperties' of type [org.mybatis.spring.boot.autoconfigure.MybatisProperties] is not eligible for getting processed by all BeanPostProcessors (for example: not eligible for auto-proxying) 
2019-05-13 22:07:59,180 - [main] - INFO - org.springframework.context.support.PostProcessorRegistrationDelegate$BeanPostProcessorChecker - Bean 'org.mybatis.spring.boot.autoconfigure.MybatisAutoConfiguration' of type [org.mybatis.spring.boot.autoconfigure.MybatisAutoConfiguration$$EnhancerBySpringCGLIB$$add016fd] is not eligible for getting processed by all BeanPostProcessors (for example: not eligible for auto-proxying) 
2019-05-13 22:07:59,186 - [main] - INFO - org.springframework.context.support.PostProcessorRegistrationDelegate$BeanPostProcessorChecker - Bean 'org.springframework.boot.autoconfigure.jdbc.DataSourceConfiguration$Hikari' of type [org.springframework.boot.autoconfigure.jdbc.DataSourceConfiguration$Hikari] is not eligible for getting processed by all BeanPostProcessors (for example: not eligible for auto-proxying) 
2019-05-13 22:07:59,219 - [main] - INFO - org.springframework.context.support.PostProcessorRegistrationDelegate$BeanPostProcessorChecker - Bean 'spring.datasource-org.springframework.boot.autoconfigure.jdbc.DataSourceProperties' of type [org.springframework.boot.autoconfigure.jdbc.DataSourceProperties] is not eligible for getting processed by all BeanPostProcessors (for example: not eligible for auto-proxying) 
2019-05-13 22:07:59,360 - [main] - INFO - org.springframework.context.support.PostProcessorRegistrationDelegate$BeanPostProcessorChecker - Bean 'dataSource' of type [com.zaxxer.hikari.HikariDataSource] is not eligible for getting processed by all BeanPostProcessors (for example: not eligible for auto-proxying) 
2019-05-13 22:07:59,386 - [main] - INFO - org.springframework.context.support.PostProcessorRegistrationDelegate$BeanPostProcessorChecker - Bean 'org.springframework.boot.autoconfigure.jdbc.DataSourceInitializerInvoker' of type [org.springframework.boot.autoconfigure.jdbc.DataSourceInitializerInvoker] is not eligible for getting processed by all BeanPostProcessors (for example: not eligible for auto-proxying) 
2019-05-13 22:08:00,432 - [main] - INFO - org.springframework.context.support.PostProcessorRegistrationDelegate$BeanPostProcessorChecker - Bean 'sqlSessionFactory' of type [org.apache.ibatis.session.defaults.DefaultSqlSessionFactory] is not eligible for getting processed by all BeanPostProcessors (for example: not eligible for auto-proxying) 
2019-05-13 22:08:00,475 - [main] - INFO - org.springframework.context.support.PostProcessorRegistrationDelegate$BeanPostProcessorChecker - Bean 'sqlSessionTemplate' of type [org.mybatis.spring.SqlSessionTemplate] is not eligible for getting processed by all BeanPostProcessors (for example: not eligible for auto-proxying) 
2019-05-13 22:08:00,478 - [main] - INFO - org.springframework.context.support.PostProcessorRegistrationDelegate$BeanPostProcessorChecker - Bean 'sellerInfoMapper' of type [org.mybatis.spring.mapper.MapperFactoryBean] is not eligible for getting processed by all BeanPostProcessors (for example: not eligible for auto-proxying) 
2019-05-13 22:08:00,482 - [main] - INFO - org.springframework.context.support.PostProcessorRegistrationDelegate$BeanPostProcessorChecker - Bean 'sellerInfoMapper' of type [com.sun.proxy.$Proxy64] is not eligible for getting processed by all BeanPostProcessors (for example: not eligible for auto-proxying) 
2019-05-13 22:08:00,485 - [main] - INFO - org.springframework.context.support.PostProcessorRegistrationDelegate$BeanPostProcessorChecker - Bean 'sellerInfoServiceImpl' of type [com.xia.sell.service.impl.SellerInfoServiceImpl] is not eligible for getting processed by all BeanPostProcessors (for example: not eligible for auto-proxying) 
2019-05-13 22:08:00,488 - [main] - INFO - org.springframework.context.support.PostProcessorRegistrationDelegate$BeanPostProcessorChecker - Bean 'myShiroRealm' of type [com.xia.sell.config.MyShiroRealm] is not eligible for getting processed by all BeanPostProcessors (for example: not eligible for auto-proxying) 
2019-05-13 22:08:00,506 - [main] - INFO - org.springframework.context.support.PostProcessorRegistrationDelegate$BeanPostProcessorChecker - Bean 'rememberMeCookie' of type [org.apache.shiro.web.servlet.SimpleCookie] is not eligible for getting processed by all BeanPostProcessors (for example: not eligible for auto-proxying) 
2019-05-13 22:08:00,540 - [main] - INFO - org.springframework.context.support.PostProcessorRegistrationDelegate$BeanPostProcessorChecker - Bean 'rememberMeManager' of type [org.apache.shiro.web.mgt.CookieRememberMeManager] is not eligible for getting processed by all BeanPostProcessors (for example: not eligible for auto-proxying) 
2019-05-13 22:08:00,556 - [main] - INFO - org.springframework.context.support.PostProcessorRegistrationDelegate$BeanPostProcessorChecker - Bean 'securityManager' of type [org.apache.shiro.web.mgt.DefaultWebSecurityManager] is not eligible for getting processed by all BeanPostProcessors (for example: not eligible for auto-proxying) 
2019-05-13 22:08:01,958 - [main] - INFO - org.springframework.boot.web.embedded.tomcat.TomcatWebServer - Tomcat initialized with port(s): 80 (http) 
2019-05-13 22:08:02,025 - [main] - INFO - org.apache.coyote.http11.Http11NioProtocol - Initializing ProtocolHandler ["http-nio-80"] 
2019-05-13 22:08:02,053 - [main] - INFO - org.apache.catalina.core.StandardService - Starting service [Tomcat] 
2019-05-13 22:08:02,053 - [main] - INFO - org.apache.catalina.core.StandardEngine - Starting Servlet Engine: Apache Tomcat/8.5.32 
2019-05-13 22:08:02,071 - [localhost-startStop-1] - INFO - org.apache.catalina.core.AprLifecycleListener - The APR based Apache Tomcat Native library which allows optimal performance in production environments was not found on the java.library.path: [C:\Java\jdk1.8.0_121\bin;C:\WINDOWS\Sun\Java\bin;C:\WINDOWS\system32;C:\WINDOWS;C:\ProgramData\DockerDesktop\version-bin;C:\Program Files\Docker\Docker\Resources\bin;D:\盘姬工具箱\SystemTools\nTrun\Goto;E:\盘姬工具箱\SystemTools\nTrun\Goto;C:\ProgramData\Oracle\Java\javapath;C:\Java\jdk1.8.0_121\bin;C:\Java\jdk1.8.0_121\jre\bin;C:\WINDOWS\system32;C:\WINDOWS;C:\WINDOWS\System32\Wbem;C:\WINDOWS\System32\WindowsPowerShell\v1.0\;C:\Users\xia\AppData\Local\Android\sdk\platform-tools\adb.exe;C:\WINDOWS\system32;C:\WINDOWS;C:\WINDOWS\System32\Wbem;C:\WINDOWS\System32\WindowsPowerShell\v1.0\;C:\Program Files\MySQL\MySQL Server 5.5\bin;D:\Android\android-sdk\platform-tools;D:\Android\android-sdk\tools;E:\apache-maven-3.5.3\bin\;%TALINA_HOME%\bin\;C:\WINDOWS\System32\OpenSSH\;E:\gradle-4.9\bin;D:\mysql-8.0.11-winx64\bin;D:\Git\cmd;C:\Program Files (x86)\NVIDIA Corporation\PhysX\Common;C:\Program Files\NVIDIA Corporation\NVIDIA NvDLISR;E:\nodejs\;C:\Program Files\TortoiseGit\bin;C:\Users\xia\AppData\Local\Microsoft\WindowsApps;C:\Users\xia\AppData\Local\Programs\Fiddler;C:\Users\xia\AppData\Local\GitHubDesktop\bin;C:\Users\xia\AppData\Local\Microsoft\WindowsApps;;E:\Microsoft VS Code\bin;C:\Users\xia\AppData\Roaming\npm;.] 
2019-05-13 22:08:02,554 - [localhost-startStop-1] - INFO - org.apache.catalina.core.ContainerBase.[Tomcat].[localhost].[/] - Initializing Spring embedded WebApplicationContext 
2019-05-13 22:08:02,555 - [localhost-startStop-1] - INFO - org.springframework.web.context.ContextLoader - Root WebApplicationContext: initialization completed in 12825 ms 
2019-05-13 22:08:02,810 - [localhost-startStop-1] - INFO - org.springframework.boot.web.servlet.ServletRegistrationBean - Servlet dispatcherServlet mapped to [/] 
2019-05-13 22:08:02,817 - [localhost-startStop-1] - INFO - org.springframework.boot.web.servlet.FilterRegistrationBean - Mapping filter: 'characterEncodingFilter' to: [/*] 
2019-05-13 22:08:02,818 - [localhost-startStop-1] - INFO - org.springframework.boot.web.servlet.FilterRegistrationBean - Mapping filter: 'hiddenHttpMethodFilter' to: [/*] 
2019-05-13 22:08:02,818 - [localhost-startStop-1] - INFO - org.springframework.boot.web.servlet.FilterRegistrationBean - Mapping filter: 'httpPutFormContentFilter' to: [/*] 
2019-05-13 22:08:02,818 - [localhost-startStop-1] - INFO - org.springframework.boot.web.servlet.FilterRegistrationBean - Mapping filter: 'requestContextFilter' to: [/*] 
2019-05-13 22:08:02,818 - [localhost-startStop-1] - INFO - org.springframework.boot.web.servlet.FilterRegistrationBean - Mapping filter: 'shiroFilterFactoryBean' to: [/*] 
2019-05-13 22:08:04,334 - [main] - INFO - org.springframework.web.servlet.handler.SimpleUrlHandlerMapping - Mapped URL path [/**/favicon.ico] onto handler of type [class org.springframework.web.servlet.resource.ResourceHttpRequestHandler] 
2019-05-13 22:08:05,047 - [main] - INFO - org.springframework.web.servlet.mvc.method.annotation.RequestMappingHandlerAdapter - Looking for @ControllerAdvice: org.springframework.boot.web.servlet.context.AnnotationConfigServletWebServerApplicationContext@626c44e7: startup date [Mon May 13 22:07:49 CST 2019]; root of context hierarchy 
2019-05-13 22:08:05,292 - [main] - INFO - org.springframework.web.servlet.mvc.method.annotation.RequestMappingHandlerMapping - Mapped "{[/buyer/address/remove],methods=[GET]}" onto public com.xia.sell.vo.ResultVO com.xia.sell.controller.BuyerAddressController.remove(java.lang.String) 
2019-05-13 22:08:05,293 - [main] - INFO - org.springframework.web.servlet.mvc.method.annotation.RequestMappingHandlerMapping - Mapped "{[/buyer/address/list],methods=[GET]}" onto public com.xia.sell.vo.ResultVO com.xia.sell.controller.BuyerAddressController.list(java.lang.String) 
2019-05-13 22:08:05,293 - [main] - INFO - org.springframework.web.servlet.mvc.method.annotation.RequestMappingHandlerMapping - Mapped "{[/buyer/address/save],methods=[POST]}" onto public com.xia.sell.vo.ResultVO com.xia.sell.controller.BuyerAddressController.save(com.xia.sell.dto.BuyerAddressDTO) 
2019-05-13 22:08:05,294 - [main] - INFO - org.springframework.web.servlet.mvc.method.annotation.RequestMappingHandlerMapping - Mapped "{[/buyer/comment/add],methods=[POST]}" onto public com.xia.sell.vo.ResultVO com.xia.sell.controller.BuyerCommentController.add(com.xia.sell.dto.CommentAddDTO) 
2019-05-13 22:08:05,295 - [main] - INFO - org.springframework.web.servlet.mvc.method.annotation.RequestMappingHandlerMapping - Mapped "{[/buyer/comment/list],methods=[GET]}" onto public com.xia.sell.vo.ResultVO com.xia.sell.controller.BuyerCommentController.list(java.lang.String,java.lang.Integer) 
2019-05-13 22:08:05,298 - [main] - INFO - org.springframework.web.servlet.mvc.method.annotation.RequestMappingHandlerMapping - Mapped "{[/buyer/order/create],methods=[POST]}" onto public com.xia.sell.vo.ResultVO com.xia.sell.controller.BuyerOrderController.create(com.xia.sell.dto.OrderCreateDTO,org.springframework.validation.Errors) 
2019-05-13 22:08:05,299 - [main] - INFO - org.springframework.web.servlet.mvc.method.annotation.RequestMappingHandlerMapping - Mapped "{[/buyer/order/list],methods=[GET]}" onto public com.xia.sell.vo.ResultVO com.xia.sell.controller.BuyerOrderController.list(java.lang.String,java.lang.Integer) 
2019-05-13 22:08:05,299 - [main] - INFO - org.springframework.web.servlet.mvc.method.annotation.RequestMappingHandlerMapping - Mapped "{[/buyer/order/cancel],methods=[GET]}" onto public com.xia.sell.vo.ResultVO com.xia.sell.controller.BuyerOrderController.cancel(java.lang.String,java.lang.String) 
2019-05-13 22:08:05,299 - [main] - INFO - org.springframework.web.servlet.mvc.method.annotation.RequestMappingHandlerMapping - Mapped "{[/buyer/order/detail],methods=[GET]}" onto public com.xia.sell.vo.ResultVO com.xia.sell.controller.BuyerOrderController.detail(java.lang.String,java.lang.String) 
2019-05-13 22:08:05,300 - [main] - INFO - org.springframework.web.servlet.mvc.method.annotation.RequestMappingHandlerMapping - Mapped "{[/buyer/order/amount],methods=[GET]}" onto public com.xia.sell.vo.ResultVO com.xia.sell.controller.BuyerOrderController.amount(java.lang.String,java.lang.String) 
2019-05-13 22:08:05,300 - [main] - INFO - org.springframework.web.servlet.mvc.method.annotation.RequestMappingHandlerMapping - Mapped "{[/buyer/order/paySuccess],methods=[GET]}" onto public com.xia.sell.vo.ResultVO com.xia.sell.controller.BuyerOrderController.paySuccess(java.lang.String) 
2019-05-13 22:08:05,300 - [main] - INFO - org.springframework.web.servlet.mvc.method.annotation.RequestMappingHandlerMapping - Mapped "{[/buyer/order/payFail],methods=[POST]}" onto public com.xia.sell.vo.ResultVO com.xia.sell.controller.BuyerOrderController.payFail() 
2019-05-13 22:08:05,308 - [main] - INFO - org.springframework.web.servlet.mvc.method.annotation.RequestMappingHandlerMapping - Mapped "{[/buyer/shop/simpleDetail],methods=[GET]}" onto public com.xia.sell.vo.BuyerShopSimpleDetailVo com.xia.sell.controller.BuyerShopController.simpleDetail(java.lang.String) 
2019-05-13 22:08:05,308 - [main] - INFO - org.springframework.web.servlet.mvc.method.annotation.RequestMappingHandlerMapping - Mapped "{[/buyer/shop/listOrderSold],methods=[GET]}" onto public com.xia.sell.vo.ResultVO com.xia.sell.controller.BuyerShopController.listOrderSold(java.lang.String,java.lang.String,java.lang.String) 
2019-05-13 22:08:05,308 - [main] - INFO - org.springframework.web.servlet.mvc.method.annotation.RequestMappingHandlerMapping - Mapped "{[/buyer/shop/list],methods=[GET]}" onto public com.xia.sell.vo.ResultVO<java.util.List> com.xia.sell.controller.BuyerShopController.allShop(java.lang.String,java.lang.String) 
2019-05-13 22:08:05,309 - [main] - INFO - org.springframework.web.servlet.mvc.method.annotation.RequestMappingHandlerMapping - Mapped "{[/buyer/shop/listDefault],methods=[GET]}" onto public com.xia.sell.vo.ResultVO com.xia.sell.controller.BuyerShopController.listDefault(java.lang.String,java.lang.String,java.lang.String) 
2019-05-13 22:08:05,309 - [main] - INFO - org.springframework.web.servlet.mvc.method.annotation.RequestMappingHandlerMapping - Mapped "{[/buyer/shop/discount],methods=[GET]}" onto public com.xia.sell.vo.ResultVO com.xia.sell.controller.BuyerShopController.sellerDiscount(java.lang.String) 
2019-05-13 22:08:05,309 - [main] - INFO - org.springframework.web.servlet.mvc.method.annotation.RequestMappingHandlerMapping - Mapped "{[/buyer/shop/listSold],methods=[GET]}" onto public com.xia.sell.vo.ResultVO<java.util.List> com.xia.sell.controller.BuyerShopController.allShopOrderSold(java.lang.String,java.lang.String) 
2019-05-13 22:08:05,310 - [main] - INFO - org.springframework.web.servlet.mvc.method.annotation.RequestMappingHandlerMapping - Mapped "{[/buyer/shop/listDistance],methods=[GET]}" onto public com.xia.sell.vo.ResultVO<java.util.List> com.xia.sell.controller.BuyerShopController.allShopOrderDistance(java.lang.String,java.lang.String) 
2019-05-13 22:08:05,311 - [main] - INFO - org.springframework.web.servlet.mvc.method.annotation.RequestMappingHandlerMapping - Mapped "{[/buyer/shop/listOrderDistance],methods=[GET]}" onto public com.xia.sell.vo.ResultVO com.xia.sell.controller.BuyerShopController.listOrderDistance(java.lang.String,java.lang.String,java.lang.String) 
2019-05-13 22:08:05,312 - [main] - INFO - org.springframework.web.servlet.mvc.method.annotation.RequestMappingHandlerMapping - Mapped "{[/],methods=[GET]}" onto public java.lang.String com.xia.sell.controller.MainController.index() 
2019-05-13 22:08:05,312 - [main] - INFO - org.springframework.web.servlet.mvc.method.annotation.RequestMappingHandlerMapping - Mapped "{[/initRedis],methods=[GET]}" onto public java.lang.String com.xia.sell.controller.MainController.initRedis() 
2019-05-13 22:08:05,313 - [main] - INFO - org.springframework.web.servlet.mvc.method.annotation.RequestMappingHandlerMapping - Mapped "{[/buyer/product/list],methods=[GET]}" onto public com.xia.sell.vo.ResultVO com.xia.sell.controller.ProductListController.productList(java.lang.String) 
2019-05-13 22:08:05,314 - [main] - INFO - org.springframework.web.servlet.mvc.method.annotation.RequestMappingHandlerMapping - Mapped "{[/seller/cate/add],methods=[GET]}" onto public com.xia.sell.vo.ResultVO com.xia.sell.controller.SellerCategoryController.add(java.lang.String,org.apache.catalina.servlet4preview.http.HttpServletRequest) 
2019-05-13 22:08:05,314 - [main] - INFO - org.springframework.web.servlet.mvc.method.annotation.RequestMappingHandlerMapping - Mapped "{[/seller/cate/remove],methods=[GET]}" onto public com.xia.sell.vo.ResultVO com.xia.sell.controller.SellerCategoryController.remove(java.lang.Integer) 
2019-05-13 22:08:05,314 - [main] - INFO - org.springframework.web.servlet.mvc.method.annotation.RequestMappingHandlerMapping - Mapped "{[/seller/cate/list],methods=[GET]}" onto public java.lang.String com.xia.sell.controller.SellerCategoryController.list(org.apache.catalina.servlet4preview.http.HttpServletRequest,org.springframework.ui.Model) 
2019-05-13 22:08:05,315 - [main] - INFO - org.springframework.web.servlet.mvc.method.annotation.RequestMappingHandlerMapping - Mapped "{[/seller/cate/change],methods=[GET]}" onto public com.xia.sell.vo.ResultVO com.xia.sell.controller.SellerCategoryController.change(java.lang.Integer,java.lang.String) 
2019-05-13 22:08:05,316 - [main] - INFO - org.springframework.web.servlet.mvc.method.annotation.RequestMappingHandlerMapping - Mapped "{[/seller/tologin],methods=[POST]}" onto public java.lang.String com.xia.sell.controller.SellerLoginController.toLogin(com.xia.sell.dto.LoginDTO,org.springframework.ui.Model,org.apache.catalina.servlet4preview.http.HttpServletRequest,org.springframework.web.servlet.mvc.support.RedirectAttributes) 
2019-05-13 22:08:05,316 - [main] - INFO - org.springframework.web.servlet.mvc.method.annotation.RequestMappingHandlerMapping - Mapped "{[/seller/tologin],methods=[GET]}" onto public java.lang.String com.xia.sell.controller.SellerLoginController.login(org.springframework.ui.Model) 
2019-05-13 22:08:05,318 - [main] - INFO - org.springframework.web.servlet.mvc.method.annotation.RequestMappingHandlerMapping - Mapped "{[/seller/order/cancel],methods=[GET]}" onto public com.xia.sell.vo.ResultVO com.xia.sell.controller.SellerOrderController.cancel(java.lang.String) 
2019-05-13 22:08:05,318 - [main] - INFO - org.springframework.web.servlet.mvc.method.annotation.RequestMappingHandlerMapping - Mapped "{[/seller/order/alreadyOrder],methods=[GET]}" onto public com.xia.sell.vo.ResultVO com.xia.sell.controller.SellerOrderController.finish(java.lang.String) 
2019-05-13 22:08:05,318 - [main] - INFO - org.springframework.web.servlet.mvc.method.annotation.RequestMappingHandlerMapping - Mapped "{[/seller/order/details],methods=[GET]}" onto public com.xia.sell.vo.OrderInfoVO com.xia.sell.controller.SellerOrderController.details(java.lang.String) 
2019-05-13 22:08:05,318 - [main] - INFO - org.springframework.web.servlet.mvc.method.annotation.RequestMappingHandlerMapping - Mapped "{[/seller/order/setDistribution],methods=[GET]}" onto public com.xia.sell.vo.ResultVO com.xia.sell.controller.SellerOrderController.setDistribution(java.lang.String) 
2019-05-13 22:08:05,319 - [main] - INFO - org.springframework.web.servlet.mvc.method.annotation.RequestMappingHandlerMapping - Mapped "{[/seller/order/list],methods=[GET]}" onto public java.lang.String com.xia.sell.controller.SellerOrderController.orderList(java.lang.Integer,org.springframework.ui.Model,org.apache.catalina.servlet4preview.http.HttpServletRequest) 
2019-05-13 22:08:05,319 - [main] - INFO - org.springframework.web.servlet.mvc.method.annotation.RequestMappingHandlerMapping - Mapped "{[/seller/order/setDistributionFinish],methods=[GET]}" onto public com.xia.sell.vo.ResultVO com.xia.sell.controller.SellerOrderController.setDistributionFinish(java.lang.String) 
2019-05-13 22:08:05,322 - [main] - INFO - org.springframework.web.servlet.mvc.method.annotation.RequestMappingHandlerMapping - Mapped "{[/seller/product/remove],methods=[GET]}" onto public com.xia.sell.vo.ResultVO com.xia.sell.controller.SellerProductController.remove(java.lang.String) 
2019-05-13 22:08:05,322 - [main] - INFO - org.springframework.web.servlet.mvc.method.annotation.RequestMappingHandlerMapping - Mapped "{[/seller/product/list],methods=[GET]}" onto public java.lang.String com.xia.sell.controller.SellerProductController.list(org.springframework.ui.Model,org.apache.catalina.servlet4preview.http.HttpServletRequest) 
2019-05-13 22:08:05,322 - [main] - INFO - org.springframework.web.servlet.mvc.method.annotation.RequestMappingHandlerMapping - Mapped "{[/seller/product/addProduct],methods=[POST]}" onto public com.xia.sell.vo.ResultVO com.xia.sell.controller.SellerProductController.addProduct(com.xia.sell.dto.ProductInfoDTO,org.springframework.validation.Errors,org.apache.catalina.servlet4preview.http.HttpServletRequest) 
2019-05-13 22:08:05,323 - [main] - INFO - org.springframework.web.servlet.mvc.method.annotation.RequestMappingHandlerMapping - Mapped "{[/seller/product/oneProduct],methods=[GET]}" onto public com.xia.sell.vo.ResultVO com.xia.sell.controller.SellerProductController.getChangeProduct(java.lang.String,org.apache.catalina.servlet4preview.http.HttpServletRequest) 
2019-05-13 22:08:05,323 - [main] - INFO - org.springframework.web.servlet.mvc.method.annotation.RequestMappingHandlerMapping - Mapped "{[/seller/product/changeProduct],methods=[POST]}" onto public com.xia.sell.vo.ResultVO com.xia.sell.controller.SellerProductController.changeProduct(com.xia.sell.dto.ProductInfoDTO,org.springframework.validation.Errors) 
2019-05-13 22:08:05,323 - [main] - INFO - org.springframework.web.servlet.mvc.method.annotation.RequestMappingHandlerMapping - Mapped "{[/seller/product/changeStatus],methods=[GET]}" onto public com.xia.sell.vo.ResultVO com.xia.sell.controller.SellerProductController.changeStatus(java.lang.String) 
2019-05-13 22:08:05,324 - [main] - INFO - org.springframework.web.servlet.mvc.method.annotation.RequestMappingHandlerMapping - Mapped "{[/seller/product/addProduct],methods=[GET]}" onto public java.lang.String com.xia.sell.controller.SellerProductController.getAddProductPage(org.springframework.ui.Model,org.apache.catalina.servlet4preview.http.HttpServletRequest) 
2019-05-13 22:08:05,325 - [main] - INFO - org.springframework.web.servlet.mvc.method.annotation.RequestMappingHandlerMapping - Mapped "{[/buyer/decrypt],methods=[GET]}" onto public java.lang.String com.xia.sell.controller.WXLogin.decrypt(java.lang.String,java.lang.String) 
2019-05-13 22:08:05,325 - [main] - INFO - org.springframework.web.servlet.mvc.method.annotation.RequestMappingHandlerMapping - Mapped "{[/buyer/WXLogin],methods=[GET]}" onto public java.lang.String com.xia.sell.controller.WXLogin.login(java.lang.String) throws java.io.IOException 
2019-05-13 22:08:05,325 - [main] - INFO - org.springframework.web.servlet.mvc.method.annotation.RequestMappingHandlerMapping - Mapped "{[/buyer/checkRawData],methods=[GET]}" onto public java.lang.String com.xia.sell.controller.WXLogin.checkRawData(java.lang.String,java.lang.String) throws java.io.UnsupportedEncodingException 
2019-05-13 22:08:05,325 - [main] - INFO - org.springframework.web.servlet.mvc.method.annotation.RequestMappingHandlerMapping - Mapped "{[/buyer/checkSessionExist],methods=[GET]}" onto public com.xia.sell.vo.ResultVO com.xia.sell.controller.WXLogin.checkSessionExist(java.lang.String) 
2019-05-13 22:08:05,328 - [main] - INFO - org.springframework.web.servlet.mvc.method.annotation.RequestMappingHandlerMapping - Mapped "{[/error]}" onto public org.springframework.http.ResponseEntity<java.util.Map<java.lang.String, java.lang.Object>> org.springframework.boot.autoconfigure.web.servlet.error.BasicErrorController.error(javax.servlet.http.HttpServletRequest) 
2019-05-13 22:08:05,329 - [main] - INFO - org.springframework.web.servlet.mvc.method.annotation.RequestMappingHandlerMapping - Mapped "{[/error],produces=[text/html]}" onto public org.springframework.web.servlet.ModelAndView org.springframework.boot.autoconfigure.web.servlet.error.BasicErrorController.errorHtml(javax.servlet.http.HttpServletRequest,javax.servlet.http.HttpServletResponse) 
2019-05-13 22:08:05,377 - [main] - INFO - org.springframework.web.servlet.handler.SimpleUrlHandlerMapping - Mapped URL path [/webjars/**] onto handler of type [class org.springframework.web.servlet.resource.ResourceHttpRequestHandler] 
2019-05-13 22:08:05,377 - [main] - INFO - org.springframework.web.servlet.handler.SimpleUrlHandlerMapping - Mapped URL path [/**] onto handler of type [class org.springframework.web.servlet.resource.ResourceHttpRequestHandler] 
2019-05-13 22:08:05,628 - [main] - INFO - org.springframework.boot.autoconfigure.web.servlet.WelcomePageHandlerMapping - Adding welcome page template: index 
2019-05-13 22:08:06,592 - [main] - INFO - org.springframework.web.socket.server.standard.ServerEndpointExporter - Registering @ServerEndpoint class: class com.xia.sell.service.OrderWebSocket 
2019-05-13 22:08:06,605 - [main] - INFO - org.springframework.jmx.export.annotation.AnnotationMBeanExporter - Registering beans for JMX exposure on startup 
2019-05-13 22:08:06,606 - [main] - INFO - org.springframework.jmx.export.annotation.AnnotationMBeanExporter - Bean with name 'dataSource' has been autodetected for JMX exposure 
2019-05-13 22:08:06,616 - [main] - INFO - org.springframework.jmx.export.annotation.AnnotationMBeanExporter - Located MBean 'dataSource': registering with JMX server as MBean [com.zaxxer.hikari:name=dataSource,type=HikariDataSource] 
2019-05-13 22:08:06,657 - [main] - INFO - org.apache.coyote.http11.Http11NioProtocol - Starting ProtocolHandler ["http-nio-80"] 
2019-05-13 22:08:06,682 - [main] - INFO - org.apache.tomcat.util.net.NioSelectorPool - Using a shared selector for servlet write/read 
2019-05-13 22:08:06,761 - [main] - INFO - org.springframework.boot.web.embedded.tomcat.TomcatWebServer - Tomcat started on port(s): 80 (http) with context path '' 
2019-05-13 22:08:06,788 - [main] - INFO - com.xia.sell.SellApplication - Started SellApplication in 19.564 seconds (JVM running for 28.404) 
2019-05-13 22:08:17,870 - [http-nio-80-exec-1] - INFO - org.apache.catalina.core.ContainerBase.[Tomcat].[localhost].[/] - Initializing Spring FrameworkServlet 'dispatcherServlet' 
2019-05-13 22:08:17,870 - [http-nio-80-exec-1] - INFO - org.springframework.web.servlet.DispatcherServlet - FrameworkServlet 'dispatcherServlet': initialization started 
2019-05-13 22:08:17,964 - [http-nio-80-exec-1] - INFO - org.springframework.web.servlet.DispatcherServlet - FrameworkServlet 'dispatcherServlet': initialization completed in 94 ms 
2019-05-13 22:08:33,187 - [http-nio-80-exec-7] - INFO - com.zaxxer.hikari.HikariDataSource - HikariPool-1 - Starting... 
2019-05-13 22:08:33,539 - [http-nio-80-exec-7] - INFO - com.zaxxer.hikari.HikariDataSource - HikariPool-1 - Start completed. 
2019-05-13 22:16:39,586 - [main] - INFO - com.xia.sell.SellApplication - Starting SellApplication on DESKTOP-59AH7K1 with PID 12108 (F:\ideaProject\sell\target\classes started by xia in F:\ideaProject\sell) 
2019-05-13 22:16:39,594 - [main] - INFO - com.xia.sell.SellApplication - No active profile set, falling back to default profiles: default 
2019-05-13 22:16:39,715 - [main] - INFO - org.springframework.boot.web.servlet.context.AnnotationConfigServletWebServerApplicationContext - Refreshing org.springframework.boot.web.servlet.context.AnnotationConfigServletWebServerApplicationContext@57abad67: startup date [Mon May 13 22:16:39 CST 2019]; root of context hierarchy 
2019-05-13 22:16:41,237 - [main] - INFO - org.springframework.data.repository.config.RepositoryConfigurationDelegate - Multiple Spring Data modules found, entering strict repository configuration mode! 
2019-05-13 22:16:41,948 - [main] - INFO - org.springframework.context.support.PostProcessorRegistrationDelegate$BeanPostProcessorChecker - Bean 'shiroConfiguration' of type [com.xia.sell.config.ShiroConfiguration$$EnhancerBySpringCGLIB$$766dbbe0] is not eligible for getting processed by all BeanPostProcessors (for example: not eligible for auto-proxying) 
2019-05-13 22:16:41,969 - [main] - INFO - org.springframework.context.support.PostProcessorRegistrationDelegate$BeanPostProcessorChecker - Bean 'redisConfig' of type [com.xia.sell.config.RedisConfig$$EnhancerBySpringCGLIB$$c6adbfe2] is not eligible for getting processed by all BeanPostProcessors (for example: not eligible for auto-proxying) 
2019-05-13 22:16:41,981 - [main] - INFO - org.springframework.context.support.PostProcessorRegistrationDelegate$BeanPostProcessorChecker - Bean 'org.springframework.transaction.annotation.ProxyTransactionManagementConfiguration' of type [org.springframework.transaction.annotation.ProxyTransactionManagementConfiguration$$EnhancerBySpringCGLIB$$7d5c899b] is not eligible for getting processed by all BeanPostProcessors (for example: not eligible for auto-proxying) 
2019-05-13 22:16:42,928 - [main] - INFO - org.springframework.context.support.PostProcessorRegistrationDelegate$BeanPostProcessorChecker - Bean 'org.springframework.boot.context.properties.ConversionServiceDeducer$Factory' of type [org.springframework.boot.context.properties.ConversionServiceDeducer$Factory] is not eligible for getting processed by all BeanPostProcessors (for example: not eligible for auto-proxying) 
2019-05-13 22:16:43,012 - [main] - INFO - org.springframework.context.support.PostProcessorRegistrationDelegate$BeanPostProcessorChecker - Bean 'mybatis-org.mybatis.spring.boot.autoconfigure.MybatisProperties' of type [org.mybatis.spring.boot.autoconfigure.MybatisProperties] is not eligible for getting processed by all BeanPostProcessors (for example: not eligible for auto-proxying) 
2019-05-13 22:16:43,068 - [main] - INFO - org.springframework.context.support.PostProcessorRegistrationDelegate$BeanPostProcessorChecker - Bean 'org.mybatis.spring.boot.autoconfigure.MybatisAutoConfiguration' of type [org.mybatis.spring.boot.autoconfigure.MybatisAutoConfiguration$$EnhancerBySpringCGLIB$$b030dacb] is not eligible for getting processed by all BeanPostProcessors (for example: not eligible for auto-proxying) 
2019-05-13 22:16:43,086 - [main] - INFO - org.springframework.context.support.PostProcessorRegistrationDelegate$BeanPostProcessorChecker - Bean 'org.springframework.boot.autoconfigure.jdbc.DataSourceConfiguration$Hikari' of type [org.springframework.boot.autoconfigure.jdbc.DataSourceConfiguration$Hikari] is not eligible for getting processed by all BeanPostProcessors (for example: not eligible for auto-proxying) 
2019-05-13 22:16:43,126 - [main] - INFO - org.springframework.context.support.PostProcessorRegistrationDelegate$BeanPostProcessorChecker - Bean 'spring.datasource-org.springframework.boot.autoconfigure.jdbc.DataSourceProperties' of type [org.springframework.boot.autoconfigure.jdbc.DataSourceProperties] is not eligible for getting processed by all BeanPostProcessors (for example: not eligible for auto-proxying) 
2019-05-13 22:16:43,204 - [main] - INFO - org.springframework.context.support.PostProcessorRegistrationDelegate$BeanPostProcessorChecker - Bean 'dataSource' of type [com.zaxxer.hikari.HikariDataSource] is not eligible for getting processed by all BeanPostProcessors (for example: not eligible for auto-proxying) 
2019-05-13 22:16:43,231 - [main] - INFO - org.springframework.context.support.PostProcessorRegistrationDelegate$BeanPostProcessorChecker - Bean 'org.springframework.boot.autoconfigure.jdbc.DataSourceInitializerInvoker' of type [org.springframework.boot.autoconfigure.jdbc.DataSourceInitializerInvoker] is not eligible for getting processed by all BeanPostProcessors (for example: not eligible for auto-proxying) 
2019-05-13 22:16:43,693 - [main] - INFO - org.springframework.context.support.PostProcessorRegistrationDelegate$BeanPostProcessorChecker - Bean 'sqlSessionFactory' of type [org.apache.ibatis.session.defaults.DefaultSqlSessionFactory] is not eligible for getting processed by all BeanPostProcessors (for example: not eligible for auto-proxying) 
2019-05-13 22:16:43,709 - [main] - INFO - org.springframework.context.support.PostProcessorRegistrationDelegate$BeanPostProcessorChecker - Bean 'sqlSessionTemplate' of type [org.mybatis.spring.SqlSessionTemplate] is not eligible for getting processed by all BeanPostProcessors (for example: not eligible for auto-proxying) 
2019-05-13 22:16:43,711 - [main] - INFO - org.springframework.context.support.PostProcessorRegistrationDelegate$BeanPostProcessorChecker - Bean 'sellerInfoMapper' of type [org.mybatis.spring.mapper.MapperFactoryBean] is not eligible for getting processed by all BeanPostProcessors (for example: not eligible for auto-proxying) 
2019-05-13 22:16:43,716 - [main] - INFO - org.springframework.context.support.PostProcessorRegistrationDelegate$BeanPostProcessorChecker - Bean 'sellerInfoMapper' of type [com.sun.proxy.$Proxy64] is not eligible for getting processed by all BeanPostProcessors (for example: not eligible for auto-proxying) 
2019-05-13 22:16:43,719 - [main] - INFO - org.springframework.context.support.PostProcessorRegistrationDelegate$BeanPostProcessorChecker - Bean 'sellerInfoServiceImpl' of type [com.xia.sell.service.impl.SellerInfoServiceImpl] is not eligible for getting processed by all BeanPostProcessors (for example: not eligible for auto-proxying) 
2019-05-13 22:16:43,720 - [main] - INFO - org.springframework.context.support.PostProcessorRegistrationDelegate$BeanPostProcessorChecker - Bean 'myShiroRealm' of type [com.xia.sell.config.MyShiroRealm] is not eligible for getting processed by all BeanPostProcessors (for example: not eligible for auto-proxying) 
2019-05-13 22:16:43,731 - [main] - INFO - org.springframework.context.support.PostProcessorRegistrationDelegate$BeanPostProcessorChecker - Bean 'rememberMeCookie' of type [org.apache.shiro.web.servlet.SimpleCookie] is not eligible for getting processed by all BeanPostProcessors (for example: not eligible for auto-proxying) 
2019-05-13 22:16:43,740 - [main] - INFO - org.springframework.context.support.PostProcessorRegistrationDelegate$BeanPostProcessorChecker - Bean 'rememberMeManager' of type [org.apache.shiro.web.mgt.CookieRememberMeManager] is not eligible for getting processed by all BeanPostProcessors (for example: not eligible for auto-proxying) 
2019-05-13 22:16:43,756 - [main] - INFO - org.springframework.context.support.PostProcessorRegistrationDelegate$BeanPostProcessorChecker - Bean 'securityManager' of type [org.apache.shiro.web.mgt.DefaultWebSecurityManager] is not eligible for getting processed by all BeanPostProcessors (for example: not eligible for auto-proxying) 
2019-05-13 22:16:44,567 - [main] - INFO - org.springframework.boot.web.embedded.tomcat.TomcatWebServer - Tomcat initialized with port(s): 80 (http) 
2019-05-13 22:16:44,584 - [main] - INFO - org.apache.coyote.http11.Http11NioProtocol - Initializing ProtocolHandler ["http-nio-80"] 
2019-05-13 22:16:44,598 - [main] - INFO - org.apache.catalina.core.StandardService - Starting service [Tomcat] 
2019-05-13 22:16:44,599 - [main] - INFO - org.apache.catalina.core.StandardEngine - Starting Servlet Engine: Apache Tomcat/8.5.32 
2019-05-13 22:16:44,608 - [localhost-startStop-1] - INFO - org.apache.catalina.core.AprLifecycleListener - The APR based Apache Tomcat Native library which allows optimal performance in production environments was not found on the java.library.path: [C:\Java\jdk1.8.0_121\bin;C:\WINDOWS\Sun\Java\bin;C:\WINDOWS\system32;C:\WINDOWS;C:\ProgramData\DockerDesktop\version-bin;C:\Program Files\Docker\Docker\Resources\bin;D:\盘姬工具箱\SystemTools\nTrun\Goto;E:\盘姬工具箱\SystemTools\nTrun\Goto;C:\ProgramData\Oracle\Java\javapath;C:\Java\jdk1.8.0_121\bin;C:\Java\jdk1.8.0_121\jre\bin;C:\WINDOWS\system32;C:\WINDOWS;C:\WINDOWS\System32\Wbem;C:\WINDOWS\System32\WindowsPowerShell\v1.0\;C:\Users\xia\AppData\Local\Android\sdk\platform-tools\adb.exe;C:\WINDOWS\system32;C:\WINDOWS;C:\WINDOWS\System32\Wbem;C:\WINDOWS\System32\WindowsPowerShell\v1.0\;C:\Program Files\MySQL\MySQL Server 5.5\bin;D:\Android\android-sdk\platform-tools;D:\Android\android-sdk\tools;E:\apache-maven-3.5.3\bin\;%TALINA_HOME%\bin\;C:\WINDOWS\System32\OpenSSH\;E:\gradle-4.9\bin;D:\mysql-8.0.11-winx64\bin;D:\Git\cmd;C:\Program Files (x86)\NVIDIA Corporation\PhysX\Common;C:\Program Files\NVIDIA Corporation\NVIDIA NvDLISR;E:\nodejs\;C:\Program Files\TortoiseGit\bin;C:\Users\xia\AppData\Local\Microsoft\WindowsApps;C:\Users\xia\AppData\Local\Programs\Fiddler;C:\Users\xia\AppData\Local\GitHubDesktop\bin;C:\Users\xia\AppData\Local\Microsoft\WindowsApps;;E:\Microsoft VS Code\bin;C:\Users\xia\AppData\Roaming\npm;.] 
2019-05-13 22:16:44,891 - [localhost-startStop-1] - INFO - org.apache.catalina.core.ContainerBase.[Tomcat].[localhost].[/] - Initializing Spring embedded WebApplicationContext 
2019-05-13 22:16:44,891 - [localhost-startStop-1] - INFO - org.springframework.web.context.ContextLoader - Root WebApplicationContext: initialization completed in 5177 ms 
2019-05-13 22:16:45,096 - [localhost-startStop-1] - INFO - org.springframework.boot.web.servlet.ServletRegistrationBean - Servlet dispatcherServlet mapped to [/] 
2019-05-13 22:16:45,108 - [localhost-startStop-1] - INFO - org.springframework.boot.web.servlet.FilterRegistrationBean - Mapping filter: 'characterEncodingFilter' to: [/*] 
2019-05-13 22:16:45,109 - [localhost-startStop-1] - INFO - org.springframework.boot.web.servlet.FilterRegistrationBean - Mapping filter: 'hiddenHttpMethodFilter' to: [/*] 
2019-05-13 22:16:45,109 - [localhost-startStop-1] - INFO - org.springframework.boot.web.servlet.FilterRegistrationBean - Mapping filter: 'httpPutFormContentFilter' to: [/*] 
2019-05-13 22:16:45,109 - [localhost-startStop-1] - INFO - org.springframework.boot.web.servlet.FilterRegistrationBean - Mapping filter: 'requestContextFilter' to: [/*] 
2019-05-13 22:16:45,110 - [localhost-startStop-1] - INFO - org.springframework.boot.web.servlet.FilterRegistrationBean - Mapping filter: 'shiroFilterFactoryBean' to: [/*] 
2019-05-13 22:16:45,974 - [main] - INFO - org.springframework.web.servlet.handler.SimpleUrlHandlerMapping - Mapped URL path [/**/favicon.ico] onto handler of type [class org.springframework.web.servlet.resource.ResourceHttpRequestHandler] 
2019-05-13 22:16:46,439 - [main] - INFO - org.springframework.web.servlet.mvc.method.annotation.RequestMappingHandlerAdapter - Looking for @ControllerAdvice: org.springframework.boot.web.servlet.context.AnnotationConfigServletWebServerApplicationContext@57abad67: startup date [Mon May 13 22:16:39 CST 2019]; root of context hierarchy 
2019-05-13 22:16:46,545 - [main] - INFO - org.springframework.web.servlet.mvc.method.annotation.RequestMappingHandlerMapping - Mapped "{[/buyer/address/remove],methods=[GET]}" onto public com.xia.sell.vo.ResultVO com.xia.sell.controller.BuyerAddressController.remove(java.lang.String) 
2019-05-13 22:16:46,547 - [main] - INFO - org.springframework.web.servlet.mvc.method.annotation.RequestMappingHandlerMapping - Mapped "{[/buyer/address/list],methods=[GET]}" onto public com.xia.sell.vo.ResultVO com.xia.sell.controller.BuyerAddressController.list(java.lang.String) 
2019-05-13 22:16:46,548 - [main] - INFO - org.springframework.web.servlet.mvc.method.annotation.RequestMappingHandlerMapping - Mapped "{[/buyer/address/save],methods=[POST]}" onto public com.xia.sell.vo.ResultVO com.xia.sell.controller.BuyerAddressController.save(com.xia.sell.dto.BuyerAddressDTO) 
2019-05-13 22:16:46,551 - [main] - INFO - org.springframework.web.servlet.mvc.method.annotation.RequestMappingHandlerMapping - Mapped "{[/buyer/comment/add],methods=[POST]}" onto public com.xia.sell.vo.ResultVO com.xia.sell.controller.BuyerCommentController.add(com.xia.sell.dto.CommentAddDTO) 
2019-05-13 22:16:46,551 - [main] - INFO - org.springframework.web.servlet.mvc.method.annotation.RequestMappingHandlerMapping - Mapped "{[/buyer/comment/list],methods=[GET]}" onto public com.xia.sell.vo.ResultVO com.xia.sell.controller.BuyerCommentController.list(java.lang.String,java.lang.Integer) 
2019-05-13 22:16:46,554 - [main] - INFO - org.springframework.web.servlet.mvc.method.annotation.RequestMappingHandlerMapping - Mapped "{[/buyer/order/create],methods=[POST]}" onto public com.xia.sell.vo.ResultVO com.xia.sell.controller.BuyerOrderController.create(com.xia.sell.dto.OrderCreateDTO,org.springframework.validation.Errors) 
2019-05-13 22:16:46,554 - [main] - INFO - org.springframework.web.servlet.mvc.method.annotation.RequestMappingHandlerMapping - Mapped "{[/buyer/order/list],methods=[GET]}" onto public com.xia.sell.vo.ResultVO com.xia.sell.controller.BuyerOrderController.list(java.lang.String,java.lang.Integer) 
2019-05-13 22:16:46,554 - [main] - INFO - org.springframework.web.servlet.mvc.method.annotation.RequestMappingHandlerMapping - Mapped "{[/buyer/order/cancel],methods=[GET]}" onto public com.xia.sell.vo.ResultVO com.xia.sell.controller.BuyerOrderController.cancel(java.lang.String,java.lang.String) 
2019-05-13 22:16:46,554 - [main] - INFO - org.springframework.web.servlet.mvc.method.annotation.RequestMappingHandlerMapping - Mapped "{[/buyer/order/detail],methods=[GET]}" onto public com.xia.sell.vo.ResultVO com.xia.sell.controller.BuyerOrderController.detail(java.lang.String,java.lang.String) 
2019-05-13 22:16:46,554 - [main] - INFO - org.springframework.web.servlet.mvc.method.annotation.RequestMappingHandlerMapping - Mapped "{[/buyer/order/amount],methods=[GET]}" onto public com.xia.sell.vo.ResultVO com.xia.sell.controller.BuyerOrderController.amount(java.lang.String,java.lang.String) 
2019-05-13 22:16:46,555 - [main] - INFO - org.springframework.web.servlet.mvc.method.annotation.RequestMappingHandlerMapping - Mapped "{[/buyer/order/paySuccess],methods=[GET]}" onto public com.xia.sell.vo.ResultVO com.xia.sell.controller.BuyerOrderController.paySuccess(java.lang.String) 
2019-05-13 22:16:46,555 - [main] - INFO - org.springframework.web.servlet.mvc.method.annotation.RequestMappingHandlerMapping - Mapped "{[/buyer/order/payFail],methods=[POST]}" onto public com.xia.sell.vo.ResultVO com.xia.sell.controller.BuyerOrderController.payFail() 
2019-05-13 22:16:46,562 - [main] - INFO - org.springframework.web.servlet.mvc.method.annotation.RequestMappingHandlerMapping - Mapped "{[/buyer/shop/listOrderSold],methods=[GET]}" onto public com.xia.sell.vo.ResultVO com.xia.sell.controller.BuyerShopController.listOrderSold(java.lang.String,java.lang.String,java.lang.String) 
2019-05-13 22:16:46,562 - [main] - INFO - org.springframework.web.servlet.mvc.method.annotation.RequestMappingHandlerMapping - Mapped "{[/buyer/shop/listDefault],methods=[GET]}" onto public com.xia.sell.vo.ResultVO com.xia.sell.controller.BuyerShopController.listDefault(java.lang.String,java.lang.String,java.lang.String) 
2019-05-13 22:16:46,562 - [main] - INFO - org.springframework.web.servlet.mvc.method.annotation.RequestMappingHandlerMapping - Mapped "{[/buyer/shop/simpleDetail],methods=[GET]}" onto public com.xia.sell.vo.BuyerShopSimpleDetailVo com.xia.sell.controller.BuyerShopController.simpleDetail(java.lang.String) 
2019-05-13 22:16:46,563 - [main] - INFO - org.springframework.web.servlet.mvc.method.annotation.RequestMappingHandlerMapping - Mapped "{[/buyer/shop/discount],methods=[GET]}" onto public com.xia.sell.vo.ResultVO com.xia.sell.controller.BuyerShopController.sellerDiscount(java.lang.String) 
2019-05-13 22:16:46,563 - [main] - INFO - org.springframework.web.servlet.mvc.method.annotation.RequestMappingHandlerMapping - Mapped "{[/buyer/shop/listSold],methods=[GET]}" onto public com.xia.sell.vo.ResultVO<java.util.List> com.xia.sell.controller.BuyerShopController.allShopOrderSold(java.lang.String,java.lang.String) 
2019-05-13 22:16:46,564 - [main] - INFO - org.springframework.web.servlet.mvc.method.annotation.RequestMappingHandlerMapping - Mapped "{[/buyer/shop/list],methods=[GET]}" onto public com.xia.sell.vo.ResultVO<java.util.List> com.xia.sell.controller.BuyerShopController.allShop(java.lang.String,java.lang.String) 
2019-05-13 22:16:46,564 - [main] - INFO - org.springframework.web.servlet.mvc.method.annotation.RequestMappingHandlerMapping - Mapped "{[/buyer/shop/listDistance],methods=[GET]}" onto public com.xia.sell.vo.ResultVO<java.util.List> com.xia.sell.controller.BuyerShopController.allShopOrderDistance(java.lang.String,java.lang.String) 
2019-05-13 22:16:46,564 - [main] - INFO - org.springframework.web.servlet.mvc.method.annotation.RequestMappingHandlerMapping - Mapped "{[/buyer/shop/listOrderDistance],methods=[GET]}" onto public com.xia.sell.vo.ResultVO com.xia.sell.controller.BuyerShopController.listOrderDistance(java.lang.String,java.lang.String,java.lang.String) 
2019-05-13 22:16:46,565 - [main] - INFO - org.springframework.web.servlet.mvc.method.annotation.RequestMappingHandlerMapping - Mapped "{[/],methods=[GET]}" onto public java.lang.String com.xia.sell.controller.MainController.index() 
2019-05-13 22:16:46,565 - [main] - INFO - org.springframework.web.servlet.mvc.method.annotation.RequestMappingHandlerMapping - Mapped "{[/initRedis],methods=[GET]}" onto public java.lang.String com.xia.sell.controller.MainController.initRedis() 
2019-05-13 22:16:46,566 - [main] - INFO - org.springframework.web.servlet.mvc.method.annotation.RequestMappingHandlerMapping - Mapped "{[/buyer/product/list],methods=[GET]}" onto public com.xia.sell.vo.ResultVO com.xia.sell.controller.ProductListController.productList(java.lang.String) 
2019-05-13 22:16:46,568 - [main] - INFO - org.springframework.web.servlet.mvc.method.annotation.RequestMappingHandlerMapping - Mapped "{[/seller/cate/add],methods=[GET]}" onto public com.xia.sell.vo.ResultVO com.xia.sell.controller.SellerCategoryController.add(java.lang.String,org.apache.catalina.servlet4preview.http.HttpServletRequest) 
2019-05-13 22:16:46,569 - [main] - INFO - org.springframework.web.servlet.mvc.method.annotation.RequestMappingHandlerMapping - Mapped "{[/seller/cate/remove],methods=[GET]}" onto public com.xia.sell.vo.ResultVO com.xia.sell.controller.SellerCategoryController.remove(java.lang.Integer) 
2019-05-13 22:16:46,569 - [main] - INFO - org.springframework.web.servlet.mvc.method.annotation.RequestMappingHandlerMapping - Mapped "{[/seller/cate/list],methods=[GET]}" onto public java.lang.String com.xia.sell.controller.SellerCategoryController.list(org.apache.catalina.servlet4preview.http.HttpServletRequest,org.springframework.ui.Model) 
2019-05-13 22:16:46,570 - [main] - INFO - org.springframework.web.servlet.mvc.method.annotation.RequestMappingHandlerMapping - Mapped "{[/seller/cate/change],methods=[GET]}" onto public com.xia.sell.vo.ResultVO com.xia.sell.controller.SellerCategoryController.change(java.lang.Integer,java.lang.String) 
2019-05-13 22:16:46,571 - [main] - INFO - org.springframework.web.servlet.mvc.method.annotation.RequestMappingHandlerMapping - Mapped "{[/seller/tologin],methods=[GET]}" onto public java.lang.String com.xia.sell.controller.SellerLoginController.login(org.springframework.ui.Model) 
2019-05-13 22:16:46,571 - [main] - INFO - org.springframework.web.servlet.mvc.method.annotation.RequestMappingHandlerMapping - Mapped "{[/seller/tologin],methods=[POST]}" onto public java.lang.String com.xia.sell.controller.SellerLoginController.toLogin(com.xia.sell.dto.LoginDTO,org.springframework.ui.Model,org.apache.catalina.servlet4preview.http.HttpServletRequest,org.springframework.web.servlet.mvc.support.RedirectAttributes) 
2019-05-13 22:16:46,576 - [main] - INFO - org.springframework.web.servlet.mvc.method.annotation.RequestMappingHandlerMapping - Mapped "{[/seller/order/cancel],methods=[GET]}" onto public com.xia.sell.vo.ResultVO com.xia.sell.controller.SellerOrderController.cancel(java.lang.String) 
2019-05-13 22:16:46,576 - [main] - INFO - org.springframework.web.servlet.mvc.method.annotation.RequestMappingHandlerMapping - Mapped "{[/seller/order/alreadyOrder],methods=[GET]}" onto public com.xia.sell.vo.ResultVO com.xia.sell.controller.SellerOrderController.finish(java.lang.String) 
2019-05-13 22:16:46,576 - [main] - INFO - org.springframework.web.servlet.mvc.method.annotation.RequestMappingHandlerMapping - Mapped "{[/seller/order/details],methods=[GET]}" onto public com.xia.sell.vo.OrderInfoVO com.xia.sell.controller.SellerOrderController.details(java.lang.String) 
2019-05-13 22:16:46,576 - [main] - INFO - org.springframework.web.servlet.mvc.method.annotation.RequestMappingHandlerMapping - Mapped "{[/seller/order/setDistributionFinish],methods=[GET]}" onto public com.xia.sell.vo.ResultVO com.xia.sell.controller.SellerOrderController.setDistributionFinish(java.lang.String) 
2019-05-13 22:16:46,576 - [main] - INFO - org.springframework.web.servlet.mvc.method.annotation.RequestMappingHandlerMapping - Mapped "{[/seller/order/list],methods=[GET]}" onto public java.lang.String com.xia.sell.controller.SellerOrderController.orderList(java.lang.Integer,org.springframework.ui.Model,org.apache.catalina.servlet4preview.http.HttpServletRequest) 
2019-05-13 22:16:46,576 - [main] - INFO - org.springframework.web.servlet.mvc.method.annotation.RequestMappingHandlerMapping - Mapped "{[/seller/order/setDistribution],methods=[GET]}" onto public com.xia.sell.vo.ResultVO com.xia.sell.controller.SellerOrderController.setDistribution(java.lang.String) 
2019-05-13 22:16:46,579 - [main] - INFO - org.springframework.web.servlet.mvc.method.annotation.RequestMappingHandlerMapping - Mapped "{[/seller/product/remove],methods=[GET]}" onto public com.xia.sell.vo.ResultVO com.xia.sell.controller.SellerProductController.remove(java.lang.String) 
2019-05-13 22:16:46,580 - [main] - INFO - org.springframework.web.servlet.mvc.method.annotation.RequestMappingHandlerMapping - Mapped "{[/seller/product/list],methods=[GET]}" onto public java.lang.String com.xia.sell.controller.SellerProductController.list(org.springframework.ui.Model,org.apache.catalina.servlet4preview.http.HttpServletRequest) 
2019-05-13 22:16:46,580 - [main] - INFO - org.springframework.web.servlet.mvc.method.annotation.RequestMappingHandlerMapping - Mapped "{[/seller/product/addProduct],methods=[GET]}" onto public java.lang.String com.xia.sell.controller.SellerProductController.getAddProductPage(org.springframework.ui.Model,org.apache.catalina.servlet4preview.http.HttpServletRequest) 
2019-05-13 22:16:46,581 - [main] - INFO - org.springframework.web.servlet.mvc.method.annotation.RequestMappingHandlerMapping - Mapped "{[/seller/product/addProduct],methods=[POST]}" onto public com.xia.sell.vo.ResultVO com.xia.sell.controller.SellerProductController.addProduct(com.xia.sell.dto.ProductInfoDTO,org.springframework.validation.Errors,org.apache.catalina.servlet4preview.http.HttpServletRequest) 
2019-05-13 22:16:46,583 - [main] - INFO - org.springframework.web.servlet.mvc.method.annotation.RequestMappingHandlerMapping - Mapped "{[/seller/product/changeStatus],methods=[GET]}" onto public com.xia.sell.vo.ResultVO com.xia.sell.controller.SellerProductController.changeStatus(java.lang.String) 
2019-05-13 22:16:46,583 - [main] - INFO - org.springframework.web.servlet.mvc.method.annotation.RequestMappingHandlerMapping - Mapped "{[/seller/product/changeProduct],methods=[POST]}" onto public com.xia.sell.vo.ResultVO com.xia.sell.controller.SellerProductController.changeProduct(com.xia.sell.dto.ProductInfoDTO,org.springframework.validation.Errors) 
2019-05-13 22:16:46,583 - [main] - INFO - org.springframework.web.servlet.mvc.method.annotation.RequestMappingHandlerMapping - Mapped "{[/seller/product/oneProduct],methods=[GET]}" onto public com.xia.sell.vo.ResultVO com.xia.sell.controller.SellerProductController.getChangeProduct(java.lang.String,org.apache.catalina.servlet4preview.http.HttpServletRequest) 
2019-05-13 22:16:46,583 - [main] - INFO - org.springframework.web.servlet.mvc.method.annotation.RequestMappingHandlerMapping - Mapped "{[/buyer/decrypt],methods=[GET]}" onto public java.lang.String com.xia.sell.controller.WXLogin.decrypt(java.lang.String,java.lang.String) 
2019-05-13 22:16:46,584 - [main] - INFO - org.springframework.web.servlet.mvc.method.annotation.RequestMappingHandlerMapping - Mapped "{[/buyer/checkSessionExist],methods=[GET]}" onto public com.xia.sell.vo.ResultVO com.xia.sell.controller.WXLogin.checkSessionExist(java.lang.String) 
2019-05-13 22:16:46,584 - [main] - INFO - org.springframework.web.servlet.mvc.method.annotation.RequestMappingHandlerMapping - Mapped "{[/buyer/checkRawData],methods=[GET]}" onto public java.lang.String com.xia.sell.controller.WXLogin.checkRawData(java.lang.String,java.lang.String) throws java.io.UnsupportedEncodingException 
2019-05-13 22:16:46,584 - [main] - INFO - org.springframework.web.servlet.mvc.method.annotation.RequestMappingHandlerMapping - Mapped "{[/buyer/WXLogin],methods=[GET]}" onto public java.lang.String com.xia.sell.controller.WXLogin.login(java.lang.String) throws java.io.IOException 
2019-05-13 22:16:46,587 - [main] - INFO - org.springframework.web.servlet.mvc.method.annotation.RequestMappingHandlerMapping - Mapped "{[/error]}" onto public org.springframework.http.ResponseEntity<java.util.Map<java.lang.String, java.lang.Object>> org.springframework.boot.autoconfigure.web.servlet.error.BasicErrorController.error(javax.servlet.http.HttpServletRequest) 
2019-05-13 22:16:46,588 - [main] - INFO - org.springframework.web.servlet.mvc.method.annotation.RequestMappingHandlerMapping - Mapped "{[/error],produces=[text/html]}" onto public org.springframework.web.servlet.ModelAndView org.springframework.boot.autoconfigure.web.servlet.error.BasicErrorController.errorHtml(javax.servlet.http.HttpServletRequest,javax.servlet.http.HttpServletResponse) 
2019-05-13 22:16:46,639 - [main] - INFO - org.springframework.web.servlet.handler.SimpleUrlHandlerMapping - Mapped URL path [/webjars/**] onto handler of type [class org.springframework.web.servlet.resource.ResourceHttpRequestHandler] 
2019-05-13 22:16:46,639 - [main] - INFO - org.springframework.web.servlet.handler.SimpleUrlHandlerMapping - Mapped URL path [/**] onto handler of type [class org.springframework.web.servlet.resource.ResourceHttpRequestHandler] 
2019-05-13 22:16:46,882 - [main] - INFO - org.springframework.boot.autoconfigure.web.servlet.WelcomePageHandlerMapping - Adding welcome page template: index 
2019-05-13 22:16:47,655 - [main] - INFO - org.springframework.web.socket.server.standard.ServerEndpointExporter - Registering @ServerEndpoint class: class com.xia.sell.service.OrderWebSocket 
2019-05-13 22:16:47,672 - [main] - INFO - org.springframework.jmx.export.annotation.AnnotationMBeanExporter - Registering beans for JMX exposure on startup 
2019-05-13 22:16:47,677 - [main] - INFO - org.springframework.jmx.export.annotation.AnnotationMBeanExporter - Bean with name 'dataSource' has been autodetected for JMX exposure 
2019-05-13 22:16:47,691 - [main] - INFO - org.springframework.jmx.export.annotation.AnnotationMBeanExporter - Located MBean 'dataSource': registering with JMX server as MBean [com.zaxxer.hikari:name=dataSource,type=HikariDataSource] 
2019-05-13 22:16:47,710 - [main] - INFO - org.apache.coyote.http11.Http11NioProtocol - Starting ProtocolHandler ["http-nio-80"] 
2019-05-13 22:16:47,732 - [main] - INFO - org.apache.tomcat.util.net.NioSelectorPool - Using a shared selector for servlet write/read 
2019-05-13 22:16:47,776 - [main] - INFO - org.springframework.boot.web.embedded.tomcat.TomcatWebServer - Tomcat started on port(s): 80 (http) with context path '' 
2019-05-13 22:16:47,787 - [main] - INFO - com.xia.sell.SellApplication - Started SellApplication in 9.169 seconds (JVM running for 14.771) 
2019-05-13 22:17:51,106 - [http-nio-80-exec-1] - INFO - org.apache.catalina.core.ContainerBase.[Tomcat].[localhost].[/] - Initializing Spring FrameworkServlet 'dispatcherServlet' 
2019-05-13 22:17:51,107 - [http-nio-80-exec-1] - INFO - org.springframework.web.servlet.DispatcherServlet - FrameworkServlet 'dispatcherServlet': initialization started 
2019-05-13 22:17:51,171 - [http-nio-80-exec-1] - INFO - org.springframework.web.servlet.DispatcherServlet - FrameworkServlet 'dispatcherServlet': initialization completed in 64 ms 
2019-05-13 22:17:56,712 - [http-nio-80-exec-3] - INFO - com.zaxxer.hikari.HikariDataSource - HikariPool-1 - Starting... 
2019-05-13 22:17:56,921 - [http-nio-80-exec-3] - INFO - com.zaxxer.hikari.HikariDataSource - HikariPool-1 - Start completed. 
2019-05-13 22:23:46,570 - [main] - INFO - com.xia.sell.SellApplication - Starting SellApplication on DESKTOP-59AH7K1 with PID 6232 (F:\ideaProject\sell\target\classes started by xia in F:\ideaProject\sell) 
2019-05-13 22:23:46,576 - [main] - INFO - com.xia.sell.SellApplication - No active profile set, falling back to default profiles: default 
2019-05-13 22:23:46,693 - [main] - INFO - org.springframework.boot.web.servlet.context.AnnotationConfigServletWebServerApplicationContext - Refreshing org.springframework.boot.web.servlet.context.AnnotationConfigServletWebServerApplicationContext@22bac7bc: startup date [Mon May 13 22:23:46 CST 2019]; root of context hierarchy 
2019-05-13 22:23:47,986 - [main] - INFO - org.springframework.data.repository.config.RepositoryConfigurationDelegate - Multiple Spring Data modules found, entering strict repository configuration mode! 
2019-05-13 22:23:48,596 - [main] - INFO - org.springframework.context.support.PostProcessorRegistrationDelegate$BeanPostProcessorChecker - Bean 'shiroConfiguration' of type [com.xia.sell.config.ShiroConfiguration$$EnhancerBySpringCGLIB$$32a98d25] is not eligible for getting processed by all BeanPostProcessors (for example: not eligible for auto-proxying) 
2019-05-13 22:23:48,614 - [main] - INFO - org.springframework.context.support.PostProcessorRegistrationDelegate$BeanPostProcessorChecker - Bean 'redisConfig' of type [com.xia.sell.config.RedisConfig$$EnhancerBySpringCGLIB$$82e99127] is not eligible for getting processed by all BeanPostProcessors (for example: not eligible for auto-proxying) 
2019-05-13 22:23:48,629 - [main] - INFO - org.springframework.context.support.PostProcessorRegistrationDelegate$BeanPostProcessorChecker - Bean 'org.springframework.transaction.annotation.ProxyTransactionManagementConfiguration' of type [org.springframework.transaction.annotation.ProxyTransactionManagementConfiguration$$EnhancerBySpringCGLIB$$39985ae0] is not eligible for getting processed by all BeanPostProcessors (for example: not eligible for auto-proxying) 
2019-05-13 22:23:49,546 - [main] - INFO - org.springframework.context.support.PostProcessorRegistrationDelegate$BeanPostProcessorChecker - Bean 'org.springframework.boot.context.properties.ConversionServiceDeducer$Factory' of type [org.springframework.boot.context.properties.ConversionServiceDeducer$Factory] is not eligible for getting processed by all BeanPostProcessors (for example: not eligible for auto-proxying) 
2019-05-13 22:23:49,579 - [main] - INFO - org.springframework.context.support.PostProcessorRegistrationDelegate$BeanPostProcessorChecker - Bean 'mybatis-org.mybatis.spring.boot.autoconfigure.MybatisProperties' of type [org.mybatis.spring.boot.autoconfigure.MybatisProperties] is not eligible for getting processed by all BeanPostProcessors (for example: not eligible for auto-proxying) 
2019-05-13 22:23:49,594 - [main] - INFO - org.springframework.context.support.PostProcessorRegistrationDelegate$BeanPostProcessorChecker - Bean 'org.mybatis.spring.boot.autoconfigure.MybatisAutoConfiguration' of type [org.mybatis.spring.boot.autoconfigure.MybatisAutoConfiguration$$EnhancerBySpringCGLIB$$6c6cac10] is not eligible for getting processed by all BeanPostProcessors (for example: not eligible for auto-proxying) 
2019-05-13 22:23:49,601 - [main] - INFO - org.springframework.context.support.PostProcessorRegistrationDelegate$BeanPostProcessorChecker - Bean 'org.springframework.boot.autoconfigure.jdbc.DataSourceConfiguration$Hikari' of type [org.springframework.boot.autoconfigure.jdbc.DataSourceConfiguration$Hikari] is not eligible for getting processed by all BeanPostProcessors (for example: not eligible for auto-proxying) 
2019-05-13 22:23:49,636 - [main] - INFO - org.springframework.context.support.PostProcessorRegistrationDelegate$BeanPostProcessorChecker - Bean 'spring.datasource-org.springframework.boot.autoconfigure.jdbc.DataSourceProperties' of type [org.springframework.boot.autoconfigure.jdbc.DataSourceProperties] is not eligible for getting processed by all BeanPostProcessors (for example: not eligible for auto-proxying) 
2019-05-13 22:23:49,687 - [main] - INFO - org.springframework.context.support.PostProcessorRegistrationDelegate$BeanPostProcessorChecker - Bean 'dataSource' of type [com.zaxxer.hikari.HikariDataSource] is not eligible for getting processed by all BeanPostProcessors (for example: not eligible for auto-proxying) 
2019-05-13 22:23:49,707 - [main] - INFO - org.springframework.context.support.PostProcessorRegistrationDelegate$BeanPostProcessorChecker - Bean 'org.springframework.boot.autoconfigure.jdbc.DataSourceInitializerInvoker' of type [org.springframework.boot.autoconfigure.jdbc.DataSourceInitializerInvoker] is not eligible for getting processed by all BeanPostProcessors (for example: not eligible for auto-proxying) 
2019-05-13 22:23:50,181 - [main] - INFO - org.springframework.context.support.PostProcessorRegistrationDelegate$BeanPostProcessorChecker - Bean 'sqlSessionFactory' of type [org.apache.ibatis.session.defaults.DefaultSqlSessionFactory] is not eligible for getting processed by all BeanPostProcessors (for example: not eligible for auto-proxying) 
2019-05-13 22:23:50,196 - [main] - INFO - org.springframework.context.support.PostProcessorRegistrationDelegate$BeanPostProcessorChecker - Bean 'sqlSessionTemplate' of type [org.mybatis.spring.SqlSessionTemplate] is not eligible for getting processed by all BeanPostProcessors (for example: not eligible for auto-proxying) 
2019-05-13 22:23:50,199 - [main] - INFO - org.springframework.context.support.PostProcessorRegistrationDelegate$BeanPostProcessorChecker - Bean 'sellerInfoMapper' of type [org.mybatis.spring.mapper.MapperFactoryBean] is not eligible for getting processed by all BeanPostProcessors (for example: not eligible for auto-proxying) 
2019-05-13 22:23:50,201 - [main] - INFO - org.springframework.context.support.PostProcessorRegistrationDelegate$BeanPostProcessorChecker - Bean 'sellerInfoMapper' of type [com.sun.proxy.$Proxy64] is not eligible for getting processed by all BeanPostProcessors (for example: not eligible for auto-proxying) 
2019-05-13 22:23:50,205 - [main] - INFO - org.springframework.context.support.PostProcessorRegistrationDelegate$BeanPostProcessorChecker - Bean 'sellerInfoServiceImpl' of type [com.xia.sell.service.impl.SellerInfoServiceImpl] is not eligible for getting processed by all BeanPostProcessors (for example: not eligible for auto-proxying) 
2019-05-13 22:23:50,206 - [main] - INFO - org.springframework.context.support.PostProcessorRegistrationDelegate$BeanPostProcessorChecker - Bean 'myShiroRealm' of type [com.xia.sell.config.MyShiroRealm] is not eligible for getting processed by all BeanPostProcessors (for example: not eligible for auto-proxying) 
2019-05-13 22:23:50,218 - [main] - INFO - org.springframework.context.support.PostProcessorRegistrationDelegate$BeanPostProcessorChecker - Bean 'rememberMeCookie' of type [org.apache.shiro.web.servlet.SimpleCookie] is not eligible for getting processed by all BeanPostProcessors (for example: not eligible for auto-proxying) 
2019-05-13 22:23:50,227 - [main] - INFO - org.springframework.context.support.PostProcessorRegistrationDelegate$BeanPostProcessorChecker - Bean 'rememberMeManager' of type [org.apache.shiro.web.mgt.CookieRememberMeManager] is not eligible for getting processed by all BeanPostProcessors (for example: not eligible for auto-proxying) 
2019-05-13 22:23:50,242 - [main] - INFO - org.springframework.context.support.PostProcessorRegistrationDelegate$BeanPostProcessorChecker - Bean 'securityManager' of type [org.apache.shiro.web.mgt.DefaultWebSecurityManager] is not eligible for getting processed by all BeanPostProcessors (for example: not eligible for auto-proxying) 
2019-05-13 22:23:51,013 - [main] - INFO - org.springframework.boot.web.embedded.tomcat.TomcatWebServer - Tomcat initialized with port(s): 80 (http) 
2019-05-13 22:23:51,030 - [main] - INFO - org.apache.coyote.http11.Http11NioProtocol - Initializing ProtocolHandler ["http-nio-80"] 
2019-05-13 22:23:51,043 - [main] - INFO - org.apache.catalina.core.StandardService - Starting service [Tomcat] 
2019-05-13 22:23:51,043 - [main] - INFO - org.apache.catalina.core.StandardEngine - Starting Servlet Engine: Apache Tomcat/8.5.32 
2019-05-13 22:23:51,052 - [localhost-startStop-1] - INFO - org.apache.catalina.core.AprLifecycleListener - The APR based Apache Tomcat Native library which allows optimal performance in production environments was not found on the java.library.path: [C:\Java\jdk1.8.0_121\bin;C:\WINDOWS\Sun\Java\bin;C:\WINDOWS\system32;C:\WINDOWS;C:\ProgramData\DockerDesktop\version-bin;C:\Program Files\Docker\Docker\Resources\bin;D:\盘姬工具箱\SystemTools\nTrun\Goto;E:\盘姬工具箱\SystemTools\nTrun\Goto;C:\ProgramData\Oracle\Java\javapath;C:\Java\jdk1.8.0_121\bin;C:\Java\jdk1.8.0_121\jre\bin;C:\WINDOWS\system32;C:\WINDOWS;C:\WINDOWS\System32\Wbem;C:\WINDOWS\System32\WindowsPowerShell\v1.0\;C:\Users\xia\AppData\Local\Android\sdk\platform-tools\adb.exe;C:\WINDOWS\system32;C:\WINDOWS;C:\WINDOWS\System32\Wbem;C:\WINDOWS\System32\WindowsPowerShell\v1.0\;C:\Program Files\MySQL\MySQL Server 5.5\bin;D:\Android\android-sdk\platform-tools;D:\Android\android-sdk\tools;E:\apache-maven-3.5.3\bin\;%TALINA_HOME%\bin\;C:\WINDOWS\System32\OpenSSH\;E:\gradle-4.9\bin;D:\mysql-8.0.11-winx64\bin;D:\Git\cmd;C:\Program Files (x86)\NVIDIA Corporation\PhysX\Common;C:\Program Files\NVIDIA Corporation\NVIDIA NvDLISR;E:\nodejs\;C:\Program Files\TortoiseGit\bin;C:\Users\xia\AppData\Local\Microsoft\WindowsApps;C:\Users\xia\AppData\Local\Programs\Fiddler;C:\Users\xia\AppData\Local\GitHubDesktop\bin;C:\Users\xia\AppData\Local\Microsoft\WindowsApps;;E:\Microsoft VS Code\bin;C:\Users\xia\AppData\Roaming\npm;.] 
2019-05-13 22:23:51,349 - [localhost-startStop-1] - INFO - org.apache.catalina.core.ContainerBase.[Tomcat].[localhost].[/] - Initializing Spring embedded WebApplicationContext 
2019-05-13 22:23:51,350 - [localhost-startStop-1] - INFO - org.springframework.web.context.ContextLoader - Root WebApplicationContext: initialization completed in 4657 ms 
2019-05-13 22:23:51,542 - [localhost-startStop-1] - INFO - org.springframework.boot.web.servlet.ServletRegistrationBean - Servlet dispatcherServlet mapped to [/] 
2019-05-13 22:23:51,550 - [localhost-startStop-1] - INFO - org.springframework.boot.web.servlet.FilterRegistrationBean - Mapping filter: 'characterEncodingFilter' to: [/*] 
2019-05-13 22:23:51,551 - [localhost-startStop-1] - INFO - org.springframework.boot.web.servlet.FilterRegistrationBean - Mapping filter: 'hiddenHttpMethodFilter' to: [/*] 
2019-05-13 22:23:51,551 - [localhost-startStop-1] - INFO - org.springframework.boot.web.servlet.FilterRegistrationBean - Mapping filter: 'httpPutFormContentFilter' to: [/*] 
2019-05-13 22:23:51,551 - [localhost-startStop-1] - INFO - org.springframework.boot.web.servlet.FilterRegistrationBean - Mapping filter: 'requestContextFilter' to: [/*] 
2019-05-13 22:23:51,551 - [localhost-startStop-1] - INFO - org.springframework.boot.web.servlet.FilterRegistrationBean - Mapping filter: 'shiroFilterFactoryBean' to: [/*] 
2019-05-13 22:23:52,510 - [main] - INFO - org.springframework.web.servlet.handler.SimpleUrlHandlerMapping - Mapped URL path [/**/favicon.ico] onto handler of type [class org.springframework.web.servlet.resource.ResourceHttpRequestHandler] 
2019-05-13 22:23:52,963 - [main] - INFO - org.springframework.web.servlet.mvc.method.annotation.RequestMappingHandlerAdapter - Looking for @ControllerAdvice: org.springframework.boot.web.servlet.context.AnnotationConfigServletWebServerApplicationContext@22bac7bc: startup date [Mon May 13 22:23:46 CST 2019]; root of context hierarchy 
2019-05-13 22:23:53,055 - [main] - INFO - org.springframework.web.servlet.mvc.method.annotation.RequestMappingHandlerMapping - Mapped "{[/buyer/address/remove],methods=[GET]}" onto public com.xia.sell.vo.ResultVO com.xia.sell.controller.BuyerAddressController.remove(java.lang.String) 
2019-05-13 22:23:53,057 - [main] - INFO - org.springframework.web.servlet.mvc.method.annotation.RequestMappingHandlerMapping - Mapped "{[/buyer/address/list],methods=[GET]}" onto public com.xia.sell.vo.ResultVO com.xia.sell.controller.BuyerAddressController.list(java.lang.String) 
2019-05-13 22:23:53,057 - [main] - INFO - org.springframework.web.servlet.mvc.method.annotation.RequestMappingHandlerMapping - Mapped "{[/buyer/address/save],methods=[POST]}" onto public com.xia.sell.vo.ResultVO com.xia.sell.controller.BuyerAddressController.save(com.xia.sell.dto.BuyerAddressDTO) 
2019-05-13 22:23:53,058 - [main] - INFO - org.springframework.web.servlet.mvc.method.annotation.RequestMappingHandlerMapping - Mapped "{[/buyer/comment/add],methods=[POST]}" onto public com.xia.sell.vo.ResultVO com.xia.sell.controller.BuyerCommentController.add(com.xia.sell.dto.CommentAddDTO) 
2019-05-13 22:23:53,058 - [main] - INFO - org.springframework.web.servlet.mvc.method.annotation.RequestMappingHandlerMapping - Mapped "{[/buyer/comment/list],methods=[GET]}" onto public com.xia.sell.vo.ResultVO com.xia.sell.controller.BuyerCommentController.list(java.lang.String,java.lang.Integer) 
2019-05-13 22:23:53,061 - [main] - INFO - org.springframework.web.servlet.mvc.method.annotation.RequestMappingHandlerMapping - Mapped "{[/buyer/order/create],methods=[POST]}" onto public com.xia.sell.vo.ResultVO com.xia.sell.controller.BuyerOrderController.create(com.xia.sell.dto.OrderCreateDTO,org.springframework.validation.Errors) 
2019-05-13 22:23:53,061 - [main] - INFO - org.springframework.web.servlet.mvc.method.annotation.RequestMappingHandlerMapping - Mapped "{[/buyer/order/list],methods=[GET]}" onto public com.xia.sell.vo.ResultVO com.xia.sell.controller.BuyerOrderController.list(java.lang.String,java.lang.Integer) 
2019-05-13 22:23:53,061 - [main] - INFO - org.springframework.web.servlet.mvc.method.annotation.RequestMappingHandlerMapping - Mapped "{[/buyer/order/cancel],methods=[GET]}" onto public com.xia.sell.vo.ResultVO com.xia.sell.controller.BuyerOrderController.cancel(java.lang.String,java.lang.String) 
2019-05-13 22:23:53,062 - [main] - INFO - org.springframework.web.servlet.mvc.method.annotation.RequestMappingHandlerMapping - Mapped "{[/buyer/order/detail],methods=[GET]}" onto public com.xia.sell.vo.ResultVO com.xia.sell.controller.BuyerOrderController.detail(java.lang.String,java.lang.String) 
2019-05-13 22:23:53,062 - [main] - INFO - org.springframework.web.servlet.mvc.method.annotation.RequestMappingHandlerMapping - Mapped "{[/buyer/order/amount],methods=[GET]}" onto public com.xia.sell.vo.ResultVO com.xia.sell.controller.BuyerOrderController.amount(java.lang.String,java.lang.String) 
2019-05-13 22:23:53,062 - [main] - INFO - org.springframework.web.servlet.mvc.method.annotation.RequestMappingHandlerMapping - Mapped "{[/buyer/order/payFail],methods=[POST]}" onto public com.xia.sell.vo.ResultVO com.xia.sell.controller.BuyerOrderController.payFail() 
2019-05-13 22:23:53,062 - [main] - INFO - org.springframework.web.servlet.mvc.method.annotation.RequestMappingHandlerMapping - Mapped "{[/buyer/order/paySuccess],methods=[GET]}" onto public com.xia.sell.vo.ResultVO com.xia.sell.controller.BuyerOrderController.paySuccess(java.lang.String) 
2019-05-13 22:23:53,069 - [main] - INFO - org.springframework.web.servlet.mvc.method.annotation.RequestMappingHandlerMapping - Mapped "{[/buyer/shop/listDistance],methods=[GET]}" onto public com.xia.sell.vo.ResultVO<java.util.List> com.xia.sell.controller.BuyerShopController.allShopOrderDistance(java.lang.String,java.lang.String) 
2019-05-13 22:23:53,069 - [main] - INFO - org.springframework.web.servlet.mvc.method.annotation.RequestMappingHandlerMapping - Mapped "{[/buyer/shop/listOrderDistance],methods=[GET]}" onto public com.xia.sell.vo.ResultVO com.xia.sell.controller.BuyerShopController.listOrderDistance(java.lang.String,java.lang.String,java.lang.String) 
2019-05-13 22:23:53,070 - [main] - INFO - org.springframework.web.servlet.mvc.method.annotation.RequestMappingHandlerMapping - Mapped "{[/buyer/shop/list],methods=[GET]}" onto public com.xia.sell.vo.ResultVO<java.util.List> com.xia.sell.controller.BuyerShopController.allShop(java.lang.String,java.lang.String) 
2019-05-13 22:23:53,070 - [main] - INFO - org.springframework.web.servlet.mvc.method.annotation.RequestMappingHandlerMapping - Mapped "{[/buyer/shop/listOrderSold],methods=[GET]}" onto public com.xia.sell.vo.ResultVO com.xia.sell.controller.BuyerShopController.listOrderSold(java.lang.String,java.lang.String,java.lang.String) 
2019-05-13 22:23:53,070 - [main] - INFO - org.springframework.web.servlet.mvc.method.annotation.RequestMappingHandlerMapping - Mapped "{[/buyer/shop/simpleDetail],methods=[GET]}" onto public com.xia.sell.vo.BuyerShopSimpleDetailVo com.xia.sell.controller.BuyerShopController.simpleDetail(java.lang.String) 
2019-05-13 22:23:53,070 - [main] - INFO - org.springframework.web.servlet.mvc.method.annotation.RequestMappingHandlerMapping - Mapped "{[/buyer/shop/discount],methods=[GET]}" onto public com.xia.sell.vo.ResultVO com.xia.sell.controller.BuyerShopController.sellerDiscount(java.lang.String) 
2019-05-13 22:23:53,071 - [main] - INFO - org.springframework.web.servlet.mvc.method.annotation.RequestMappingHandlerMapping - Mapped "{[/buyer/shop/listDefault],methods=[GET]}" onto public com.xia.sell.vo.ResultVO com.xia.sell.controller.BuyerShopController.listDefault(java.lang.String,java.lang.String,java.lang.String) 
2019-05-13 22:23:53,071 - [main] - INFO - org.springframework.web.servlet.mvc.method.annotation.RequestMappingHandlerMapping - Mapped "{[/buyer/shop/listSold],methods=[GET]}" onto public com.xia.sell.vo.ResultVO<java.util.List> com.xia.sell.controller.BuyerShopController.allShopOrderSold(java.lang.String,java.lang.String) 
2019-05-13 22:23:53,072 - [main] - INFO - org.springframework.web.servlet.mvc.method.annotation.RequestMappingHandlerMapping - Mapped "{[/],methods=[GET]}" onto public java.lang.String com.xia.sell.controller.MainController.index() 
2019-05-13 22:23:53,072 - [main] - INFO - org.springframework.web.servlet.mvc.method.annotation.RequestMappingHandlerMapping - Mapped "{[/initRedis],methods=[GET]}" onto public java.lang.String com.xia.sell.controller.MainController.initRedis() 
2019-05-13 22:23:53,073 - [main] - INFO - org.springframework.web.servlet.mvc.method.annotation.RequestMappingHandlerMapping - Mapped "{[/buyer/product/list],methods=[GET]}" onto public com.xia.sell.vo.ResultVO com.xia.sell.controller.ProductListController.productList(java.lang.String) 
2019-05-13 22:23:53,074 - [main] - INFO - org.springframework.web.servlet.mvc.method.annotation.RequestMappingHandlerMapping - Mapped "{[/seller/cate/add],methods=[GET]}" onto public com.xia.sell.vo.ResultVO com.xia.sell.controller.SellerCategoryController.add(java.lang.String,org.apache.catalina.servlet4preview.http.HttpServletRequest) 
2019-05-13 22:23:53,074 - [main] - INFO - org.springframework.web.servlet.mvc.method.annotation.RequestMappingHandlerMapping - Mapped "{[/seller/cate/remove],methods=[GET]}" onto public com.xia.sell.vo.ResultVO com.xia.sell.controller.SellerCategoryController.remove(java.lang.Integer) 
2019-05-13 22:23:53,075 - [main] - INFO - org.springframework.web.servlet.mvc.method.annotation.RequestMappingHandlerMapping - Mapped "{[/seller/cate/list],methods=[GET]}" onto public java.lang.String com.xia.sell.controller.SellerCategoryController.list(org.apache.catalina.servlet4preview.http.HttpServletRequest,org.springframework.ui.Model) 
2019-05-13 22:23:53,075 - [main] - INFO - org.springframework.web.servlet.mvc.method.annotation.RequestMappingHandlerMapping - Mapped "{[/seller/cate/change],methods=[GET]}" onto public com.xia.sell.vo.ResultVO com.xia.sell.controller.SellerCategoryController.change(java.lang.Integer,java.lang.String) 
2019-05-13 22:23:53,076 - [main] - INFO - org.springframework.web.servlet.mvc.method.annotation.RequestMappingHandlerMapping - Mapped "{[/seller/tologin],methods=[POST]}" onto public java.lang.String com.xia.sell.controller.SellerLoginController.toLogin(com.xia.sell.dto.LoginDTO,org.springframework.ui.Model,org.apache.catalina.servlet4preview.http.HttpServletRequest,org.springframework.web.servlet.mvc.support.RedirectAttributes) 
2019-05-13 22:23:53,076 - [main] - INFO - org.springframework.web.servlet.mvc.method.annotation.RequestMappingHandlerMapping - Mapped "{[/seller/tologin],methods=[GET]}" onto public java.lang.String com.xia.sell.controller.SellerLoginController.login(org.springframework.ui.Model) 
2019-05-13 22:23:53,079 - [main] - INFO - org.springframework.web.servlet.mvc.method.annotation.RequestMappingHandlerMapping - Mapped "{[/seller/order/cancel],methods=[GET]}" onto public com.xia.sell.vo.ResultVO com.xia.sell.controller.SellerOrderController.cancel(java.lang.String) 
2019-05-13 22:23:53,079 - [main] - INFO - org.springframework.web.servlet.mvc.method.annotation.RequestMappingHandlerMapping - Mapped "{[/seller/order/alreadyOrder],methods=[GET]}" onto public com.xia.sell.vo.ResultVO com.xia.sell.controller.SellerOrderController.finish(java.lang.String) 
2019-05-13 22:23:53,079 - [main] - INFO - org.springframework.web.servlet.mvc.method.annotation.RequestMappingHandlerMapping - Mapped "{[/seller/order/details],methods=[GET]}" onto public com.xia.sell.vo.OrderInfoVO com.xia.sell.controller.SellerOrderController.details(java.lang.String) 
2019-05-13 22:23:53,080 - [main] - INFO - org.springframework.web.servlet.mvc.method.annotation.RequestMappingHandlerMapping - Mapped "{[/seller/order/setDistributionFinish],methods=[GET]}" onto public com.xia.sell.vo.ResultVO com.xia.sell.controller.SellerOrderController.setDistributionFinish(java.lang.String) 
2019-05-13 22:23:53,080 - [main] - INFO - org.springframework.web.servlet.mvc.method.annotation.RequestMappingHandlerMapping - Mapped "{[/seller/order/setDistribution],methods=[GET]}" onto public com.xia.sell.vo.ResultVO com.xia.sell.controller.SellerOrderController.setDistribution(java.lang.String) 
2019-05-13 22:23:53,080 - [main] - INFO - org.springframework.web.servlet.mvc.method.annotation.RequestMappingHandlerMapping - Mapped "{[/seller/order/list],methods=[GET]}" onto public java.lang.String com.xia.sell.controller.SellerOrderController.orderList(java.lang.Integer,org.springframework.ui.Model,org.apache.catalina.servlet4preview.http.HttpServletRequest) 
2019-05-13 22:23:53,082 - [main] - INFO - org.springframework.web.servlet.mvc.method.annotation.RequestMappingHandlerMapping - Mapped "{[/seller/product/remove],methods=[GET]}" onto public com.xia.sell.vo.ResultVO com.xia.sell.controller.SellerProductController.remove(java.lang.String) 
2019-05-13 22:23:53,082 - [main] - INFO - org.springframework.web.servlet.mvc.method.annotation.RequestMappingHandlerMapping - Mapped "{[/seller/product/list],methods=[GET]}" onto public java.lang.String com.xia.sell.controller.SellerProductController.list(org.springframework.ui.Model,org.apache.catalina.servlet4preview.http.HttpServletRequest) 
2019-05-13 22:23:53,083 - [main] - INFO - org.springframework.web.servlet.mvc.method.annotation.RequestMappingHandlerMapping - Mapped "{[/seller/product/addProduct],methods=[GET]}" onto public java.lang.String com.xia.sell.controller.SellerProductController.getAddProductPage(org.springframework.ui.Model,org.apache.catalina.servlet4preview.http.HttpServletRequest) 
2019-05-13 22:23:53,083 - [main] - INFO - org.springframework.web.servlet.mvc.method.annotation.RequestMappingHandlerMapping - Mapped "{[/seller/product/changeProduct],methods=[POST]}" onto public com.xia.sell.vo.ResultVO com.xia.sell.controller.SellerProductController.changeProduct(com.xia.sell.dto.ProductInfoDTO,org.springframework.validation.Errors) 
2019-05-13 22:23:53,083 - [main] - INFO - org.springframework.web.servlet.mvc.method.annotation.RequestMappingHandlerMapping - Mapped "{[/seller/product/oneProduct],methods=[GET]}" onto public com.xia.sell.vo.ResultVO com.xia.sell.controller.SellerProductController.getChangeProduct(java.lang.String,org.apache.catalina.servlet4preview.http.HttpServletRequest) 
2019-05-13 22:23:53,084 - [main] - INFO - org.springframework.web.servlet.mvc.method.annotation.RequestMappingHandlerMapping - Mapped "{[/seller/product/addProduct],methods=[POST]}" onto public com.xia.sell.vo.ResultVO com.xia.sell.controller.SellerProductController.addProduct(com.xia.sell.dto.ProductInfoDTO,org.springframework.validation.Errors,org.apache.catalina.servlet4preview.http.HttpServletRequest) 
2019-05-13 22:23:53,084 - [main] - INFO - org.springframework.web.servlet.mvc.method.annotation.RequestMappingHandlerMapping - Mapped "{[/seller/product/changeStatus],methods=[GET]}" onto public com.xia.sell.vo.ResultVO com.xia.sell.controller.SellerProductController.changeStatus(java.lang.String) 
2019-05-13 22:23:53,086 - [main] - INFO - org.springframework.web.servlet.mvc.method.annotation.RequestMappingHandlerMapping - Mapped "{[/buyer/decrypt],methods=[GET]}" onto public java.lang.String com.xia.sell.controller.WXLogin.decrypt(java.lang.String,java.lang.String) 
2019-05-13 22:23:53,086 - [main] - INFO - org.springframework.web.servlet.mvc.method.annotation.RequestMappingHandlerMapping - Mapped "{[/buyer/checkSessionExist],methods=[GET]}" onto public com.xia.sell.vo.ResultVO com.xia.sell.controller.WXLogin.checkSessionExist(java.lang.String) 
2019-05-13 22:23:53,086 - [main] - INFO - org.springframework.web.servlet.mvc.method.annotation.RequestMappingHandlerMapping - Mapped "{[/buyer/WXLogin],methods=[GET]}" onto public java.lang.String com.xia.sell.controller.WXLogin.login(java.lang.String) throws java.io.IOException 
2019-05-13 22:23:53,087 - [main] - INFO - org.springframework.web.servlet.mvc.method.annotation.RequestMappingHandlerMapping - Mapped "{[/buyer/checkRawData],methods=[GET]}" onto public java.lang.String com.xia.sell.controller.WXLogin.checkRawData(java.lang.String,java.lang.String) throws java.io.UnsupportedEncodingException 
2019-05-13 22:23:53,090 - [main] - INFO - org.springframework.web.servlet.mvc.method.annotation.RequestMappingHandlerMapping - Mapped "{[/error]}" onto public org.springframework.http.ResponseEntity<java.util.Map<java.lang.String, java.lang.Object>> org.springframework.boot.autoconfigure.web.servlet.error.BasicErrorController.error(javax.servlet.http.HttpServletRequest) 
2019-05-13 22:23:53,091 - [main] - INFO - org.springframework.web.servlet.mvc.method.annotation.RequestMappingHandlerMapping - Mapped "{[/error],produces=[text/html]}" onto public org.springframework.web.servlet.ModelAndView org.springframework.boot.autoconfigure.web.servlet.error.BasicErrorController.errorHtml(javax.servlet.http.HttpServletRequest,javax.servlet.http.HttpServletResponse) 
2019-05-13 22:23:53,144 - [main] - INFO - org.springframework.web.servlet.handler.SimpleUrlHandlerMapping - Mapped URL path [/webjars/**] onto handler of type [class org.springframework.web.servlet.resource.ResourceHttpRequestHandler] 
2019-05-13 22:23:53,144 - [main] - INFO - org.springframework.web.servlet.handler.SimpleUrlHandlerMapping - Mapped URL path [/**] onto handler of type [class org.springframework.web.servlet.resource.ResourceHttpRequestHandler] 
2019-05-13 22:23:53,365 - [main] - INFO - org.springframework.boot.autoconfigure.web.servlet.WelcomePageHandlerMapping - Adding welcome page template: index 
2019-05-13 22:23:53,986 - [main] - INFO - org.springframework.web.socket.server.standard.ServerEndpointExporter - Registering @ServerEndpoint class: class com.xia.sell.service.OrderWebSocket 
2019-05-13 22:23:53,998 - [main] - INFO - org.springframework.jmx.export.annotation.AnnotationMBeanExporter - Registering beans for JMX exposure on startup 
2019-05-13 22:23:54,000 - [main] - INFO - org.springframework.jmx.export.annotation.AnnotationMBeanExporter - Bean with name 'dataSource' has been autodetected for JMX exposure 
2019-05-13 22:23:54,010 - [main] - INFO - org.springframework.jmx.export.annotation.AnnotationMBeanExporter - Located MBean 'dataSource': registering with JMX server as MBean [com.zaxxer.hikari:name=dataSource,type=HikariDataSource] 
2019-05-13 22:23:54,026 - [main] - INFO - org.apache.coyote.http11.Http11NioProtocol - Starting ProtocolHandler ["http-nio-80"] 
2019-05-13 22:23:54,045 - [main] - INFO - org.apache.tomcat.util.net.NioSelectorPool - Using a shared selector for servlet write/read 
2019-05-13 22:23:54,111 - [main] - INFO - org.springframework.boot.web.embedded.tomcat.TomcatWebServer - Tomcat started on port(s): 80 (http) with context path '' 
2019-05-13 22:23:54,117 - [main] - INFO - com.xia.sell.SellApplication - Started SellApplication in 8.34 seconds (JVM running for 11.275) 
2019-05-13 22:24:38,032 - [http-nio-80-exec-1] - INFO - org.apache.catalina.core.ContainerBase.[Tomcat].[localhost].[/] - Initializing Spring FrameworkServlet 'dispatcherServlet' 
2019-05-13 22:24:38,033 - [http-nio-80-exec-1] - INFO - org.springframework.web.servlet.DispatcherServlet - FrameworkServlet 'dispatcherServlet': initialization started 
2019-05-13 22:24:38,104 - [http-nio-80-exec-1] - INFO - org.springframework.web.servlet.DispatcherServlet - FrameworkServlet 'dispatcherServlet': initialization completed in 70 ms 
2019-05-13 22:24:43,416 - [http-nio-80-exec-4] - INFO - com.zaxxer.hikari.HikariDataSource - HikariPool-1 - Starting... 
2019-05-13 22:24:43,621 - [http-nio-80-exec-4] - INFO - com.zaxxer.hikari.HikariDataSource - HikariPool-1 - Start completed. 
2019-05-13 22:24:49,884 - [http-nio-80-exec-6] - INFO - com.xia.sell.config.InitRedis - redis init success 
2019-05-13 22:24:52,345 - [http-nio-80-exec-10] - INFO - com.xia.sell.config.InitRedis - redis init success 
